./test2.py --data pse --mcl True --batch-size 128 --epochs 100 --embedding-size 50 --learning-rate 0.01 --regulariser n3 --reg-weight 0.1 --optimizer adagrad --valid --quiet
MCL True
INFO:test2.py:Valid: True
INFO:test2.py:Device: cuda
curr directory /home/acalvi/Dissertation/Aladdin/biolink
Importing dataset files ... 
<class 'biolink.embeddings.models_mc.ComplEx_MC'>
INFO:test2.py:is tucker False
INFO:test2.py:settin tucker to FALSE
INFO:test2.py:Device: cuda
INFO:test2.py:Epoch 1/100	Loss 12.2060 ± 0.1678
INFO:test2.py:Epoch 2/100	Loss 12.0557 ± 0.0973
INFO:test2.py:Epoch 3/100	Loss 12.0340 ± 0.0963
INFO:test2.py:Epoch 4/100	Loss 12.0222 ± 0.0962
INFO:test2.py:Epoch 5/100	Loss 12.0140 ± 0.0952
INFO:test2.py:Epoch 6/100	Loss 12.0079 ± 0.0950
INFO:test2.py:Epoch 7/100	Loss 12.0030 ± 0.0956
INFO:test2.py:Epoch 8/100	Loss 11.9989 ± 0.0942
INFO:test2.py:Epoch 9/100	Loss 11.9955 ± 0.0936
INFO:test2.py:Epoch 10/100	Loss 11.9926 ± 0.0942
INFO:test2.py:Epoch 11/100	Loss 11.9900 ± 0.0937
INFO:test2.py:Epoch 12/100	Loss 11.9877 ± 0.0939
INFO:test2.py:Epoch 13/100	Loss 11.9857 ± 0.0931
INFO:test2.py:Epoch 14/100	Loss 11.9839 ± 0.0939
INFO:test2.py:Epoch 15/100	Loss 11.9823 ± 0.0935
INFO:test2.py:Epoch 16/100	Loss 11.9808 ± 0.0929
INFO:test2.py:Epoch 17/100	Loss 11.9795 ± 0.0933
INFO:test2.py:Epoch 18/100	Loss 11.9782 ± 0.0933
INFO:test2.py:Epoch 19/100	Loss 11.9771 ± 0.0926
INFO:test2.py:Epoch 20/100	Loss 11.9761 ± 0.0930
INFO:test2.py:Epoch 21/100	Loss 11.9751 ± 0.0916
INFO:test2.py:Epoch 22/100	Loss 11.9742 ± 0.0927
INFO:test2.py:Epoch 23/100	Loss 11.9734 ± 0.0930
INFO:test2.py:Epoch 24/100	Loss 11.9726 ± 0.0933
INFO:test2.py:Epoch 25/100	Loss 11.9719 ± 0.0924
INFO:test2.py:Epoch 26/100	Loss 11.9712 ± 0.0920
INFO:test2.py:Epoch 27/100	Loss 11.9705 ± 0.0922
INFO:test2.py:Epoch 28/100	Loss 11.9699 ± 0.0923
INFO:test2.py:Epoch 29/100	Loss 11.9692 ± 0.0927
INFO:test2.py:Epoch 30/100	Loss 11.9687 ± 0.0926
INFO:test2.py:Epoch 31/100	Loss 11.9681 ± 0.0924
INFO:test2.py:Epoch 32/100	Loss 11.9675 ± 0.0926
INFO:test2.py:Epoch 33/100	Loss 11.9670 ± 0.0928
INFO:test2.py:Epoch 34/100	Loss 11.9665 ± 0.0918
INFO:test2.py:Epoch 35/100	Loss 11.9660 ± 0.0924
INFO:test2.py:Epoch 36/100	Loss 11.9654 ± 0.0927
INFO:test2.py:Epoch 37/100	Loss 11.9649 ± 0.0926
INFO:test2.py:Epoch 38/100	Loss 11.9644 ± 0.0918
INFO:test2.py:Epoch 39/100	Loss 11.9639 ± 0.0931
INFO:test2.py:Epoch 40/100	Loss 11.9635 ± 0.0925
INFO:test2.py:Epoch 41/100	Loss 11.9630 ± 0.0921
INFO:test2.py:Epoch 42/100	Loss 11.9625 ± 0.0923
INFO:test2.py:Epoch 43/100	Loss 11.9620 ± 0.0926
INFO:test2.py:Epoch 44/100	Loss 11.9615 ± 0.0926
INFO:test2.py:Epoch 45/100	Loss 11.9611 ± 0.0924
INFO:test2.py:Epoch 46/100	Loss 11.9606 ± 0.0917
INFO:test2.py:Epoch 47/100	Loss 11.9601 ± 0.0925
INFO:test2.py:Epoch 48/100	Loss 11.9597 ± 0.0920
INFO:test2.py:Epoch 49/100	Loss 11.9592 ± 0.0929
INFO:test2.py:Validating
INFO:test2.py:batch start 	80000
INFO:test2.py:batch start 	160000
INFO:test2.py:batch start 	240000
INFO:test2.py:batch start 	320000
INFO:test2.py:batch start 	400000
INFO:test2.py:done
INFO:test2.py:metrics done
INFO:test2.py:Epoch 50/100	Loss 11.9588 ± 0.0928
INFO:test2.py:Epoch 51/100	Loss 11.9583 ± 0.0922
INFO:test2.py:Epoch 52/100	Loss 11.9579 ± 0.0920
INFO:test2.py:Epoch 53/100	Loss 11.9574 ± 0.0925
INFO:test2.py:Epoch 54/100	Loss 11.9570 ± 0.0924
INFO:test2.py:Epoch 55/100	Loss 11.9566 ± 0.0921
INFO:test2.py:Epoch 56/100	Loss 11.9561 ± 0.0923
INFO:test2.py:Epoch 57/100	Loss 11.9557 ± 0.0926
INFO:test2.py:Epoch 58/100	Loss 11.9553 ± 0.0925
INFO:test2.py:Epoch 59/100	Loss 11.9549 ± 0.0929
INFO:test2.py:Epoch 60/100	Loss 11.9545 ± 0.0932
INFO:test2.py:Epoch 61/100	Loss 11.9541 ± 0.0929
INFO:test2.py:Epoch 62/100	Loss 11.9537 ± 0.0927
INFO:test2.py:Epoch 63/100	Loss 11.9533 ± 0.0926
INFO:test2.py:Epoch 64/100	Loss 11.9529 ± 0.0925
INFO:test2.py:Epoch 65/100	Loss 11.9525 ± 0.0924
INFO:test2.py:Epoch 66/100	Loss 11.9522 ± 0.0926
INFO:test2.py:Epoch 67/100	Loss 11.9518 ± 0.0924
INFO:test2.py:Epoch 68/100	Loss 11.9515 ± 0.0931
INFO:test2.py:Epoch 69/100	Loss 11.9511 ± 0.0933
INFO:test2.py:Epoch 70/100	Loss 11.9508 ± 0.0923
INFO:test2.py:Epoch 71/100	Loss 11.9505 ± 0.0920
INFO:test2.py:Epoch 72/100	Loss 11.9502 ± 0.0925
INFO:test2.py:Epoch 73/100	Loss 11.9499 ± 0.0927
INFO:test2.py:Epoch 74/100	Loss 11.9496 ± 0.0920
INFO:test2.py:Epoch 75/100	Loss 11.9493 ± 0.0920
INFO:test2.py:Epoch 76/100	Loss 11.9490 ± 0.0924
INFO:test2.py:Epoch 77/100	Loss 11.9487 ± 0.0923
INFO:test2.py:Epoch 78/100	Loss 11.9485 ± 0.0925
INFO:test2.py:Epoch 79/100	Loss 11.9482 ± 0.0927
INFO:test2.py:Epoch 80/100	Loss 11.9479 ± 0.0927
INFO:test2.py:Epoch 81/100	Loss 11.9477 ± 0.0926
INFO:test2.py:Epoch 82/100	Loss 11.9475 ± 0.0923
INFO:test2.py:Epoch 83/100	Loss 11.9472 ± 0.0923
INFO:test2.py:Epoch 84/100	Loss 11.9470 ± 0.0924
INFO:test2.py:Epoch 85/100	Loss 11.9468 ± 0.0927
INFO:test2.py:Epoch 86/100	Loss 11.9466 ± 0.0928
INFO:test2.py:Epoch 87/100	Loss 11.9464 ± 0.0925
INFO:test2.py:Epoch 88/100	Loss 11.9462 ± 0.0933
INFO:test2.py:Epoch 89/100	Loss 11.9460 ± 0.0925
INFO:test2.py:Epoch 90/100	Loss 11.9458 ± 0.0922
INFO:test2.py:Epoch 91/100	Loss 11.9456 ± 0.0924
INFO:test2.py:Epoch 92/100	Loss 11.9454 ± 0.0922
INFO:test2.py:Epoch 93/100	Loss 11.9453 ± 0.0919
INFO:test2.py:Epoch 94/100	Loss 11.9451 ± 0.0927
INFO:test2.py:Epoch 95/100	Loss 11.9449 ± 0.0922
INFO:test2.py:Epoch 96/100	Loss 11.9448 ± 0.0917
INFO:test2.py:Epoch 97/100	Loss 11.9446 ± 0.0928
INFO:test2.py:Epoch 98/100	Loss 11.9445 ± 0.0923
INFO:test2.py:Epoch 99/100	Loss 11.9443 ± 0.0922
INFO:test2.py:Epoch 100/100	Loss 11.9442 ± 0.0923
INFO:test2.py:is bad performing False
INFO:test2.py:Done training
INFO:test2.py:in evalute for dataset: 	valid
INFO:test2.py:batch start 	80000
INFO:test2.py:batch start 	160000
INFO:test2.py:batch start 	240000
INFO:test2.py:batch start 	320000
INFO:test2.py:batch start 	400000
INFO:test2.py:done
INFO:test2.py:metrics done
INFO:test2.py:Error 	valid results	MRR 0.083005	H@1 0.026357	H@3 0.069171	H@10 0.183020	AU-ROC_raw -1.000000	AU-ROC_fil -1.000000
INFO:test2.py:in evalute for dataset: 	test
INFO:test2.py:batch start 	80000
INFO:test2.py:batch start 	160000
INFO:test2.py:batch start 	240000
INFO:test2.py:batch start 	320000
INFO:test2.py:batch start 	400000
INFO:test2.py:done
INFO:test2.py:metrics done
INFO:test2.py:Error 	test results	MRR 0.082927	H@1 0.026351	H@3 0.069049	H@10 0.182376	AU-ROC_raw -1.000000	AU-ROC_fil -1.000000
/home/acalvi/anaconda3/envs/libkge_new/lib/python3.7/site-packages/tensorflow/python/framework/dtypes.py:516: FutureWarning: Passing (type, 1) or '1type' as a synonym of type is deprecated; in a future version of numpy, it will be understood as (type, (1,)) / '(1,)type'.
  _np_qint8 = np.dtype([("qint8", np.int8, 1)])
/home/acalvi/anaconda3/envs/libkge_new/lib/python3.7/site-packages/tensorflow/python/framework/dtypes.py:517: FutureWarning: Passing (type, 1) or '1type' as a synonym of type is deprecated; in a future version of numpy, it will be understood as (type, (1,)) / '(1,)type'.
  _np_quint8 = np.dtype([("quint8", np.uint8, 1)])
/home/acalvi/anaconda3/envs/libkge_new/lib/python3.7/site-packages/tensorflow/python/framework/dtypes.py:518: FutureWarning: Passing (type, 1) or '1type' as a synonym of type is deprecated; in a future version of numpy, it will be understood as (type, (1,)) / '(1,)type'.
  _np_qint16 = np.dtype([("qint16", np.int16, 1)])
/home/acalvi/anaconda3/envs/libkge_new/lib/python3.7/site-packages/tensorflow/python/framework/dtypes.py:519: FutureWarning: Passing (type, 1) or '1type' as a synonym of type is deprecated; in a future version of numpy, it will be understood as (type, (1,)) / '(1,)type'.
  _np_quint16 = np.dtype([("quint16", np.uint16, 1)])
/home/acalvi/anaconda3/envs/libkge_new/lib/python3.7/site-packages/tensorflow/python/framework/dtypes.py:520: FutureWarning: Passing (type, 1) or '1type' as a synonym of type is deprecated; in a future version of numpy, it will be understood as (type, (1,)) / '(1,)type'.
  _np_qint32 = np.dtype([("qint32", np.int32, 1)])
/home/acalvi/anaconda3/envs/libkge_new/lib/python3.7/site-packages/tensorflow/python/framework/dtypes.py:525: FutureWarning: Passing (type, 1) or '1type' as a synonym of type is deprecated; in a future version of numpy, it will be understood as (type, (1,)) / '(1,)type'.
  np_resource = np.dtype([("resource", np.ubyte, 1)])
/home/acalvi/anaconda3/envs/libkge_new/lib/python3.7/site-packages/tensorboard/compat/tensorflow_stub/dtypes.py:541: FutureWarning: Passing (type, 1) or '1type' as a synonym of type is deprecated; in a future version of numpy, it will be understood as (type, (1,)) / '(1,)type'.
  _np_qint8 = np.dtype([("qint8", np.int8, 1)])
/home/acalvi/anaconda3/envs/libkge_new/lib/python3.7/site-packages/tensorboard/compat/tensorflow_stub/dtypes.py:542: FutureWarning: Passing (type, 1) or '1type' as a synonym of type is deprecated; in a future version of numpy, it will be understood as (type, (1,)) / '(1,)type'.
  _np_quint8 = np.dtype([("quint8", np.uint8, 1)])
/home/acalvi/anaconda3/envs/libkge_new/lib/python3.7/site-packages/tensorboard/compat/tensorflow_stub/dtypes.py:543: FutureWarning: Passing (type, 1) or '1type' as a synonym of type is deprecated; in a future version of numpy, it will be understood as (type, (1,)) / '(1,)type'.
  _np_qint16 = np.dtype([("qint16", np.int16, 1)])
/home/acalvi/anaconda3/envs/libkge_new/lib/python3.7/site-packages/tensorboard/compat/tensorflow_stub/dtypes.py:544: FutureWarning: Passing (type, 1) or '1type' as a synonym of type is deprecated; in a future version of numpy, it will be understood as (type, (1,)) / '(1,)type'.
  _np_quint16 = np.dtype([("quint16", np.uint16, 1)])
/home/acalvi/anaconda3/envs/libkge_new/lib/python3.7/site-packages/tensorboard/compat/tensorflow_stub/dtypes.py:545: FutureWarning: Passing (type, 1) or '1type' as a synonym of type is deprecated; in a future version of numpy, it will be understood as (type, (1,)) / '(1,)type'.
  _np_qint32 = np.dtype([("qint32", np.int32, 1)])
/home/acalvi/anaconda3/envs/libkge_new/lib/python3.7/site-packages/tensorboard/compat/tensorflow_stub/dtypes.py:550: FutureWarning: Passing (type, 1) or '1type' as a synonym of type is deprecated; in a future version of numpy, it will be understood as (type, (1,)) / '(1,)type'.
  np_resource = np.dtype([("resource", np.ubyte, 1)])
