./test2.py --data pse --mcl True --batch-size 268 --epochs 100 --embedding-size 150 --learning-rate 0.01 --regulariser n3 --reg-weight 0.005 --optimizer adagrad --valid --quiet
MCL True
INFO:test2.py:Valid: True
INFO:test2.py:Device: cuda
curr directory /home/acalvi/Dissertation/Aladdin/biolink
Importing dataset files ... 
<class 'biolink.embeddings.models_mc.ComplEx_MC'>
INFO:test2.py:is tucker False
INFO:test2.py:settin tucker to FALSE
INFO:test2.py:Device: cuda
INFO:test2.py:Epoch 1/100	Loss 11.1487 ± 0.3619
INFO:test2.py:Epoch 2/100	Loss 10.7559 ± 0.0870
INFO:test2.py:Epoch 3/100	Loss 10.6612 ± 0.0800
INFO:test2.py:Epoch 4/100	Loss 10.6132 ± 0.0797
INFO:test2.py:Epoch 5/100	Loss 10.5816 ± 0.0793
INFO:test2.py:Epoch 6/100	Loss 10.5580 ± 0.0798
INFO:test2.py:Epoch 7/100	Loss 10.5390 ± 0.0788
INFO:test2.py:Epoch 8/100	Loss 10.5230 ± 0.0795
INFO:test2.py:Epoch 9/100	Loss 10.5092 ± 0.0791
INFO:test2.py:Epoch 10/100	Loss 10.4969 ± 0.0796
INFO:test2.py:Epoch 11/100	Loss 10.4860 ± 0.0791
INFO:test2.py:Epoch 12/100	Loss 10.4760 ± 0.0791
INFO:test2.py:Epoch 13/100	Loss 10.4669 ± 0.0793
INFO:test2.py:Epoch 14/100	Loss 10.4585 ± 0.0799
INFO:test2.py:Epoch 15/100	Loss 10.4507 ± 0.0792
INFO:test2.py:Epoch 16/100	Loss 10.4434 ± 0.0794
INFO:test2.py:Epoch 17/100	Loss 10.4367 ± 0.0788
INFO:test2.py:Epoch 18/100	Loss 10.4303 ± 0.0788
INFO:test2.py:Epoch 19/100	Loss 10.4243 ± 0.0785
INFO:test2.py:Epoch 20/100	Loss 10.4186 ± 0.0786
INFO:test2.py:Epoch 21/100	Loss 10.4133 ± 0.0787
INFO:test2.py:Epoch 22/100	Loss 10.4083 ± 0.0793
INFO:test2.py:Epoch 23/100	Loss 10.4034 ± 0.0793
INFO:test2.py:Epoch 24/100	Loss 10.3989 ± 0.0790
INFO:test2.py:Epoch 25/100	Loss 10.3945 ± 0.0794
INFO:test2.py:Epoch 26/100	Loss 10.3904 ± 0.0790
INFO:test2.py:Epoch 27/100	Loss 10.3864 ± 0.0786
INFO:test2.py:Epoch 28/100	Loss 10.3826 ± 0.0793
INFO:test2.py:Epoch 29/100	Loss 10.3790 ± 0.0781
INFO:test2.py:Epoch 30/100	Loss 10.3755 ± 0.0792
INFO:test2.py:Epoch 31/100	Loss 10.3722 ± 0.0786
INFO:test2.py:Epoch 32/100	Loss 10.3690 ± 0.0796
INFO:test2.py:Epoch 33/100	Loss 10.3659 ± 0.0787
INFO:test2.py:Epoch 34/100	Loss 10.3630 ± 0.0787
INFO:test2.py:Epoch 35/100	Loss 10.3601 ± 0.0785
INFO:test2.py:Epoch 36/100	Loss 10.3574 ± 0.0791
INFO:test2.py:Epoch 37/100	Loss 10.3547 ± 0.0784
INFO:test2.py:Epoch 38/100	Loss 10.3522 ± 0.0786
INFO:test2.py:Epoch 39/100	Loss 10.3497 ± 0.0786
INFO:test2.py:Epoch 40/100	Loss 10.3473 ± 0.0791
INFO:test2.py:Epoch 41/100	Loss 10.3450 ± 0.0794
INFO:test2.py:Epoch 42/100	Loss 10.3428 ± 0.0793
INFO:test2.py:Epoch 43/100	Loss 10.3406 ± 0.0794
INFO:test2.py:Epoch 44/100	Loss 10.3386 ± 0.0780
INFO:test2.py:Epoch 45/100	Loss 10.3365 ± 0.0785
INFO:test2.py:Epoch 46/100	Loss 10.3346 ± 0.0790
INFO:test2.py:Epoch 47/100	Loss 10.3327 ± 0.0792
INFO:test2.py:Epoch 48/100	Loss 10.3308 ± 0.0801
INFO:test2.py:Epoch 49/100	Loss 10.3290 ± 0.0788
INFO:test2.py:Validating
INFO:test2.py:done
INFO:test2.py:metrics done
INFO:test2.py:Epoch 50/100	Loss 10.3273 ± 0.0782
INFO:test2.py:Epoch 51/100	Loss 10.3256 ± 0.0794
INFO:test2.py:Epoch 52/100	Loss 10.3239 ± 0.0784
INFO:test2.py:Epoch 53/100	Loss 10.3223 ± 0.0788
INFO:test2.py:Epoch 54/100	Loss 10.3208 ± 0.0794
INFO:test2.py:Epoch 55/100	Loss 10.3192 ± 0.0792
INFO:test2.py:Epoch 56/100	Loss 10.3178 ± 0.0788
INFO:test2.py:Epoch 57/100	Loss 10.3163 ± 0.0795
INFO:test2.py:Epoch 58/100	Loss 10.3149 ± 0.0792
INFO:test2.py:Epoch 59/100	Loss 10.3135 ± 0.0793
INFO:test2.py:Epoch 60/100	Loss 10.3122 ± 0.0796
INFO:test2.py:Epoch 61/100	Loss 10.3109 ± 0.0802
INFO:test2.py:Epoch 62/100	Loss 10.3096 ± 0.0794
INFO:test2.py:Epoch 63/100	Loss 10.3084 ± 0.0788
INFO:test2.py:Epoch 64/100	Loss 10.3071 ± 0.0800
INFO:test2.py:Epoch 65/100	Loss 10.3060 ± 0.0790
INFO:test2.py:Epoch 66/100	Loss 10.3048 ± 0.0792
INFO:test2.py:Epoch 67/100	Loss 10.3037 ± 0.0793
INFO:test2.py:Epoch 68/100	Loss 10.3025 ± 0.0794
INFO:test2.py:Epoch 69/100	Loss 10.3015 ± 0.0794
INFO:test2.py:Epoch 70/100	Loss 10.3004 ± 0.0791
INFO:test2.py:Epoch 71/100	Loss 10.2993 ± 0.0792
INFO:test2.py:Epoch 72/100	Loss 10.2983 ± 0.0786
INFO:test2.py:Epoch 73/100	Loss 10.2973 ± 0.0788
INFO:test2.py:Epoch 74/100	Loss 10.2963 ± 0.0790
INFO:test2.py:Epoch 75/100	Loss 10.2954 ± 0.0791
INFO:test2.py:Epoch 76/100	Loss 10.2944 ± 0.0795
INFO:test2.py:Epoch 77/100	Loss 10.2935 ± 0.0792
INFO:test2.py:Epoch 78/100	Loss 10.2926 ± 0.0789
INFO:test2.py:Epoch 79/100	Loss 10.2917 ± 0.0799
INFO:test2.py:Epoch 80/100	Loss 10.2908 ± 0.0797
INFO:test2.py:Epoch 81/100	Loss 10.2900 ± 0.0798
INFO:test2.py:Epoch 82/100	Loss 10.2891 ± 0.0794
INFO:test2.py:Epoch 83/100	Loss 10.2883 ± 0.0803
INFO:test2.py:Epoch 84/100	Loss 10.2875 ± 0.0790
INFO:test2.py:Epoch 85/100	Loss 10.2867 ± 0.0788
INFO:test2.py:Epoch 86/100	Loss 10.2859 ± 0.0799
INFO:test2.py:Epoch 87/100	Loss 10.2852 ± 0.0801
INFO:test2.py:Epoch 88/100	Loss 10.2844 ± 0.0792
INFO:test2.py:Epoch 89/100	Loss 10.2837 ± 0.0787
INFO:test2.py:Epoch 90/100	Loss 10.2829 ± 0.0793
INFO:test2.py:Epoch 91/100	Loss 10.2822 ± 0.0792
INFO:test2.py:Epoch 92/100	Loss 10.2815 ± 0.0788
INFO:test2.py:Epoch 93/100	Loss 10.2808 ± 0.0791
INFO:test2.py:Epoch 94/100	Loss 10.2801 ± 0.0791
INFO:test2.py:Epoch 95/100	Loss 10.2795 ± 0.0796
INFO:test2.py:Epoch 96/100	Loss 10.2788 ± 0.0793
INFO:test2.py:Epoch 97/100	Loss 10.2781 ± 0.0797
INFO:test2.py:Epoch 98/100	Loss 10.2775 ± 0.0789
INFO:test2.py:Epoch 99/100	Loss 10.2769 ± 0.0795
INFO:test2.py:Epoch 100/100	Loss 10.2762 ± 0.0787
INFO:test2.py:is bad performing False
INFO:test2.py:Done training
INFO:test2.py:in evalute for dataset: 	valid
INFO:test2.py:done
INFO:test2.py:metrics done
INFO:test2.py:Error 	valid results	MRR 0.132205	H@1 0.053548	H@3 0.124733	H@10 0.287319	AU-ROC_raw -1.000000	AU-ROC_fil -1.000000
INFO:test2.py:in evalute for dataset: 	test
INFO:test2.py:done
INFO:test2.py:metrics done
INFO:test2.py:Error 	test results	MRR 0.132527	H@1 0.053558	H@3 0.125535	H@10 0.288125	AU-ROC_raw -1.000000	AU-ROC_fil -1.000000
/home/acalvi/anaconda3/envs/libkge_new/lib/python3.7/site-packages/tensorflow/python/framework/dtypes.py:516: FutureWarning: Passing (type, 1) or '1type' as a synonym of type is deprecated; in a future version of numpy, it will be understood as (type, (1,)) / '(1,)type'.
  _np_qint8 = np.dtype([("qint8", np.int8, 1)])
/home/acalvi/anaconda3/envs/libkge_new/lib/python3.7/site-packages/tensorflow/python/framework/dtypes.py:517: FutureWarning: Passing (type, 1) or '1type' as a synonym of type is deprecated; in a future version of numpy, it will be understood as (type, (1,)) / '(1,)type'.
  _np_quint8 = np.dtype([("quint8", np.uint8, 1)])
/home/acalvi/anaconda3/envs/libkge_new/lib/python3.7/site-packages/tensorflow/python/framework/dtypes.py:518: FutureWarning: Passing (type, 1) or '1type' as a synonym of type is deprecated; in a future version of numpy, it will be understood as (type, (1,)) / '(1,)type'.
  _np_qint16 = np.dtype([("qint16", np.int16, 1)])
/home/acalvi/anaconda3/envs/libkge_new/lib/python3.7/site-packages/tensorflow/python/framework/dtypes.py:519: FutureWarning: Passing (type, 1) or '1type' as a synonym of type is deprecated; in a future version of numpy, it will be understood as (type, (1,)) / '(1,)type'.
  _np_quint16 = np.dtype([("quint16", np.uint16, 1)])
/home/acalvi/anaconda3/envs/libkge_new/lib/python3.7/site-packages/tensorflow/python/framework/dtypes.py:520: FutureWarning: Passing (type, 1) or '1type' as a synonym of type is deprecated; in a future version of numpy, it will be understood as (type, (1,)) / '(1,)type'.
  _np_qint32 = np.dtype([("qint32", np.int32, 1)])
/home/acalvi/anaconda3/envs/libkge_new/lib/python3.7/site-packages/tensorflow/python/framework/dtypes.py:525: FutureWarning: Passing (type, 1) or '1type' as a synonym of type is deprecated; in a future version of numpy, it will be understood as (type, (1,)) / '(1,)type'.
  np_resource = np.dtype([("resource", np.ubyte, 1)])
/home/acalvi/anaconda3/envs/libkge_new/lib/python3.7/site-packages/tensorboard/compat/tensorflow_stub/dtypes.py:541: FutureWarning: Passing (type, 1) or '1type' as a synonym of type is deprecated; in a future version of numpy, it will be understood as (type, (1,)) / '(1,)type'.
  _np_qint8 = np.dtype([("qint8", np.int8, 1)])
/home/acalvi/anaconda3/envs/libkge_new/lib/python3.7/site-packages/tensorboard/compat/tensorflow_stub/dtypes.py:542: FutureWarning: Passing (type, 1) or '1type' as a synonym of type is deprecated; in a future version of numpy, it will be understood as (type, (1,)) / '(1,)type'.
  _np_quint8 = np.dtype([("quint8", np.uint8, 1)])
/home/acalvi/anaconda3/envs/libkge_new/lib/python3.7/site-packages/tensorboard/compat/tensorflow_stub/dtypes.py:543: FutureWarning: Passing (type, 1) or '1type' as a synonym of type is deprecated; in a future version of numpy, it will be understood as (type, (1,)) / '(1,)type'.
  _np_qint16 = np.dtype([("qint16", np.int16, 1)])
/home/acalvi/anaconda3/envs/libkge_new/lib/python3.7/site-packages/tensorboard/compat/tensorflow_stub/dtypes.py:544: FutureWarning: Passing (type, 1) or '1type' as a synonym of type is deprecated; in a future version of numpy, it will be understood as (type, (1,)) / '(1,)type'.
  _np_quint16 = np.dtype([("quint16", np.uint16, 1)])
/home/acalvi/anaconda3/envs/libkge_new/lib/python3.7/site-packages/tensorboard/compat/tensorflow_stub/dtypes.py:545: FutureWarning: Passing (type, 1) or '1type' as a synonym of type is deprecated; in a future version of numpy, it will be understood as (type, (1,)) / '(1,)type'.
  _np_qint32 = np.dtype([("qint32", np.int32, 1)])
/home/acalvi/anaconda3/envs/libkge_new/lib/python3.7/site-packages/tensorboard/compat/tensorflow_stub/dtypes.py:550: FutureWarning: Passing (type, 1) or '1type' as a synonym of type is deprecated; in a future version of numpy, it will be understood as (type, (1,)) / '(1,)type'.
  np_resource = np.dtype([("resource", np.ubyte, 1)])
