./test2.py --data pse --mcl True --batch-size 128 --epochs 100 --embedding-size 200 --learning-rate 0.1 --regulariser n3 --reg-weight 0.5 --optimizer adagrad --valid --quiet
MCL True
INFO:test2.py:Valid: True
INFO:test2.py:Device: cuda
curr directory /home/acalvi/Dissertation/Aladdin/biolink
Importing dataset files ... 
<class 'biolink.embeddings.models_mc.ComplEx_MC'>
INFO:test2.py:is tucker False
INFO:test2.py:settin tucker to FALSE
INFO:test2.py:Device: cuda
INFO:test2.py:Epoch 1/100	Loss 13.5425 ± 4.7787
INFO:test2.py:Epoch 2/100	Loss 13.1455 ± 3.6987
INFO:test2.py:Epoch 3/100	Loss 13.0845 ± 3.4661
INFO:test2.py:Epoch 4/100	Loss 13.0484 ± 3.1349
INFO:test2.py:Epoch 5/100	Loss 13.0274 ± 2.8858
INFO:test2.py:Epoch 6/100	Loss 13.0130 ± 2.6835
INFO:test2.py:Epoch 7/100	Loss 13.0023 ± 2.5214
INFO:test2.py:Epoch 8/100	Loss 12.9939 ± 2.3704
INFO:test2.py:Epoch 9/100	Loss 12.9871 ± 2.2442
INFO:test2.py:Epoch 10/100	Loss 12.9814 ± 2.1313
INFO:test2.py:Epoch 11/100	Loss 12.9766 ± 2.0307
INFO:test2.py:Epoch 12/100	Loss 12.9724 ± 1.9398
INFO:test2.py:Epoch 13/100	Loss 12.9687 ± 1.8576
INFO:test2.py:Epoch 14/100	Loss 12.9654 ± 1.7831
INFO:test2.py:Epoch 15/100	Loss 12.9625 ± 1.7121
INFO:test2.py:Epoch 16/100	Loss 12.9599 ± 1.6477
INFO:test2.py:Epoch 17/100	Loss 12.9576 ± 1.5883
INFO:test2.py:Epoch 18/100	Loss 12.9554 ± 1.5326
INFO:test2.py:Epoch 19/100	Loss 12.9534 ± 1.4808
INFO:test2.py:Epoch 20/100	Loss 12.9516 ± 1.4322
INFO:test2.py:Epoch 21/100	Loss 12.9499 ± 1.3871
INFO:test2.py:Epoch 22/100	Loss 12.9484 ± 1.3444
INFO:test2.py:Epoch 23/100	Loss 12.9469 ± 1.3040
INFO:test2.py:Epoch 24/100	Loss 12.9456 ± 1.2657
INFO:test2.py:Epoch 25/100	Loss 12.9443 ± 1.2299
INFO:test2.py:Epoch 26/100	Loss 12.9431 ± 1.1955
INFO:test2.py:Epoch 27/100	Loss 12.9420 ± 1.1634
INFO:test2.py:Epoch 28/100	Loss 12.9409 ± 1.1326
INFO:test2.py:Epoch 29/100	Loss 12.9399 ± 1.1030
INFO:test2.py:Epoch 30/100	Loss 12.9390 ± 1.0751
INFO:test2.py:Epoch 31/100	Loss 12.9381 ± 1.0485
INFO:test2.py:Epoch 32/100	Loss 12.9373 ± 1.0229
INFO:test2.py:Epoch 33/100	Loss 12.9365 ± 0.9983
INFO:test2.py:Epoch 34/100	Loss 12.9357 ± 0.9760
INFO:test2.py:Epoch 35/100	Loss 12.9350 ± 0.9528
INFO:test2.py:Epoch 36/100	Loss 12.9343 ± 0.9318
INFO:test2.py:Epoch 37/100	Loss 12.9336 ± 0.9109
INFO:test2.py:Epoch 38/100	Loss 12.9330 ± 0.8914
INFO:test2.py:Epoch 39/100	Loss 12.9324 ± 0.8730
INFO:test2.py:Epoch 40/100	Loss 12.9318 ± 0.8541
INFO:test2.py:Epoch 41/100	Loss 12.9313 ± 0.8362
INFO:test2.py:Epoch 42/100	Loss 12.9307 ± 0.8198
INFO:test2.py:Epoch 43/100	Loss 12.9302 ± 0.8034
INFO:test2.py:Epoch 44/100	Loss 12.9297 ± 0.7874
INFO:test2.py:Epoch 45/100	Loss 12.9293 ± 0.7728
INFO:test2.py:Epoch 46/100	Loss 12.9288 ± 0.7578
INFO:test2.py:Epoch 47/100	Loss 12.9284 ± 0.7446
INFO:test2.py:Epoch 48/100	Loss 12.9280 ± 0.7296
INFO:test2.py:Epoch 49/100	Loss 12.9276 ± 0.7168
INFO:test2.py:Validating
INFO:test2.py:batch start 	80000
INFO:test2.py:batch start 	160000
INFO:test2.py:batch start 	240000
INFO:test2.py:batch start 	320000
INFO:test2.py:batch start 	400000
INFO:test2.py:done
INFO:test2.py:metrics done
INFO:test2.py:Epoch 50/100	Loss 12.9272 ± 0.7037
INFO:test2.py:Epoch 51/100	Loss 12.9268 ± 0.6909
INFO:test2.py:Epoch 52/100	Loss 12.9264 ± 0.6790
INFO:test2.py:Epoch 53/100	Loss 12.9261 ± 0.6675
INFO:test2.py:Epoch 54/100	Loss 12.9257 ± 0.6564
INFO:test2.py:Epoch 55/100	Loss 12.9254 ± 0.6449
INFO:test2.py:Epoch 56/100	Loss 12.9251 ± 0.6347
INFO:test2.py:Epoch 57/100	Loss 12.9248 ± 0.6244
INFO:test2.py:Epoch 58/100	Loss 12.9245 ± 0.6139
INFO:test2.py:Epoch 59/100	Loss 12.9242 ± 0.6046
INFO:test2.py:Epoch 60/100	Loss 12.9239 ± 0.5946
INFO:test2.py:Epoch 61/100	Loss 12.9237 ± 0.5861
INFO:test2.py:Epoch 62/100	Loss 12.9234 ± 0.5769
INFO:test2.py:Epoch 63/100	Loss 12.9231 ± 0.5682
INFO:test2.py:Epoch 64/100	Loss 12.9229 ± 0.5597
INFO:test2.py:Epoch 65/100	Loss 12.9226 ± 0.5515
INFO:test2.py:Epoch 66/100	Loss 12.9224 ± 0.5429
INFO:test2.py:Epoch 67/100	Loss 12.9222 ± 0.5354
INFO:test2.py:Epoch 68/100	Loss 12.9220 ± 0.5278
INFO:test2.py:Epoch 69/100	Loss 12.9218 ± 0.5203
INFO:test2.py:Epoch 70/100	Loss 12.9215 ± 0.5134
INFO:test2.py:Epoch 71/100	Loss 12.9213 ± 0.5058
INFO:test2.py:Epoch 72/100	Loss 12.9211 ± 0.4987
INFO:test2.py:Epoch 73/100	Loss 12.9210 ± 0.4920
INFO:test2.py:Epoch 74/100	Loss 12.9208 ± 0.4855
INFO:test2.py:Epoch 75/100	Loss 12.9206 ± 0.4791
INFO:test2.py:Epoch 76/100	Loss 12.9204 ± 0.4729
INFO:test2.py:Epoch 77/100	Loss 12.9202 ± 0.4665
INFO:test2.py:Epoch 78/100	Loss 12.9201 ± 0.4606
INFO:test2.py:Epoch 79/100	Loss 12.9199 ± 0.4548
INFO:test2.py:Epoch 80/100	Loss 12.9197 ± 0.4487
INFO:test2.py:Epoch 81/100	Loss 12.9196 ± 0.4441
INFO:test2.py:Epoch 82/100	Loss 12.9194 ± 0.4378
INFO:test2.py:Epoch 83/100	Loss 12.9193 ± 0.4326
INFO:test2.py:Epoch 84/100	Loss 12.9191 ± 0.4274
INFO:test2.py:Epoch 85/100	Loss 12.9190 ± 0.4219
INFO:test2.py:Epoch 86/100	Loss 12.9189 ± 0.4169
INFO:test2.py:Epoch 87/100	Loss 12.9187 ± 0.4116
INFO:test2.py:Epoch 88/100	Loss 12.9186 ± 0.4075
INFO:test2.py:Epoch 89/100	Loss 12.9185 ± 0.4024
INFO:test2.py:Epoch 90/100	Loss 12.9183 ± 0.3974
INFO:test2.py:Epoch 91/100	Loss 12.9182 ± 0.3931
INFO:test2.py:Epoch 92/100	Loss 12.9181 ± 0.3884
INFO:test2.py:Epoch 93/100	Loss 12.9180 ± 0.3841
INFO:test2.py:Epoch 94/100	Loss 12.9179 ± 0.3797
INFO:test2.py:Epoch 95/100	Loss 12.9177 ± 0.3755
INFO:test2.py:Epoch 96/100	Loss 12.9176 ± 0.3720
INFO:test2.py:Epoch 97/100	Loss 12.9175 ± 0.3676
INFO:test2.py:Epoch 98/100	Loss 12.9174 ± 0.3640
INFO:test2.py:Epoch 99/100	Loss 12.9173 ± 0.3597
INFO:test2.py:Epoch 100/100	Loss 12.9172 ± 0.3556
INFO:test2.py:is bad performing False
INFO:test2.py:Done training
INFO:test2.py:in evalute for dataset: 	valid
INFO:test2.py:batch start 	80000
INFO:test2.py:batch start 	160000
INFO:test2.py:batch start 	240000
INFO:test2.py:batch start 	320000
INFO:test2.py:batch start 	400000
INFO:test2.py:done
INFO:test2.py:metrics done
INFO:test2.py:Error 	valid results	MRR 0.060480	H@1 0.016360	H@3 0.045315	H@10 0.128948	AU-ROC_raw -1.000000	AU-ROC_fil -1.000000
INFO:test2.py:in evalute for dataset: 	test
INFO:test2.py:batch start 	80000
INFO:test2.py:batch start 	160000
INFO:test2.py:batch start 	240000
INFO:test2.py:batch start 	320000
INFO:test2.py:batch start 	400000
INFO:test2.py:done
INFO:test2.py:metrics done
INFO:test2.py:Error 	test results	MRR 0.060417	H@1 0.016187	H@3 0.045517	H@10 0.128889	AU-ROC_raw -1.000000	AU-ROC_fil -1.000000
/home/acalvi/anaconda3/envs/libkge_new/lib/python3.7/site-packages/tensorflow/python/framework/dtypes.py:516: FutureWarning: Passing (type, 1) or '1type' as a synonym of type is deprecated; in a future version of numpy, it will be understood as (type, (1,)) / '(1,)type'.
  _np_qint8 = np.dtype([("qint8", np.int8, 1)])
/home/acalvi/anaconda3/envs/libkge_new/lib/python3.7/site-packages/tensorflow/python/framework/dtypes.py:517: FutureWarning: Passing (type, 1) or '1type' as a synonym of type is deprecated; in a future version of numpy, it will be understood as (type, (1,)) / '(1,)type'.
  _np_quint8 = np.dtype([("quint8", np.uint8, 1)])
/home/acalvi/anaconda3/envs/libkge_new/lib/python3.7/site-packages/tensorflow/python/framework/dtypes.py:518: FutureWarning: Passing (type, 1) or '1type' as a synonym of type is deprecated; in a future version of numpy, it will be understood as (type, (1,)) / '(1,)type'.
  _np_qint16 = np.dtype([("qint16", np.int16, 1)])
/home/acalvi/anaconda3/envs/libkge_new/lib/python3.7/site-packages/tensorflow/python/framework/dtypes.py:519: FutureWarning: Passing (type, 1) or '1type' as a synonym of type is deprecated; in a future version of numpy, it will be understood as (type, (1,)) / '(1,)type'.
  _np_quint16 = np.dtype([("quint16", np.uint16, 1)])
/home/acalvi/anaconda3/envs/libkge_new/lib/python3.7/site-packages/tensorflow/python/framework/dtypes.py:520: FutureWarning: Passing (type, 1) or '1type' as a synonym of type is deprecated; in a future version of numpy, it will be understood as (type, (1,)) / '(1,)type'.
  _np_qint32 = np.dtype([("qint32", np.int32, 1)])
/home/acalvi/anaconda3/envs/libkge_new/lib/python3.7/site-packages/tensorflow/python/framework/dtypes.py:525: FutureWarning: Passing (type, 1) or '1type' as a synonym of type is deprecated; in a future version of numpy, it will be understood as (type, (1,)) / '(1,)type'.
  np_resource = np.dtype([("resource", np.ubyte, 1)])
/home/acalvi/anaconda3/envs/libkge_new/lib/python3.7/site-packages/tensorboard/compat/tensorflow_stub/dtypes.py:541: FutureWarning: Passing (type, 1) or '1type' as a synonym of type is deprecated; in a future version of numpy, it will be understood as (type, (1,)) / '(1,)type'.
  _np_qint8 = np.dtype([("qint8", np.int8, 1)])
/home/acalvi/anaconda3/envs/libkge_new/lib/python3.7/site-packages/tensorboard/compat/tensorflow_stub/dtypes.py:542: FutureWarning: Passing (type, 1) or '1type' as a synonym of type is deprecated; in a future version of numpy, it will be understood as (type, (1,)) / '(1,)type'.
  _np_quint8 = np.dtype([("quint8", np.uint8, 1)])
/home/acalvi/anaconda3/envs/libkge_new/lib/python3.7/site-packages/tensorboard/compat/tensorflow_stub/dtypes.py:543: FutureWarning: Passing (type, 1) or '1type' as a synonym of type is deprecated; in a future version of numpy, it will be understood as (type, (1,)) / '(1,)type'.
  _np_qint16 = np.dtype([("qint16", np.int16, 1)])
/home/acalvi/anaconda3/envs/libkge_new/lib/python3.7/site-packages/tensorboard/compat/tensorflow_stub/dtypes.py:544: FutureWarning: Passing (type, 1) or '1type' as a synonym of type is deprecated; in a future version of numpy, it will be understood as (type, (1,)) / '(1,)type'.
  _np_quint16 = np.dtype([("quint16", np.uint16, 1)])
/home/acalvi/anaconda3/envs/libkge_new/lib/python3.7/site-packages/tensorboard/compat/tensorflow_stub/dtypes.py:545: FutureWarning: Passing (type, 1) or '1type' as a synonym of type is deprecated; in a future version of numpy, it will be understood as (type, (1,)) / '(1,)type'.
  _np_qint32 = np.dtype([("qint32", np.int32, 1)])
/home/acalvi/anaconda3/envs/libkge_new/lib/python3.7/site-packages/tensorboard/compat/tensorflow_stub/dtypes.py:550: FutureWarning: Passing (type, 1) or '1type' as a synonym of type is deprecated; in a future version of numpy, it will be understood as (type, (1,)) / '(1,)type'.
  np_resource = np.dtype([("resource", np.ubyte, 1)])
/home/acalvi/Dissertation/Aladdin/biolink/testing/experiment_ComplEx.py:184: FutureWarning: elementwise comparison failed; returning scalar instead, but in the future will perform elementwise comparison
  if data == 'pse':
