./test2.py --data pse --mcl True --batch-size 128 --epochs 100 --embedding-size 200 --learning-rate 0.01 --regulariser n3 --reg-weight 0.01 --optimizer adagrad --valid --quiet
MCL True
INFO:test2.py:Valid: True
INFO:test2.py:Device: cuda
curr directory /home/acalvi/Dissertation/Aladdin/biolink
Importing dataset files ... 
<class 'biolink.embeddings.models_mc.ComplEx_MC'>
INFO:test2.py:is tucker False
INFO:test2.py:settin tucker to FALSE
INFO:test2.py:Device: cuda
INFO:test2.py:Epoch 1/100	Loss 11.1306 ± 0.3203
INFO:test2.py:Epoch 2/100	Loss 10.8276 ± 0.1158
INFO:test2.py:Epoch 3/100	Loss 10.7548 ± 0.1113
INFO:test2.py:Epoch 4/100	Loss 10.7181 ± 0.1105
INFO:test2.py:Epoch 5/100	Loss 10.6944 ± 0.1112
INFO:test2.py:Epoch 6/100	Loss 10.6774 ± 0.1109
INFO:test2.py:Epoch 7/100	Loss 10.6642 ± 0.1099
INFO:test2.py:Epoch 8/100	Loss 10.6534 ± 0.1105
INFO:test2.py:Epoch 9/100	Loss 10.6442 ± 0.1110
INFO:test2.py:Epoch 10/100	Loss 10.6362 ± 0.1106
INFO:test2.py:Epoch 11/100	Loss 10.6291 ± 0.1104
INFO:test2.py:Epoch 12/100	Loss 10.6226 ± 0.1107
INFO:test2.py:Epoch 13/100	Loss 10.6168 ± 0.1102
INFO:test2.py:Epoch 14/100	Loss 10.6114 ± 0.1100
INFO:test2.py:Epoch 15/100	Loss 10.6064 ± 0.1107
INFO:test2.py:Epoch 16/100	Loss 10.6017 ± 0.1102
INFO:test2.py:Epoch 17/100	Loss 10.5974 ± 0.1100
INFO:test2.py:Epoch 18/100	Loss 10.5933 ± 0.1095
INFO:test2.py:Epoch 19/100	Loss 10.5894 ± 0.1089
INFO:test2.py:Epoch 20/100	Loss 10.5858 ± 0.1101
INFO:test2.py:Epoch 21/100	Loss 10.5823 ± 0.1090
INFO:test2.py:Epoch 22/100	Loss 10.5791 ± 0.1099
INFO:test2.py:Epoch 23/100	Loss 10.5760 ± 0.1106
INFO:test2.py:Epoch 24/100	Loss 10.5730 ± 0.1101
INFO:test2.py:Epoch 25/100	Loss 10.5702 ± 0.1107
INFO:test2.py:Epoch 26/100	Loss 10.5675 ± 0.1110
INFO:test2.py:Epoch 27/100	Loss 10.5649 ± 0.1102
INFO:test2.py:Epoch 28/100	Loss 10.5625 ± 0.1095
INFO:test2.py:Epoch 29/100	Loss 10.5601 ± 0.1087
INFO:test2.py:Epoch 30/100	Loss 10.5578 ± 0.1095
INFO:test2.py:Epoch 31/100	Loss 10.5556 ± 0.1105
INFO:test2.py:Epoch 32/100	Loss 10.5535 ± 0.1088
INFO:test2.py:Epoch 33/100	Loss 10.5515 ± 0.1100
INFO:test2.py:Epoch 34/100	Loss 10.5496 ± 0.1092
INFO:test2.py:Epoch 35/100	Loss 10.5477 ± 0.1094
INFO:test2.py:Epoch 36/100	Loss 10.5459 ± 0.1099
INFO:test2.py:Epoch 37/100	Loss 10.5441 ± 0.1101
INFO:test2.py:Epoch 38/100	Loss 10.5425 ± 0.1093
INFO:test2.py:Epoch 39/100	Loss 10.5408 ± 0.1088
INFO:test2.py:Epoch 40/100	Loss 10.5392 ± 0.1095
INFO:test2.py:Epoch 41/100	Loss 10.5377 ± 0.1093
INFO:test2.py:Epoch 42/100	Loss 10.5362 ± 0.1098
INFO:test2.py:Epoch 43/100	Loss 10.5348 ± 0.1088
INFO:test2.py:Epoch 44/100	Loss 10.5334 ± 0.1092
INFO:test2.py:Epoch 45/100	Loss 10.5320 ± 0.1089
INFO:test2.py:Epoch 46/100	Loss 10.5307 ± 0.1086
INFO:test2.py:Epoch 47/100	Loss 10.5294 ± 0.1089
INFO:test2.py:Epoch 48/100	Loss 10.5282 ± 0.1089
INFO:test2.py:Epoch 49/100	Loss 10.5270 ± 0.1089
INFO:test2.py:Validating
INFO:test2.py:batch start 	80000
INFO:test2.py:batch start 	160000
INFO:test2.py:batch start 	240000
INFO:test2.py:batch start 	320000
INFO:test2.py:batch start 	400000
INFO:test2.py:done
INFO:test2.py:metrics done
INFO:test2.py:Epoch 50/100	Loss 10.5258 ± 0.1095
INFO:test2.py:Epoch 51/100	Loss 10.5247 ± 0.1090
INFO:test2.py:Epoch 52/100	Loss 10.5236 ± 0.1093
INFO:test2.py:Epoch 53/100	Loss 10.5225 ± 0.1091
INFO:test2.py:Epoch 54/100	Loss 10.5214 ± 0.1095
INFO:test2.py:Epoch 55/100	Loss 10.5204 ± 0.1091
INFO:test2.py:Epoch 56/100	Loss 10.5194 ± 0.1099
INFO:test2.py:Epoch 57/100	Loss 10.5184 ± 0.1081
INFO:test2.py:Epoch 58/100	Loss 10.5174 ± 0.1090
INFO:test2.py:Epoch 59/100	Loss 10.5165 ± 0.1094
INFO:test2.py:Epoch 60/100	Loss 10.5156 ± 0.1090
INFO:test2.py:Epoch 61/100	Loss 10.5147 ± 0.1090
INFO:test2.py:Epoch 62/100	Loss 10.5138 ± 0.1088
INFO:test2.py:Epoch 63/100	Loss 10.5129 ± 0.1082
INFO:test2.py:Epoch 64/100	Loss 10.5121 ± 0.1094
INFO:test2.py:Epoch 65/100	Loss 10.5113 ± 0.1089
INFO:test2.py:Epoch 66/100	Loss 10.5105 ± 0.1088
INFO:test2.py:Epoch 67/100	Loss 10.5097 ± 0.1085
INFO:test2.py:Epoch 68/100	Loss 10.5089 ± 0.1085
INFO:test2.py:Epoch 69/100	Loss 10.5082 ± 0.1100
INFO:test2.py:Epoch 70/100	Loss 10.5075 ± 0.1089
INFO:test2.py:Epoch 71/100	Loss 10.5067 ± 0.1085
INFO:test2.py:Epoch 72/100	Loss 10.5060 ± 0.1089
INFO:test2.py:Epoch 73/100	Loss 10.5053 ± 0.1082
INFO:test2.py:Epoch 74/100	Loss 10.5047 ± 0.1086
INFO:test2.py:Epoch 75/100	Loss 10.5040 ± 0.1086
INFO:test2.py:Epoch 76/100	Loss 10.5033 ± 0.1086
INFO:test2.py:Epoch 77/100	Loss 10.5027 ± 0.1098
INFO:test2.py:Epoch 78/100	Loss 10.5021 ± 0.1092
INFO:test2.py:Epoch 79/100	Loss 10.5014 ± 0.1093
INFO:test2.py:Epoch 80/100	Loss 10.5008 ± 0.1085
INFO:test2.py:Epoch 81/100	Loss 10.5002 ± 0.1091
INFO:test2.py:Epoch 82/100	Loss 10.4996 ± 0.1083
INFO:test2.py:Epoch 83/100	Loss 10.4991 ± 0.1077
INFO:test2.py:Epoch 84/100	Loss 10.4985 ± 0.1095
INFO:test2.py:Epoch 85/100	Loss 10.4979 ± 0.1084
INFO:test2.py:Epoch 86/100	Loss 10.4974 ± 0.1085
INFO:test2.py:Epoch 87/100	Loss 10.4969 ± 0.1087
INFO:test2.py:Epoch 88/100	Loss 10.4963 ± 0.1097
INFO:test2.py:Epoch 89/100	Loss 10.4958 ± 0.1086
INFO:test2.py:Epoch 90/100	Loss 10.4953 ± 0.1086
INFO:test2.py:Epoch 91/100	Loss 10.4948 ± 0.1095
INFO:test2.py:Epoch 92/100	Loss 10.4943 ± 0.1081
INFO:test2.py:Epoch 93/100	Loss 10.4938 ± 0.1085
INFO:test2.py:Epoch 94/100	Loss 10.4933 ± 0.1096
INFO:test2.py:Epoch 95/100	Loss 10.4928 ± 0.1087
INFO:test2.py:Epoch 96/100	Loss 10.4924 ± 0.1079
INFO:test2.py:Epoch 97/100	Loss 10.4919 ± 0.1093
INFO:test2.py:Epoch 98/100	Loss 10.4914 ± 0.1092
INFO:test2.py:Epoch 99/100	Loss 10.4910 ± 0.1085
INFO:test2.py:Epoch 100/100	Loss 10.4906 ± 0.1080
INFO:test2.py:is bad performing False
INFO:test2.py:Done training
INFO:test2.py:in evalute for dataset: 	valid
INFO:test2.py:batch start 	80000
INFO:test2.py:batch start 	160000
INFO:test2.py:batch start 	240000
INFO:test2.py:batch start 	320000
INFO:test2.py:batch start 	400000
INFO:test2.py:done
INFO:test2.py:metrics done
INFO:test2.py:Error 	valid results	MRR 0.131107	H@1 0.053010	H@3 0.123788	H@10 0.284632	AU-ROC_raw -1.000000	AU-ROC_fil -1.000000
INFO:test2.py:in evalute for dataset: 	test
INFO:test2.py:batch start 	80000
INFO:test2.py:batch start 	160000
INFO:test2.py:batch start 	240000
INFO:test2.py:batch start 	320000
INFO:test2.py:batch start 	400000
INFO:test2.py:done
INFO:test2.py:metrics done
INFO:test2.py:Error 	test results	MRR 0.131360	H@1 0.053268	H@3 0.123924	H@10 0.285282	AU-ROC_raw -1.000000	AU-ROC_fil -1.000000
/home/acalvi/anaconda3/envs/libkge_new/lib/python3.7/site-packages/tensorflow/python/framework/dtypes.py:516: FutureWarning: Passing (type, 1) or '1type' as a synonym of type is deprecated; in a future version of numpy, it will be understood as (type, (1,)) / '(1,)type'.
  _np_qint8 = np.dtype([("qint8", np.int8, 1)])
/home/acalvi/anaconda3/envs/libkge_new/lib/python3.7/site-packages/tensorflow/python/framework/dtypes.py:517: FutureWarning: Passing (type, 1) or '1type' as a synonym of type is deprecated; in a future version of numpy, it will be understood as (type, (1,)) / '(1,)type'.
  _np_quint8 = np.dtype([("quint8", np.uint8, 1)])
/home/acalvi/anaconda3/envs/libkge_new/lib/python3.7/site-packages/tensorflow/python/framework/dtypes.py:518: FutureWarning: Passing (type, 1) or '1type' as a synonym of type is deprecated; in a future version of numpy, it will be understood as (type, (1,)) / '(1,)type'.
  _np_qint16 = np.dtype([("qint16", np.int16, 1)])
/home/acalvi/anaconda3/envs/libkge_new/lib/python3.7/site-packages/tensorflow/python/framework/dtypes.py:519: FutureWarning: Passing (type, 1) or '1type' as a synonym of type is deprecated; in a future version of numpy, it will be understood as (type, (1,)) / '(1,)type'.
  _np_quint16 = np.dtype([("quint16", np.uint16, 1)])
/home/acalvi/anaconda3/envs/libkge_new/lib/python3.7/site-packages/tensorflow/python/framework/dtypes.py:520: FutureWarning: Passing (type, 1) or '1type' as a synonym of type is deprecated; in a future version of numpy, it will be understood as (type, (1,)) / '(1,)type'.
  _np_qint32 = np.dtype([("qint32", np.int32, 1)])
/home/acalvi/anaconda3/envs/libkge_new/lib/python3.7/site-packages/tensorflow/python/framework/dtypes.py:525: FutureWarning: Passing (type, 1) or '1type' as a synonym of type is deprecated; in a future version of numpy, it will be understood as (type, (1,)) / '(1,)type'.
  np_resource = np.dtype([("resource", np.ubyte, 1)])
/home/acalvi/anaconda3/envs/libkge_new/lib/python3.7/site-packages/tensorboard/compat/tensorflow_stub/dtypes.py:541: FutureWarning: Passing (type, 1) or '1type' as a synonym of type is deprecated; in a future version of numpy, it will be understood as (type, (1,)) / '(1,)type'.
  _np_qint8 = np.dtype([("qint8", np.int8, 1)])
/home/acalvi/anaconda3/envs/libkge_new/lib/python3.7/site-packages/tensorboard/compat/tensorflow_stub/dtypes.py:542: FutureWarning: Passing (type, 1) or '1type' as a synonym of type is deprecated; in a future version of numpy, it will be understood as (type, (1,)) / '(1,)type'.
  _np_quint8 = np.dtype([("quint8", np.uint8, 1)])
/home/acalvi/anaconda3/envs/libkge_new/lib/python3.7/site-packages/tensorboard/compat/tensorflow_stub/dtypes.py:543: FutureWarning: Passing (type, 1) or '1type' as a synonym of type is deprecated; in a future version of numpy, it will be understood as (type, (1,)) / '(1,)type'.
  _np_qint16 = np.dtype([("qint16", np.int16, 1)])
/home/acalvi/anaconda3/envs/libkge_new/lib/python3.7/site-packages/tensorboard/compat/tensorflow_stub/dtypes.py:544: FutureWarning: Passing (type, 1) or '1type' as a synonym of type is deprecated; in a future version of numpy, it will be understood as (type, (1,)) / '(1,)type'.
  _np_quint16 = np.dtype([("quint16", np.uint16, 1)])
/home/acalvi/anaconda3/envs/libkge_new/lib/python3.7/site-packages/tensorboard/compat/tensorflow_stub/dtypes.py:545: FutureWarning: Passing (type, 1) or '1type' as a synonym of type is deprecated; in a future version of numpy, it will be understood as (type, (1,)) / '(1,)type'.
  _np_qint32 = np.dtype([("qint32", np.int32, 1)])
/home/acalvi/anaconda3/envs/libkge_new/lib/python3.7/site-packages/tensorboard/compat/tensorflow_stub/dtypes.py:550: FutureWarning: Passing (type, 1) or '1type' as a synonym of type is deprecated; in a future version of numpy, it will be understood as (type, (1,)) / '(1,)type'.
  np_resource = np.dtype([("resource", np.ubyte, 1)])
