./test2.py --data pse --mcl True --batch-size 268 --epochs 100 --embedding-size 150 --learning-rate 0.1 --regulariser n3 --reg-weight 0.005 --optimizer adagrad --valid --quiet
MCL True
INFO:test2.py:Valid: True
INFO:test2.py:Device: cuda
curr directory /home/acalvi/Dissertation/Aladdin/biolink
Importing dataset files ... 
<class 'biolink.embeddings.models_mc.ComplEx_MC'>
INFO:test2.py:is tucker False
INFO:test2.py:Device: cuda
INFO:test2.py:Epoch 1/100	Loss 10.7424 ± 0.3287
INFO:test2.py:Epoch 2/100	Loss 10.4139 ± 0.0805
INFO:test2.py:Epoch 3/100	Loss 10.3420 ± 0.0788
INFO:test2.py:Epoch 4/100	Loss 10.3026 ± 0.0811
INFO:test2.py:Epoch 5/100	Loss 10.2779 ± 0.0822
INFO:test2.py:Epoch 6/100	Loss 10.2611 ± 0.0813
INFO:test2.py:Epoch 7/100	Loss 10.2490 ± 0.0821
INFO:test2.py:Epoch 8/100	Loss 10.2397 ± 0.0827
INFO:test2.py:Epoch 9/100	Loss 10.2321 ± 0.0829
INFO:test2.py:Epoch 10/100	Loss 10.2260 ± 0.0830
INFO:test2.py:Epoch 11/100	Loss 10.2207 ± 0.0826
INFO:test2.py:Epoch 12/100	Loss 10.2162 ± 0.0823
INFO:test2.py:Epoch 13/100	Loss 10.2123 ± 0.0816
INFO:test2.py:Epoch 14/100	Loss 10.2087 ± 0.0834
INFO:test2.py:Epoch 15/100	Loss 10.2056 ± 0.0822
INFO:test2.py:Epoch 16/100	Loss 10.2028 ± 0.0829
INFO:test2.py:Epoch 17/100	Loss 10.2003 ± 0.0827
INFO:test2.py:Epoch 18/100	Loss 10.1979 ± 0.0823
INFO:test2.py:Epoch 19/100	Loss 10.1957 ± 0.0826
INFO:test2.py:Epoch 20/100	Loss 10.1937 ± 0.0825
INFO:test2.py:Epoch 21/100	Loss 10.1918 ± 0.0832
INFO:test2.py:Epoch 22/100	Loss 10.1901 ± 0.0826
INFO:test2.py:Epoch 23/100	Loss 10.1885 ± 0.0821
INFO:test2.py:Epoch 24/100	Loss 10.1869 ± 0.0818
INFO:test2.py:Epoch 25/100	Loss 10.1855 ± 0.0831
INFO:test2.py:Epoch 26/100	Loss 10.1842 ± 0.0831
INFO:test2.py:Epoch 27/100	Loss 10.1829 ± 0.0821
INFO:test2.py:Epoch 28/100	Loss 10.1817 ± 0.0832
INFO:test2.py:Epoch 29/100	Loss 10.1805 ± 0.0820
INFO:test2.py:Epoch 30/100	Loss 10.1794 ± 0.0829
INFO:test2.py:Epoch 31/100	Loss 10.1784 ± 0.0825
INFO:test2.py:Epoch 32/100	Loss 10.1774 ± 0.0838
INFO:test2.py:Epoch 33/100	Loss 10.1764 ± 0.0827
INFO:test2.py:Epoch 34/100	Loss 10.1755 ± 0.0826
INFO:test2.py:Epoch 35/100	Loss 10.1746 ± 0.0821
INFO:test2.py:Epoch 36/100	Loss 10.1738 ± 0.0828
INFO:test2.py:Epoch 37/100	Loss 10.1730 ± 0.0822
INFO:test2.py:Epoch 38/100	Loss 10.1722 ± 0.0824
INFO:test2.py:Epoch 39/100	Loss 10.1714 ± 0.0823
INFO:test2.py:Epoch 40/100	Loss 10.1707 ± 0.0831
INFO:test2.py:Epoch 41/100	Loss 10.1700 ± 0.0827
INFO:test2.py:Epoch 42/100	Loss 10.1693 ± 0.0825
INFO:test2.py:Epoch 43/100	Loss 10.1687 ± 0.0832
INFO:test2.py:Epoch 44/100	Loss 10.1680 ± 0.0820
INFO:test2.py:Epoch 45/100	Loss 10.1674 ± 0.0827
INFO:test2.py:Epoch 46/100	Loss 10.1668 ± 0.0830
INFO:test2.py:Epoch 47/100	Loss 10.1662 ± 0.0835
INFO:test2.py:Epoch 48/100	Loss 10.1657 ± 0.0831
INFO:test2.py:Epoch 49/100	Loss 10.1651 ± 0.0826
INFO:test2.py:Epoch 50/100	Loss 10.1646 ± 0.0822
INFO:test2.py:Epoch 51/100	Loss 10.1641 ± 0.0826
INFO:test2.py:Epoch 52/100	Loss 10.1636 ± 0.0820
INFO:test2.py:Epoch 53/100	Loss 10.1631 ± 0.0825
INFO:test2.py:Epoch 54/100	Loss 10.1626 ± 0.0832
INFO:test2.py:Epoch 55/100	Loss 10.1622 ± 0.0843
INFO:test2.py:Epoch 56/100	Loss 10.1617 ± 0.0825
INFO:test2.py:Epoch 57/100	Loss 10.1613 ± 0.0836
INFO:test2.py:Epoch 58/100	Loss 10.1609 ± 0.0828
INFO:test2.py:Epoch 59/100	Loss 10.1605 ± 0.0833
INFO:test2.py:Epoch 60/100	Loss 10.1600 ± 0.0830
INFO:test2.py:Epoch 61/100	Loss 10.1596 ± 0.0835
INFO:test2.py:Epoch 62/100	Loss 10.1592 ± 0.0830
INFO:test2.py:Epoch 63/100	Loss 10.1588 ± 0.0829
INFO:test2.py:Epoch 64/100	Loss 10.1585 ± 0.0838
INFO:test2.py:Epoch 65/100	Loss 10.1581 ± 0.0828
INFO:test2.py:Epoch 66/100	Loss 10.1578 ± 0.0824
INFO:test2.py:Epoch 67/100	Loss 10.1574 ± 0.0837
INFO:test2.py:Epoch 68/100	Loss 10.1570 ± 0.0831
INFO:test2.py:Epoch 69/100	Loss 10.1567 ± 0.0832
INFO:test2.py:Epoch 70/100	Loss 10.1564 ± 0.0824
INFO:test2.py:Epoch 71/100	Loss 10.1560 ± 0.0835
INFO:test2.py:Epoch 72/100	Loss 10.1557 ± 0.0824
INFO:test2.py:Epoch 73/100	Loss 10.1554 ± 0.0829
INFO:test2.py:Epoch 74/100	Loss 10.1551 ± 0.0834
INFO:test2.py:Epoch 75/100	Loss 10.1548 ± 0.0834
INFO:test2.py:Epoch 76/100	Loss 10.1545 ± 0.0833
INFO:test2.py:Epoch 77/100	Loss 10.1542 ± 0.0828
INFO:test2.py:Epoch 78/100	Loss 10.1539 ± 0.0831
INFO:test2.py:Epoch 79/100	Loss 10.1536 ± 0.0840
INFO:test2.py:Epoch 80/100	Loss 10.1534 ± 0.0833
INFO:test2.py:Epoch 81/100	Loss 10.1531 ± 0.0833
INFO:test2.py:Epoch 82/100	Loss 10.1528 ± 0.0836
INFO:test2.py:Epoch 83/100	Loss 10.1525 ± 0.0837
INFO:test2.py:Epoch 84/100	Loss 10.1523 ± 0.0829
INFO:test2.py:Epoch 85/100	Loss 10.1520 ± 0.0828
INFO:test2.py:Epoch 86/100	Loss 10.1518 ± 0.0832
INFO:test2.py:Epoch 87/100	Loss 10.1515 ± 0.0840
INFO:test2.py:Epoch 88/100	Loss 10.1513 ± 0.0837
INFO:test2.py:Epoch 89/100	Loss 10.1511 ± 0.0828
INFO:test2.py:Epoch 90/100	Loss 10.1508 ± 0.0828
INFO:test2.py:Epoch 91/100	Loss 10.1506 ± 0.0831
INFO:test2.py:Epoch 92/100	Loss 10.1503 ± 0.0830
INFO:test2.py:Epoch 93/100	Loss 10.1501 ± 0.0827
INFO:test2.py:Epoch 94/100	Loss 10.1499 ± 0.0821
INFO:test2.py:Epoch 95/100	Loss 10.1497 ± 0.0820
INFO:test2.py:Epoch 96/100	Loss 10.1495 ± 0.0831
INFO:test2.py:Epoch 97/100	Loss 10.1492 ± 0.0834
INFO:test2.py:Epoch 98/100	Loss 10.1490 ± 0.0827
INFO:test2.py:Epoch 99/100	Loss 10.1488 ± 0.0827
INFO:test2.py:Epoch 100/100	Loss 10.1486 ± 0.0835
INFO:test2.py:is bad performing False
INFO:test2.py:Done training
INFO:test2.py:in evalute for dataset: 	valid
INFO:test2.py:done
INFO:test2.py:done not filtered aucroc
INFO:test2.py:metrics done
INFO:test2.py:Error 	valid results	MRR 0.151985	H@1 0.069534	H@3 0.148317	H@10 0.315143	AU-ROC_raw -1.000000	AU-ROC_fil -1.000000
INFO:test2.py:in evalute for dataset: 	test
INFO:test2.py:done
INFO:test2.py:done not filtered aucroc
INFO:test2.py:metrics done
INFO:test2.py:Error 	test results	MRR 0.152233	H@1 0.069724	H@3 0.148486	H@10 0.315482	AU-ROC_raw -1.000000	AU-ROC_fil -1.000000
/home/acalvi/anaconda3/envs/libkge_new/lib/python3.7/site-packages/tensorflow/python/framework/dtypes.py:516: FutureWarning: Passing (type, 1) or '1type' as a synonym of type is deprecated; in a future version of numpy, it will be understood as (type, (1,)) / '(1,)type'.
  _np_qint8 = np.dtype([("qint8", np.int8, 1)])
/home/acalvi/anaconda3/envs/libkge_new/lib/python3.7/site-packages/tensorflow/python/framework/dtypes.py:517: FutureWarning: Passing (type, 1) or '1type' as a synonym of type is deprecated; in a future version of numpy, it will be understood as (type, (1,)) / '(1,)type'.
  _np_quint8 = np.dtype([("quint8", np.uint8, 1)])
/home/acalvi/anaconda3/envs/libkge_new/lib/python3.7/site-packages/tensorflow/python/framework/dtypes.py:518: FutureWarning: Passing (type, 1) or '1type' as a synonym of type is deprecated; in a future version of numpy, it will be understood as (type, (1,)) / '(1,)type'.
  _np_qint16 = np.dtype([("qint16", np.int16, 1)])
/home/acalvi/anaconda3/envs/libkge_new/lib/python3.7/site-packages/tensorflow/python/framework/dtypes.py:519: FutureWarning: Passing (type, 1) or '1type' as a synonym of type is deprecated; in a future version of numpy, it will be understood as (type, (1,)) / '(1,)type'.
  _np_quint16 = np.dtype([("quint16", np.uint16, 1)])
/home/acalvi/anaconda3/envs/libkge_new/lib/python3.7/site-packages/tensorflow/python/framework/dtypes.py:520: FutureWarning: Passing (type, 1) or '1type' as a synonym of type is deprecated; in a future version of numpy, it will be understood as (type, (1,)) / '(1,)type'.
  _np_qint32 = np.dtype([("qint32", np.int32, 1)])
/home/acalvi/anaconda3/envs/libkge_new/lib/python3.7/site-packages/tensorflow/python/framework/dtypes.py:525: FutureWarning: Passing (type, 1) or '1type' as a synonym of type is deprecated; in a future version of numpy, it will be understood as (type, (1,)) / '(1,)type'.
  np_resource = np.dtype([("resource", np.ubyte, 1)])
/home/acalvi/anaconda3/envs/libkge_new/lib/python3.7/site-packages/tensorboard/compat/tensorflow_stub/dtypes.py:541: FutureWarning: Passing (type, 1) or '1type' as a synonym of type is deprecated; in a future version of numpy, it will be understood as (type, (1,)) / '(1,)type'.
  _np_qint8 = np.dtype([("qint8", np.int8, 1)])
/home/acalvi/anaconda3/envs/libkge_new/lib/python3.7/site-packages/tensorboard/compat/tensorflow_stub/dtypes.py:542: FutureWarning: Passing (type, 1) or '1type' as a synonym of type is deprecated; in a future version of numpy, it will be understood as (type, (1,)) / '(1,)type'.
  _np_quint8 = np.dtype([("quint8", np.uint8, 1)])
/home/acalvi/anaconda3/envs/libkge_new/lib/python3.7/site-packages/tensorboard/compat/tensorflow_stub/dtypes.py:543: FutureWarning: Passing (type, 1) or '1type' as a synonym of type is deprecated; in a future version of numpy, it will be understood as (type, (1,)) / '(1,)type'.
  _np_qint16 = np.dtype([("qint16", np.int16, 1)])
/home/acalvi/anaconda3/envs/libkge_new/lib/python3.7/site-packages/tensorboard/compat/tensorflow_stub/dtypes.py:544: FutureWarning: Passing (type, 1) or '1type' as a synonym of type is deprecated; in a future version of numpy, it will be understood as (type, (1,)) / '(1,)type'.
  _np_quint16 = np.dtype([("quint16", np.uint16, 1)])
/home/acalvi/anaconda3/envs/libkge_new/lib/python3.7/site-packages/tensorboard/compat/tensorflow_stub/dtypes.py:545: FutureWarning: Passing (type, 1) or '1type' as a synonym of type is deprecated; in a future version of numpy, it will be understood as (type, (1,)) / '(1,)type'.
  _np_qint32 = np.dtype([("qint32", np.int32, 1)])
/home/acalvi/anaconda3/envs/libkge_new/lib/python3.7/site-packages/tensorboard/compat/tensorflow_stub/dtypes.py:550: FutureWarning: Passing (type, 1) or '1type' as a synonym of type is deprecated; in a future version of numpy, it will be understood as (type, (1,)) / '(1,)type'.
  np_resource = np.dtype([("resource", np.ubyte, 1)])
