./test2.py --data pse --mcl True --batch-size 268 --epochs 100 --embedding-size 150 --learning-rate 0.01 --regulariser n3 --reg-weight 0.05 --optimizer adagrad --valid --quiet
MCL True
INFO:test2.py:Valid: True
INFO:test2.py:Device: cuda
curr directory /home/acalvi/Dissertation/Aladdin/biolink
Importing dataset files ... 
<class 'biolink.embeddings.models_mc.ComplEx_MC'>
INFO:test2.py:is tucker False
INFO:test2.py:settin tucker to FALSE
INFO:test2.py:Device: cuda
INFO:test2.py:Epoch 1/100	Loss 11.6561 ± 0.2087
INFO:test2.py:Epoch 2/100	Loss 11.5146 ± 0.0704
INFO:test2.py:Epoch 3/100	Loss 11.4794 ± 0.0693
INFO:test2.py:Epoch 4/100	Loss 11.4623 ± 0.0687
INFO:test2.py:Epoch 5/100	Loss 11.4526 ± 0.0686
INFO:test2.py:Epoch 6/100	Loss 11.4435 ± 0.0691
INFO:test2.py:Epoch 7/100	Loss 11.4353 ± 0.0680
INFO:test2.py:Epoch 8/100	Loss 11.4300 ± 0.0679
INFO:test2.py:Epoch 9/100	Loss 11.4264 ± 0.0680
INFO:test2.py:Epoch 10/100	Loss 11.4236 ± 0.0687
INFO:test2.py:Epoch 11/100	Loss 11.4214 ± 0.0685
INFO:test2.py:Epoch 12/100	Loss 11.4196 ± 0.0679
INFO:test2.py:Epoch 13/100	Loss 11.4181 ± 0.0683
INFO:test2.py:Epoch 14/100	Loss 11.4167 ± 0.0685
INFO:test2.py:Epoch 15/100	Loss 11.4154 ± 0.0680
INFO:test2.py:Epoch 16/100	Loss 11.4143 ± 0.0681
INFO:test2.py:Epoch 17/100	Loss 11.4132 ± 0.0672
INFO:test2.py:Epoch 18/100	Loss 11.4122 ± 0.0678
INFO:test2.py:Epoch 19/100	Loss 11.4113 ± 0.0675
INFO:test2.py:Epoch 20/100	Loss 11.4104 ± 0.0674
INFO:test2.py:Epoch 21/100	Loss 11.4096 ± 0.0672
INFO:test2.py:Epoch 22/100	Loss 11.4088 ± 0.0684
INFO:test2.py:Epoch 23/100	Loss 11.4081 ± 0.0677
INFO:test2.py:Epoch 24/100	Loss 11.4074 ± 0.0683
INFO:test2.py:Epoch 25/100	Loss 11.4067 ± 0.0683
INFO:test2.py:Epoch 26/100	Loss 11.4061 ± 0.0673
INFO:test2.py:Epoch 27/100	Loss 11.4055 ± 0.0677
INFO:test2.py:Epoch 28/100	Loss 11.4049 ± 0.0682
INFO:test2.py:Epoch 29/100	Loss 11.4044 ± 0.0677
INFO:test2.py:Epoch 30/100	Loss 11.4039 ± 0.0680
INFO:test2.py:Epoch 31/100	Loss 11.4034 ± 0.0673
INFO:test2.py:Epoch 32/100	Loss 11.4029 ± 0.0683
INFO:test2.py:Epoch 33/100	Loss 11.4024 ± 0.0669
INFO:test2.py:Epoch 34/100	Loss 11.4020 ± 0.0672
INFO:test2.py:Epoch 35/100	Loss 11.4016 ± 0.0676
INFO:test2.py:Epoch 36/100	Loss 11.4012 ± 0.0681
INFO:test2.py:Epoch 37/100	Loss 11.4008 ± 0.0672
INFO:test2.py:Epoch 38/100	Loss 11.4004 ± 0.0671
INFO:test2.py:Epoch 39/100	Loss 11.4001 ± 0.0673
INFO:test2.py:Epoch 40/100	Loss 11.3997 ± 0.0674
INFO:test2.py:Epoch 41/100	Loss 11.3994 ± 0.0678
INFO:test2.py:Epoch 42/100	Loss 11.3991 ± 0.0672
INFO:test2.py:Epoch 43/100	Loss 11.3988 ± 0.0680
INFO:test2.py:Epoch 44/100	Loss 11.3985 ± 0.0670
INFO:test2.py:Epoch 45/100	Loss 11.3982 ± 0.0668
INFO:test2.py:Epoch 46/100	Loss 11.3979 ± 0.0670
INFO:test2.py:Epoch 47/100	Loss 11.3977 ± 0.0681
INFO:test2.py:Epoch 48/100	Loss 11.3974 ± 0.0681
INFO:test2.py:Epoch 49/100	Loss 11.3972 ± 0.0680
INFO:test2.py:Validating
INFO:test2.py:done
INFO:test2.py:metrics done
INFO:test2.py:Epoch 50/100	Loss 11.3969 ± 0.0668
INFO:test2.py:Epoch 51/100	Loss 11.3967 ± 0.0677
INFO:test2.py:Epoch 52/100	Loss 11.3965 ± 0.0674
INFO:test2.py:Epoch 53/100	Loss 11.3963 ± 0.0671
INFO:test2.py:Epoch 54/100	Loss 11.3961 ± 0.0675
INFO:test2.py:Epoch 55/100	Loss 11.3958 ± 0.0672
INFO:test2.py:Epoch 56/100	Loss 11.3956 ± 0.0670
INFO:test2.py:Epoch 57/100	Loss 11.3955 ± 0.0678
INFO:test2.py:Epoch 58/100	Loss 11.3953 ± 0.0671
INFO:test2.py:Epoch 59/100	Loss 11.3951 ± 0.0669
INFO:test2.py:Epoch 60/100	Loss 11.3949 ± 0.0686
INFO:test2.py:Epoch 61/100	Loss 11.3947 ± 0.0679
INFO:test2.py:Epoch 62/100	Loss 11.3946 ± 0.0674
INFO:test2.py:Epoch 63/100	Loss 11.3944 ± 0.0674
INFO:test2.py:Epoch 64/100	Loss 11.3942 ± 0.0679
INFO:test2.py:Epoch 65/100	Loss 11.3941 ± 0.0658
INFO:test2.py:Epoch 66/100	Loss 11.3939 ± 0.0671
INFO:test2.py:Epoch 67/100	Loss 11.3938 ± 0.0677
INFO:test2.py:Epoch 68/100	Loss 11.3936 ± 0.0677
INFO:test2.py:Epoch 69/100	Loss 11.3935 ± 0.0678
INFO:test2.py:Epoch 70/100	Loss 11.3933 ± 0.0672
INFO:test2.py:Epoch 71/100	Loss 11.3932 ± 0.0670
INFO:test2.py:Epoch 72/100	Loss 11.3930 ± 0.0679
INFO:test2.py:Epoch 73/100	Loss 11.3929 ± 0.0673
INFO:test2.py:Epoch 74/100	Loss 11.3928 ± 0.0671
INFO:test2.py:Epoch 75/100	Loss 11.3926 ± 0.0667
INFO:test2.py:Epoch 76/100	Loss 11.3925 ± 0.0676
INFO:test2.py:Epoch 77/100	Loss 11.3924 ± 0.0675
INFO:test2.py:Epoch 78/100	Loss 11.3923 ± 0.0672
INFO:test2.py:Epoch 79/100	Loss 11.3922 ± 0.0673
INFO:test2.py:Epoch 80/100	Loss 11.3920 ± 0.0671
INFO:test2.py:Epoch 81/100	Loss 11.3919 ± 0.0676
INFO:test2.py:Epoch 82/100	Loss 11.3918 ± 0.0672
INFO:test2.py:Epoch 83/100	Loss 11.3917 ± 0.0679
INFO:test2.py:Epoch 84/100	Loss 11.3916 ± 0.0665
INFO:test2.py:Epoch 85/100	Loss 11.3915 ± 0.0668
INFO:test2.py:Epoch 86/100	Loss 11.3914 ± 0.0672
INFO:test2.py:Epoch 87/100	Loss 11.3913 ± 0.0674
INFO:test2.py:Epoch 88/100	Loss 11.3912 ± 0.0668
INFO:test2.py:Epoch 89/100	Loss 11.3911 ± 0.0671
INFO:test2.py:Epoch 90/100	Loss 11.3910 ± 0.0674
INFO:test2.py:Epoch 91/100	Loss 11.3909 ± 0.0672
INFO:test2.py:Epoch 92/100	Loss 11.3908 ± 0.0668
INFO:test2.py:Epoch 93/100	Loss 11.3907 ± 0.0670
INFO:test2.py:Epoch 94/100	Loss 11.3906 ± 0.0671
INFO:test2.py:Epoch 95/100	Loss 11.3905 ± 0.0675
INFO:test2.py:Epoch 96/100	Loss 11.3904 ± 0.0675
INFO:test2.py:Epoch 97/100	Loss 11.3903 ± 0.0670
INFO:test2.py:Epoch 98/100	Loss 11.3902 ± 0.0667
INFO:test2.py:Epoch 99/100	Loss 11.3901 ± 0.0673
INFO:test2.py:Epoch 100/100	Loss 11.3901 ± 0.0670
INFO:test2.py:is bad performing False
INFO:test2.py:Done training
INFO:test2.py:in evalute for dataset: 	valid
INFO:test2.py:done
INFO:test2.py:metrics done
INFO:test2.py:Error 	valid results	MRR 0.099416	H@1 0.033337	H@3 0.086766	H@10 0.223255	AU-ROC_raw -1.000000	AU-ROC_fil -1.000000
INFO:test2.py:in evalute for dataset: 	test
INFO:test2.py:done
INFO:test2.py:metrics done
INFO:test2.py:Error 	test results	MRR 0.099605	H@1 0.033612	H@3 0.086783	H@10 0.223216	AU-ROC_raw -1.000000	AU-ROC_fil -1.000000
/home/acalvi/anaconda3/envs/libkge_new/lib/python3.7/site-packages/tensorflow/python/framework/dtypes.py:516: FutureWarning: Passing (type, 1) or '1type' as a synonym of type is deprecated; in a future version of numpy, it will be understood as (type, (1,)) / '(1,)type'.
  _np_qint8 = np.dtype([("qint8", np.int8, 1)])
/home/acalvi/anaconda3/envs/libkge_new/lib/python3.7/site-packages/tensorflow/python/framework/dtypes.py:517: FutureWarning: Passing (type, 1) or '1type' as a synonym of type is deprecated; in a future version of numpy, it will be understood as (type, (1,)) / '(1,)type'.
  _np_quint8 = np.dtype([("quint8", np.uint8, 1)])
/home/acalvi/anaconda3/envs/libkge_new/lib/python3.7/site-packages/tensorflow/python/framework/dtypes.py:518: FutureWarning: Passing (type, 1) or '1type' as a synonym of type is deprecated; in a future version of numpy, it will be understood as (type, (1,)) / '(1,)type'.
  _np_qint16 = np.dtype([("qint16", np.int16, 1)])
/home/acalvi/anaconda3/envs/libkge_new/lib/python3.7/site-packages/tensorflow/python/framework/dtypes.py:519: FutureWarning: Passing (type, 1) or '1type' as a synonym of type is deprecated; in a future version of numpy, it will be understood as (type, (1,)) / '(1,)type'.
  _np_quint16 = np.dtype([("quint16", np.uint16, 1)])
/home/acalvi/anaconda3/envs/libkge_new/lib/python3.7/site-packages/tensorflow/python/framework/dtypes.py:520: FutureWarning: Passing (type, 1) or '1type' as a synonym of type is deprecated; in a future version of numpy, it will be understood as (type, (1,)) / '(1,)type'.
  _np_qint32 = np.dtype([("qint32", np.int32, 1)])
/home/acalvi/anaconda3/envs/libkge_new/lib/python3.7/site-packages/tensorflow/python/framework/dtypes.py:525: FutureWarning: Passing (type, 1) or '1type' as a synonym of type is deprecated; in a future version of numpy, it will be understood as (type, (1,)) / '(1,)type'.
  np_resource = np.dtype([("resource", np.ubyte, 1)])
/home/acalvi/anaconda3/envs/libkge_new/lib/python3.7/site-packages/tensorboard/compat/tensorflow_stub/dtypes.py:541: FutureWarning: Passing (type, 1) or '1type' as a synonym of type is deprecated; in a future version of numpy, it will be understood as (type, (1,)) / '(1,)type'.
  _np_qint8 = np.dtype([("qint8", np.int8, 1)])
/home/acalvi/anaconda3/envs/libkge_new/lib/python3.7/site-packages/tensorboard/compat/tensorflow_stub/dtypes.py:542: FutureWarning: Passing (type, 1) or '1type' as a synonym of type is deprecated; in a future version of numpy, it will be understood as (type, (1,)) / '(1,)type'.
  _np_quint8 = np.dtype([("quint8", np.uint8, 1)])
/home/acalvi/anaconda3/envs/libkge_new/lib/python3.7/site-packages/tensorboard/compat/tensorflow_stub/dtypes.py:543: FutureWarning: Passing (type, 1) or '1type' as a synonym of type is deprecated; in a future version of numpy, it will be understood as (type, (1,)) / '(1,)type'.
  _np_qint16 = np.dtype([("qint16", np.int16, 1)])
/home/acalvi/anaconda3/envs/libkge_new/lib/python3.7/site-packages/tensorboard/compat/tensorflow_stub/dtypes.py:544: FutureWarning: Passing (type, 1) or '1type' as a synonym of type is deprecated; in a future version of numpy, it will be understood as (type, (1,)) / '(1,)type'.
  _np_quint16 = np.dtype([("quint16", np.uint16, 1)])
/home/acalvi/anaconda3/envs/libkge_new/lib/python3.7/site-packages/tensorboard/compat/tensorflow_stub/dtypes.py:545: FutureWarning: Passing (type, 1) or '1type' as a synonym of type is deprecated; in a future version of numpy, it will be understood as (type, (1,)) / '(1,)type'.
  _np_qint32 = np.dtype([("qint32", np.int32, 1)])
/home/acalvi/anaconda3/envs/libkge_new/lib/python3.7/site-packages/tensorboard/compat/tensorflow_stub/dtypes.py:550: FutureWarning: Passing (type, 1) or '1type' as a synonym of type is deprecated; in a future version of numpy, it will be understood as (type, (1,)) / '(1,)type'.
  np_resource = np.dtype([("resource", np.ubyte, 1)])
