./test2.py --data pse --mcl True --batch-size 128 --epochs 100 --embedding-size 200 --learning-rate 0.1 --regulariser n3 --reg-weight 0.001 --optimizer adagrad --valid --quiet
MCL True
INFO:test2.py:Valid: True
INFO:test2.py:Device: cuda
curr directory /home/acalvi/Dissertation/Aladdin/biolink
Importing dataset files ... 
<class 'biolink.embeddings.models_mc.ComplEx_MC'>
INFO:test2.py:is tucker False
INFO:test2.py:settin tucker to FALSE
INFO:test2.py:Device: cuda
INFO:test2.py:Epoch 1/100	Loss 10.5721 ± 0.3515
INFO:test2.py:Epoch 2/100	Loss 10.1593 ± 0.1254
INFO:test2.py:Epoch 3/100	Loss 10.0423 ± 0.1265
INFO:test2.py:Epoch 4/100	Loss 9.9808 ± 0.1290
INFO:test2.py:Epoch 5/100	Loss 9.9432 ± 0.1311
INFO:test2.py:Epoch 6/100	Loss 9.9174 ± 0.1329
INFO:test2.py:Epoch 7/100	Loss 9.8983 ± 0.1318
INFO:test2.py:Epoch 8/100	Loss 9.8833 ± 0.1331
INFO:test2.py:Epoch 9/100	Loss 9.8711 ± 0.1333
INFO:test2.py:Epoch 10/100	Loss 9.8613 ± 0.1335
INFO:test2.py:Epoch 11/100	Loss 9.8527 ± 0.1330
INFO:test2.py:Epoch 12/100	Loss 9.8453 ± 0.1341
INFO:test2.py:Epoch 13/100	Loss 9.8389 ± 0.1332
INFO:test2.py:Epoch 14/100	Loss 9.8331 ± 0.1342
INFO:test2.py:Epoch 15/100	Loss 9.8280 ± 0.1352
INFO:test2.py:Epoch 16/100	Loss 9.8234 ± 0.1339
INFO:test2.py:Epoch 17/100	Loss 9.8192 ± 0.1344
INFO:test2.py:Epoch 18/100	Loss 9.8154 ± 0.1351
INFO:test2.py:Epoch 19/100	Loss 9.8119 ± 0.1346
INFO:test2.py:Epoch 20/100	Loss 9.8086 ± 0.1358
INFO:test2.py:Epoch 21/100	Loss 9.8056 ± 0.1358
INFO:test2.py:Epoch 22/100	Loss 9.8028 ± 0.1353
INFO:test2.py:Epoch 23/100	Loss 9.8001 ± 0.1354
INFO:test2.py:Epoch 24/100	Loss 9.7977 ± 0.1346
INFO:test2.py:Epoch 25/100	Loss 9.7953 ± 0.1359
INFO:test2.py:Epoch 26/100	Loss 9.7931 ± 0.1357
INFO:test2.py:Epoch 27/100	Loss 9.7911 ± 0.1361
INFO:test2.py:Epoch 28/100	Loss 9.7891 ± 0.1367
INFO:test2.py:Epoch 29/100	Loss 9.7872 ± 0.1358
INFO:test2.py:Epoch 30/100	Loss 9.7855 ± 0.1352
INFO:test2.py:Epoch 31/100	Loss 9.7838 ± 0.1361
INFO:test2.py:Epoch 32/100	Loss 9.7822 ± 0.1359
INFO:test2.py:Epoch 33/100	Loss 9.7806 ± 0.1364
INFO:test2.py:Epoch 34/100	Loss 9.7791 ± 0.1363
INFO:test2.py:Epoch 35/100	Loss 9.7777 ± 0.1364
INFO:test2.py:Epoch 36/100	Loss 9.7763 ± 0.1363
INFO:test2.py:Epoch 37/100	Loss 9.7750 ± 0.1373
INFO:test2.py:Epoch 38/100	Loss 9.7738 ± 0.1356
INFO:test2.py:Epoch 39/100	Loss 9.7725 ± 0.1361
INFO:test2.py:Epoch 40/100	Loss 9.7713 ± 0.1369
INFO:test2.py:Epoch 41/100	Loss 9.7702 ± 0.1373
INFO:test2.py:Epoch 42/100	Loss 9.7691 ± 0.1367
INFO:test2.py:Epoch 43/100	Loss 9.7681 ± 0.1368
INFO:test2.py:Epoch 44/100	Loss 9.7671 ± 0.1371
INFO:test2.py:Epoch 45/100	Loss 9.7660 ± 0.1359
INFO:test2.py:Epoch 46/100	Loss 9.7651 ± 0.1361
INFO:test2.py:Epoch 47/100	Loss 9.7642 ± 0.1362
INFO:test2.py:Epoch 48/100	Loss 9.7633 ± 0.1361
INFO:test2.py:Epoch 49/100	Loss 9.7624 ± 0.1367
INFO:test2.py:Validating
INFO:test2.py:batch start 	80000
INFO:test2.py:batch start 	160000
INFO:test2.py:batch start 	240000
INFO:test2.py:batch start 	320000
INFO:test2.py:batch start 	400000
INFO:test2.py:done
INFO:test2.py:metrics done
INFO:test2.py:Epoch 50/100	Loss 9.7615 ± 0.1357
INFO:test2.py:Epoch 51/100	Loss 9.7607 ± 0.1365
INFO:test2.py:Epoch 52/100	Loss 9.7598 ± 0.1368
INFO:test2.py:Epoch 53/100	Loss 9.7591 ± 0.1367
INFO:test2.py:Epoch 54/100	Loss 9.7583 ± 0.1368
INFO:test2.py:Epoch 55/100	Loss 9.7575 ± 0.1370
INFO:test2.py:Epoch 56/100	Loss 9.7568 ± 0.1371
INFO:test2.py:Epoch 57/100	Loss 9.7561 ± 0.1369
INFO:test2.py:Epoch 58/100	Loss 9.7554 ± 0.1368
INFO:test2.py:Epoch 59/100	Loss 9.7547 ± 0.1378
INFO:test2.py:Epoch 60/100	Loss 9.7540 ± 0.1365
INFO:test2.py:Epoch 61/100	Loss 9.7534 ± 0.1374
INFO:test2.py:Epoch 62/100	Loss 9.7528 ± 0.1374
INFO:test2.py:Epoch 63/100	Loss 9.7521 ± 0.1375
INFO:test2.py:Epoch 64/100	Loss 9.7515 ± 0.1371
INFO:test2.py:Epoch 65/100	Loss 9.7509 ± 0.1368
INFO:test2.py:Epoch 66/100	Loss 9.7504 ± 0.1362
INFO:test2.py:Epoch 67/100	Loss 9.7498 ± 0.1373
INFO:test2.py:Epoch 68/100	Loss 9.7492 ± 0.1371
INFO:test2.py:Epoch 69/100	Loss 9.7486 ± 0.1382
INFO:test2.py:Epoch 70/100	Loss 9.7481 ± 0.1382
INFO:test2.py:Epoch 71/100	Loss 9.7476 ± 0.1374
INFO:test2.py:Epoch 72/100	Loss 9.7471 ± 0.1372
INFO:test2.py:Epoch 73/100	Loss 9.7466 ± 0.1370
INFO:test2.py:Epoch 74/100	Loss 9.7461 ± 0.1363
INFO:test2.py:Epoch 75/100	Loss 9.7456 ± 0.1369
INFO:test2.py:Epoch 76/100	Loss 9.7451 ± 0.1374
INFO:test2.py:Epoch 77/100	Loss 9.7446 ± 0.1380
INFO:test2.py:Epoch 78/100	Loss 9.7441 ± 0.1372
INFO:test2.py:Epoch 79/100	Loss 9.7437 ± 0.1379
INFO:test2.py:Epoch 80/100	Loss 9.7432 ± 0.1377
INFO:test2.py:Epoch 81/100	Loss 9.7428 ± 0.1373
INFO:test2.py:Epoch 82/100	Loss 9.7423 ± 0.1372
INFO:test2.py:Epoch 83/100	Loss 9.7419 ± 0.1370
INFO:test2.py:Epoch 84/100	Loss 9.7415 ± 0.1386
INFO:test2.py:Epoch 85/100	Loss 9.7411 ± 0.1372
INFO:test2.py:Epoch 86/100	Loss 9.7407 ± 0.1375
INFO:test2.py:Epoch 87/100	Loss 9.7403 ± 0.1382
INFO:test2.py:Epoch 88/100	Loss 9.7399 ± 0.1378
INFO:test2.py:Epoch 89/100	Loss 9.7395 ± 0.1380
INFO:test2.py:Epoch 90/100	Loss 9.7391 ± 0.1386
INFO:test2.py:Epoch 91/100	Loss 9.7387 ± 0.1375
INFO:test2.py:Epoch 92/100	Loss 9.7383 ± 0.1372
INFO:test2.py:Epoch 93/100	Loss 9.7380 ± 0.1367
INFO:test2.py:Epoch 94/100	Loss 9.7376 ± 0.1381
INFO:test2.py:Epoch 95/100	Loss 9.7372 ± 0.1375
INFO:test2.py:Epoch 96/100	Loss 9.7369 ± 0.1376
INFO:test2.py:Epoch 97/100	Loss 9.7366 ± 0.1375
INFO:test2.py:Epoch 98/100	Loss 9.7362 ± 0.1371
INFO:test2.py:Epoch 99/100	Loss 9.7359 ± 0.1384
INFO:test2.py:Epoch 100/100	Loss 9.7355 ± 0.1377
INFO:test2.py:is bad performing False
INFO:test2.py:Done training
INFO:test2.py:in evalute for dataset: 	valid
INFO:test2.py:batch start 	80000
INFO:test2.py:batch start 	160000
INFO:test2.py:batch start 	240000
INFO:test2.py:batch start 	320000
INFO:test2.py:batch start 	400000
INFO:test2.py:done
INFO:test2.py:metrics done
INFO:test2.py:Error 	valid results	MRR 0.162788	H@1 0.077953	H@3 0.161062	H@10 0.331451	AU-ROC_raw -1.000000	AU-ROC_fil -1.000000
INFO:test2.py:in evalute for dataset: 	test
INFO:test2.py:batch start 	80000
INFO:test2.py:batch start 	160000
INFO:test2.py:batch start 	240000
INFO:test2.py:batch start 	320000
INFO:test2.py:batch start 	400000
INFO:test2.py:done
INFO:test2.py:metrics done
INFO:test2.py:Error 	test results	MRR 0.162688	H@1 0.077975	H@3 0.160851	H@10 0.331031	AU-ROC_raw -1.000000	AU-ROC_fil -1.000000
/home/acalvi/anaconda3/envs/libkge_new/lib/python3.7/site-packages/tensorflow/python/framework/dtypes.py:516: FutureWarning: Passing (type, 1) or '1type' as a synonym of type is deprecated; in a future version of numpy, it will be understood as (type, (1,)) / '(1,)type'.
  _np_qint8 = np.dtype([("qint8", np.int8, 1)])
/home/acalvi/anaconda3/envs/libkge_new/lib/python3.7/site-packages/tensorflow/python/framework/dtypes.py:517: FutureWarning: Passing (type, 1) or '1type' as a synonym of type is deprecated; in a future version of numpy, it will be understood as (type, (1,)) / '(1,)type'.
  _np_quint8 = np.dtype([("quint8", np.uint8, 1)])
/home/acalvi/anaconda3/envs/libkge_new/lib/python3.7/site-packages/tensorflow/python/framework/dtypes.py:518: FutureWarning: Passing (type, 1) or '1type' as a synonym of type is deprecated; in a future version of numpy, it will be understood as (type, (1,)) / '(1,)type'.
  _np_qint16 = np.dtype([("qint16", np.int16, 1)])
/home/acalvi/anaconda3/envs/libkge_new/lib/python3.7/site-packages/tensorflow/python/framework/dtypes.py:519: FutureWarning: Passing (type, 1) or '1type' as a synonym of type is deprecated; in a future version of numpy, it will be understood as (type, (1,)) / '(1,)type'.
  _np_quint16 = np.dtype([("quint16", np.uint16, 1)])
/home/acalvi/anaconda3/envs/libkge_new/lib/python3.7/site-packages/tensorflow/python/framework/dtypes.py:520: FutureWarning: Passing (type, 1) or '1type' as a synonym of type is deprecated; in a future version of numpy, it will be understood as (type, (1,)) / '(1,)type'.
  _np_qint32 = np.dtype([("qint32", np.int32, 1)])
/home/acalvi/anaconda3/envs/libkge_new/lib/python3.7/site-packages/tensorflow/python/framework/dtypes.py:525: FutureWarning: Passing (type, 1) or '1type' as a synonym of type is deprecated; in a future version of numpy, it will be understood as (type, (1,)) / '(1,)type'.
  np_resource = np.dtype([("resource", np.ubyte, 1)])
/home/acalvi/anaconda3/envs/libkge_new/lib/python3.7/site-packages/tensorboard/compat/tensorflow_stub/dtypes.py:541: FutureWarning: Passing (type, 1) or '1type' as a synonym of type is deprecated; in a future version of numpy, it will be understood as (type, (1,)) / '(1,)type'.
  _np_qint8 = np.dtype([("qint8", np.int8, 1)])
/home/acalvi/anaconda3/envs/libkge_new/lib/python3.7/site-packages/tensorboard/compat/tensorflow_stub/dtypes.py:542: FutureWarning: Passing (type, 1) or '1type' as a synonym of type is deprecated; in a future version of numpy, it will be understood as (type, (1,)) / '(1,)type'.
  _np_quint8 = np.dtype([("quint8", np.uint8, 1)])
/home/acalvi/anaconda3/envs/libkge_new/lib/python3.7/site-packages/tensorboard/compat/tensorflow_stub/dtypes.py:543: FutureWarning: Passing (type, 1) or '1type' as a synonym of type is deprecated; in a future version of numpy, it will be understood as (type, (1,)) / '(1,)type'.
  _np_qint16 = np.dtype([("qint16", np.int16, 1)])
/home/acalvi/anaconda3/envs/libkge_new/lib/python3.7/site-packages/tensorboard/compat/tensorflow_stub/dtypes.py:544: FutureWarning: Passing (type, 1) or '1type' as a synonym of type is deprecated; in a future version of numpy, it will be understood as (type, (1,)) / '(1,)type'.
  _np_quint16 = np.dtype([("quint16", np.uint16, 1)])
/home/acalvi/anaconda3/envs/libkge_new/lib/python3.7/site-packages/tensorboard/compat/tensorflow_stub/dtypes.py:545: FutureWarning: Passing (type, 1) or '1type' as a synonym of type is deprecated; in a future version of numpy, it will be understood as (type, (1,)) / '(1,)type'.
  _np_qint32 = np.dtype([("qint32", np.int32, 1)])
/home/acalvi/anaconda3/envs/libkge_new/lib/python3.7/site-packages/tensorboard/compat/tensorflow_stub/dtypes.py:550: FutureWarning: Passing (type, 1) or '1type' as a synonym of type is deprecated; in a future version of numpy, it will be understood as (type, (1,)) / '(1,)type'.
  np_resource = np.dtype([("resource", np.ubyte, 1)])
