./test2.py --data pse --mcl True --batch-size 268 --epochs 100 --embedding-size 100 --learning-rate 0.1 --regulariser n3 --reg-weight 0.005 --optimizer adagrad --valid --quiet
MCL True
INFO:test2.py:Valid: True
INFO:test2.py:Device: cuda
curr directory /home/acalvi/Dissertation/Aladdin/biolink
Importing dataset files ... 
<class 'biolink.embeddings.models_mc.ComplEx_MC'>
INFO:test2.py:is tucker False
INFO:test2.py:settin tucker to FALSE
INFO:test2.py:Device: cuda
INFO:test2.py:Epoch 1/100	Loss 10.7639 ± 0.3153
INFO:test2.py:Epoch 2/100	Loss 10.4431 ± 0.0808
INFO:test2.py:Epoch 3/100	Loss 10.3750 ± 0.0801
INFO:test2.py:Epoch 4/100	Loss 10.3405 ± 0.0802
INFO:test2.py:Epoch 5/100	Loss 10.3203 ± 0.0794
INFO:test2.py:Epoch 6/100	Loss 10.3067 ± 0.0807
INFO:test2.py:Epoch 7/100	Loss 10.2966 ± 0.0807
INFO:test2.py:Epoch 8/100	Loss 10.2888 ± 0.0803
INFO:test2.py:Epoch 9/100	Loss 10.2825 ± 0.0809
INFO:test2.py:Epoch 10/100	Loss 10.2773 ± 0.0808
INFO:test2.py:Epoch 11/100	Loss 10.2728 ± 0.0814
INFO:test2.py:Epoch 12/100	Loss 10.2689 ± 0.0807
INFO:test2.py:Epoch 13/100	Loss 10.2656 ± 0.0801
INFO:test2.py:Epoch 14/100	Loss 10.2625 ± 0.0817
INFO:test2.py:Epoch 15/100	Loss 10.2599 ± 0.0808
INFO:test2.py:Epoch 16/100	Loss 10.2575 ± 0.0814
INFO:test2.py:Epoch 17/100	Loss 10.2552 ± 0.0811
INFO:test2.py:Epoch 18/100	Loss 10.2532 ± 0.0811
INFO:test2.py:Epoch 19/100	Loss 10.2513 ± 0.0805
INFO:test2.py:Epoch 20/100	Loss 10.2496 ± 0.0810
INFO:test2.py:Epoch 21/100	Loss 10.2479 ± 0.0806
INFO:test2.py:Epoch 22/100	Loss 10.2464 ± 0.0805
INFO:test2.py:Epoch 23/100	Loss 10.2450 ± 0.0806
INFO:test2.py:Epoch 24/100	Loss 10.2437 ± 0.0797
INFO:test2.py:Epoch 25/100	Loss 10.2424 ± 0.0807
INFO:test2.py:Epoch 26/100	Loss 10.2413 ± 0.0808
INFO:test2.py:Epoch 27/100	Loss 10.2402 ± 0.0800
INFO:test2.py:Epoch 28/100	Loss 10.2391 ± 0.0810
INFO:test2.py:Epoch 29/100	Loss 10.2381 ± 0.0804
INFO:test2.py:Epoch 30/100	Loss 10.2372 ± 0.0813
INFO:test2.py:Epoch 31/100	Loss 10.2362 ± 0.0800
INFO:test2.py:Epoch 32/100	Loss 10.2354 ± 0.0808
INFO:test2.py:Epoch 33/100	Loss 10.2345 ± 0.0805
INFO:test2.py:Epoch 34/100	Loss 10.2337 ± 0.0802
INFO:test2.py:Epoch 35/100	Loss 10.2330 ± 0.0812
INFO:test2.py:Epoch 36/100	Loss 10.2322 ± 0.0805
INFO:test2.py:Epoch 37/100	Loss 10.2315 ± 0.0816
INFO:test2.py:Epoch 38/100	Loss 10.2308 ± 0.0804
INFO:test2.py:Epoch 39/100	Loss 10.2302 ± 0.0806
INFO:test2.py:Epoch 40/100	Loss 10.2295 ± 0.0801
INFO:test2.py:Epoch 41/100	Loss 10.2289 ± 0.0807
INFO:test2.py:Epoch 42/100	Loss 10.2284 ± 0.0802
INFO:test2.py:Epoch 43/100	Loss 10.2278 ± 0.0800
INFO:test2.py:Epoch 44/100	Loss 10.2272 ± 0.0801
INFO:test2.py:Epoch 45/100	Loss 10.2267 ± 0.0801
INFO:test2.py:Epoch 46/100	Loss 10.2262 ± 0.0812
INFO:test2.py:Epoch 47/100	Loss 10.2256 ± 0.0802
INFO:test2.py:Epoch 48/100	Loss 10.2252 ± 0.0812
INFO:test2.py:Epoch 49/100	Loss 10.2247 ± 0.0804
INFO:test2.py:Validating
INFO:test2.py:done
INFO:test2.py:metrics done
INFO:test2.py:Epoch 50/100	Loss 10.2242 ± 0.0807
INFO:test2.py:Epoch 51/100	Loss 10.2238 ± 0.0811
INFO:test2.py:Epoch 52/100	Loss 10.2233 ± 0.0812
INFO:test2.py:Epoch 53/100	Loss 10.2229 ± 0.0812
INFO:test2.py:Epoch 54/100	Loss 10.2225 ± 0.0810
INFO:test2.py:Epoch 55/100	Loss 10.2221 ± 0.0804
INFO:test2.py:Epoch 56/100	Loss 10.2217 ± 0.0808
INFO:test2.py:Epoch 57/100	Loss 10.2213 ± 0.0812
INFO:test2.py:Epoch 58/100	Loss 10.2209 ± 0.0812
INFO:test2.py:Epoch 59/100	Loss 10.2206 ± 0.0811
INFO:test2.py:Epoch 60/100	Loss 10.2202 ± 0.0816
INFO:test2.py:Epoch 61/100	Loss 10.2198 ± 0.0799
INFO:test2.py:Epoch 62/100	Loss 10.2195 ± 0.0809
INFO:test2.py:Epoch 63/100	Loss 10.2191 ± 0.0804
INFO:test2.py:Epoch 64/100	Loss 10.2188 ± 0.0811
INFO:test2.py:Epoch 65/100	Loss 10.2185 ± 0.0809
INFO:test2.py:Epoch 66/100	Loss 10.2181 ± 0.0803
INFO:test2.py:Epoch 67/100	Loss 10.2179 ± 0.0809
INFO:test2.py:Epoch 68/100	Loss 10.2176 ± 0.0814
INFO:test2.py:Epoch 69/100	Loss 10.2173 ± 0.0809
INFO:test2.py:Epoch 70/100	Loss 10.2170 ± 0.0809
INFO:test2.py:Epoch 71/100	Loss 10.2167 ± 0.0810
INFO:test2.py:Epoch 72/100	Loss 10.2164 ± 0.0813
INFO:test2.py:Epoch 73/100	Loss 10.2161 ± 0.0811
INFO:test2.py:Epoch 74/100	Loss 10.2159 ± 0.0818
INFO:test2.py:Epoch 75/100	Loss 10.2156 ± 0.0812
INFO:test2.py:Epoch 76/100	Loss 10.2153 ± 0.0817
INFO:test2.py:Epoch 77/100	Loss 10.2151 ± 0.0797
INFO:test2.py:Epoch 78/100	Loss 10.2148 ± 0.0808
INFO:test2.py:Epoch 79/100	Loss 10.2146 ± 0.0810
INFO:test2.py:Epoch 80/100	Loss 10.2143 ± 0.0810
INFO:test2.py:Epoch 81/100	Loss 10.2141 ± 0.0804
INFO:test2.py:Epoch 82/100	Loss 10.2139 ± 0.0813
INFO:test2.py:Epoch 83/100	Loss 10.2136 ± 0.0808
INFO:test2.py:Epoch 84/100	Loss 10.2134 ± 0.0807
INFO:test2.py:Epoch 85/100	Loss 10.2132 ± 0.0811
INFO:test2.py:Epoch 86/100	Loss 10.2129 ± 0.0806
INFO:test2.py:Epoch 87/100	Loss 10.2127 ± 0.0811
INFO:test2.py:Epoch 88/100	Loss 10.2125 ± 0.0811
INFO:test2.py:Epoch 89/100	Loss 10.2123 ± 0.0815
INFO:test2.py:Epoch 90/100	Loss 10.2121 ± 0.0806
INFO:test2.py:Epoch 91/100	Loss 10.2119 ± 0.0811
INFO:test2.py:Epoch 92/100	Loss 10.2117 ± 0.0810
INFO:test2.py:Epoch 93/100	Loss 10.2115 ± 0.0807
INFO:test2.py:Epoch 94/100	Loss 10.2113 ± 0.0811
INFO:test2.py:Epoch 95/100	Loss 10.2111 ± 0.0811
INFO:test2.py:Epoch 96/100	Loss 10.2109 ± 0.0809
INFO:test2.py:Epoch 97/100	Loss 10.2107 ± 0.0807
INFO:test2.py:Epoch 98/100	Loss 10.2105 ± 0.0808
INFO:test2.py:Epoch 99/100	Loss 10.2103 ± 0.0810
INFO:test2.py:Epoch 100/100	Loss 10.2102 ± 0.0818
INFO:test2.py:is bad performing False
INFO:test2.py:Done training
INFO:test2.py:in evalute for dataset: 	valid
INFO:test2.py:done
INFO:test2.py:metrics done
INFO:test2.py:Error 	valid results	MRR 0.142294	H@1 0.061971	H@3 0.136795	H@10 0.300483	AU-ROC_raw -1.000000	AU-ROC_fil -1.000000
INFO:test2.py:in evalute for dataset: 	test
INFO:test2.py:done
INFO:test2.py:metrics done
INFO:test2.py:Error 	test results	MRR 0.142270	H@1 0.061807	H@3 0.136912	H@10 0.300517	AU-ROC_raw -1.000000	AU-ROC_fil -1.000000
/home/acalvi/anaconda3/envs/libkge_new/lib/python3.7/site-packages/tensorflow/python/framework/dtypes.py:516: FutureWarning: Passing (type, 1) or '1type' as a synonym of type is deprecated; in a future version of numpy, it will be understood as (type, (1,)) / '(1,)type'.
  _np_qint8 = np.dtype([("qint8", np.int8, 1)])
/home/acalvi/anaconda3/envs/libkge_new/lib/python3.7/site-packages/tensorflow/python/framework/dtypes.py:517: FutureWarning: Passing (type, 1) or '1type' as a synonym of type is deprecated; in a future version of numpy, it will be understood as (type, (1,)) / '(1,)type'.
  _np_quint8 = np.dtype([("quint8", np.uint8, 1)])
/home/acalvi/anaconda3/envs/libkge_new/lib/python3.7/site-packages/tensorflow/python/framework/dtypes.py:518: FutureWarning: Passing (type, 1) or '1type' as a synonym of type is deprecated; in a future version of numpy, it will be understood as (type, (1,)) / '(1,)type'.
  _np_qint16 = np.dtype([("qint16", np.int16, 1)])
/home/acalvi/anaconda3/envs/libkge_new/lib/python3.7/site-packages/tensorflow/python/framework/dtypes.py:519: FutureWarning: Passing (type, 1) or '1type' as a synonym of type is deprecated; in a future version of numpy, it will be understood as (type, (1,)) / '(1,)type'.
  _np_quint16 = np.dtype([("quint16", np.uint16, 1)])
/home/acalvi/anaconda3/envs/libkge_new/lib/python3.7/site-packages/tensorflow/python/framework/dtypes.py:520: FutureWarning: Passing (type, 1) or '1type' as a synonym of type is deprecated; in a future version of numpy, it will be understood as (type, (1,)) / '(1,)type'.
  _np_qint32 = np.dtype([("qint32", np.int32, 1)])
/home/acalvi/anaconda3/envs/libkge_new/lib/python3.7/site-packages/tensorflow/python/framework/dtypes.py:525: FutureWarning: Passing (type, 1) or '1type' as a synonym of type is deprecated; in a future version of numpy, it will be understood as (type, (1,)) / '(1,)type'.
  np_resource = np.dtype([("resource", np.ubyte, 1)])
/home/acalvi/anaconda3/envs/libkge_new/lib/python3.7/site-packages/tensorboard/compat/tensorflow_stub/dtypes.py:541: FutureWarning: Passing (type, 1) or '1type' as a synonym of type is deprecated; in a future version of numpy, it will be understood as (type, (1,)) / '(1,)type'.
  _np_qint8 = np.dtype([("qint8", np.int8, 1)])
/home/acalvi/anaconda3/envs/libkge_new/lib/python3.7/site-packages/tensorboard/compat/tensorflow_stub/dtypes.py:542: FutureWarning: Passing (type, 1) or '1type' as a synonym of type is deprecated; in a future version of numpy, it will be understood as (type, (1,)) / '(1,)type'.
  _np_quint8 = np.dtype([("quint8", np.uint8, 1)])
/home/acalvi/anaconda3/envs/libkge_new/lib/python3.7/site-packages/tensorboard/compat/tensorflow_stub/dtypes.py:543: FutureWarning: Passing (type, 1) or '1type' as a synonym of type is deprecated; in a future version of numpy, it will be understood as (type, (1,)) / '(1,)type'.
  _np_qint16 = np.dtype([("qint16", np.int16, 1)])
/home/acalvi/anaconda3/envs/libkge_new/lib/python3.7/site-packages/tensorboard/compat/tensorflow_stub/dtypes.py:544: FutureWarning: Passing (type, 1) or '1type' as a synonym of type is deprecated; in a future version of numpy, it will be understood as (type, (1,)) / '(1,)type'.
  _np_quint16 = np.dtype([("quint16", np.uint16, 1)])
/home/acalvi/anaconda3/envs/libkge_new/lib/python3.7/site-packages/tensorboard/compat/tensorflow_stub/dtypes.py:545: FutureWarning: Passing (type, 1) or '1type' as a synonym of type is deprecated; in a future version of numpy, it will be understood as (type, (1,)) / '(1,)type'.
  _np_qint32 = np.dtype([("qint32", np.int32, 1)])
/home/acalvi/anaconda3/envs/libkge_new/lib/python3.7/site-packages/tensorboard/compat/tensorflow_stub/dtypes.py:550: FutureWarning: Passing (type, 1) or '1type' as a synonym of type is deprecated; in a future version of numpy, it will be understood as (type, (1,)) / '(1,)type'.
  np_resource = np.dtype([("resource", np.ubyte, 1)])
/home/acalvi/Dissertation/Aladdin/biolink/testing/experiment_ComplEx.py:184: FutureWarning: elementwise comparison failed; returning scalar instead, but in the future will perform elementwise comparison
  if data == 'pse':
