./test2.py --data pse --mcl True --batch-size 512 --epochs 100 --embedding-size 50 --learning-rate 0.01 --regulariser n3 --reg-weight 0.01 --optimizer adagrad --valid --quiet
MCL True
INFO:test2.py:Valid: True
INFO:test2.py:Device: cuda
curr directory /home/acalvi/Dissertation/Aladdin/biolink
Importing dataset files ... 
<class 'biolink.embeddings.models_mc.ComplEx_MC'>
INFO:test2.py:is tucker False
INFO:test2.py:settin tucker to FALSE
INFO:test2.py:Device: cuda
INFO:test2.py:Epoch 1/100	Loss 11.2758 ± 0.4129
INFO:test2.py:Epoch 2/100	Loss 10.9284 ± 0.0635
INFO:test2.py:Epoch 3/100	Loss 10.8658 ± 0.0572
INFO:test2.py:Epoch 4/100	Loss 10.8366 ± 0.0564
INFO:test2.py:Epoch 5/100	Loss 10.8175 ± 0.0568
INFO:test2.py:Epoch 6/100	Loss 10.8032 ± 0.0566
INFO:test2.py:Epoch 7/100	Loss 10.7917 ± 0.0560
INFO:test2.py:Epoch 8/100	Loss 10.7819 ± 0.0564
INFO:test2.py:Epoch 9/100	Loss 10.7732 ± 0.0570
INFO:test2.py:Epoch 10/100	Loss 10.7655 ± 0.0554
INFO:test2.py:Epoch 11/100	Loss 10.7584 ± 0.0556
INFO:test2.py:Epoch 12/100	Loss 10.7518 ± 0.0565
INFO:test2.py:Epoch 13/100	Loss 10.7457 ± 0.0565
INFO:test2.py:Epoch 14/100	Loss 10.7399 ± 0.0557
INFO:test2.py:Epoch 15/100	Loss 10.7344 ± 0.0563
INFO:test2.py:Epoch 16/100	Loss 10.7293 ± 0.0565
INFO:test2.py:Epoch 17/100	Loss 10.7244 ± 0.0562
INFO:test2.py:Epoch 18/100	Loss 10.7197 ± 0.0563
INFO:test2.py:Epoch 19/100	Loss 10.7153 ± 0.0562
INFO:test2.py:Epoch 20/100	Loss 10.7111 ± 0.0572
INFO:test2.py:Epoch 21/100	Loss 10.7071 ± 0.0555
INFO:test2.py:Epoch 22/100	Loss 10.7033 ± 0.0560
INFO:test2.py:Epoch 23/100	Loss 10.6997 ± 0.0557
INFO:test2.py:Epoch 24/100	Loss 10.6962 ± 0.0564
INFO:test2.py:Epoch 25/100	Loss 10.6929 ± 0.0560
INFO:test2.py:Epoch 26/100	Loss 10.6897 ± 0.0556
INFO:test2.py:Epoch 27/100	Loss 10.6866 ± 0.0552
INFO:test2.py:Epoch 28/100	Loss 10.6838 ± 0.0569
INFO:test2.py:Epoch 29/100	Loss 10.6809 ± 0.0557
INFO:test2.py:Epoch 30/100	Loss 10.6782 ± 0.0555
INFO:test2.py:Epoch 31/100	Loss 10.6757 ± 0.0559
INFO:test2.py:Epoch 32/100	Loss 10.6732 ± 0.0564
INFO:test2.py:Epoch 33/100	Loss 10.6708 ± 0.0557
INFO:test2.py:Epoch 34/100	Loss 10.6685 ± 0.0564
INFO:test2.py:Epoch 35/100	Loss 10.6663 ± 0.0571
INFO:test2.py:Epoch 36/100	Loss 10.6641 ± 0.0557
INFO:test2.py:Epoch 37/100	Loss 10.6621 ± 0.0563
INFO:test2.py:Epoch 38/100	Loss 10.6601 ± 0.0553
INFO:test2.py:Epoch 39/100	Loss 10.6582 ± 0.0557
INFO:test2.py:Epoch 40/100	Loss 10.6563 ± 0.0559
INFO:test2.py:Epoch 41/100	Loss 10.6545 ± 0.0568
INFO:test2.py:Epoch 42/100	Loss 10.6528 ± 0.0566
INFO:test2.py:Epoch 43/100	Loss 10.6511 ± 0.0554
INFO:test2.py:Epoch 44/100	Loss 10.6495 ± 0.0563
INFO:test2.py:Epoch 45/100	Loss 10.6479 ± 0.0567
INFO:test2.py:Epoch 46/100	Loss 10.6464 ± 0.0556
INFO:test2.py:Epoch 47/100	Loss 10.6448 ± 0.0556
INFO:test2.py:Epoch 48/100	Loss 10.6434 ± 0.0562
INFO:test2.py:Epoch 49/100	Loss 10.6420 ± 0.0559
INFO:test2.py:Validating
INFO:test2.py:batch start 	320000
INFO:test2.py:done
INFO:test2.py:metrics done
INFO:test2.py:Epoch 50/100	Loss 10.6406 ± 0.0562
INFO:test2.py:Epoch 51/100	Loss 10.6393 ± 0.0552
INFO:test2.py:Epoch 52/100	Loss 10.6380 ± 0.0555
INFO:test2.py:Epoch 53/100	Loss 10.6368 ± 0.0566
INFO:test2.py:Epoch 54/100	Loss 10.6356 ± 0.0554
INFO:test2.py:Epoch 55/100	Loss 10.6344 ± 0.0555
INFO:test2.py:Epoch 56/100	Loss 10.6332 ± 0.0557
INFO:test2.py:Epoch 57/100	Loss 10.6321 ± 0.0551
INFO:test2.py:Epoch 58/100	Loss 10.6310 ± 0.0553
INFO:test2.py:Epoch 59/100	Loss 10.6299 ± 0.0560
INFO:test2.py:Epoch 60/100	Loss 10.6289 ± 0.0570
INFO:test2.py:Epoch 61/100	Loss 10.6279 ± 0.0565
INFO:test2.py:Epoch 62/100	Loss 10.6269 ± 0.0563
INFO:test2.py:Epoch 63/100	Loss 10.6259 ± 0.0563
INFO:test2.py:Epoch 64/100	Loss 10.6249 ± 0.0551
INFO:test2.py:Epoch 65/100	Loss 10.6240 ± 0.0559
INFO:test2.py:Epoch 66/100	Loss 10.6231 ± 0.0559
INFO:test2.py:Epoch 67/100	Loss 10.6222 ± 0.0553
INFO:test2.py:Epoch 68/100	Loss 10.6214 ± 0.0562
INFO:test2.py:Epoch 69/100	Loss 10.6205 ± 0.0573
INFO:test2.py:Epoch 70/100	Loss 10.6197 ± 0.0563
INFO:test2.py:Epoch 71/100	Loss 10.6189 ± 0.0556
INFO:test2.py:Epoch 72/100	Loss 10.6181 ± 0.0565
INFO:test2.py:Epoch 73/100	Loss 10.6174 ± 0.0554
INFO:test2.py:Epoch 74/100	Loss 10.6165 ± 0.0552
INFO:test2.py:Epoch 75/100	Loss 10.6158 ± 0.0549
INFO:test2.py:Epoch 76/100	Loss 10.6151 ± 0.0561
INFO:test2.py:Epoch 77/100	Loss 10.6143 ± 0.0559
INFO:test2.py:Epoch 78/100	Loss 10.6136 ± 0.0562
INFO:test2.py:Epoch 79/100	Loss 10.6130 ± 0.0558
INFO:test2.py:Epoch 80/100	Loss 10.6123 ± 0.0553
INFO:test2.py:Epoch 81/100	Loss 10.6116 ± 0.0556
INFO:test2.py:Epoch 82/100	Loss 10.6109 ± 0.0555
INFO:test2.py:Epoch 83/100	Loss 10.6104 ± 0.0571
INFO:test2.py:Epoch 84/100	Loss 10.6097 ± 0.0562
INFO:test2.py:Epoch 85/100	Loss 10.6091 ± 0.0560
INFO:test2.py:Epoch 86/100	Loss 10.6085 ± 0.0554
INFO:test2.py:Epoch 87/100	Loss 10.6079 ± 0.0548
INFO:test2.py:Epoch 88/100	Loss 10.6073 ± 0.0564
INFO:test2.py:Epoch 89/100	Loss 10.6068 ± 0.0559
INFO:test2.py:Epoch 90/100	Loss 10.6062 ± 0.0558
INFO:test2.py:Epoch 91/100	Loss 10.6056 ± 0.0559
INFO:test2.py:Epoch 92/100	Loss 10.6051 ± 0.0550
INFO:test2.py:Epoch 93/100	Loss 10.6046 ± 0.0550
INFO:test2.py:Epoch 94/100	Loss 10.6041 ± 0.0555
INFO:test2.py:Epoch 95/100	Loss 10.6035 ± 0.0549
INFO:test2.py:Epoch 96/100	Loss 10.6031 ± 0.0561
INFO:test2.py:Epoch 97/100	Loss 10.6025 ± 0.0563
INFO:test2.py:Epoch 98/100	Loss 10.6021 ± 0.0561
INFO:test2.py:Epoch 99/100	Loss 10.6016 ± 0.0550
INFO:test2.py:Epoch 100/100	Loss 10.6011 ± 0.0555
INFO:test2.py:is bad performing False
INFO:test2.py:Done training
INFO:test2.py:in evalute for dataset: 	valid
INFO:test2.py:batch start 	320000
INFO:test2.py:done
INFO:test2.py:metrics done
INFO:test2.py:Error 	valid results	MRR 0.114888	H@1 0.042343	H@3 0.104485	H@10 0.255310	AU-ROC_raw -1.000000	AU-ROC_fil -1.000000
INFO:test2.py:in evalute for dataset: 	test
INFO:test2.py:batch start 	320000
INFO:test2.py:done
INFO:test2.py:metrics done
INFO:test2.py:Error 	test results	MRR 0.115713	H@1 0.043107	H@3 0.105439	H@10 0.256030	AU-ROC_raw -1.000000	AU-ROC_fil -1.000000
/home/acalvi/anaconda3/envs/libkge_new/lib/python3.7/site-packages/tensorflow/python/framework/dtypes.py:516: FutureWarning: Passing (type, 1) or '1type' as a synonym of type is deprecated; in a future version of numpy, it will be understood as (type, (1,)) / '(1,)type'.
  _np_qint8 = np.dtype([("qint8", np.int8, 1)])
/home/acalvi/anaconda3/envs/libkge_new/lib/python3.7/site-packages/tensorflow/python/framework/dtypes.py:517: FutureWarning: Passing (type, 1) or '1type' as a synonym of type is deprecated; in a future version of numpy, it will be understood as (type, (1,)) / '(1,)type'.
  _np_quint8 = np.dtype([("quint8", np.uint8, 1)])
/home/acalvi/anaconda3/envs/libkge_new/lib/python3.7/site-packages/tensorflow/python/framework/dtypes.py:518: FutureWarning: Passing (type, 1) or '1type' as a synonym of type is deprecated; in a future version of numpy, it will be understood as (type, (1,)) / '(1,)type'.
  _np_qint16 = np.dtype([("qint16", np.int16, 1)])
/home/acalvi/anaconda3/envs/libkge_new/lib/python3.7/site-packages/tensorflow/python/framework/dtypes.py:519: FutureWarning: Passing (type, 1) or '1type' as a synonym of type is deprecated; in a future version of numpy, it will be understood as (type, (1,)) / '(1,)type'.
  _np_quint16 = np.dtype([("quint16", np.uint16, 1)])
/home/acalvi/anaconda3/envs/libkge_new/lib/python3.7/site-packages/tensorflow/python/framework/dtypes.py:520: FutureWarning: Passing (type, 1) or '1type' as a synonym of type is deprecated; in a future version of numpy, it will be understood as (type, (1,)) / '(1,)type'.
  _np_qint32 = np.dtype([("qint32", np.int32, 1)])
/home/acalvi/anaconda3/envs/libkge_new/lib/python3.7/site-packages/tensorflow/python/framework/dtypes.py:525: FutureWarning: Passing (type, 1) or '1type' as a synonym of type is deprecated; in a future version of numpy, it will be understood as (type, (1,)) / '(1,)type'.
  np_resource = np.dtype([("resource", np.ubyte, 1)])
/home/acalvi/anaconda3/envs/libkge_new/lib/python3.7/site-packages/tensorboard/compat/tensorflow_stub/dtypes.py:541: FutureWarning: Passing (type, 1) or '1type' as a synonym of type is deprecated; in a future version of numpy, it will be understood as (type, (1,)) / '(1,)type'.
  _np_qint8 = np.dtype([("qint8", np.int8, 1)])
/home/acalvi/anaconda3/envs/libkge_new/lib/python3.7/site-packages/tensorboard/compat/tensorflow_stub/dtypes.py:542: FutureWarning: Passing (type, 1) or '1type' as a synonym of type is deprecated; in a future version of numpy, it will be understood as (type, (1,)) / '(1,)type'.
  _np_quint8 = np.dtype([("quint8", np.uint8, 1)])
/home/acalvi/anaconda3/envs/libkge_new/lib/python3.7/site-packages/tensorboard/compat/tensorflow_stub/dtypes.py:543: FutureWarning: Passing (type, 1) or '1type' as a synonym of type is deprecated; in a future version of numpy, it will be understood as (type, (1,)) / '(1,)type'.
  _np_qint16 = np.dtype([("qint16", np.int16, 1)])
/home/acalvi/anaconda3/envs/libkge_new/lib/python3.7/site-packages/tensorboard/compat/tensorflow_stub/dtypes.py:544: FutureWarning: Passing (type, 1) or '1type' as a synonym of type is deprecated; in a future version of numpy, it will be understood as (type, (1,)) / '(1,)type'.
  _np_quint16 = np.dtype([("quint16", np.uint16, 1)])
/home/acalvi/anaconda3/envs/libkge_new/lib/python3.7/site-packages/tensorboard/compat/tensorflow_stub/dtypes.py:545: FutureWarning: Passing (type, 1) or '1type' as a synonym of type is deprecated; in a future version of numpy, it will be understood as (type, (1,)) / '(1,)type'.
  _np_qint32 = np.dtype([("qint32", np.int32, 1)])
/home/acalvi/anaconda3/envs/libkge_new/lib/python3.7/site-packages/tensorboard/compat/tensorflow_stub/dtypes.py:550: FutureWarning: Passing (type, 1) or '1type' as a synonym of type is deprecated; in a future version of numpy, it will be understood as (type, (1,)) / '(1,)type'.
  np_resource = np.dtype([("resource", np.ubyte, 1)])
