./test2.py --data pse --mcl True --batch-size 512 --epochs 100 --embedding-size 50 --learning-rate 0.01 --regulariser n3 --reg-weight 0.001 --optimizer adagrad --valid --quiet
MCL True
INFO:test2.py:Valid: True
INFO:test2.py:Device: cuda
curr directory /home/acalvi/Dissertation/Aladdin/biolink
Importing dataset files ... 
<class 'biolink.embeddings.models_mc.ComplEx_MC'>
INFO:test2.py:is tucker False
INFO:test2.py:Device: cuda
INFO:test2.py:Epoch 1/100	Loss 11.1470 ± 0.4580
INFO:test2.py:Epoch 2/100	Loss 10.7246 ± 0.0701
INFO:test2.py:Epoch 3/100	Loss 10.6328 ± 0.0611
INFO:test2.py:Epoch 4/100	Loss 10.5850 ± 0.0590
INFO:test2.py:Epoch 5/100	Loss 10.5528 ± 0.0600
INFO:test2.py:Epoch 6/100	Loss 10.5281 ± 0.0596
INFO:test2.py:Epoch 7/100	Loss 10.5080 ± 0.0590
INFO:test2.py:Epoch 8/100	Loss 10.4909 ± 0.0592
INFO:test2.py:Epoch 9/100	Loss 10.4760 ± 0.0599
INFO:test2.py:Epoch 10/100	Loss 10.4628 ± 0.0584
INFO:test2.py:Epoch 11/100	Loss 10.4509 ± 0.0585
INFO:test2.py:Epoch 12/100	Loss 10.4401 ± 0.0595
INFO:test2.py:Epoch 13/100	Loss 10.4303 ± 0.0600
INFO:test2.py:Epoch 14/100	Loss 10.4211 ± 0.0588
INFO:test2.py:Epoch 15/100	Loss 10.4127 ± 0.0597
INFO:test2.py:Epoch 16/100	Loss 10.4048 ± 0.0598
INFO:test2.py:Epoch 17/100	Loss 10.3975 ± 0.0595
INFO:test2.py:Epoch 18/100	Loss 10.3906 ± 0.0603
INFO:test2.py:Epoch 19/100	Loss 10.3842 ± 0.0601
INFO:test2.py:Epoch 20/100	Loss 10.3780 ± 0.0607
INFO:test2.py:Epoch 21/100	Loss 10.3723 ± 0.0595
INFO:test2.py:Epoch 22/100	Loss 10.3668 ± 0.0600
INFO:test2.py:Epoch 23/100	Loss 10.3616 ± 0.0595
INFO:test2.py:Epoch 24/100	Loss 10.3567 ± 0.0598
INFO:test2.py:Epoch 25/100	Loss 10.3520 ± 0.0601
INFO:test2.py:Epoch 26/100	Loss 10.3475 ± 0.0597
INFO:test2.py:Epoch 27/100	Loss 10.3432 ± 0.0591
INFO:test2.py:Epoch 28/100	Loss 10.3391 ± 0.0605
INFO:test2.py:Epoch 29/100	Loss 10.3351 ± 0.0598
INFO:test2.py:Epoch 30/100	Loss 10.3314 ± 0.0599
INFO:test2.py:Epoch 31/100	Loss 10.3277 ± 0.0598
INFO:test2.py:Epoch 32/100	Loss 10.3242 ± 0.0604
INFO:test2.py:Epoch 33/100	Loss 10.3209 ± 0.0601
INFO:test2.py:Epoch 34/100	Loss 10.3177 ± 0.0602
INFO:test2.py:Epoch 35/100	Loss 10.3146 ± 0.0610
INFO:test2.py:Epoch 36/100	Loss 10.3116 ± 0.0600
INFO:test2.py:Epoch 37/100	Loss 10.3087 ± 0.0606
INFO:test2.py:Epoch 38/100	Loss 10.3059 ± 0.0595
INFO:test2.py:Epoch 39/100	Loss 10.3032 ± 0.0597
INFO:test2.py:Epoch 40/100	Loss 10.3005 ± 0.0607
INFO:test2.py:Epoch 41/100	Loss 10.2980 ± 0.0607
INFO:test2.py:Epoch 42/100	Loss 10.2956 ± 0.0611
INFO:test2.py:Epoch 43/100	Loss 10.2932 ± 0.0602
INFO:test2.py:Epoch 44/100	Loss 10.2909 ± 0.0608
INFO:test2.py:Epoch 45/100	Loss 10.2886 ± 0.0611
INFO:test2.py:Epoch 46/100	Loss 10.2865 ± 0.0598
INFO:test2.py:Epoch 47/100	Loss 10.2843 ± 0.0602
INFO:test2.py:Epoch 48/100	Loss 10.2823 ± 0.0606
INFO:test2.py:Epoch 49/100	Loss 10.2803 ± 0.0602
INFO:test2.py:Epoch 50/100	Loss 10.2783 ± 0.0606
INFO:test2.py:Epoch 51/100	Loss 10.2765 ± 0.0596
INFO:test2.py:Epoch 52/100	Loss 10.2746 ± 0.0604
INFO:test2.py:Epoch 53/100	Loss 10.2729 ± 0.0610
INFO:test2.py:Epoch 54/100	Loss 10.2711 ± 0.0603
INFO:test2.py:Epoch 55/100	Loss 10.2694 ± 0.0608
INFO:test2.py:Epoch 56/100	Loss 10.2677 ± 0.0606
INFO:test2.py:Epoch 57/100	Loss 10.2661 ± 0.0605
INFO:test2.py:Epoch 58/100	Loss 10.2646 ± 0.0606
INFO:test2.py:Epoch 59/100	Loss 10.2630 ± 0.0606
INFO:test2.py:Epoch 60/100	Loss 10.2615 ± 0.0614
INFO:test2.py:Epoch 61/100	Loss 10.2600 ± 0.0605
INFO:test2.py:Epoch 62/100	Loss 10.2586 ± 0.0612
INFO:test2.py:Epoch 63/100	Loss 10.2572 ± 0.0608
INFO:test2.py:Epoch 64/100	Loss 10.2558 ± 0.0605
INFO:test2.py:Epoch 65/100	Loss 10.2544 ± 0.0612
INFO:test2.py:Epoch 66/100	Loss 10.2531 ± 0.0602
INFO:test2.py:Epoch 67/100	Loss 10.2519 ± 0.0606
INFO:test2.py:Epoch 68/100	Loss 10.2506 ± 0.0609
INFO:test2.py:Epoch 69/100	Loss 10.2494 ± 0.0617
INFO:test2.py:Epoch 70/100	Loss 10.2482 ± 0.0613
INFO:test2.py:Epoch 71/100	Loss 10.2470 ± 0.0610
INFO:test2.py:Epoch 72/100	Loss 10.2458 ± 0.0609
INFO:test2.py:Epoch 73/100	Loss 10.2447 ± 0.0606
INFO:test2.py:Epoch 74/100	Loss 10.2436 ± 0.0605
INFO:test2.py:Epoch 75/100	Loss 10.2425 ± 0.0595
INFO:test2.py:Epoch 76/100	Loss 10.2415 ± 0.0610
INFO:test2.py:Epoch 77/100	Loss 10.2404 ± 0.0603
INFO:test2.py:Epoch 78/100	Loss 10.2393 ± 0.0608
INFO:test2.py:Epoch 79/100	Loss 10.2384 ± 0.0605
INFO:test2.py:Epoch 80/100	Loss 10.2374 ± 0.0605
INFO:test2.py:Epoch 81/100	Loss 10.2364 ± 0.0606
INFO:test2.py:Epoch 82/100	Loss 10.2354 ± 0.0607
INFO:test2.py:Epoch 83/100	Loss 10.2345 ± 0.0623
INFO:test2.py:Epoch 84/100	Loss 10.2336 ± 0.0611
INFO:test2.py:Epoch 85/100	Loss 10.2326 ± 0.0616
INFO:test2.py:Epoch 86/100	Loss 10.2318 ± 0.0609
INFO:test2.py:Epoch 87/100	Loss 10.2309 ± 0.0603
INFO:test2.py:Epoch 88/100	Loss 10.2300 ± 0.0608
INFO:test2.py:Epoch 89/100	Loss 10.2292 ± 0.0611
INFO:test2.py:Epoch 90/100	Loss 10.2284 ± 0.0611
INFO:test2.py:Epoch 91/100	Loss 10.2275 ± 0.0607
INFO:test2.py:Epoch 92/100	Loss 10.2267 ± 0.0602
INFO:test2.py:Epoch 93/100	Loss 10.2259 ± 0.0596
INFO:test2.py:Epoch 94/100	Loss 10.2251 ± 0.0610
INFO:test2.py:Epoch 95/100	Loss 10.2244 ± 0.0600
INFO:test2.py:Epoch 96/100	Loss 10.2236 ± 0.0609
INFO:test2.py:Epoch 97/100	Loss 10.2229 ± 0.0617
INFO:test2.py:Epoch 98/100	Loss 10.2222 ± 0.0609
INFO:test2.py:Epoch 99/100	Loss 10.2214 ± 0.0601
INFO:test2.py:Epoch 100/100	Loss 10.2207 ± 0.0599
INFO:test2.py:is bad performing False
INFO:test2.py:Done training
INFO:test2.py:in evalute for dataset: 	valid
INFO:test2.py:batch start 	320000
INFO:test2.py:done
INFO:test2.py:done not filtered aucroc
INFO:test2.py:metrics done
INFO:test2.py:Error 	valid results	MRR 0.118930	H@1 0.044706	H@3 0.109205	H@10 0.262554	AU-ROC_raw -1.000000	AU-ROC_fil -1.000000
INFO:test2.py:in evalute for dataset: 	test
INFO:test2.py:batch start 	320000
INFO:test2.py:done
INFO:test2.py:done not filtered aucroc
INFO:test2.py:metrics done
INFO:test2.py:Error 	test results	MRR 0.119054	H@1 0.044900	H@3 0.108927	H@10 0.263144	AU-ROC_raw -1.000000	AU-ROC_fil -1.000000
/home/acalvi/anaconda3/envs/libkge_new/lib/python3.7/site-packages/tensorflow/python/framework/dtypes.py:516: FutureWarning: Passing (type, 1) or '1type' as a synonym of type is deprecated; in a future version of numpy, it will be understood as (type, (1,)) / '(1,)type'.
  _np_qint8 = np.dtype([("qint8", np.int8, 1)])
/home/acalvi/anaconda3/envs/libkge_new/lib/python3.7/site-packages/tensorflow/python/framework/dtypes.py:517: FutureWarning: Passing (type, 1) or '1type' as a synonym of type is deprecated; in a future version of numpy, it will be understood as (type, (1,)) / '(1,)type'.
  _np_quint8 = np.dtype([("quint8", np.uint8, 1)])
/home/acalvi/anaconda3/envs/libkge_new/lib/python3.7/site-packages/tensorflow/python/framework/dtypes.py:518: FutureWarning: Passing (type, 1) or '1type' as a synonym of type is deprecated; in a future version of numpy, it will be understood as (type, (1,)) / '(1,)type'.
  _np_qint16 = np.dtype([("qint16", np.int16, 1)])
/home/acalvi/anaconda3/envs/libkge_new/lib/python3.7/site-packages/tensorflow/python/framework/dtypes.py:519: FutureWarning: Passing (type, 1) or '1type' as a synonym of type is deprecated; in a future version of numpy, it will be understood as (type, (1,)) / '(1,)type'.
  _np_quint16 = np.dtype([("quint16", np.uint16, 1)])
/home/acalvi/anaconda3/envs/libkge_new/lib/python3.7/site-packages/tensorflow/python/framework/dtypes.py:520: FutureWarning: Passing (type, 1) or '1type' as a synonym of type is deprecated; in a future version of numpy, it will be understood as (type, (1,)) / '(1,)type'.
  _np_qint32 = np.dtype([("qint32", np.int32, 1)])
/home/acalvi/anaconda3/envs/libkge_new/lib/python3.7/site-packages/tensorflow/python/framework/dtypes.py:525: FutureWarning: Passing (type, 1) or '1type' as a synonym of type is deprecated; in a future version of numpy, it will be understood as (type, (1,)) / '(1,)type'.
  np_resource = np.dtype([("resource", np.ubyte, 1)])
/home/acalvi/anaconda3/envs/libkge_new/lib/python3.7/site-packages/tensorboard/compat/tensorflow_stub/dtypes.py:541: FutureWarning: Passing (type, 1) or '1type' as a synonym of type is deprecated; in a future version of numpy, it will be understood as (type, (1,)) / '(1,)type'.
  _np_qint8 = np.dtype([("qint8", np.int8, 1)])
/home/acalvi/anaconda3/envs/libkge_new/lib/python3.7/site-packages/tensorboard/compat/tensorflow_stub/dtypes.py:542: FutureWarning: Passing (type, 1) or '1type' as a synonym of type is deprecated; in a future version of numpy, it will be understood as (type, (1,)) / '(1,)type'.
  _np_quint8 = np.dtype([("quint8", np.uint8, 1)])
/home/acalvi/anaconda3/envs/libkge_new/lib/python3.7/site-packages/tensorboard/compat/tensorflow_stub/dtypes.py:543: FutureWarning: Passing (type, 1) or '1type' as a synonym of type is deprecated; in a future version of numpy, it will be understood as (type, (1,)) / '(1,)type'.
  _np_qint16 = np.dtype([("qint16", np.int16, 1)])
/home/acalvi/anaconda3/envs/libkge_new/lib/python3.7/site-packages/tensorboard/compat/tensorflow_stub/dtypes.py:544: FutureWarning: Passing (type, 1) or '1type' as a synonym of type is deprecated; in a future version of numpy, it will be understood as (type, (1,)) / '(1,)type'.
  _np_quint16 = np.dtype([("quint16", np.uint16, 1)])
/home/acalvi/anaconda3/envs/libkge_new/lib/python3.7/site-packages/tensorboard/compat/tensorflow_stub/dtypes.py:545: FutureWarning: Passing (type, 1) or '1type' as a synonym of type is deprecated; in a future version of numpy, it will be understood as (type, (1,)) / '(1,)type'.
  _np_qint32 = np.dtype([("qint32", np.int32, 1)])
/home/acalvi/anaconda3/envs/libkge_new/lib/python3.7/site-packages/tensorboard/compat/tensorflow_stub/dtypes.py:550: FutureWarning: Passing (type, 1) or '1type' as a synonym of type is deprecated; in a future version of numpy, it will be understood as (type, (1,)) / '(1,)type'.
  np_resource = np.dtype([("resource", np.ubyte, 1)])
