./test2.py --data pse --mcl True --batch-size 128 --epochs 100 --embedding-size 50 --learning-rate 0.1 --regulariser n3 --reg-weight 0.005 --optimizer adagrad --valid --quiet
MCL True
INFO:test2.py:Valid: True
INFO:test2.py:Device: cuda
curr directory /home/acalvi/Dissertation/Aladdin/biolink
Importing dataset files ... 
<class 'biolink.embeddings.models_mc.ComplEx_MC'>
INFO:test2.py:is tucker False
INFO:test2.py:settin tucker to FALSE
INFO:test2.py:Device: cuda
INFO:test2.py:Epoch 1/100	Loss 10.7981 ± 0.2804
INFO:test2.py:Epoch 2/100	Loss 10.5249 ± 0.1183
INFO:test2.py:Epoch 3/100	Loss 10.4593 ± 0.1156
INFO:test2.py:Epoch 4/100	Loss 10.4281 ± 0.1162
INFO:test2.py:Epoch 5/100	Loss 10.4104 ± 0.1148
INFO:test2.py:Epoch 6/100	Loss 10.3989 ± 0.1162
INFO:test2.py:Epoch 7/100	Loss 10.3904 ± 0.1158
INFO:test2.py:Epoch 8/100	Loss 10.3839 ± 0.1164
INFO:test2.py:Epoch 9/100	Loss 10.3787 ± 0.1149
INFO:test2.py:Epoch 10/100	Loss 10.3742 ± 0.1157
INFO:test2.py:Epoch 11/100	Loss 10.3705 ± 0.1148
INFO:test2.py:Epoch 12/100	Loss 10.3673 ± 0.1159
INFO:test2.py:Epoch 13/100	Loss 10.3644 ± 0.1158
INFO:test2.py:Epoch 14/100	Loss 10.3619 ± 0.1151
INFO:test2.py:Epoch 15/100	Loss 10.3597 ± 0.1155
INFO:test2.py:Epoch 16/100	Loss 10.3576 ± 0.1157
INFO:test2.py:Epoch 17/100	Loss 10.3557 ± 0.1160
INFO:test2.py:Epoch 18/100	Loss 10.3540 ± 0.1157
INFO:test2.py:Epoch 19/100	Loss 10.3524 ± 0.1160
INFO:test2.py:Epoch 20/100	Loss 10.3509 ± 0.1158
INFO:test2.py:Epoch 21/100	Loss 10.3495 ± 0.1148
INFO:test2.py:Epoch 22/100	Loss 10.3482 ± 0.1154
INFO:test2.py:Epoch 23/100	Loss 10.3470 ± 0.1155
INFO:test2.py:Epoch 24/100	Loss 10.3459 ± 0.1161
INFO:test2.py:Epoch 25/100	Loss 10.3448 ± 0.1151
INFO:test2.py:Epoch 26/100	Loss 10.3437 ± 0.1148
INFO:test2.py:Epoch 27/100	Loss 10.3428 ± 0.1151
INFO:test2.py:Epoch 28/100	Loss 10.3418 ± 0.1158
INFO:test2.py:Epoch 29/100	Loss 10.3410 ± 0.1154
INFO:test2.py:Epoch 30/100	Loss 10.3401 ± 0.1154
INFO:test2.py:Epoch 31/100	Loss 10.3393 ± 0.1160
INFO:test2.py:Epoch 32/100	Loss 10.3385 ± 0.1158
INFO:test2.py:Epoch 33/100	Loss 10.3378 ± 0.1155
INFO:test2.py:Epoch 34/100	Loss 10.3371 ± 0.1155
INFO:test2.py:Epoch 35/100	Loss 10.3364 ± 0.1156
INFO:test2.py:Epoch 36/100	Loss 10.3357 ± 0.1148
INFO:test2.py:Epoch 37/100	Loss 10.3351 ± 0.1152
INFO:test2.py:Epoch 38/100	Loss 10.3345 ± 0.1152
INFO:test2.py:Epoch 39/100	Loss 10.3339 ± 0.1151
INFO:test2.py:Epoch 40/100	Loss 10.3333 ± 0.1156
INFO:test2.py:Epoch 41/100	Loss 10.3328 ± 0.1154
INFO:test2.py:Epoch 42/100	Loss 10.3322 ± 0.1159
INFO:test2.py:Epoch 43/100	Loss 10.3317 ± 0.1153
INFO:test2.py:Epoch 44/100	Loss 10.3312 ± 0.1155
INFO:test2.py:Epoch 45/100	Loss 10.3307 ± 0.1154
INFO:test2.py:Epoch 46/100	Loss 10.3302 ± 0.1153
INFO:test2.py:Epoch 47/100	Loss 10.3298 ± 0.1155
INFO:test2.py:Epoch 48/100	Loss 10.3293 ± 0.1154
INFO:test2.py:Epoch 49/100	Loss 10.3289 ± 0.1153
INFO:test2.py:Validating
INFO:test2.py:batch start 	80000
INFO:test2.py:batch start 	160000
INFO:test2.py:batch start 	240000
INFO:test2.py:batch start 	320000
INFO:test2.py:batch start 	400000
INFO:test2.py:done
INFO:test2.py:metrics done
INFO:test2.py:Epoch 50/100	Loss 10.3284 ± 0.1164
INFO:test2.py:Epoch 51/100	Loss 10.3280 ± 0.1155
INFO:test2.py:Epoch 52/100	Loss 10.3276 ± 0.1147
INFO:test2.py:Epoch 53/100	Loss 10.3272 ± 0.1157
INFO:test2.py:Epoch 54/100	Loss 10.3268 ± 0.1156
INFO:test2.py:Epoch 55/100	Loss 10.3264 ± 0.1160
INFO:test2.py:Epoch 56/100	Loss 10.3261 ± 0.1155
INFO:test2.py:Epoch 57/100	Loss 10.3257 ± 0.1147
INFO:test2.py:Epoch 58/100	Loss 10.3254 ± 0.1154
INFO:test2.py:Epoch 59/100	Loss 10.3250 ± 0.1159
INFO:test2.py:Epoch 60/100	Loss 10.3247 ± 0.1156
INFO:test2.py:Epoch 61/100	Loss 10.3243 ± 0.1156
INFO:test2.py:Epoch 62/100	Loss 10.3240 ± 0.1160
INFO:test2.py:Epoch 63/100	Loss 10.3237 ± 0.1153
INFO:test2.py:Epoch 64/100	Loss 10.3234 ± 0.1155
INFO:test2.py:Epoch 65/100	Loss 10.3231 ± 0.1153
INFO:test2.py:Epoch 66/100	Loss 10.3228 ± 0.1161
INFO:test2.py:Epoch 67/100	Loss 10.3225 ± 0.1160
INFO:test2.py:Epoch 68/100	Loss 10.3222 ± 0.1158
INFO:test2.py:Epoch 69/100	Loss 10.3219 ± 0.1152
INFO:test2.py:Epoch 70/100	Loss 10.3216 ± 0.1158
INFO:test2.py:Epoch 71/100	Loss 10.3214 ± 0.1163
INFO:test2.py:Epoch 72/100	Loss 10.3211 ± 0.1150
INFO:test2.py:Epoch 73/100	Loss 10.3208 ± 0.1158
INFO:test2.py:Epoch 74/100	Loss 10.3206 ± 0.1160
INFO:test2.py:Epoch 75/100	Loss 10.3203 ± 0.1153
INFO:test2.py:Epoch 76/100	Loss 10.3201 ± 0.1160
INFO:test2.py:Epoch 77/100	Loss 10.3198 ± 0.1151
INFO:test2.py:Epoch 78/100	Loss 10.3196 ± 0.1155
INFO:test2.py:Epoch 79/100	Loss 10.3193 ± 0.1156
INFO:test2.py:Epoch 80/100	Loss 10.3191 ± 0.1155
INFO:test2.py:Epoch 81/100	Loss 10.3189 ± 0.1157
INFO:test2.py:Epoch 82/100	Loss 10.3187 ± 0.1160
INFO:test2.py:Epoch 83/100	Loss 10.3185 ± 0.1150
INFO:test2.py:Epoch 84/100	Loss 10.3182 ± 0.1158
INFO:test2.py:Epoch 85/100	Loss 10.3180 ± 0.1151
INFO:test2.py:Epoch 86/100	Loss 10.3178 ± 0.1153
INFO:test2.py:Epoch 87/100	Loss 10.3176 ± 0.1155
INFO:test2.py:Epoch 88/100	Loss 10.3174 ± 0.1161
INFO:test2.py:Epoch 89/100	Loss 10.3172 ± 0.1158
INFO:test2.py:Epoch 90/100	Loss 10.3170 ± 0.1155
INFO:test2.py:Epoch 91/100	Loss 10.3168 ± 0.1153
INFO:test2.py:Epoch 92/100	Loss 10.3166 ± 0.1149
INFO:test2.py:Epoch 93/100	Loss 10.3164 ± 0.1151
INFO:test2.py:Epoch 94/100	Loss 10.3162 ± 0.1154
INFO:test2.py:Epoch 95/100	Loss 10.3160 ± 0.1141
INFO:test2.py:Epoch 96/100	Loss 10.3159 ± 0.1156
INFO:test2.py:Epoch 97/100	Loss 10.3157 ± 0.1159
INFO:test2.py:Epoch 98/100	Loss 10.3155 ± 0.1155
INFO:test2.py:Epoch 99/100	Loss 10.3153 ± 0.1149
INFO:test2.py:Epoch 100/100	Loss 10.3151 ± 0.1159
INFO:test2.py:is bad performing False
INFO:test2.py:Done training
INFO:test2.py:in evalute for dataset: 	valid
INFO:test2.py:batch start 	80000
INFO:test2.py:batch start 	160000
INFO:test2.py:batch start 	240000
INFO:test2.py:batch start 	320000
INFO:test2.py:batch start 	400000
INFO:test2.py:done
INFO:test2.py:metrics done
INFO:test2.py:Error 	valid results	MRR 0.126571	H@1 0.049962	H@3 0.118117	H@10 0.276268	AU-ROC_raw -1.000000	AU-ROC_fil -1.000000
INFO:test2.py:in evalute for dataset: 	test
INFO:test2.py:batch start 	80000
INFO:test2.py:batch start 	160000
INFO:test2.py:batch start 	240000
INFO:test2.py:batch start 	320000
INFO:test2.py:batch start 	400000
INFO:test2.py:done
INFO:test2.py:metrics done
INFO:test2.py:Error 	test results	MRR 0.126305	H@1 0.049323	H@3 0.118034	H@10 0.276771	AU-ROC_raw -1.000000	AU-ROC_fil -1.000000
/home/acalvi/anaconda3/envs/libkge_new/lib/python3.7/site-packages/tensorflow/python/framework/dtypes.py:516: FutureWarning: Passing (type, 1) or '1type' as a synonym of type is deprecated; in a future version of numpy, it will be understood as (type, (1,)) / '(1,)type'.
  _np_qint8 = np.dtype([("qint8", np.int8, 1)])
/home/acalvi/anaconda3/envs/libkge_new/lib/python3.7/site-packages/tensorflow/python/framework/dtypes.py:517: FutureWarning: Passing (type, 1) or '1type' as a synonym of type is deprecated; in a future version of numpy, it will be understood as (type, (1,)) / '(1,)type'.
  _np_quint8 = np.dtype([("quint8", np.uint8, 1)])
/home/acalvi/anaconda3/envs/libkge_new/lib/python3.7/site-packages/tensorflow/python/framework/dtypes.py:518: FutureWarning: Passing (type, 1) or '1type' as a synonym of type is deprecated; in a future version of numpy, it will be understood as (type, (1,)) / '(1,)type'.
  _np_qint16 = np.dtype([("qint16", np.int16, 1)])
/home/acalvi/anaconda3/envs/libkge_new/lib/python3.7/site-packages/tensorflow/python/framework/dtypes.py:519: FutureWarning: Passing (type, 1) or '1type' as a synonym of type is deprecated; in a future version of numpy, it will be understood as (type, (1,)) / '(1,)type'.
  _np_quint16 = np.dtype([("quint16", np.uint16, 1)])
/home/acalvi/anaconda3/envs/libkge_new/lib/python3.7/site-packages/tensorflow/python/framework/dtypes.py:520: FutureWarning: Passing (type, 1) or '1type' as a synonym of type is deprecated; in a future version of numpy, it will be understood as (type, (1,)) / '(1,)type'.
  _np_qint32 = np.dtype([("qint32", np.int32, 1)])
/home/acalvi/anaconda3/envs/libkge_new/lib/python3.7/site-packages/tensorflow/python/framework/dtypes.py:525: FutureWarning: Passing (type, 1) or '1type' as a synonym of type is deprecated; in a future version of numpy, it will be understood as (type, (1,)) / '(1,)type'.
  np_resource = np.dtype([("resource", np.ubyte, 1)])
/home/acalvi/anaconda3/envs/libkge_new/lib/python3.7/site-packages/tensorboard/compat/tensorflow_stub/dtypes.py:541: FutureWarning: Passing (type, 1) or '1type' as a synonym of type is deprecated; in a future version of numpy, it will be understood as (type, (1,)) / '(1,)type'.
  _np_qint8 = np.dtype([("qint8", np.int8, 1)])
/home/acalvi/anaconda3/envs/libkge_new/lib/python3.7/site-packages/tensorboard/compat/tensorflow_stub/dtypes.py:542: FutureWarning: Passing (type, 1) or '1type' as a synonym of type is deprecated; in a future version of numpy, it will be understood as (type, (1,)) / '(1,)type'.
  _np_quint8 = np.dtype([("quint8", np.uint8, 1)])
/home/acalvi/anaconda3/envs/libkge_new/lib/python3.7/site-packages/tensorboard/compat/tensorflow_stub/dtypes.py:543: FutureWarning: Passing (type, 1) or '1type' as a synonym of type is deprecated; in a future version of numpy, it will be understood as (type, (1,)) / '(1,)type'.
  _np_qint16 = np.dtype([("qint16", np.int16, 1)])
/home/acalvi/anaconda3/envs/libkge_new/lib/python3.7/site-packages/tensorboard/compat/tensorflow_stub/dtypes.py:544: FutureWarning: Passing (type, 1) or '1type' as a synonym of type is deprecated; in a future version of numpy, it will be understood as (type, (1,)) / '(1,)type'.
  _np_quint16 = np.dtype([("quint16", np.uint16, 1)])
/home/acalvi/anaconda3/envs/libkge_new/lib/python3.7/site-packages/tensorboard/compat/tensorflow_stub/dtypes.py:545: FutureWarning: Passing (type, 1) or '1type' as a synonym of type is deprecated; in a future version of numpy, it will be understood as (type, (1,)) / '(1,)type'.
  _np_qint32 = np.dtype([("qint32", np.int32, 1)])
/home/acalvi/anaconda3/envs/libkge_new/lib/python3.7/site-packages/tensorboard/compat/tensorflow_stub/dtypes.py:550: FutureWarning: Passing (type, 1) or '1type' as a synonym of type is deprecated; in a future version of numpy, it will be understood as (type, (1,)) / '(1,)type'.
  np_resource = np.dtype([("resource", np.ubyte, 1)])
