./test2.py --data pse --mcl True --batch-size 512 --epochs 100 --embedding-size 200 --learning-rate 0.1 --regulariser n3 --reg-weight 0.005 --optimizer adagrad --valid --quiet
MCL True
INFO:test2.py:Valid: True
INFO:test2.py:Device: cuda
curr directory /home/acalvi/Dissertation/Aladdin/biolink
Importing dataset files ... 
<class 'biolink.embeddings.models_mc.ComplEx_MC'>
INFO:test2.py:is tucker False
INFO:test2.py:settin tucker to FALSE
INFO:test2.py:Device: cuda
INFO:test2.py:Epoch 1/100	Loss 10.7524 ± 0.3575
INFO:test2.py:Epoch 2/100	Loss 10.4085 ± 0.0597
INFO:test2.py:Epoch 3/100	Loss 10.3304 ± 0.0583
INFO:test2.py:Epoch 4/100	Loss 10.2872 ± 0.0591
INFO:test2.py:Epoch 5/100	Loss 10.2597 ± 0.0612
INFO:test2.py:Epoch 6/100	Loss 10.2403 ± 0.0609
INFO:test2.py:Epoch 7/100	Loss 10.2258 ± 0.0606
INFO:test2.py:Epoch 8/100	Loss 10.2146 ± 0.0620
INFO:test2.py:Epoch 9/100	Loss 10.2054 ± 0.0615
INFO:test2.py:Epoch 10/100	Loss 10.1982 ± 0.0611
INFO:test2.py:Epoch 11/100	Loss 10.1918 ± 0.0622
INFO:test2.py:Epoch 12/100	Loss 10.1864 ± 0.0614
INFO:test2.py:Epoch 13/100	Loss 10.1817 ± 0.0610
INFO:test2.py:Epoch 14/100	Loss 10.1775 ± 0.0611
INFO:test2.py:Epoch 15/100	Loss 10.1738 ± 0.0623
INFO:test2.py:Epoch 16/100	Loss 10.1703 ± 0.0615
INFO:test2.py:Epoch 17/100	Loss 10.1673 ± 0.0618
INFO:test2.py:Epoch 18/100	Loss 10.1645 ± 0.0620
INFO:test2.py:Epoch 19/100	Loss 10.1619 ± 0.0619
INFO:test2.py:Epoch 20/100	Loss 10.1595 ± 0.0623
INFO:test2.py:Epoch 21/100	Loss 10.1573 ± 0.0629
INFO:test2.py:Epoch 22/100	Loss 10.1553 ± 0.0617
INFO:test2.py:Epoch 23/100	Loss 10.1533 ± 0.0620
INFO:test2.py:Epoch 24/100	Loss 10.1515 ± 0.0626
INFO:test2.py:Epoch 25/100	Loss 10.1498 ± 0.0625
INFO:test2.py:Epoch 26/100	Loss 10.1482 ± 0.0624
INFO:test2.py:Epoch 27/100	Loss 10.1467 ± 0.0620
INFO:test2.py:Epoch 28/100	Loss 10.1453 ± 0.0613
INFO:test2.py:Epoch 29/100	Loss 10.1439 ± 0.0612
INFO:test2.py:Epoch 30/100	Loss 10.1425 ± 0.0626
INFO:test2.py:Epoch 31/100	Loss 10.1413 ± 0.0618
INFO:test2.py:Epoch 32/100	Loss 10.1401 ± 0.0612
INFO:test2.py:Epoch 33/100	Loss 10.1390 ± 0.0620
INFO:test2.py:Epoch 34/100	Loss 10.1379 ± 0.0617
INFO:test2.py:Epoch 35/100	Loss 10.1369 ± 0.0614
INFO:test2.py:Epoch 36/100	Loss 10.1359 ± 0.0619
INFO:test2.py:Epoch 37/100	Loss 10.1349 ± 0.0609
INFO:test2.py:Epoch 38/100	Loss 10.1340 ± 0.0618
INFO:test2.py:Epoch 39/100	Loss 10.1331 ± 0.0615
INFO:test2.py:Epoch 40/100	Loss 10.1322 ± 0.0624
INFO:test2.py:Epoch 41/100	Loss 10.1314 ± 0.0617
INFO:test2.py:Epoch 42/100	Loss 10.1306 ± 0.0622
INFO:test2.py:Epoch 43/100	Loss 10.1298 ± 0.0626
INFO:test2.py:Epoch 44/100	Loss 10.1291 ± 0.0621
INFO:test2.py:Epoch 45/100	Loss 10.1283 ± 0.0623
INFO:test2.py:Epoch 46/100	Loss 10.1277 ± 0.0610
INFO:test2.py:Epoch 47/100	Loss 10.1270 ± 0.0612
INFO:test2.py:Epoch 48/100	Loss 10.1263 ± 0.0613
INFO:test2.py:Epoch 49/100	Loss 10.1257 ± 0.0606
/home/acalvi/anaconda3/envs/libkge_new/lib/python3.7/site-packages/tensorflow/python/framework/dtypes.py:516: FutureWarning: Passing (type, 1) or '1type' as a synonym of type is deprecated; in a future version of numpy, it will be understood as (type, (1,)) / '(1,)type'.
  _np_qint8 = np.dtype([("qint8", np.int8, 1)])
/home/acalvi/anaconda3/envs/libkge_new/lib/python3.7/site-packages/tensorflow/python/framework/dtypes.py:517: FutureWarning: Passing (type, 1) or '1type' as a synonym of type is deprecated; in a future version of numpy, it will be understood as (type, (1,)) / '(1,)type'.
  _np_quint8 = np.dtype([("quint8", np.uint8, 1)])
/home/acalvi/anaconda3/envs/libkge_new/lib/python3.7/site-packages/tensorflow/python/framework/dtypes.py:518: FutureWarning: Passing (type, 1) or '1type' as a synonym of type is deprecated; in a future version of numpy, it will be understood as (type, (1,)) / '(1,)type'.
  _np_qint16 = np.dtype([("qint16", np.int16, 1)])
/home/acalvi/anaconda3/envs/libkge_new/lib/python3.7/site-packages/tensorflow/python/framework/dtypes.py:519: FutureWarning: Passing (type, 1) or '1type' as a synonym of type is deprecated; in a future version of numpy, it will be understood as (type, (1,)) / '(1,)type'.
  _np_quint16 = np.dtype([("quint16", np.uint16, 1)])
/home/acalvi/anaconda3/envs/libkge_new/lib/python3.7/site-packages/tensorflow/python/framework/dtypes.py:520: FutureWarning: Passing (type, 1) or '1type' as a synonym of type is deprecated; in a future version of numpy, it will be understood as (type, (1,)) / '(1,)type'.
  _np_qint32 = np.dtype([("qint32", np.int32, 1)])
/home/acalvi/anaconda3/envs/libkge_new/lib/python3.7/site-packages/tensorflow/python/framework/dtypes.py:525: FutureWarning: Passing (type, 1) or '1type' as a synonym of type is deprecated; in a future version of numpy, it will be understood as (type, (1,)) / '(1,)type'.
  np_resource = np.dtype([("resource", np.ubyte, 1)])
/home/acalvi/anaconda3/envs/libkge_new/lib/python3.7/site-packages/tensorboard/compat/tensorflow_stub/dtypes.py:541: FutureWarning: Passing (type, 1) or '1type' as a synonym of type is deprecated; in a future version of numpy, it will be understood as (type, (1,)) / '(1,)type'.
  _np_qint8 = np.dtype([("qint8", np.int8, 1)])
/home/acalvi/anaconda3/envs/libkge_new/lib/python3.7/site-packages/tensorboard/compat/tensorflow_stub/dtypes.py:542: FutureWarning: Passing (type, 1) or '1type' as a synonym of type is deprecated; in a future version of numpy, it will be understood as (type, (1,)) / '(1,)type'.
  _np_quint8 = np.dtype([("quint8", np.uint8, 1)])
/home/acalvi/anaconda3/envs/libkge_new/lib/python3.7/site-packages/tensorboard/compat/tensorflow_stub/dtypes.py:543: FutureWarning: Passing (type, 1) or '1type' as a synonym of type is deprecated; in a future version of numpy, it will be understood as (type, (1,)) / '(1,)type'.
  _np_qint16 = np.dtype([("qint16", np.int16, 1)])
/home/acalvi/anaconda3/envs/libkge_new/lib/python3.7/site-packages/tensorboard/compat/tensorflow_stub/dtypes.py:544: FutureWarning: Passing (type, 1) or '1type' as a synonym of type is deprecated; in a future version of numpy, it will be understood as (type, (1,)) / '(1,)type'.
  _np_quint16 = np.dtype([("quint16", np.uint16, 1)])
/home/acalvi/anaconda3/envs/libkge_new/lib/python3.7/site-packages/tensorboard/compat/tensorflow_stub/dtypes.py:545: FutureWarning: Passing (type, 1) or '1type' as a synonym of type is deprecated; in a future version of numpy, it will be understood as (type, (1,)) / '(1,)type'.
  _np_qint32 = np.dtype([("qint32", np.int32, 1)])
/home/acalvi/anaconda3/envs/libkge_new/lib/python3.7/site-packages/tensorboard/compat/tensorflow_stub/dtypes.py:550: FutureWarning: Passing (type, 1) or '1type' as a synonym of type is deprecated; in a future version of numpy, it will be understood as (type, (1,)) / '(1,)type'.
  np_resource = np.dtype([("resource", np.ubyte, 1)])
Traceback (most recent call last):
  File "./test2.py", line 15, in <module>
    main(sys.argv[1:])
  File "./test2.py", line 10, in main
    experiment_ComplEx.main(argv)
  File "/home/acalvi/Dissertation/Aladdin/biolink/testing/experiment_ComplEx.py", line 171, in main
    train.train(model, regulariser, optimizer, train_data, valid_data, bench_idx_data, args, scheduler=scheduler)
  File "/home/acalvi/Dissertation/Aladdin/biolink/utility/train.py", line 40, in train
    train_mc(model, regulariser, optimiser, data, valid_data, all_data, args, scheduler=scheduler)
  File "/home/acalvi/Dissertation/Aladdin/biolink/utility/train.py", line 236, in train_mc
    if ((epoch+1) == 50) and valid:
NameError: name 'valid' is not defined
