./test2.py --data pse --mcl True --batch-size 512 --epochs 100 --embedding-size 50 --learning-rate 0.01 --regulariser n3 --reg-weight 0.005 --optimizer adagrad --valid --quiet
MCL True
INFO:test2.py:Valid: True
INFO:test2.py:Device: cuda
curr directory /home/acalvi/Dissertation/Aladdin/biolink
Importing dataset files ... 
<class 'biolink.embeddings.models_mc.ComplEx_MC'>
INFO:test2.py:is tucker False
INFO:test2.py:settin tucker to FALSE
INFO:test2.py:Device: cuda
INFO:test2.py:Epoch 1/100	Loss 11.2030 ± 0.4433
INFO:test2.py:Epoch 2/100	Loss 10.8199 ± 0.0650
INFO:test2.py:Epoch 3/100	Loss 10.7467 ± 0.0584
INFO:test2.py:Epoch 4/100	Loss 10.7098 ± 0.0574
INFO:test2.py:Epoch 5/100	Loss 10.6851 ± 0.0581
INFO:test2.py:Epoch 6/100	Loss 10.6661 ± 0.0576
INFO:test2.py:Epoch 7/100	Loss 10.6504 ± 0.0569
INFO:test2.py:Epoch 8/100	Loss 10.6371 ± 0.0572
INFO:test2.py:Epoch 9/100	Loss 10.6254 ± 0.0581
INFO:test2.py:Epoch 10/100	Loss 10.6151 ± 0.0567
INFO:test2.py:Epoch 11/100	Loss 10.6057 ± 0.0567
INFO:test2.py:Epoch 12/100	Loss 10.5972 ± 0.0575
INFO:test2.py:Epoch 13/100	Loss 10.5894 ± 0.0579
INFO:test2.py:Epoch 14/100	Loss 10.5822 ± 0.0569
INFO:test2.py:Epoch 15/100	Loss 10.5755 ± 0.0574
INFO:test2.py:Epoch 16/100	Loss 10.5692 ± 0.0577
INFO:test2.py:Epoch 17/100	Loss 10.5634 ± 0.0574
INFO:test2.py:Epoch 18/100	Loss 10.5578 ± 0.0580
INFO:test2.py:Epoch 19/100	Loss 10.5526 ± 0.0580
INFO:test2.py:Epoch 20/100	Loss 10.5476 ± 0.0586
INFO:test2.py:Epoch 21/100	Loss 10.5430 ± 0.0572
INFO:test2.py:Epoch 22/100	Loss 10.5385 ± 0.0575
INFO:test2.py:Epoch 23/100	Loss 10.5343 ± 0.0572
INFO:test2.py:Epoch 24/100	Loss 10.5303 ± 0.0578
INFO:test2.py:Epoch 25/100	Loss 10.5264 ± 0.0572
INFO:test2.py:Epoch 26/100	Loss 10.5227 ± 0.0572
INFO:test2.py:Epoch 27/100	Loss 10.5192 ± 0.0566
INFO:test2.py:Epoch 28/100	Loss 10.5159 ± 0.0582
INFO:test2.py:Epoch 29/100	Loss 10.5126 ± 0.0576
INFO:test2.py:Epoch 30/100	Loss 10.5096 ± 0.0571
INFO:test2.py:Epoch 31/100	Loss 10.5066 ± 0.0573
INFO:test2.py:Epoch 32/100	Loss 10.5037 ± 0.0583
INFO:test2.py:Epoch 33/100	Loss 10.5010 ± 0.0576
INFO:test2.py:Epoch 34/100	Loss 10.4983 ± 0.0577
INFO:test2.py:Epoch 35/100	Loss 10.4958 ± 0.0586
INFO:test2.py:Epoch 36/100	Loss 10.4933 ± 0.0573
INFO:test2.py:Epoch 37/100	Loss 10.4910 ± 0.0580
INFO:test2.py:Epoch 38/100	Loss 10.4887 ± 0.0572
INFO:test2.py:Epoch 39/100	Loss 10.4865 ± 0.0577
INFO:test2.py:Epoch 40/100	Loss 10.4843 ± 0.0579
INFO:test2.py:Epoch 41/100	Loss 10.4822 ± 0.0581
INFO:test2.py:Epoch 42/100	Loss 10.4802 ± 0.0582
INFO:test2.py:Epoch 43/100	Loss 10.4783 ± 0.0573
INFO:test2.py:Epoch 44/100	Loss 10.4763 ± 0.0584
INFO:test2.py:Epoch 45/100	Loss 10.4745 ± 0.0586
INFO:test2.py:Epoch 46/100	Loss 10.4727 ± 0.0571
INFO:test2.py:Epoch 47/100	Loss 10.4710 ± 0.0573
INFO:test2.py:Epoch 48/100	Loss 10.4693 ± 0.0579
INFO:test2.py:Epoch 49/100	Loss 10.4677 ± 0.0577
INFO:test2.py:Validating
INFO:test2.py:batch start 	320000
INFO:test2.py:done
INFO:test2.py:metrics done
INFO:test2.py:Epoch 50/100	Loss 10.4661 ± 0.0577
INFO:test2.py:Epoch 51/100	Loss 10.4645 ± 0.0570
INFO:test2.py:Epoch 52/100	Loss 10.4630 ± 0.0574
INFO:test2.py:Epoch 53/100	Loss 10.4616 ± 0.0584
INFO:test2.py:Epoch 54/100	Loss 10.4602 ± 0.0575
INFO:test2.py:Epoch 55/100	Loss 10.4588 ± 0.0574
INFO:test2.py:Epoch 56/100	Loss 10.4574 ± 0.0579
INFO:test2.py:Epoch 57/100	Loss 10.4560 ± 0.0573
INFO:test2.py:Epoch 58/100	Loss 10.4547 ± 0.0574
INFO:test2.py:Epoch 59/100	Loss 10.4535 ± 0.0579
INFO:test2.py:Epoch 60/100	Loss 10.4523 ± 0.0585
INFO:test2.py:Epoch 61/100	Loss 10.4511 ± 0.0579
INFO:test2.py:Epoch 62/100	Loss 10.4499 ± 0.0581
INFO:test2.py:Epoch 63/100	Loss 10.4487 ± 0.0583
INFO:test2.py:Epoch 64/100	Loss 10.4476 ± 0.0571
INFO:test2.py:Epoch 65/100	Loss 10.4464 ± 0.0580
INFO:test2.py:Epoch 66/100	Loss 10.4454 ± 0.0578
INFO:test2.py:Epoch 67/100	Loss 10.4443 ± 0.0573
INFO:test2.py:Epoch 68/100	Loss 10.4433 ± 0.0585
INFO:test2.py:Epoch 69/100	Loss 10.4423 ± 0.0591
INFO:test2.py:Epoch 70/100	Loss 10.4413 ± 0.0576
INFO:test2.py:Epoch 71/100	Loss 10.4404 ± 0.0577
INFO:test2.py:Epoch 72/100	Loss 10.4394 ± 0.0585
INFO:test2.py:Epoch 73/100	Loss 10.4385 ± 0.0578
INFO:test2.py:Epoch 74/100	Loss 10.4375 ± 0.0574
INFO:test2.py:Epoch 75/100	Loss 10.4367 ± 0.0570
INFO:test2.py:Epoch 76/100	Loss 10.4358 ± 0.0580
INFO:test2.py:Epoch 77/100	Loss 10.4349 ± 0.0580
INFO:test2.py:Epoch 78/100	Loss 10.4341 ± 0.0579
INFO:test2.py:Epoch 79/100	Loss 10.4333 ± 0.0578
INFO:test2.py:Epoch 80/100	Loss 10.4325 ± 0.0577
INFO:test2.py:Epoch 81/100	Loss 10.4317 ± 0.0578
INFO:test2.py:Epoch 82/100	Loss 10.4308 ± 0.0578
INFO:test2.py:Epoch 83/100	Loss 10.4301 ± 0.0593
INFO:test2.py:Epoch 84/100	Loss 10.4293 ± 0.0581
INFO:test2.py:Epoch 85/100	Loss 10.4286 ± 0.0581
INFO:test2.py:Epoch 86/100	Loss 10.4279 ± 0.0576
INFO:test2.py:Epoch 87/100	Loss 10.4272 ± 0.0567
INFO:test2.py:Epoch 88/100	Loss 10.4265 ± 0.0580
INFO:test2.py:Epoch 89/100	Loss 10.4258 ± 0.0576
INFO:test2.py:Epoch 90/100	Loss 10.4251 ± 0.0578
INFO:test2.py:Epoch 91/100	Loss 10.4244 ± 0.0584
INFO:test2.py:Epoch 92/100	Loss 10.4238 ± 0.0573
INFO:test2.py:Epoch 93/100	Loss 10.4231 ± 0.0571
INFO:test2.py:Epoch 94/100	Loss 10.4225 ± 0.0576
INFO:test2.py:Epoch 95/100	Loss 10.4218 ± 0.0566
INFO:test2.py:Epoch 96/100	Loss 10.4213 ± 0.0579
INFO:test2.py:Epoch 97/100	Loss 10.4206 ± 0.0584
INFO:test2.py:Epoch 98/100	Loss 10.4201 ± 0.0583
INFO:test2.py:Epoch 99/100	Loss 10.4194 ± 0.0569
INFO:test2.py:Epoch 100/100	Loss 10.4189 ± 0.0575
INFO:test2.py:is bad performing False
INFO:test2.py:Done training
INFO:test2.py:in evalute for dataset: 	valid
INFO:test2.py:batch start 	320000
INFO:test2.py:done
INFO:test2.py:metrics done
INFO:test2.py:Error 	valid results	MRR 0.117890	H@1 0.044388	H@3 0.107789	H@10 0.260018	AU-ROC_raw -1.000000	AU-ROC_fil -1.000000
INFO:test2.py:in evalute for dataset: 	test
INFO:test2.py:batch start 	320000
INFO:test2.py:done
INFO:test2.py:metrics done
INFO:test2.py:Error 	test results	MRR 0.118004	H@1 0.044365	H@3 0.108109	H@10 0.260588	AU-ROC_raw -1.000000	AU-ROC_fil -1.000000
/home/acalvi/anaconda3/envs/libkge_new/lib/python3.7/site-packages/tensorflow/python/framework/dtypes.py:516: FutureWarning: Passing (type, 1) or '1type' as a synonym of type is deprecated; in a future version of numpy, it will be understood as (type, (1,)) / '(1,)type'.
  _np_qint8 = np.dtype([("qint8", np.int8, 1)])
/home/acalvi/anaconda3/envs/libkge_new/lib/python3.7/site-packages/tensorflow/python/framework/dtypes.py:517: FutureWarning: Passing (type, 1) or '1type' as a synonym of type is deprecated; in a future version of numpy, it will be understood as (type, (1,)) / '(1,)type'.
  _np_quint8 = np.dtype([("quint8", np.uint8, 1)])
/home/acalvi/anaconda3/envs/libkge_new/lib/python3.7/site-packages/tensorflow/python/framework/dtypes.py:518: FutureWarning: Passing (type, 1) or '1type' as a synonym of type is deprecated; in a future version of numpy, it will be understood as (type, (1,)) / '(1,)type'.
  _np_qint16 = np.dtype([("qint16", np.int16, 1)])
/home/acalvi/anaconda3/envs/libkge_new/lib/python3.7/site-packages/tensorflow/python/framework/dtypes.py:519: FutureWarning: Passing (type, 1) or '1type' as a synonym of type is deprecated; in a future version of numpy, it will be understood as (type, (1,)) / '(1,)type'.
  _np_quint16 = np.dtype([("quint16", np.uint16, 1)])
/home/acalvi/anaconda3/envs/libkge_new/lib/python3.7/site-packages/tensorflow/python/framework/dtypes.py:520: FutureWarning: Passing (type, 1) or '1type' as a synonym of type is deprecated; in a future version of numpy, it will be understood as (type, (1,)) / '(1,)type'.
  _np_qint32 = np.dtype([("qint32", np.int32, 1)])
/home/acalvi/anaconda3/envs/libkge_new/lib/python3.7/site-packages/tensorflow/python/framework/dtypes.py:525: FutureWarning: Passing (type, 1) or '1type' as a synonym of type is deprecated; in a future version of numpy, it will be understood as (type, (1,)) / '(1,)type'.
  np_resource = np.dtype([("resource", np.ubyte, 1)])
/home/acalvi/anaconda3/envs/libkge_new/lib/python3.7/site-packages/tensorboard/compat/tensorflow_stub/dtypes.py:541: FutureWarning: Passing (type, 1) or '1type' as a synonym of type is deprecated; in a future version of numpy, it will be understood as (type, (1,)) / '(1,)type'.
  _np_qint8 = np.dtype([("qint8", np.int8, 1)])
/home/acalvi/anaconda3/envs/libkge_new/lib/python3.7/site-packages/tensorboard/compat/tensorflow_stub/dtypes.py:542: FutureWarning: Passing (type, 1) or '1type' as a synonym of type is deprecated; in a future version of numpy, it will be understood as (type, (1,)) / '(1,)type'.
  _np_quint8 = np.dtype([("quint8", np.uint8, 1)])
/home/acalvi/anaconda3/envs/libkge_new/lib/python3.7/site-packages/tensorboard/compat/tensorflow_stub/dtypes.py:543: FutureWarning: Passing (type, 1) or '1type' as a synonym of type is deprecated; in a future version of numpy, it will be understood as (type, (1,)) / '(1,)type'.
  _np_qint16 = np.dtype([("qint16", np.int16, 1)])
/home/acalvi/anaconda3/envs/libkge_new/lib/python3.7/site-packages/tensorboard/compat/tensorflow_stub/dtypes.py:544: FutureWarning: Passing (type, 1) or '1type' as a synonym of type is deprecated; in a future version of numpy, it will be understood as (type, (1,)) / '(1,)type'.
  _np_quint16 = np.dtype([("quint16", np.uint16, 1)])
/home/acalvi/anaconda3/envs/libkge_new/lib/python3.7/site-packages/tensorboard/compat/tensorflow_stub/dtypes.py:545: FutureWarning: Passing (type, 1) or '1type' as a synonym of type is deprecated; in a future version of numpy, it will be understood as (type, (1,)) / '(1,)type'.
  _np_qint32 = np.dtype([("qint32", np.int32, 1)])
/home/acalvi/anaconda3/envs/libkge_new/lib/python3.7/site-packages/tensorboard/compat/tensorflow_stub/dtypes.py:550: FutureWarning: Passing (type, 1) or '1type' as a synonym of type is deprecated; in a future version of numpy, it will be understood as (type, (1,)) / '(1,)type'.
  np_resource = np.dtype([("resource", np.ubyte, 1)])
