./test2.py --data pse --mcl True --batch-size 128 --epochs 100 --embedding-size 50 --learning-rate 0.1 --regulariser n3 --reg-weight 0.01 --optimizer adagrad --valid --quiet
MCL True
INFO:test2.py:Valid: True
INFO:test2.py:Device: cuda
curr directory /home/acalvi/Dissertation/Aladdin/biolink
Importing dataset files ... 
<class 'biolink.embeddings.models_mc.ComplEx_MC'>
INFO:test2.py:is tucker False
INFO:test2.py:settin tucker to FALSE
INFO:test2.py:Device: cuda
INFO:test2.py:Epoch 1/100	Loss 10.9376 ± 0.2668
INFO:test2.py:Epoch 2/100	Loss 10.6892 ± 0.1139
INFO:test2.py:Epoch 3/100	Loss 10.6349 ± 0.1114
INFO:test2.py:Epoch 4/100	Loss 10.6106 ± 0.1113
INFO:test2.py:Epoch 5/100	Loss 10.5966 ± 0.1100
INFO:test2.py:Epoch 6/100	Loss 10.5868 ± 0.1110
INFO:test2.py:Epoch 7/100	Loss 10.5795 ± 0.1107
INFO:test2.py:Epoch 8/100	Loss 10.5739 ± 0.1110
INFO:test2.py:Epoch 9/100	Loss 10.5694 ± 0.1100
INFO:test2.py:Epoch 10/100	Loss 10.5655 ± 0.1105
INFO:test2.py:Epoch 11/100	Loss 10.5623 ± 0.1096
INFO:test2.py:Epoch 12/100	Loss 10.5595 ± 0.1105
INFO:test2.py:Epoch 13/100	Loss 10.5570 ± 0.1109
INFO:test2.py:Epoch 14/100	Loss 10.5548 ± 0.1102
INFO:test2.py:Epoch 15/100	Loss 10.5528 ± 0.1106
INFO:test2.py:Epoch 16/100	Loss 10.5509 ± 0.1102
INFO:test2.py:Epoch 17/100	Loss 10.5492 ± 0.1105
INFO:test2.py:Epoch 18/100	Loss 10.5478 ± 0.1112
INFO:test2.py:Epoch 19/100	Loss 10.5463 ± 0.1105
INFO:test2.py:Epoch 20/100	Loss 10.5450 ± 0.1106
INFO:test2.py:Epoch 21/100	Loss 10.5438 ± 0.1096
INFO:test2.py:Epoch 22/100	Loss 10.5427 ± 0.1099
INFO:test2.py:Epoch 23/100	Loss 10.5416 ± 0.1110
INFO:test2.py:Epoch 24/100	Loss 10.5407 ± 0.1110
INFO:test2.py:Epoch 25/100	Loss 10.5397 ± 0.1095
INFO:test2.py:Epoch 26/100	Loss 10.5388 ± 0.1094
INFO:test2.py:Epoch 27/100	Loss 10.5380 ± 0.1101
INFO:test2.py:Epoch 28/100	Loss 10.5372 ± 0.1104
INFO:test2.py:Epoch 29/100	Loss 10.5365 ± 0.1103
INFO:test2.py:Epoch 30/100	Loss 10.5358 ± 0.1104
INFO:test2.py:Epoch 31/100	Loss 10.5351 ± 0.1104
INFO:test2.py:Epoch 32/100	Loss 10.5344 ± 0.1105
INFO:test2.py:Epoch 33/100	Loss 10.5338 ± 0.1104
INFO:test2.py:Epoch 34/100	Loss 10.5333 ± 0.1105
INFO:test2.py:Epoch 35/100	Loss 10.5327 ± 0.1103
INFO:test2.py:Epoch 36/100	Loss 10.5322 ± 0.1097
INFO:test2.py:Epoch 37/100	Loss 10.5316 ± 0.1101
INFO:test2.py:Epoch 38/100	Loss 10.5311 ± 0.1100
INFO:test2.py:Epoch 39/100	Loss 10.5307 ± 0.1100
INFO:test2.py:Epoch 40/100	Loss 10.5302 ± 0.1106
INFO:test2.py:Epoch 41/100	Loss 10.5298 ± 0.1104
INFO:test2.py:Epoch 42/100	Loss 10.5293 ± 0.1102
INFO:test2.py:Epoch 43/100	Loss 10.5289 ± 0.1100
INFO:test2.py:Epoch 44/100	Loss 10.5285 ± 0.1099
INFO:test2.py:Epoch 45/100	Loss 10.5281 ± 0.1099
INFO:test2.py:Epoch 46/100	Loss 10.5278 ± 0.1101
INFO:test2.py:Epoch 47/100	Loss 10.5274 ± 0.1105
INFO:test2.py:Epoch 48/100	Loss 10.5270 ± 0.1105
INFO:test2.py:Epoch 49/100	Loss 10.5267 ± 0.1098
INFO:test2.py:Validating
INFO:test2.py:batch start 	80000
INFO:test2.py:batch start 	160000
INFO:test2.py:batch start 	240000
INFO:test2.py:batch start 	320000
INFO:test2.py:batch start 	400000
INFO:test2.py:done
INFO:test2.py:metrics done
INFO:test2.py:Epoch 50/100	Loss 10.5264 ± 0.1102
INFO:test2.py:Epoch 51/100	Loss 10.5260 ± 0.1102
INFO:test2.py:Epoch 52/100	Loss 10.5257 ± 0.1094
INFO:test2.py:Epoch 53/100	Loss 10.5254 ± 0.1102
INFO:test2.py:Epoch 54/100	Loss 10.5251 ± 0.1102
INFO:test2.py:Epoch 55/100	Loss 10.5248 ± 0.1101
INFO:test2.py:Epoch 56/100	Loss 10.5245 ± 0.1101
INFO:test2.py:Epoch 57/100	Loss 10.5243 ± 0.1098
INFO:test2.py:Epoch 58/100	Loss 10.5240 ± 0.1102
INFO:test2.py:Epoch 59/100	Loss 10.5237 ± 0.1106
INFO:test2.py:Epoch 60/100	Loss 10.5235 ± 0.1104
INFO:test2.py:Epoch 61/100	Loss 10.5232 ± 0.1110
INFO:test2.py:Epoch 62/100	Loss 10.5230 ± 0.1110
INFO:test2.py:Epoch 63/100	Loss 10.5228 ± 0.1105
INFO:test2.py:Epoch 64/100	Loss 10.5225 ± 0.1106
INFO:test2.py:Epoch 65/100	Loss 10.5223 ± 0.1107
INFO:test2.py:Epoch 66/100	Loss 10.5221 ± 0.1111
INFO:test2.py:Epoch 67/100	Loss 10.5219 ± 0.1107
INFO:test2.py:Epoch 68/100	Loss 10.5216 ± 0.1107
INFO:test2.py:Epoch 69/100	Loss 10.5214 ± 0.1104
INFO:test2.py:Epoch 70/100	Loss 10.5212 ± 0.1106
INFO:test2.py:Epoch 71/100	Loss 10.5210 ± 0.1106
INFO:test2.py:Epoch 72/100	Loss 10.5208 ± 0.1098
INFO:test2.py:Epoch 73/100	Loss 10.5206 ± 0.1099
INFO:test2.py:Epoch 74/100	Loss 10.5204 ± 0.1105
INFO:test2.py:Epoch 75/100	Loss 10.5203 ± 0.1100
INFO:test2.py:Epoch 76/100	Loss 10.5201 ± 0.1108
INFO:test2.py:Epoch 77/100	Loss 10.5199 ± 0.1093
INFO:test2.py:Epoch 78/100	Loss 10.5197 ± 0.1104
INFO:test2.py:Epoch 79/100	Loss 10.5195 ± 0.1100
INFO:test2.py:Epoch 80/100	Loss 10.5194 ± 0.1104
INFO:test2.py:Epoch 81/100	Loss 10.5192 ± 0.1098
INFO:test2.py:Epoch 82/100	Loss 10.5190 ± 0.1109
INFO:test2.py:Epoch 83/100	Loss 10.5189 ± 0.1106
INFO:test2.py:Epoch 84/100	Loss 10.5187 ± 0.1102
INFO:test2.py:Epoch 85/100	Loss 10.5185 ± 0.1101
INFO:test2.py:Epoch 86/100	Loss 10.5184 ± 0.1106
INFO:test2.py:Epoch 87/100	Loss 10.5182 ± 0.1099
INFO:test2.py:Epoch 88/100	Loss 10.5181 ± 0.1103
INFO:test2.py:Epoch 89/100	Loss 10.5179 ± 0.1108
INFO:test2.py:Epoch 90/100	Loss 10.5178 ± 0.1103
INFO:test2.py:Epoch 91/100	Loss 10.5177 ± 0.1104
INFO:test2.py:Epoch 92/100	Loss 10.5175 ± 0.1097
INFO:test2.py:Epoch 93/100	Loss 10.5174 ± 0.1096
INFO:test2.py:Epoch 94/100	Loss 10.5172 ± 0.1099
INFO:test2.py:Epoch 95/100	Loss 10.5171 ± 0.1084
INFO:test2.py:Epoch 96/100	Loss 10.5170 ± 0.1103
INFO:test2.py:Epoch 97/100	Loss 10.5168 ± 0.1108
INFO:test2.py:Epoch 98/100	Loss 10.5167 ± 0.1102
INFO:test2.py:Epoch 99/100	Loss 10.5166 ± 0.1100
INFO:test2.py:Epoch 100/100	Loss 10.5164 ± 0.1108
INFO:test2.py:is bad performing False
INFO:test2.py:Done training
INFO:test2.py:in evalute for dataset: 	valid
INFO:test2.py:batch start 	80000
INFO:test2.py:batch start 	160000
INFO:test2.py:batch start 	240000
INFO:test2.py:batch start 	320000
INFO:test2.py:batch start 	400000
INFO:test2.py:done
INFO:test2.py:metrics done
INFO:test2.py:Error 	valid results	MRR 0.123224	H@1 0.047251	H@3 0.114228	H@10 0.271451	AU-ROC_raw -1.000000	AU-ROC_fil -1.000000
INFO:test2.py:in evalute for dataset: 	test
INFO:test2.py:batch start 	80000
INFO:test2.py:batch start 	160000
INFO:test2.py:batch start 	240000
INFO:test2.py:batch start 	320000
INFO:test2.py:batch start 	400000
INFO:test2.py:done
INFO:test2.py:metrics done
INFO:test2.py:Error 	test results	MRR 0.123654	H@1 0.047737	H@3 0.114390	H@10 0.272301	AU-ROC_raw -1.000000	AU-ROC_fil -1.000000
/home/acalvi/anaconda3/envs/libkge_new/lib/python3.7/site-packages/tensorflow/python/framework/dtypes.py:516: FutureWarning: Passing (type, 1) or '1type' as a synonym of type is deprecated; in a future version of numpy, it will be understood as (type, (1,)) / '(1,)type'.
  _np_qint8 = np.dtype([("qint8", np.int8, 1)])
/home/acalvi/anaconda3/envs/libkge_new/lib/python3.7/site-packages/tensorflow/python/framework/dtypes.py:517: FutureWarning: Passing (type, 1) or '1type' as a synonym of type is deprecated; in a future version of numpy, it will be understood as (type, (1,)) / '(1,)type'.
  _np_quint8 = np.dtype([("quint8", np.uint8, 1)])
/home/acalvi/anaconda3/envs/libkge_new/lib/python3.7/site-packages/tensorflow/python/framework/dtypes.py:518: FutureWarning: Passing (type, 1) or '1type' as a synonym of type is deprecated; in a future version of numpy, it will be understood as (type, (1,)) / '(1,)type'.
  _np_qint16 = np.dtype([("qint16", np.int16, 1)])
/home/acalvi/anaconda3/envs/libkge_new/lib/python3.7/site-packages/tensorflow/python/framework/dtypes.py:519: FutureWarning: Passing (type, 1) or '1type' as a synonym of type is deprecated; in a future version of numpy, it will be understood as (type, (1,)) / '(1,)type'.
  _np_quint16 = np.dtype([("quint16", np.uint16, 1)])
/home/acalvi/anaconda3/envs/libkge_new/lib/python3.7/site-packages/tensorflow/python/framework/dtypes.py:520: FutureWarning: Passing (type, 1) or '1type' as a synonym of type is deprecated; in a future version of numpy, it will be understood as (type, (1,)) / '(1,)type'.
  _np_qint32 = np.dtype([("qint32", np.int32, 1)])
/home/acalvi/anaconda3/envs/libkge_new/lib/python3.7/site-packages/tensorflow/python/framework/dtypes.py:525: FutureWarning: Passing (type, 1) or '1type' as a synonym of type is deprecated; in a future version of numpy, it will be understood as (type, (1,)) / '(1,)type'.
  np_resource = np.dtype([("resource", np.ubyte, 1)])
/home/acalvi/anaconda3/envs/libkge_new/lib/python3.7/site-packages/tensorboard/compat/tensorflow_stub/dtypes.py:541: FutureWarning: Passing (type, 1) or '1type' as a synonym of type is deprecated; in a future version of numpy, it will be understood as (type, (1,)) / '(1,)type'.
  _np_qint8 = np.dtype([("qint8", np.int8, 1)])
/home/acalvi/anaconda3/envs/libkge_new/lib/python3.7/site-packages/tensorboard/compat/tensorflow_stub/dtypes.py:542: FutureWarning: Passing (type, 1) or '1type' as a synonym of type is deprecated; in a future version of numpy, it will be understood as (type, (1,)) / '(1,)type'.
  _np_quint8 = np.dtype([("quint8", np.uint8, 1)])
/home/acalvi/anaconda3/envs/libkge_new/lib/python3.7/site-packages/tensorboard/compat/tensorflow_stub/dtypes.py:543: FutureWarning: Passing (type, 1) or '1type' as a synonym of type is deprecated; in a future version of numpy, it will be understood as (type, (1,)) / '(1,)type'.
  _np_qint16 = np.dtype([("qint16", np.int16, 1)])
/home/acalvi/anaconda3/envs/libkge_new/lib/python3.7/site-packages/tensorboard/compat/tensorflow_stub/dtypes.py:544: FutureWarning: Passing (type, 1) or '1type' as a synonym of type is deprecated; in a future version of numpy, it will be understood as (type, (1,)) / '(1,)type'.
  _np_quint16 = np.dtype([("quint16", np.uint16, 1)])
/home/acalvi/anaconda3/envs/libkge_new/lib/python3.7/site-packages/tensorboard/compat/tensorflow_stub/dtypes.py:545: FutureWarning: Passing (type, 1) or '1type' as a synonym of type is deprecated; in a future version of numpy, it will be understood as (type, (1,)) / '(1,)type'.
  _np_qint32 = np.dtype([("qint32", np.int32, 1)])
/home/acalvi/anaconda3/envs/libkge_new/lib/python3.7/site-packages/tensorboard/compat/tensorflow_stub/dtypes.py:550: FutureWarning: Passing (type, 1) or '1type' as a synonym of type is deprecated; in a future version of numpy, it will be understood as (type, (1,)) / '(1,)type'.
  np_resource = np.dtype([("resource", np.ubyte, 1)])
