./test2.py --data pse --mcl True --batch-size 512 --epochs 100 --embedding-size 150 --learning-rate 0.01 --regulariser n3 --reg-weight 0.001 --optimizer adagrad --valid --quiet
MCL True
INFO:test2.py:Valid: True
INFO:test2.py:Device: cpu
curr directory /home/acalvi/Dissertation/Aladdin/biolink
Importing dataset files ... 
<class 'biolink.embeddings.models_mc.ComplEx_MC'>
INFO:test2.py:is tucker False
INFO:test2.py:settin tucker to FALSE
INFO:test2.py:Device: cpu
INFO:test2.py:Epoch 1/100	Loss 10.9810 ± 0.4234
INFO:test2.py:Epoch 2/100	Loss 10.5843 ± 0.0694
INFO:test2.py:Epoch 3/100	Loss 10.4750 ± 0.0608
INFO:test2.py:Epoch 4/100	Loss 10.4134 ± 0.0596
INFO:test2.py:Epoch 5/100	Loss 10.3710 ± 0.0598
INFO:test2.py:Epoch 6/100	Loss 10.3391 ± 0.0599
INFO:test2.py:Epoch 7/100	Loss 10.3136 ± 0.0599
INFO:test2.py:Epoch 8/100	Loss 10.2925 ± 0.0598
INFO:test2.py:Epoch 9/100	Loss 10.2744 ± 0.0591
INFO:test2.py:Epoch 10/100	Loss 10.2586 ± 0.0602
INFO:test2.py:Epoch 11/100	Loss 10.2446 ± 0.0597
INFO:test2.py:Epoch 12/100	Loss 10.2320 ± 0.0602
INFO:test2.py:Epoch 13/100	Loss 10.2206 ± 0.0600
INFO:test2.py:Epoch 14/100	Loss 10.2102 ± 0.0598
INFO:test2.py:Epoch 15/100	Loss 10.2005 ± 0.0600
INFO:test2.py:Epoch 16/100	Loss 10.1916 ± 0.0601
INFO:test2.py:Epoch 17/100	Loss 10.1833 ± 0.0599
INFO:test2.py:Epoch 18/100	Loss 10.1756 ± 0.0604
INFO:test2.py:Epoch 19/100	Loss 10.1683 ± 0.0597
INFO:test2.py:Epoch 20/100	Loss 10.1615 ± 0.0606
INFO:test2.py:Epoch 21/100	Loss 10.1551 ± 0.0600
INFO:test2.py:Epoch 22/100	Loss 10.1490 ± 0.0605
INFO:test2.py:Epoch 23/100	Loss 10.1432 ± 0.0603
INFO:test2.py:Epoch 24/100	Loss 10.1378 ± 0.0605
INFO:test2.py:Epoch 25/100	Loss 10.1326 ± 0.0609
INFO:test2.py:Epoch 26/100	Loss 10.1276 ± 0.0611
INFO:test2.py:Epoch 27/100	Loss 10.1229 ± 0.0607
INFO:test2.py:Epoch 28/100	Loss 10.1184 ± 0.0606
INFO:test2.py:Epoch 29/100	Loss 10.1141 ± 0.0600
INFO:test2.py:Epoch 30/100	Loss 10.1100 ± 0.0612
INFO:test2.py:Epoch 31/100	Loss 10.1061 ± 0.0602
INFO:test2.py:Epoch 32/100	Loss 10.1023 ± 0.0614
INFO:test2.py:Epoch 33/100	Loss 10.0987 ± 0.0605
INFO:test2.py:Epoch 34/100	Loss 10.0952 ± 0.0612
INFO:test2.py:Epoch 35/100	Loss 10.0918 ± 0.0605
INFO:test2.py:Epoch 36/100	Loss 10.0886 ± 0.0606
INFO:test2.py:Epoch 37/100	Loss 10.0854 ± 0.0601
INFO:test2.py:Epoch 38/100	Loss 10.0824 ± 0.0604
INFO:test2.py:Epoch 39/100	Loss 10.0796 ± 0.0602
INFO:test2.py:Epoch 40/100	Loss 10.0768 ± 0.0612
INFO:test2.py:Epoch 41/100	Loss 10.0741 ± 0.0616
INFO:test2.py:Epoch 42/100	Loss 10.0714 ± 0.0609
INFO:test2.py:Epoch 43/100	Loss 10.0689 ± 0.0615
INFO:test2.py:Epoch 44/100	Loss 10.0664 ± 0.0612
INFO:test2.py:Epoch 45/100	Loss 10.0640 ± 0.0610
INFO:test2.py:Epoch 46/100	Loss 10.0617 ± 0.0612
INFO:test2.py:Epoch 47/100	Loss 10.0595 ± 0.0613
INFO:test2.py:Epoch 48/100	Loss 10.0573 ± 0.0626
INFO:test2.py:Epoch 49/100	Loss 10.0552 ± 0.0615
INFO:test2.py:Validating
INFO:test2.py:batch start 	320000
INFO:test2.py:done
INFO:test2.py:metrics done
INFO:test2.py:Epoch 50/100	Loss 10.0531 ± 0.0618
INFO:test2.py:Epoch 51/100	Loss 10.0511 ± 0.0616
INFO:test2.py:Epoch 52/100	Loss 10.0492 ± 0.0607
INFO:test2.py:Epoch 53/100	Loss 10.0473 ± 0.0608
INFO:test2.py:Epoch 54/100	Loss 10.0454 ± 0.0609
INFO:test2.py:Epoch 55/100	Loss 10.0436 ± 0.0619
INFO:test2.py:Epoch 56/100	Loss 10.0418 ± 0.0607
INFO:test2.py:Epoch 57/100	Loss 10.0401 ± 0.0616
INFO:test2.py:Epoch 58/100	Loss 10.0385 ± 0.0615
INFO:test2.py:Epoch 59/100	Loss 10.0368 ± 0.0616
INFO:test2.py:Epoch 60/100	Loss 10.0352 ± 0.0618
INFO:test2.py:Epoch 61/100	Loss 10.0337 ± 0.0627
INFO:test2.py:Epoch 62/100	Loss 10.0321 ± 0.0615
INFO:test2.py:Epoch 63/100	Loss 10.0306 ± 0.0618
INFO:test2.py:Epoch 64/100	Loss 10.0292 ± 0.0632
INFO:test2.py:Epoch 65/100	Loss 10.0278 ± 0.0615
INFO:test2.py:Epoch 66/100	Loss 10.0264 ± 0.0614
INFO:test2.py:Epoch 67/100	Loss 10.0250 ± 0.0621
INFO:test2.py:Epoch 68/100	Loss 10.0237 ± 0.0615
INFO:test2.py:Epoch 69/100	Loss 10.0224 ± 0.0624
INFO:test2.py:Epoch 70/100	Loss 10.0211 ± 0.0612
INFO:test2.py:Epoch 71/100	Loss 10.0198 ± 0.0612
INFO:test2.py:Epoch 72/100	Loss 10.0186 ± 0.0617
INFO:test2.py:Epoch 73/100	Loss 10.0174 ± 0.0618
INFO:test2.py:Epoch 74/100	Loss 10.0162 ± 0.0619
INFO:test2.py:Epoch 75/100	Loss 10.0150 ± 0.0623
INFO:test2.py:Epoch 76/100	Loss 10.0139 ± 0.0624
INFO:test2.py:Epoch 77/100	Loss 10.0127 ± 0.0619
INFO:test2.py:Epoch 78/100	Loss 10.0117 ± 0.0622
INFO:test2.py:Epoch 79/100	Loss 10.0106 ± 0.0623
INFO:test2.py:Epoch 80/100	Loss 10.0095 ± 0.0617
INFO:test2.py:Epoch 81/100	Loss 10.0085 ± 0.0621
INFO:test2.py:Epoch 82/100	Loss 10.0074 ± 0.0617
INFO:test2.py:Epoch 83/100	Loss 10.0064 ± 0.0621
INFO:test2.py:Epoch 84/100	Loss 10.0054 ± 0.0615
INFO:test2.py:Epoch 85/100	Loss 10.0045 ± 0.0611
INFO:test2.py:Epoch 86/100	Loss 10.0035 ± 0.0619
INFO:test2.py:Epoch 87/100	Loss 10.0026 ± 0.0622
INFO:test2.py:Epoch 88/100	Loss 10.0016 ± 0.0615
INFO:test2.py:Epoch 89/100	Loss 10.0007 ± 0.0617
INFO:test2.py:Epoch 90/100	Loss 9.9998 ± 0.0622
INFO:test2.py:Epoch 91/100	Loss 9.9989 ± 0.0616
INFO:test2.py:Epoch 92/100	Loss 9.9981 ± 0.0613
INFO:test2.py:Epoch 93/100	Loss 9.9972 ± 0.0615
INFO:test2.py:Epoch 94/100	Loss 9.9964 ± 0.0618
INFO:test2.py:Epoch 95/100	Loss 9.9956 ± 0.0622
INFO:test2.py:Epoch 96/100	Loss 9.9947 ± 0.0618
INFO:test2.py:Epoch 97/100	Loss 9.9939 ± 0.0614
INFO:test2.py:Epoch 98/100	Loss 9.9931 ± 0.0613
INFO:test2.py:Epoch 99/100	Loss 9.9923 ± 0.0617
INFO:test2.py:Epoch 100/100	Loss 9.9915 ± 0.0613
INFO:test2.py:is bad performing False
INFO:test2.py:Done training
INFO:test2.py:in evalute for dataset: 	valid
INFO:test2.py:batch start 	320000
INFO:test2.py:done
INFO:test2.py:metrics done
INFO:test2.py:Error 	valid results	MRR 0.133945	H@1 0.054400	H@3 0.126975	H@10 0.291129	AU-ROC_raw -1.000000	AU-ROC_fil -1.000000
INFO:test2.py:in evalute for dataset: 	test
INFO:test2.py:batch start 	320000
INFO:test2.py:done
INFO:test2.py:metrics done
INFO:test2.py:Error 	test results	MRR 0.133637	H@1 0.053994	H@3 0.126644	H@10 0.291576	AU-ROC_raw -1.000000	AU-ROC_fil -1.000000
/home/acalvi/anaconda3/envs/libkge_new/lib/python3.7/site-packages/tensorflow/python/framework/dtypes.py:516: FutureWarning: Passing (type, 1) or '1type' as a synonym of type is deprecated; in a future version of numpy, it will be understood as (type, (1,)) / '(1,)type'.
  _np_qint8 = np.dtype([("qint8", np.int8, 1)])
/home/acalvi/anaconda3/envs/libkge_new/lib/python3.7/site-packages/tensorflow/python/framework/dtypes.py:517: FutureWarning: Passing (type, 1) or '1type' as a synonym of type is deprecated; in a future version of numpy, it will be understood as (type, (1,)) / '(1,)type'.
  _np_quint8 = np.dtype([("quint8", np.uint8, 1)])
/home/acalvi/anaconda3/envs/libkge_new/lib/python3.7/site-packages/tensorflow/python/framework/dtypes.py:518: FutureWarning: Passing (type, 1) or '1type' as a synonym of type is deprecated; in a future version of numpy, it will be understood as (type, (1,)) / '(1,)type'.
  _np_qint16 = np.dtype([("qint16", np.int16, 1)])
/home/acalvi/anaconda3/envs/libkge_new/lib/python3.7/site-packages/tensorflow/python/framework/dtypes.py:519: FutureWarning: Passing (type, 1) or '1type' as a synonym of type is deprecated; in a future version of numpy, it will be understood as (type, (1,)) / '(1,)type'.
  _np_quint16 = np.dtype([("quint16", np.uint16, 1)])
/home/acalvi/anaconda3/envs/libkge_new/lib/python3.7/site-packages/tensorflow/python/framework/dtypes.py:520: FutureWarning: Passing (type, 1) or '1type' as a synonym of type is deprecated; in a future version of numpy, it will be understood as (type, (1,)) / '(1,)type'.
  _np_qint32 = np.dtype([("qint32", np.int32, 1)])
/home/acalvi/anaconda3/envs/libkge_new/lib/python3.7/site-packages/tensorflow/python/framework/dtypes.py:525: FutureWarning: Passing (type, 1) or '1type' as a synonym of type is deprecated; in a future version of numpy, it will be understood as (type, (1,)) / '(1,)type'.
  np_resource = np.dtype([("resource", np.ubyte, 1)])
/home/acalvi/anaconda3/envs/libkge_new/lib/python3.7/site-packages/tensorboard/compat/tensorflow_stub/dtypes.py:541: FutureWarning: Passing (type, 1) or '1type' as a synonym of type is deprecated; in a future version of numpy, it will be understood as (type, (1,)) / '(1,)type'.
  _np_qint8 = np.dtype([("qint8", np.int8, 1)])
/home/acalvi/anaconda3/envs/libkge_new/lib/python3.7/site-packages/tensorboard/compat/tensorflow_stub/dtypes.py:542: FutureWarning: Passing (type, 1) or '1type' as a synonym of type is deprecated; in a future version of numpy, it will be understood as (type, (1,)) / '(1,)type'.
  _np_quint8 = np.dtype([("quint8", np.uint8, 1)])
/home/acalvi/anaconda3/envs/libkge_new/lib/python3.7/site-packages/tensorboard/compat/tensorflow_stub/dtypes.py:543: FutureWarning: Passing (type, 1) or '1type' as a synonym of type is deprecated; in a future version of numpy, it will be understood as (type, (1,)) / '(1,)type'.
  _np_qint16 = np.dtype([("qint16", np.int16, 1)])
/home/acalvi/anaconda3/envs/libkge_new/lib/python3.7/site-packages/tensorboard/compat/tensorflow_stub/dtypes.py:544: FutureWarning: Passing (type, 1) or '1type' as a synonym of type is deprecated; in a future version of numpy, it will be understood as (type, (1,)) / '(1,)type'.
  _np_quint16 = np.dtype([("quint16", np.uint16, 1)])
/home/acalvi/anaconda3/envs/libkge_new/lib/python3.7/site-packages/tensorboard/compat/tensorflow_stub/dtypes.py:545: FutureWarning: Passing (type, 1) or '1type' as a synonym of type is deprecated; in a future version of numpy, it will be understood as (type, (1,)) / '(1,)type'.
  _np_qint32 = np.dtype([("qint32", np.int32, 1)])
/home/acalvi/anaconda3/envs/libkge_new/lib/python3.7/site-packages/tensorboard/compat/tensorflow_stub/dtypes.py:550: FutureWarning: Passing (type, 1) or '1type' as a synonym of type is deprecated; in a future version of numpy, it will be understood as (type, (1,)) / '(1,)type'.
  np_resource = np.dtype([("resource", np.ubyte, 1)])
/home/acalvi/Dissertation/Aladdin/biolink/testing/experiment_ComplEx.py:184: FutureWarning: elementwise comparison failed; returning scalar instead, but in the future will perform elementwise comparison
  if data == 'pse':
