./test2.py --data pse --mcl True --batch-size 512 --epochs 100 --embedding-size 150 --learning-rate 0.1 --regulariser n3 --reg-weight 0.01 --optimizer adagrad --valid --quiet
MCL True
INFO:test2.py:Valid: True
INFO:test2.py:Device: cuda
curr directory /home/acalvi/Dissertation/Aladdin/biolink
Importing dataset files ... 
<class 'biolink.embeddings.models_mc.ComplEx_MC'>
INFO:test2.py:is tucker False
INFO:test2.py:settin tucker to FALSE
INFO:test2.py:Device: cuda
INFO:test2.py:Epoch 1/100	Loss 10.8595 ± 0.3176
INFO:test2.py:Epoch 2/100	Loss 10.6207 ± 0.0553
INFO:test2.py:Epoch 3/100	Loss 10.5698 ± 0.0542
INFO:test2.py:Epoch 4/100	Loss 10.5408 ± 0.0548
INFO:test2.py:Epoch 5/100	Loss 10.5228 ± 0.0555
INFO:test2.py:Epoch 6/100	Loss 10.5098 ± 0.0553
INFO:test2.py:Epoch 7/100	Loss 10.5001 ± 0.0559
INFO:test2.py:Epoch 8/100	Loss 10.4926 ± 0.0561
INFO:test2.py:Epoch 9/100	Loss 10.4864 ± 0.0558
INFO:test2.py:Epoch 10/100	Loss 10.4813 ± 0.0563
INFO:test2.py:Epoch 11/100	Loss 10.4772 ± 0.0554
INFO:test2.py:Epoch 12/100	Loss 10.4737 ± 0.0558
INFO:test2.py:Epoch 13/100	Loss 10.4706 ± 0.0554
INFO:test2.py:Epoch 14/100	Loss 10.4679 ± 0.0558
INFO:test2.py:Epoch 15/100	Loss 10.4655 ± 0.0557
INFO:test2.py:Epoch 16/100	Loss 10.4634 ± 0.0555
INFO:test2.py:Epoch 17/100	Loss 10.4615 ± 0.0549
INFO:test2.py:Epoch 18/100	Loss 10.4597 ± 0.0557
INFO:test2.py:Epoch 19/100	Loss 10.4580 ± 0.0552
INFO:test2.py:Epoch 20/100	Loss 10.4565 ± 0.0560
INFO:test2.py:Epoch 21/100	Loss 10.4552 ± 0.0560
INFO:test2.py:Epoch 22/100	Loss 10.4539 ± 0.0558
INFO:test2.py:Epoch 23/100	Loss 10.4527 ± 0.0553
INFO:test2.py:Epoch 24/100	Loss 10.4515 ± 0.0551
INFO:test2.py:Epoch 25/100	Loss 10.4505 ± 0.0560
INFO:test2.py:Epoch 26/100	Loss 10.4495 ± 0.0557
INFO:test2.py:Epoch 27/100	Loss 10.4486 ± 0.0557
INFO:test2.py:Epoch 28/100	Loss 10.4477 ± 0.0554
INFO:test2.py:Epoch 29/100	Loss 10.4468 ± 0.0549
INFO:test2.py:Epoch 30/100	Loss 10.4460 ± 0.0556
INFO:test2.py:Epoch 31/100	Loss 10.4452 ± 0.0550
INFO:test2.py:Epoch 32/100	Loss 10.4445 ± 0.0562
INFO:test2.py:Epoch 33/100	Loss 10.4438 ± 0.0550
INFO:test2.py:Epoch 34/100	Loss 10.4431 ± 0.0555
INFO:test2.py:Epoch 35/100	Loss 10.4425 ± 0.0551
INFO:test2.py:Epoch 36/100	Loss 10.4419 ± 0.0549
INFO:test2.py:Epoch 37/100	Loss 10.4413 ± 0.0551
INFO:test2.py:Epoch 38/100	Loss 10.4407 ± 0.0547
INFO:test2.py:Epoch 39/100	Loss 10.4402 ± 0.0557
INFO:test2.py:Epoch 40/100	Loss 10.4397 ± 0.0555
INFO:test2.py:Epoch 41/100	Loss 10.4392 ± 0.0558
INFO:test2.py:Epoch 42/100	Loss 10.4387 ± 0.0556
INFO:test2.py:Epoch 43/100	Loss 10.4382 ± 0.0561
INFO:test2.py:Epoch 44/100	Loss 10.4377 ± 0.0552
INFO:test2.py:Epoch 45/100	Loss 10.4373 ± 0.0554
INFO:test2.py:Epoch 46/100	Loss 10.4368 ± 0.0548
INFO:test2.py:Epoch 47/100	Loss 10.4364 ± 0.0549
INFO:test2.py:Epoch 48/100	Loss 10.4359 ± 0.0570
INFO:test2.py:Epoch 49/100	Loss 10.4356 ± 0.0555
INFO:test2.py:Validating
INFO:test2.py:batch start 	320000
INFO:test2.py:done
INFO:test2.py:metrics done
INFO:test2.py:Epoch 50/100	Loss 10.4352 ± 0.0555
INFO:test2.py:Epoch 51/100	Loss 10.4348 ± 0.0556
INFO:test2.py:Epoch 52/100	Loss 10.4344 ± 0.0552
INFO:test2.py:Epoch 53/100	Loss 10.4341 ± 0.0550
INFO:test2.py:Epoch 54/100	Loss 10.4338 ± 0.0555
INFO:test2.py:Epoch 55/100	Loss 10.4334 ± 0.0556
INFO:test2.py:Epoch 56/100	Loss 10.4330 ± 0.0545
INFO:test2.py:Epoch 57/100	Loss 10.4327 ± 0.0560
INFO:test2.py:Epoch 58/100	Loss 10.4324 ± 0.0554
INFO:test2.py:Epoch 59/100	Loss 10.4321 ± 0.0559
INFO:test2.py:Epoch 60/100	Loss 10.4318 ± 0.0559
INFO:test2.py:Epoch 61/100	Loss 10.4314 ± 0.0564
INFO:test2.py:Epoch 62/100	Loss 10.4312 ± 0.0552
INFO:test2.py:Epoch 63/100	Loss 10.4308 ± 0.0558
INFO:test2.py:Epoch 64/100	Loss 10.4306 ± 0.0560
INFO:test2.py:Epoch 65/100	Loss 10.4303 ± 0.0554
INFO:test2.py:Epoch 66/100	Loss 10.4300 ± 0.0553
INFO:test2.py:Epoch 67/100	Loss 10.4298 ± 0.0557
INFO:test2.py:Epoch 68/100	Loss 10.4295 ± 0.0553
INFO:test2.py:Epoch 69/100	Loss 10.4293 ± 0.0561
INFO:test2.py:Epoch 70/100	Loss 10.4290 ± 0.0551
INFO:test2.py:Epoch 71/100	Loss 10.4288 ± 0.0550
INFO:test2.py:Epoch 72/100	Loss 10.4285 ± 0.0552
INFO:test2.py:Epoch 73/100	Loss 10.4283 ± 0.0557
INFO:test2.py:Epoch 74/100	Loss 10.4281 ± 0.0552
INFO:test2.py:Epoch 75/100	Loss 10.4278 ± 0.0560
INFO:test2.py:Epoch 76/100	Loss 10.4276 ± 0.0552
INFO:test2.py:Epoch 77/100	Loss 10.4274 ± 0.0552
INFO:test2.py:Epoch 78/100	Loss 10.4272 ± 0.0557
INFO:test2.py:Epoch 79/100	Loss 10.4270 ± 0.0562
INFO:test2.py:Epoch 80/100	Loss 10.4268 ± 0.0550
INFO:test2.py:Epoch 81/100	Loss 10.4266 ± 0.0557
INFO:test2.py:Epoch 82/100	Loss 10.4264 ± 0.0551
INFO:test2.py:Epoch 83/100	Loss 10.4261 ± 0.0562
INFO:test2.py:Epoch 84/100	Loss 10.4260 ± 0.0552
INFO:test2.py:Epoch 85/100	Loss 10.4258 ± 0.0554
INFO:test2.py:Epoch 86/100	Loss 10.4256 ± 0.0557
INFO:test2.py:Epoch 87/100	Loss 10.4254 ± 0.0557
INFO:test2.py:Epoch 88/100	Loss 10.4252 ± 0.0558
INFO:test2.py:Epoch 89/100	Loss 10.4251 ± 0.0548
INFO:test2.py:Epoch 90/100	Loss 10.4249 ± 0.0556
INFO:test2.py:Epoch 91/100	Loss 10.4247 ± 0.0552
INFO:test2.py:Epoch 92/100	Loss 10.4245 ± 0.0551
INFO:test2.py:Epoch 93/100	Loss 10.4244 ± 0.0555
INFO:test2.py:Epoch 94/100	Loss 10.4242 ± 0.0550
INFO:test2.py:Epoch 95/100	Loss 10.4241 ± 0.0555
INFO:test2.py:Epoch 96/100	Loss 10.4239 ± 0.0550
INFO:test2.py:Epoch 97/100	Loss 10.4237 ± 0.0554
INFO:test2.py:Epoch 98/100	Loss 10.4236 ± 0.0551
INFO:test2.py:Epoch 99/100	Loss 10.4234 ± 0.0559
INFO:test2.py:Epoch 100/100	Loss 10.4232 ± 0.0556
INFO:test2.py:is bad performing False
INFO:test2.py:Done training
INFO:test2.py:in evalute for dataset: 	valid
INFO:test2.py:batch start 	320000
INFO:test2.py:done
INFO:test2.py:metrics done
INFO:test2.py:Error 	valid results	MRR 0.144500	H@1 0.063584	H@3 0.139692	H@10 0.304032	AU-ROC_raw -1.000000	AU-ROC_fil -1.000000
INFO:test2.py:in evalute for dataset: 	test
INFO:test2.py:batch start 	320000
INFO:test2.py:done
INFO:test2.py:metrics done
INFO:test2.py:Error 	test results	MRR 0.144944	H@1 0.064136	H@3 0.140159	H@10 0.304210	AU-ROC_raw -1.000000	AU-ROC_fil -1.000000
/home/acalvi/anaconda3/envs/libkge_new/lib/python3.7/site-packages/tensorflow/python/framework/dtypes.py:516: FutureWarning: Passing (type, 1) or '1type' as a synonym of type is deprecated; in a future version of numpy, it will be understood as (type, (1,)) / '(1,)type'.
  _np_qint8 = np.dtype([("qint8", np.int8, 1)])
/home/acalvi/anaconda3/envs/libkge_new/lib/python3.7/site-packages/tensorflow/python/framework/dtypes.py:517: FutureWarning: Passing (type, 1) or '1type' as a synonym of type is deprecated; in a future version of numpy, it will be understood as (type, (1,)) / '(1,)type'.
  _np_quint8 = np.dtype([("quint8", np.uint8, 1)])
/home/acalvi/anaconda3/envs/libkge_new/lib/python3.7/site-packages/tensorflow/python/framework/dtypes.py:518: FutureWarning: Passing (type, 1) or '1type' as a synonym of type is deprecated; in a future version of numpy, it will be understood as (type, (1,)) / '(1,)type'.
  _np_qint16 = np.dtype([("qint16", np.int16, 1)])
/home/acalvi/anaconda3/envs/libkge_new/lib/python3.7/site-packages/tensorflow/python/framework/dtypes.py:519: FutureWarning: Passing (type, 1) or '1type' as a synonym of type is deprecated; in a future version of numpy, it will be understood as (type, (1,)) / '(1,)type'.
  _np_quint16 = np.dtype([("quint16", np.uint16, 1)])
/home/acalvi/anaconda3/envs/libkge_new/lib/python3.7/site-packages/tensorflow/python/framework/dtypes.py:520: FutureWarning: Passing (type, 1) or '1type' as a synonym of type is deprecated; in a future version of numpy, it will be understood as (type, (1,)) / '(1,)type'.
  _np_qint32 = np.dtype([("qint32", np.int32, 1)])
/home/acalvi/anaconda3/envs/libkge_new/lib/python3.7/site-packages/tensorflow/python/framework/dtypes.py:525: FutureWarning: Passing (type, 1) or '1type' as a synonym of type is deprecated; in a future version of numpy, it will be understood as (type, (1,)) / '(1,)type'.
  np_resource = np.dtype([("resource", np.ubyte, 1)])
/home/acalvi/anaconda3/envs/libkge_new/lib/python3.7/site-packages/tensorboard/compat/tensorflow_stub/dtypes.py:541: FutureWarning: Passing (type, 1) or '1type' as a synonym of type is deprecated; in a future version of numpy, it will be understood as (type, (1,)) / '(1,)type'.
  _np_qint8 = np.dtype([("qint8", np.int8, 1)])
/home/acalvi/anaconda3/envs/libkge_new/lib/python3.7/site-packages/tensorboard/compat/tensorflow_stub/dtypes.py:542: FutureWarning: Passing (type, 1) or '1type' as a synonym of type is deprecated; in a future version of numpy, it will be understood as (type, (1,)) / '(1,)type'.
  _np_quint8 = np.dtype([("quint8", np.uint8, 1)])
/home/acalvi/anaconda3/envs/libkge_new/lib/python3.7/site-packages/tensorboard/compat/tensorflow_stub/dtypes.py:543: FutureWarning: Passing (type, 1) or '1type' as a synonym of type is deprecated; in a future version of numpy, it will be understood as (type, (1,)) / '(1,)type'.
  _np_qint16 = np.dtype([("qint16", np.int16, 1)])
/home/acalvi/anaconda3/envs/libkge_new/lib/python3.7/site-packages/tensorboard/compat/tensorflow_stub/dtypes.py:544: FutureWarning: Passing (type, 1) or '1type' as a synonym of type is deprecated; in a future version of numpy, it will be understood as (type, (1,)) / '(1,)type'.
  _np_quint16 = np.dtype([("quint16", np.uint16, 1)])
/home/acalvi/anaconda3/envs/libkge_new/lib/python3.7/site-packages/tensorboard/compat/tensorflow_stub/dtypes.py:545: FutureWarning: Passing (type, 1) or '1type' as a synonym of type is deprecated; in a future version of numpy, it will be understood as (type, (1,)) / '(1,)type'.
  _np_qint32 = np.dtype([("qint32", np.int32, 1)])
/home/acalvi/anaconda3/envs/libkge_new/lib/python3.7/site-packages/tensorboard/compat/tensorflow_stub/dtypes.py:550: FutureWarning: Passing (type, 1) or '1type' as a synonym of type is deprecated; in a future version of numpy, it will be understood as (type, (1,)) / '(1,)type'.
  np_resource = np.dtype([("resource", np.ubyte, 1)])
/home/acalvi/Dissertation/Aladdin/biolink/testing/experiment_ComplEx.py:184: FutureWarning: elementwise comparison failed; returning scalar instead, but in the future will perform elementwise comparison
  if data == 'pse':
