./test2.py --data pse --mcl True --batch-size 128 --epochs 100 --embedding-size 150 --learning-rate 0.01 --regulariser n3 --reg-weight 0.01 --optimizer adagrad --valid --quiet
MCL True
INFO:test2.py:Valid: True
INFO:test2.py:Device: cuda
curr directory /home/acalvi/Dissertation/Aladdin/biolink
Importing dataset files ... 
<class 'biolink.embeddings.models_mc.ComplEx_MC'>
INFO:test2.py:is tucker False
INFO:test2.py:settin tucker to FALSE
INFO:test2.py:Device: cuda
INFO:test2.py:Epoch 1/100	Loss 11.1688 ± 0.3275
INFO:test2.py:Epoch 2/100	Loss 10.8712 ± 0.1144
INFO:test2.py:Epoch 3/100	Loss 10.8043 ± 0.1123
INFO:test2.py:Epoch 4/100	Loss 10.7653 ± 0.1118
INFO:test2.py:Epoch 5/100	Loss 10.7404 ± 0.1120
INFO:test2.py:Epoch 6/100	Loss 10.7223 ± 0.1120
INFO:test2.py:Epoch 7/100	Loss 10.7082 ± 0.1108
INFO:test2.py:Epoch 8/100	Loss 10.6966 ± 0.1111
INFO:test2.py:Epoch 9/100	Loss 10.6866 ± 0.1117
INFO:test2.py:Epoch 10/100	Loss 10.6779 ± 0.1110
INFO:test2.py:Epoch 11/100	Loss 10.6702 ± 0.1114
INFO:test2.py:Epoch 12/100	Loss 10.6633 ± 0.1110
INFO:test2.py:Epoch 13/100	Loss 10.6570 ± 0.1116
INFO:test2.py:Epoch 14/100	Loss 10.6511 ± 0.1113
INFO:test2.py:Epoch 15/100	Loss 10.6458 ± 0.1113
INFO:test2.py:Epoch 16/100	Loss 10.6408 ± 0.1109
INFO:test2.py:Epoch 17/100	Loss 10.6361 ± 0.1101
INFO:test2.py:Epoch 18/100	Loss 10.6317 ± 0.1103
INFO:test2.py:Epoch 19/100	Loss 10.6276 ± 0.1095
INFO:test2.py:Epoch 20/100	Loss 10.6237 ± 0.1102
INFO:test2.py:Epoch 21/100	Loss 10.6200 ± 0.1107
INFO:test2.py:Epoch 22/100	Loss 10.6165 ± 0.1101
INFO:test2.py:Epoch 23/100	Loss 10.6131 ± 0.1104
INFO:test2.py:Epoch 24/100	Loss 10.6099 ± 0.1107
INFO:test2.py:Epoch 25/100	Loss 10.6069 ± 0.1110
INFO:test2.py:Epoch 26/100	Loss 10.6040 ± 0.1104
INFO:test2.py:Epoch 27/100	Loss 10.6012 ± 0.1102
INFO:test2.py:Epoch 28/100	Loss 10.5985 ± 0.1109
INFO:test2.py:Epoch 29/100	Loss 10.5959 ± 0.1093
INFO:test2.py:Epoch 30/100	Loss 10.5934 ± 0.1110
INFO:test2.py:Epoch 31/100	Loss 10.5911 ± 0.1093
INFO:test2.py:Epoch 32/100	Loss 10.5888 ± 0.1108
INFO:test2.py:Epoch 33/100	Loss 10.5865 ± 0.1110
INFO:test2.py:Epoch 34/100	Loss 10.5844 ± 0.1096
INFO:test2.py:Epoch 35/100	Loss 10.5823 ± 0.1097
INFO:test2.py:Epoch 36/100	Loss 10.5803 ± 0.1104
INFO:test2.py:Epoch 37/100	Loss 10.5784 ± 0.1097
INFO:test2.py:Epoch 38/100	Loss 10.5765 ± 0.1097
INFO:test2.py:Epoch 39/100	Loss 10.5747 ± 0.1088
INFO:test2.py:Epoch 40/100	Loss 10.5729 ± 0.1095
INFO:test2.py:Epoch 41/100	Loss 10.5712 ± 0.1100
INFO:test2.py:Epoch 42/100	Loss 10.5696 ± 0.1099
INFO:test2.py:Epoch 43/100	Loss 10.5680 ± 0.1096
INFO:test2.py:Epoch 44/100	Loss 10.5664 ± 0.1092
INFO:test2.py:Epoch 45/100	Loss 10.5649 ± 0.1094
INFO:test2.py:Epoch 46/100	Loss 10.5634 ± 0.1094
INFO:test2.py:Epoch 47/100	Loss 10.5620 ± 0.1095
INFO:test2.py:Epoch 48/100	Loss 10.5606 ± 0.1103
INFO:test2.py:Epoch 49/100	Loss 10.5592 ± 0.1095
INFO:test2.py:Epoch 50/100	Loss 10.5579 ± 0.1092
INFO:test2.py:Epoch 51/100	Loss 10.5566 ± 0.1100
INFO:test2.py:Epoch 52/100	Loss 10.5553 ± 0.1094
INFO:test2.py:Epoch 53/100	Loss 10.5541 ± 0.1092
INFO:test2.py:Epoch 54/100	Loss 10.5529 ± 0.1094
INFO:test2.py:Epoch 55/100	Loss 10.5518 ± 0.1101
INFO:test2.py:Epoch 56/100	Loss 10.5506 ± 0.1088
INFO:test2.py:Epoch 57/100	Loss 10.5495 ± 0.1095
INFO:test2.py:Epoch 58/100	Loss 10.5484 ± 0.1096
INFO:test2.py:Epoch 59/100	Loss 10.5473 ± 0.1095
INFO:test2.py:Epoch 60/100	Loss 10.5463 ± 0.1093
INFO:test2.py:Epoch 61/100	Loss 10.5453 ± 0.1100
INFO:test2.py:Epoch 62/100	Loss 10.5443 ± 0.1086
INFO:test2.py:Epoch 63/100	Loss 10.5433 ± 0.1095
INFO:test2.py:Epoch 64/100	Loss 10.5424 ± 0.1103
INFO:test2.py:Epoch 65/100	Loss 10.5414 ± 0.1086
INFO:test2.py:Epoch 66/100	Loss 10.5405 ± 0.1095
INFO:test2.py:Epoch 67/100	Loss 10.5396 ± 0.1099
INFO:test2.py:Epoch 68/100	Loss 10.5388 ± 0.1093
INFO:test2.py:Epoch 69/100	Loss 10.5379 ± 0.1087
INFO:test2.py:Epoch 70/100	Loss 10.5371 ± 0.1089
INFO:test2.py:Epoch 71/100	Loss 10.5362 ± 0.1082
INFO:test2.py:Epoch 72/100	Loss 10.5354 ± 0.1093
INFO:test2.py:Epoch 73/100	Loss 10.5346 ± 0.1088
INFO:test2.py:Epoch 74/100	Loss 10.5339 ± 0.1092
INFO:test2.py:Epoch 75/100	Loss 10.5331 ± 0.1089
INFO:test2.py:Epoch 76/100	Loss 10.5324 ± 0.1091
INFO:test2.py:Epoch 77/100	Loss 10.5316 ± 0.1101
INFO:test2.py:Epoch 78/100	Loss 10.5309 ± 0.1089
INFO:test2.py:Epoch 79/100	Loss 10.5302 ± 0.1098
INFO:test2.py:Epoch 80/100	Loss 10.5295 ± 0.1091
INFO:test2.py:Epoch 81/100	Loss 10.5288 ± 0.1092
INFO:test2.py:Epoch 82/100	Loss 10.5282 ± 0.1092
INFO:test2.py:Epoch 83/100	Loss 10.5275 ± 0.1094
INFO:test2.py:Epoch 84/100	Loss 10.5268 ± 0.1084
INFO:test2.py:Epoch 85/100	Loss 10.5262 ± 0.1086
INFO:test2.py:Epoch 86/100	Loss 10.5256 ± 0.1093
INFO:test2.py:Epoch 87/100	Loss 10.5250 ± 0.1096
INFO:test2.py:Epoch 88/100	Loss 10.5244 ± 0.1087
INFO:test2.py:Epoch 89/100	Loss 10.5238 ± 0.1091
INFO:test2.py:Epoch 90/100	Loss 10.5232 ± 0.1097
INFO:test2.py:Epoch 91/100	Loss 10.5226 ± 0.1095
INFO:test2.py:Epoch 92/100	Loss 10.5221 ± 0.1089
INFO:test2.py:Epoch 93/100	Loss 10.5215 ± 0.1083
INFO:test2.py:Epoch 94/100	Loss 10.5210 ± 0.1086
INFO:test2.py:Epoch 95/100	Loss 10.5204 ± 0.1100
INFO:test2.py:Epoch 96/100	Loss 10.5199 ± 0.1094
INFO:test2.py:Epoch 97/100	Loss 10.5194 ± 0.1097
INFO:test2.py:Epoch 98/100	Loss 10.5189 ± 0.1095
INFO:test2.py:Epoch 99/100	Loss 10.5183 ± 0.1084
INFO:test2.py:Epoch 100/100	Loss 10.5178 ± 0.1087
INFO:test2.py:is bad performing False
INFO:test2.py:Done training
INFO:test2.py:in evalute for dataset: 	valid
INFO:test2.py:batch start 	80000
INFO:test2.py:batch start 	160000
INFO:test2.py:batch start 	240000
INFO:test2.py:batch start 	320000
INFO:test2.py:batch start 	400000
INFO:test2.py:done
INFO:test2.py:done not filtered aucroc
INFO:test2.py:metrics done
INFO:test2.py:Error 	valid results	MRR 0.127820	H@1 0.050808	H@3 0.120082	H@10 0.278606	AU-ROC_raw -1.000000	AU-ROC_fil -1.000000
INFO:test2.py:in evalute for dataset: 	test
INFO:test2.py:batch start 	80000
INFO:test2.py:batch start 	160000
INFO:test2.py:batch start 	240000
INFO:test2.py:batch start 	320000
INFO:test2.py:batch start 	400000
INFO:test2.py:done
INFO:test2.py:done not filtered aucroc
INFO:test2.py:metrics done
INFO:test2.py:Error 	test results	MRR 0.128430	H@1 0.051326	H@3 0.120640	H@10 0.279645	AU-ROC_raw -1.000000	AU-ROC_fil -1.000000
/home/acalvi/anaconda3/envs/libkge_new/lib/python3.7/site-packages/tensorflow/python/framework/dtypes.py:516: FutureWarning: Passing (type, 1) or '1type' as a synonym of type is deprecated; in a future version of numpy, it will be understood as (type, (1,)) / '(1,)type'.
  _np_qint8 = np.dtype([("qint8", np.int8, 1)])
/home/acalvi/anaconda3/envs/libkge_new/lib/python3.7/site-packages/tensorflow/python/framework/dtypes.py:517: FutureWarning: Passing (type, 1) or '1type' as a synonym of type is deprecated; in a future version of numpy, it will be understood as (type, (1,)) / '(1,)type'.
  _np_quint8 = np.dtype([("quint8", np.uint8, 1)])
/home/acalvi/anaconda3/envs/libkge_new/lib/python3.7/site-packages/tensorflow/python/framework/dtypes.py:518: FutureWarning: Passing (type, 1) or '1type' as a synonym of type is deprecated; in a future version of numpy, it will be understood as (type, (1,)) / '(1,)type'.
  _np_qint16 = np.dtype([("qint16", np.int16, 1)])
/home/acalvi/anaconda3/envs/libkge_new/lib/python3.7/site-packages/tensorflow/python/framework/dtypes.py:519: FutureWarning: Passing (type, 1) or '1type' as a synonym of type is deprecated; in a future version of numpy, it will be understood as (type, (1,)) / '(1,)type'.
  _np_quint16 = np.dtype([("quint16", np.uint16, 1)])
/home/acalvi/anaconda3/envs/libkge_new/lib/python3.7/site-packages/tensorflow/python/framework/dtypes.py:520: FutureWarning: Passing (type, 1) or '1type' as a synonym of type is deprecated; in a future version of numpy, it will be understood as (type, (1,)) / '(1,)type'.
  _np_qint32 = np.dtype([("qint32", np.int32, 1)])
/home/acalvi/anaconda3/envs/libkge_new/lib/python3.7/site-packages/tensorflow/python/framework/dtypes.py:525: FutureWarning: Passing (type, 1) or '1type' as a synonym of type is deprecated; in a future version of numpy, it will be understood as (type, (1,)) / '(1,)type'.
  np_resource = np.dtype([("resource", np.ubyte, 1)])
/home/acalvi/anaconda3/envs/libkge_new/lib/python3.7/site-packages/tensorboard/compat/tensorflow_stub/dtypes.py:541: FutureWarning: Passing (type, 1) or '1type' as a synonym of type is deprecated; in a future version of numpy, it will be understood as (type, (1,)) / '(1,)type'.
  _np_qint8 = np.dtype([("qint8", np.int8, 1)])
/home/acalvi/anaconda3/envs/libkge_new/lib/python3.7/site-packages/tensorboard/compat/tensorflow_stub/dtypes.py:542: FutureWarning: Passing (type, 1) or '1type' as a synonym of type is deprecated; in a future version of numpy, it will be understood as (type, (1,)) / '(1,)type'.
  _np_quint8 = np.dtype([("quint8", np.uint8, 1)])
/home/acalvi/anaconda3/envs/libkge_new/lib/python3.7/site-packages/tensorboard/compat/tensorflow_stub/dtypes.py:543: FutureWarning: Passing (type, 1) or '1type' as a synonym of type is deprecated; in a future version of numpy, it will be understood as (type, (1,)) / '(1,)type'.
  _np_qint16 = np.dtype([("qint16", np.int16, 1)])
/home/acalvi/anaconda3/envs/libkge_new/lib/python3.7/site-packages/tensorboard/compat/tensorflow_stub/dtypes.py:544: FutureWarning: Passing (type, 1) or '1type' as a synonym of type is deprecated; in a future version of numpy, it will be understood as (type, (1,)) / '(1,)type'.
  _np_quint16 = np.dtype([("quint16", np.uint16, 1)])
/home/acalvi/anaconda3/envs/libkge_new/lib/python3.7/site-packages/tensorboard/compat/tensorflow_stub/dtypes.py:545: FutureWarning: Passing (type, 1) or '1type' as a synonym of type is deprecated; in a future version of numpy, it will be understood as (type, (1,)) / '(1,)type'.
  _np_qint32 = np.dtype([("qint32", np.int32, 1)])
/home/acalvi/anaconda3/envs/libkge_new/lib/python3.7/site-packages/tensorboard/compat/tensorflow_stub/dtypes.py:550: FutureWarning: Passing (type, 1) or '1type' as a synonym of type is deprecated; in a future version of numpy, it will be understood as (type, (1,)) / '(1,)type'.
  np_resource = np.dtype([("resource", np.ubyte, 1)])
