./test2.py --data pse --mcl True --batch-size 128 --epochs 100 --embedding-size 50 --learning-rate 0.1 --regulariser n3 --reg-weight 0.05 --optimizer adagrad --valid --quiet
MCL True
INFO:test2.py:Valid: True
INFO:test2.py:Device: cuda
curr directory /home/acalvi/Dissertation/Aladdin/biolink
Importing dataset files ... 
<class 'biolink.embeddings.models_mc.ComplEx_MC'>
INFO:test2.py:is tucker False
INFO:test2.py:settin tucker to FALSE
INFO:test2.py:Device: cuda
INFO:test2.py:Epoch 1/100	Loss 11.5569 ± 0.1882
INFO:test2.py:Epoch 2/100	Loss 11.4428 ± 0.1025
INFO:test2.py:Epoch 3/100	Loss 11.4235 ± 0.0991
INFO:test2.py:Epoch 4/100	Loss 11.4154 ± 0.0984
INFO:test2.py:Epoch 5/100	Loss 11.4072 ± 0.0977
INFO:test2.py:Epoch 6/100	Loss 11.4032 ± 0.0987
INFO:test2.py:Epoch 7/100	Loss 11.4005 ± 0.0983
INFO:test2.py:Epoch 8/100	Loss 11.3978 ± 0.0979
INFO:test2.py:Epoch 9/100	Loss 11.3960 ± 0.0976
INFO:test2.py:Epoch 10/100	Loss 11.3947 ± 0.0980
INFO:test2.py:Epoch 11/100	Loss 11.3938 ± 0.0971
INFO:test2.py:Epoch 12/100	Loss 11.3932 ± 0.0980
INFO:test2.py:Epoch 13/100	Loss 11.3926 ± 0.0977
INFO:test2.py:Epoch 14/100	Loss 11.3922 ± 0.0980
INFO:test2.py:Epoch 15/100	Loss 11.3918 ± 0.0979
INFO:test2.py:Epoch 16/100	Loss 11.3914 ± 0.0977
INFO:test2.py:Epoch 17/100	Loss 11.3911 ± 0.0973
INFO:test2.py:Epoch 18/100	Loss 11.3909 ± 0.0982
INFO:test2.py:Epoch 19/100	Loss 11.3906 ± 0.0975
INFO:test2.py:Epoch 20/100	Loss 11.3904 ± 0.0979
INFO:test2.py:Epoch 21/100	Loss 11.3902 ± 0.0967
INFO:test2.py:Epoch 22/100	Loss 11.3900 ± 0.0973
INFO:test2.py:Epoch 23/100	Loss 11.3899 ± 0.0982
INFO:test2.py:Epoch 24/100	Loss 11.3897 ± 0.0983
INFO:test2.py:Epoch 25/100	Loss 11.3896 ± 0.0970
INFO:test2.py:Epoch 26/100	Loss 11.3894 ± 0.0965
INFO:test2.py:Epoch 27/100	Loss 11.3893 ± 0.0976
INFO:test2.py:Epoch 28/100	Loss 11.3892 ± 0.0975
INFO:test2.py:Epoch 29/100	Loss 11.3891 ± 0.0974
INFO:test2.py:Epoch 30/100	Loss 11.3890 ± 0.0979
INFO:test2.py:Epoch 31/100	Loss 11.3889 ± 0.0976
INFO:test2.py:Epoch 32/100	Loss 11.3888 ± 0.0972
INFO:test2.py:Epoch 33/100	Loss 11.3887 ± 0.0978
INFO:test2.py:Epoch 34/100	Loss 11.3886 ± 0.0968
INFO:test2.py:Epoch 35/100	Loss 11.3885 ± 0.0971
INFO:test2.py:Epoch 36/100	Loss 11.3884 ± 0.0975
INFO:test2.py:Epoch 37/100	Loss 11.3883 ± 0.0974
INFO:test2.py:Epoch 38/100	Loss 11.3882 ± 0.0972
INFO:test2.py:Epoch 39/100	Loss 11.3881 ± 0.0977
INFO:test2.py:Epoch 40/100	Loss 11.3880 ± 0.0971
INFO:test2.py:Epoch 41/100	Loss 11.3880 ± 0.0975
INFO:test2.py:Epoch 42/100	Loss 11.3879 ± 0.0981
INFO:test2.py:Epoch 43/100	Loss 11.3878 ± 0.0972
INFO:test2.py:Epoch 44/100	Loss 11.3877 ± 0.0979
INFO:test2.py:Epoch 45/100	Loss 11.3876 ± 0.0975
INFO:test2.py:Epoch 46/100	Loss 11.3875 ± 0.0971
INFO:test2.py:Epoch 47/100	Loss 11.3874 ± 0.0980
INFO:test2.py:Epoch 48/100	Loss 11.3874 ± 0.0973
INFO:test2.py:Epoch 49/100	Loss 11.3873 ± 0.0977
INFO:test2.py:Validating
INFO:test2.py:batch start 	80000
INFO:test2.py:batch start 	160000
INFO:test2.py:batch start 	240000
INFO:test2.py:batch start 	320000
INFO:test2.py:batch start 	400000
INFO:test2.py:done
INFO:test2.py:metrics done
INFO:test2.py:Epoch 50/100	Loss 11.3872 ± 0.0977
INFO:test2.py:Epoch 51/100	Loss 11.3871 ± 0.0974
INFO:test2.py:Epoch 52/100	Loss 11.3870 ± 0.0968
INFO:test2.py:Epoch 53/100	Loss 11.3869 ± 0.0981
INFO:test2.py:Epoch 54/100	Loss 11.3869 ± 0.0977
INFO:test2.py:Epoch 55/100	Loss 11.3868 ± 0.0970
INFO:test2.py:Epoch 56/100	Loss 11.3867 ± 0.0975
INFO:test2.py:Epoch 57/100	Loss 11.3866 ± 0.0975
INFO:test2.py:Epoch 58/100	Loss 11.3866 ± 0.0972
INFO:test2.py:Epoch 59/100	Loss 11.3865 ± 0.0980
INFO:test2.py:Epoch 60/100	Loss 11.3865 ± 0.0981
INFO:test2.py:Epoch 61/100	Loss 11.3864 ± 0.0976
INFO:test2.py:Epoch 62/100	Loss 11.3863 ± 0.0977
INFO:test2.py:Epoch 63/100	Loss 11.3863 ± 0.0980
INFO:test2.py:Epoch 64/100	Loss 11.3862 ± 0.0976
INFO:test2.py:Epoch 65/100	Loss 11.3861 ± 0.0979
INFO:test2.py:Epoch 66/100	Loss 11.3861 ± 0.0978
INFO:test2.py:Epoch 67/100	Loss 11.3860 ± 0.0970
INFO:test2.py:Epoch 68/100	Loss 11.3860 ± 0.0981
INFO:test2.py:Epoch 69/100	Loss 11.3859 ± 0.0981
INFO:test2.py:Epoch 70/100	Loss 11.3859 ± 0.0976
INFO:test2.py:Epoch 71/100	Loss 11.3858 ± 0.0966
INFO:test2.py:Epoch 72/100	Loss 11.3858 ± 0.0975
INFO:test2.py:Epoch 73/100	Loss 11.3858 ± 0.0974
INFO:test2.py:Epoch 74/100	Loss 11.3857 ± 0.0973
INFO:test2.py:Epoch 75/100	Loss 11.3857 ± 0.0964
INFO:test2.py:Epoch 76/100	Loss 11.3856 ± 0.0974
INFO:test2.py:Epoch 77/100	Loss 11.3856 ± 0.0970
INFO:test2.py:Epoch 78/100	Loss 11.3855 ± 0.0973
INFO:test2.py:Epoch 79/100	Loss 11.3855 ± 0.0974
INFO:test2.py:Epoch 80/100	Loss 11.3855 ± 0.0976
INFO:test2.py:Epoch 81/100	Loss 11.3854 ± 0.0975
INFO:test2.py:Epoch 82/100	Loss 11.3854 ± 0.0975
INFO:test2.py:Epoch 83/100	Loss 11.3854 ± 0.0975
INFO:test2.py:Epoch 84/100	Loss 11.3853 ± 0.0971
INFO:test2.py:Epoch 85/100	Loss 11.3853 ± 0.0975
INFO:test2.py:Epoch 86/100	Loss 11.3853 ± 0.0976
INFO:test2.py:Epoch 87/100	Loss 11.3852 ± 0.0972
INFO:test2.py:Epoch 88/100	Loss 11.3852 ± 0.0979
INFO:test2.py:Epoch 89/100	Loss 11.3852 ± 0.0975
INFO:test2.py:Epoch 90/100	Loss 11.3851 ± 0.0977
INFO:test2.py:Epoch 91/100	Loss 11.3851 ± 0.0974
INFO:test2.py:Epoch 92/100	Loss 11.3851 ± 0.0967
INFO:test2.py:Epoch 93/100	Loss 11.3850 ± 0.0964
INFO:test2.py:Epoch 94/100	Loss 11.3850 ± 0.0975
INFO:test2.py:Epoch 95/100	Loss 11.3850 ± 0.0966
INFO:test2.py:Epoch 96/100	Loss 11.3850 ± 0.0968
INFO:test2.py:Epoch 97/100	Loss 11.3849 ± 0.0979
INFO:test2.py:Epoch 98/100	Loss 11.3849 ± 0.0973
INFO:test2.py:Epoch 99/100	Loss 11.3849 ± 0.0964
INFO:test2.py:Epoch 100/100	Loss 11.3848 ± 0.0975
INFO:test2.py:is bad performing False
INFO:test2.py:Done training
INFO:test2.py:in evalute for dataset: 	valid
INFO:test2.py:batch start 	80000
INFO:test2.py:batch start 	160000
INFO:test2.py:batch start 	240000
INFO:test2.py:batch start 	320000
INFO:test2.py:batch start 	400000
INFO:test2.py:done
INFO:test2.py:metrics done
INFO:test2.py:Error 	valid results	MRR 0.099990	H@1 0.033792	H@3 0.087528	H@10 0.223909	AU-ROC_raw -1.000000	AU-ROC_fil -1.000000
INFO:test2.py:in evalute for dataset: 	test
INFO:test2.py:batch start 	80000
INFO:test2.py:batch start 	160000
INFO:test2.py:batch start 	240000
INFO:test2.py:batch start 	320000
INFO:test2.py:batch start 	400000
INFO:test2.py:done
INFO:test2.py:metrics done
INFO:test2.py:Error 	test results	MRR 0.100076	H@1 0.033922	H@3 0.087475	H@10 0.223831	AU-ROC_raw -1.000000	AU-ROC_fil -1.000000
/home/acalvi/anaconda3/envs/libkge_new/lib/python3.7/site-packages/tensorflow/python/framework/dtypes.py:516: FutureWarning: Passing (type, 1) or '1type' as a synonym of type is deprecated; in a future version of numpy, it will be understood as (type, (1,)) / '(1,)type'.
  _np_qint8 = np.dtype([("qint8", np.int8, 1)])
/home/acalvi/anaconda3/envs/libkge_new/lib/python3.7/site-packages/tensorflow/python/framework/dtypes.py:517: FutureWarning: Passing (type, 1) or '1type' as a synonym of type is deprecated; in a future version of numpy, it will be understood as (type, (1,)) / '(1,)type'.
  _np_quint8 = np.dtype([("quint8", np.uint8, 1)])
/home/acalvi/anaconda3/envs/libkge_new/lib/python3.7/site-packages/tensorflow/python/framework/dtypes.py:518: FutureWarning: Passing (type, 1) or '1type' as a synonym of type is deprecated; in a future version of numpy, it will be understood as (type, (1,)) / '(1,)type'.
  _np_qint16 = np.dtype([("qint16", np.int16, 1)])
/home/acalvi/anaconda3/envs/libkge_new/lib/python3.7/site-packages/tensorflow/python/framework/dtypes.py:519: FutureWarning: Passing (type, 1) or '1type' as a synonym of type is deprecated; in a future version of numpy, it will be understood as (type, (1,)) / '(1,)type'.
  _np_quint16 = np.dtype([("quint16", np.uint16, 1)])
/home/acalvi/anaconda3/envs/libkge_new/lib/python3.7/site-packages/tensorflow/python/framework/dtypes.py:520: FutureWarning: Passing (type, 1) or '1type' as a synonym of type is deprecated; in a future version of numpy, it will be understood as (type, (1,)) / '(1,)type'.
  _np_qint32 = np.dtype([("qint32", np.int32, 1)])
/home/acalvi/anaconda3/envs/libkge_new/lib/python3.7/site-packages/tensorflow/python/framework/dtypes.py:525: FutureWarning: Passing (type, 1) or '1type' as a synonym of type is deprecated; in a future version of numpy, it will be understood as (type, (1,)) / '(1,)type'.
  np_resource = np.dtype([("resource", np.ubyte, 1)])
/home/acalvi/anaconda3/envs/libkge_new/lib/python3.7/site-packages/tensorboard/compat/tensorflow_stub/dtypes.py:541: FutureWarning: Passing (type, 1) or '1type' as a synonym of type is deprecated; in a future version of numpy, it will be understood as (type, (1,)) / '(1,)type'.
  _np_qint8 = np.dtype([("qint8", np.int8, 1)])
/home/acalvi/anaconda3/envs/libkge_new/lib/python3.7/site-packages/tensorboard/compat/tensorflow_stub/dtypes.py:542: FutureWarning: Passing (type, 1) or '1type' as a synonym of type is deprecated; in a future version of numpy, it will be understood as (type, (1,)) / '(1,)type'.
  _np_quint8 = np.dtype([("quint8", np.uint8, 1)])
/home/acalvi/anaconda3/envs/libkge_new/lib/python3.7/site-packages/tensorboard/compat/tensorflow_stub/dtypes.py:543: FutureWarning: Passing (type, 1) or '1type' as a synonym of type is deprecated; in a future version of numpy, it will be understood as (type, (1,)) / '(1,)type'.
  _np_qint16 = np.dtype([("qint16", np.int16, 1)])
/home/acalvi/anaconda3/envs/libkge_new/lib/python3.7/site-packages/tensorboard/compat/tensorflow_stub/dtypes.py:544: FutureWarning: Passing (type, 1) or '1type' as a synonym of type is deprecated; in a future version of numpy, it will be understood as (type, (1,)) / '(1,)type'.
  _np_quint16 = np.dtype([("quint16", np.uint16, 1)])
/home/acalvi/anaconda3/envs/libkge_new/lib/python3.7/site-packages/tensorboard/compat/tensorflow_stub/dtypes.py:545: FutureWarning: Passing (type, 1) or '1type' as a synonym of type is deprecated; in a future version of numpy, it will be understood as (type, (1,)) / '(1,)type'.
  _np_qint32 = np.dtype([("qint32", np.int32, 1)])
/home/acalvi/anaconda3/envs/libkge_new/lib/python3.7/site-packages/tensorboard/compat/tensorflow_stub/dtypes.py:550: FutureWarning: Passing (type, 1) or '1type' as a synonym of type is deprecated; in a future version of numpy, it will be understood as (type, (1,)) / '(1,)type'.
  np_resource = np.dtype([("resource", np.ubyte, 1)])
