./test2.py --data pse --mcl True --batch-size 268 --epochs 100 --embedding-size 100 --learning-rate 0.1 --regulariser n3 --reg-weight 0.001 --optimizer adagrad --valid --quiet
MCL True
INFO:test2.py:Valid: True
INFO:test2.py:Device: cuda
curr directory /home/acalvi/Dissertation/Aladdin/biolink
Importing dataset files ... 
<class 'biolink.embeddings.models_mc.ComplEx_MC'>
INFO:test2.py:is tucker False
INFO:test2.py:settin tucker to FALSE
INFO:test2.py:Device: cuda
INFO:test2.py:Epoch 1/100	Loss 10.6629 ± 0.3444
INFO:test2.py:Epoch 2/100	Loss 10.2486 ± 0.0865
INFO:test2.py:Epoch 3/100	Loss 10.1534 ± 0.0841
INFO:test2.py:Epoch 4/100	Loss 10.1065 ± 0.0845
INFO:test2.py:Epoch 5/100	Loss 10.0785 ± 0.0847
INFO:test2.py:Epoch 6/100	Loss 10.0594 ± 0.0854
INFO:test2.py:Epoch 7/100	Loss 10.0453 ± 0.0859
INFO:test2.py:Epoch 8/100	Loss 10.0343 ± 0.0861
INFO:test2.py:Epoch 9/100	Loss 10.0255 ± 0.0862
INFO:test2.py:Epoch 10/100	Loss 10.0181 ± 0.0858
INFO:test2.py:Epoch 11/100	Loss 10.0118 ± 0.0871
INFO:test2.py:Epoch 12/100	Loss 10.0064 ± 0.0869
INFO:test2.py:Epoch 13/100	Loss 10.0017 ± 0.0865
INFO:test2.py:Epoch 14/100	Loss 9.9976 ± 0.0870
INFO:test2.py:Epoch 15/100	Loss 9.9939 ± 0.0866
INFO:test2.py:Epoch 16/100	Loss 9.9906 ± 0.0874
INFO:test2.py:Epoch 17/100	Loss 9.9875 ± 0.0866
INFO:test2.py:Epoch 18/100	Loss 9.9848 ± 0.0862
INFO:test2.py:Epoch 19/100	Loss 9.9822 ± 0.0862
INFO:test2.py:Epoch 20/100	Loss 9.9799 ± 0.0868
INFO:test2.py:Epoch 21/100	Loss 9.9777 ± 0.0865
INFO:test2.py:Epoch 22/100	Loss 9.9757 ± 0.0862
INFO:test2.py:Epoch 23/100	Loss 9.9738 ± 0.0862
INFO:test2.py:Epoch 24/100	Loss 9.9720 ± 0.0855
INFO:test2.py:Epoch 25/100	Loss 9.9703 ± 0.0866
INFO:test2.py:Epoch 26/100	Loss 9.9688 ± 0.0866
INFO:test2.py:Epoch 27/100	Loss 9.9673 ± 0.0865
INFO:test2.py:Epoch 28/100	Loss 9.9659 ± 0.0865
INFO:test2.py:Epoch 29/100	Loss 9.9645 ± 0.0867
INFO:test2.py:Epoch 30/100	Loss 9.9633 ± 0.0865
INFO:test2.py:Epoch 31/100	Loss 9.9620 ± 0.0864
INFO:test2.py:Epoch 32/100	Loss 9.9609 ± 0.0863
INFO:test2.py:Epoch 33/100	Loss 9.9598 ± 0.0864
INFO:test2.py:Epoch 34/100	Loss 9.9587 ± 0.0859
INFO:test2.py:Epoch 35/100	Loss 9.9577 ± 0.0869
INFO:test2.py:Epoch 36/100	Loss 9.9567 ± 0.0867
INFO:test2.py:Epoch 37/100	Loss 9.9558 ± 0.0867
INFO:test2.py:Epoch 38/100	Loss 9.9549 ± 0.0862
INFO:test2.py:Epoch 39/100	Loss 9.9540 ± 0.0858
INFO:test2.py:Epoch 40/100	Loss 9.9532 ± 0.0861
INFO:test2.py:Epoch 41/100	Loss 9.9523 ± 0.0862
INFO:test2.py:Epoch 42/100	Loss 9.9516 ± 0.0860
INFO:test2.py:Epoch 43/100	Loss 9.9508 ± 0.0852
INFO:test2.py:Epoch 44/100	Loss 9.9500 ± 0.0855
INFO:test2.py:Epoch 45/100	Loss 9.9493 ± 0.0865
INFO:test2.py:Epoch 46/100	Loss 9.9487 ± 0.0869
INFO:test2.py:Epoch 47/100	Loss 9.9480 ± 0.0861
INFO:test2.py:Epoch 48/100	Loss 9.9474 ± 0.0869
INFO:test2.py:Epoch 49/100	Loss 9.9467 ± 0.0861
/home/acalvi/anaconda3/envs/libkge_new/lib/python3.7/site-packages/tensorflow/python/framework/dtypes.py:516: FutureWarning: Passing (type, 1) or '1type' as a synonym of type is deprecated; in a future version of numpy, it will be understood as (type, (1,)) / '(1,)type'.
  _np_qint8 = np.dtype([("qint8", np.int8, 1)])
/home/acalvi/anaconda3/envs/libkge_new/lib/python3.7/site-packages/tensorflow/python/framework/dtypes.py:517: FutureWarning: Passing (type, 1) or '1type' as a synonym of type is deprecated; in a future version of numpy, it will be understood as (type, (1,)) / '(1,)type'.
  _np_quint8 = np.dtype([("quint8", np.uint8, 1)])
/home/acalvi/anaconda3/envs/libkge_new/lib/python3.7/site-packages/tensorflow/python/framework/dtypes.py:518: FutureWarning: Passing (type, 1) or '1type' as a synonym of type is deprecated; in a future version of numpy, it will be understood as (type, (1,)) / '(1,)type'.
  _np_qint16 = np.dtype([("qint16", np.int16, 1)])
/home/acalvi/anaconda3/envs/libkge_new/lib/python3.7/site-packages/tensorflow/python/framework/dtypes.py:519: FutureWarning: Passing (type, 1) or '1type' as a synonym of type is deprecated; in a future version of numpy, it will be understood as (type, (1,)) / '(1,)type'.
  _np_quint16 = np.dtype([("quint16", np.uint16, 1)])
/home/acalvi/anaconda3/envs/libkge_new/lib/python3.7/site-packages/tensorflow/python/framework/dtypes.py:520: FutureWarning: Passing (type, 1) or '1type' as a synonym of type is deprecated; in a future version of numpy, it will be understood as (type, (1,)) / '(1,)type'.
  _np_qint32 = np.dtype([("qint32", np.int32, 1)])
/home/acalvi/anaconda3/envs/libkge_new/lib/python3.7/site-packages/tensorflow/python/framework/dtypes.py:525: FutureWarning: Passing (type, 1) or '1type' as a synonym of type is deprecated; in a future version of numpy, it will be understood as (type, (1,)) / '(1,)type'.
  np_resource = np.dtype([("resource", np.ubyte, 1)])
/home/acalvi/anaconda3/envs/libkge_new/lib/python3.7/site-packages/tensorboard/compat/tensorflow_stub/dtypes.py:541: FutureWarning: Passing (type, 1) or '1type' as a synonym of type is deprecated; in a future version of numpy, it will be understood as (type, (1,)) / '(1,)type'.
  _np_qint8 = np.dtype([("qint8", np.int8, 1)])
/home/acalvi/anaconda3/envs/libkge_new/lib/python3.7/site-packages/tensorboard/compat/tensorflow_stub/dtypes.py:542: FutureWarning: Passing (type, 1) or '1type' as a synonym of type is deprecated; in a future version of numpy, it will be understood as (type, (1,)) / '(1,)type'.
  _np_quint8 = np.dtype([("quint8", np.uint8, 1)])
/home/acalvi/anaconda3/envs/libkge_new/lib/python3.7/site-packages/tensorboard/compat/tensorflow_stub/dtypes.py:543: FutureWarning: Passing (type, 1) or '1type' as a synonym of type is deprecated; in a future version of numpy, it will be understood as (type, (1,)) / '(1,)type'.
  _np_qint16 = np.dtype([("qint16", np.int16, 1)])
/home/acalvi/anaconda3/envs/libkge_new/lib/python3.7/site-packages/tensorboard/compat/tensorflow_stub/dtypes.py:544: FutureWarning: Passing (type, 1) or '1type' as a synonym of type is deprecated; in a future version of numpy, it will be understood as (type, (1,)) / '(1,)type'.
  _np_quint16 = np.dtype([("quint16", np.uint16, 1)])
/home/acalvi/anaconda3/envs/libkge_new/lib/python3.7/site-packages/tensorboard/compat/tensorflow_stub/dtypes.py:545: FutureWarning: Passing (type, 1) or '1type' as a synonym of type is deprecated; in a future version of numpy, it will be understood as (type, (1,)) / '(1,)type'.
  _np_qint32 = np.dtype([("qint32", np.int32, 1)])
/home/acalvi/anaconda3/envs/libkge_new/lib/python3.7/site-packages/tensorboard/compat/tensorflow_stub/dtypes.py:550: FutureWarning: Passing (type, 1) or '1type' as a synonym of type is deprecated; in a future version of numpy, it will be understood as (type, (1,)) / '(1,)type'.
  np_resource = np.dtype([("resource", np.ubyte, 1)])
Traceback (most recent call last):
  File "./test2.py", line 15, in <module>
    main(sys.argv[1:])
  File "./test2.py", line 10, in main
    experiment_ComplEx.main(argv)
  File "/home/acalvi/Dissertation/Aladdin/biolink/testing/experiment_ComplEx.py", line 171, in main
    train.train(model, regulariser, optimizer, train_data, valid_data, bench_idx_data, args, scheduler=scheduler)
  File "/home/acalvi/Dissertation/Aladdin/biolink/utility/train.py", line 40, in train
    train_mc(model, regulariser, optimiser, data, valid_data, all_data, args, scheduler=scheduler)
  File "/home/acalvi/Dissertation/Aladdin/biolink/utility/train.py", line 236, in train_mc
    if ((epoch+1) == 50) and valid:
NameError: name 'valid' is not defined
