./test2.py --data pse --mcl True --batch-size 128 --epochs 100 --embedding-size 150 --learning-rate 0.1 --regulariser n3 --reg-weight 0.05 --optimizer adagrad --valid --quiet
MCL True
INFO:test2.py:Valid: True
INFO:test2.py:Device: cuda
curr directory /home/acalvi/Dissertation/Aladdin/biolink
Importing dataset files ... 
<class 'biolink.embeddings.models_mc.ComplEx_MC'>
INFO:test2.py:is tucker False
INFO:test2.py:Device: cuda
INFO:test2.py:Epoch 1/100	Loss 11.5224 ± 0.2181
INFO:test2.py:Epoch 2/100	Loss 11.4284 ± 0.1032
INFO:test2.py:Epoch 3/100	Loss 11.4163 ± 0.1009
INFO:test2.py:Epoch 4/100	Loss 11.4097 ± 0.1000
INFO:test2.py:Epoch 5/100	Loss 11.4044 ± 0.0996
INFO:test2.py:Epoch 6/100	Loss 11.3997 ± 0.0991
INFO:test2.py:Epoch 7/100	Loss 11.3964 ± 0.0981
INFO:test2.py:Epoch 8/100	Loss 11.3942 ± 0.0982
INFO:test2.py:Epoch 9/100	Loss 11.3925 ± 0.0990
INFO:test2.py:Epoch 10/100	Loss 11.3913 ± 0.0982
INFO:test2.py:Epoch 11/100	Loss 11.3903 ± 0.0984
INFO:test2.py:Epoch 12/100	Loss 11.3895 ± 0.0979
INFO:test2.py:Epoch 13/100	Loss 11.3888 ± 0.0984
INFO:test2.py:Epoch 14/100	Loss 11.3882 ± 0.0981
INFO:test2.py:Epoch 15/100	Loss 11.3876 ± 0.0979
INFO:test2.py:Epoch 16/100	Loss 11.3872 ± 0.0977
INFO:test2.py:Epoch 17/100	Loss 11.3867 ± 0.0969
INFO:test2.py:Epoch 18/100	Loss 11.3863 ± 0.0976
INFO:test2.py:Epoch 19/100	Loss 11.3859 ± 0.0966
INFO:test2.py:Epoch 20/100	Loss 11.3855 ± 0.0967
INFO:test2.py:Epoch 21/100	Loss 11.3852 ± 0.0974
INFO:test2.py:Epoch 22/100	Loss 11.3849 ± 0.0972
INFO:test2.py:Epoch 23/100	Loss 11.3846 ± 0.0971
INFO:test2.py:Epoch 24/100	Loss 11.3843 ± 0.0977
INFO:test2.py:Epoch 25/100	Loss 11.3841 ± 0.0975
INFO:test2.py:Epoch 26/100	Loss 11.3838 ± 0.0971
INFO:test2.py:Epoch 27/100	Loss 11.3836 ± 0.0972
INFO:test2.py:Epoch 28/100	Loss 11.3834 ± 0.0981
INFO:test2.py:Epoch 29/100	Loss 11.3832 ± 0.0969
INFO:test2.py:Epoch 30/100	Loss 11.3830 ± 0.0973
INFO:test2.py:Epoch 31/100	Loss 11.3829 ± 0.0964
INFO:test2.py:Epoch 32/100	Loss 11.3827 ± 0.0979
INFO:test2.py:Epoch 33/100	Loss 11.3825 ± 0.0968
INFO:test2.py:Epoch 34/100	Loss 11.3824 ± 0.0967
INFO:test2.py:Epoch 35/100	Loss 11.3822 ± 0.0966
INFO:test2.py:Epoch 36/100	Loss 11.3821 ± 0.0973
INFO:test2.py:Epoch 37/100	Loss 11.3820 ± 0.0971
INFO:test2.py:Epoch 38/100	Loss 11.3819 ± 0.0967
INFO:test2.py:Epoch 39/100	Loss 11.3817 ± 0.0963
INFO:test2.py:Epoch 40/100	Loss 11.3816 ± 0.0967
INFO:test2.py:Epoch 41/100	Loss 11.3815 ± 0.0968
INFO:test2.py:Epoch 42/100	Loss 11.3814 ± 0.0965
INFO:test2.py:Epoch 43/100	Loss 11.3813 ± 0.0970
INFO:test2.py:Epoch 44/100	Loss 11.3812 ± 0.0966
INFO:test2.py:Epoch 45/100	Loss 11.3811 ± 0.0961
INFO:test2.py:Epoch 46/100	Loss 11.3810 ± 0.0970
INFO:test2.py:Epoch 47/100	Loss 11.3809 ± 0.0974
INFO:test2.py:Epoch 48/100	Loss 11.3808 ± 0.0972
INFO:test2.py:Epoch 49/100	Loss 11.3807 ± 0.0973
INFO:test2.py:Epoch 50/100	Loss 11.3807 ± 0.0964
INFO:test2.py:Epoch 51/100	Loss 11.3806 ± 0.0966
INFO:test2.py:Epoch 52/100	Loss 11.3805 ± 0.0969
INFO:test2.py:Epoch 53/100	Loss 11.3804 ± 0.0968
INFO:test2.py:Epoch 54/100	Loss 11.3803 ± 0.0967
INFO:test2.py:Epoch 55/100	Loss 11.3802 ± 0.0971
INFO:test2.py:Epoch 56/100	Loss 11.3802 ± 0.0963
INFO:test2.py:Epoch 57/100	Loss 11.3801 ± 0.0971
INFO:test2.py:Epoch 58/100	Loss 11.3800 ± 0.0966
INFO:test2.py:Epoch 59/100	Loss 11.3799 ± 0.0964
INFO:test2.py:Epoch 60/100	Loss 11.3799 ± 0.0978
INFO:test2.py:Epoch 61/100	Loss 11.3798 ± 0.0973
INFO:test2.py:Epoch 62/100	Loss 11.3797 ± 0.0960
INFO:test2.py:Epoch 63/100	Loss 11.3797 ± 0.0965
INFO:test2.py:Epoch 64/100	Loss 11.3796 ± 0.0978
INFO:test2.py:Epoch 65/100	Loss 11.3795 ± 0.0957
INFO:test2.py:Epoch 66/100	Loss 11.3795 ± 0.0969
INFO:test2.py:Epoch 67/100	Loss 11.3794 ± 0.0971
INFO:test2.py:Epoch 68/100	Loss 11.3794 ± 0.0966
INFO:test2.py:Epoch 69/100	Loss 11.3793 ± 0.0967
INFO:test2.py:Epoch 70/100	Loss 11.3793 ± 0.0965
INFO:test2.py:Epoch 71/100	Loss 11.3792 ± 0.0960
INFO:test2.py:Epoch 72/100	Loss 11.3792 ± 0.0974
INFO:test2.py:Epoch 73/100	Loss 11.3791 ± 0.0962
INFO:test2.py:Epoch 74/100	Loss 11.3791 ± 0.0967
INFO:test2.py:Epoch 75/100	Loss 11.3790 ± 0.0964
INFO:test2.py:Epoch 76/100	Loss 11.3789 ± 0.0964
INFO:test2.py:Epoch 77/100	Loss 11.3789 ± 0.0976
INFO:test2.py:Epoch 78/100	Loss 11.3789 ± 0.0968
INFO:test2.py:Epoch 79/100	Loss 11.3788 ± 0.0963
INFO:test2.py:Epoch 80/100	Loss 11.3788 ± 0.0962
INFO:test2.py:Epoch 81/100	Loss 11.3787 ± 0.0970
INFO:test2.py:Epoch 82/100	Loss 11.3787 ± 0.0966
INFO:test2.py:Epoch 83/100	Loss 11.3786 ± 0.0966
INFO:test2.py:Epoch 84/100	Loss 11.3786 ± 0.0965
INFO:test2.py:Epoch 85/100	Loss 11.3786 ± 0.0961
INFO:test2.py:Epoch 86/100	Loss 11.3785 ± 0.0970
INFO:test2.py:Epoch 87/100	Loss 11.3785 ± 0.0965
INFO:test2.py:Epoch 88/100	Loss 11.3785 ± 0.0964
INFO:test2.py:Epoch 89/100	Loss 11.3784 ± 0.0969
INFO:test2.py:Epoch 90/100	Loss 11.3784 ± 0.0965
INFO:test2.py:Epoch 91/100	Loss 11.3784 ± 0.0964
INFO:test2.py:Epoch 92/100	Loss 11.3783 ± 0.0965
INFO:test2.py:Epoch 93/100	Loss 11.3783 ± 0.0963
INFO:test2.py:Epoch 94/100	Loss 11.3783 ± 0.0966
INFO:test2.py:Epoch 95/100	Loss 11.3782 ± 0.0974
INFO:test2.py:Epoch 96/100	Loss 11.3782 ± 0.0970
INFO:test2.py:Epoch 97/100	Loss 11.3781 ± 0.0969
INFO:test2.py:Epoch 98/100	Loss 11.3781 ± 0.0964
INFO:test2.py:Epoch 99/100	Loss 11.3781 ± 0.0968
INFO:test2.py:Epoch 100/100	Loss 11.3781 ± 0.0965
INFO:test2.py:is bad performing False
INFO:test2.py:Done training
INFO:test2.py:in evalute for dataset: 	valid
INFO:test2.py:batch start 	80000
INFO:test2.py:batch start 	160000
INFO:test2.py:batch start 	240000
INFO:test2.py:batch start 	320000
INFO:test2.py:batch start 	400000
INFO:test2.py:done
INFO:test2.py:done not filtered aucroc
INFO:test2.py:metrics done
INFO:test2.py:Error 	valid results	MRR 0.101889	H@1 0.034923	H@3 0.089805	H@10 0.227447	AU-ROC_raw -1.000000	AU-ROC_fil -1.000000
INFO:test2.py:in evalute for dataset: 	test
INFO:test2.py:batch start 	80000
INFO:test2.py:batch start 	160000
INFO:test2.py:batch start 	240000
INFO:test2.py:batch start 	320000
INFO:test2.py:batch start 	400000
INFO:test2.py:done
INFO:test2.py:done not filtered aucroc
INFO:test2.py:metrics done
INFO:test2.py:Error 	test results	MRR 0.101852	H@1 0.034824	H@3 0.089712	H@10 0.227827	AU-ROC_raw -1.000000	AU-ROC_fil -1.000000
/home/acalvi/anaconda3/envs/libkge_new/lib/python3.7/site-packages/tensorflow/python/framework/dtypes.py:516: FutureWarning: Passing (type, 1) or '1type' as a synonym of type is deprecated; in a future version of numpy, it will be understood as (type, (1,)) / '(1,)type'.
  _np_qint8 = np.dtype([("qint8", np.int8, 1)])
/home/acalvi/anaconda3/envs/libkge_new/lib/python3.7/site-packages/tensorflow/python/framework/dtypes.py:517: FutureWarning: Passing (type, 1) or '1type' as a synonym of type is deprecated; in a future version of numpy, it will be understood as (type, (1,)) / '(1,)type'.
  _np_quint8 = np.dtype([("quint8", np.uint8, 1)])
/home/acalvi/anaconda3/envs/libkge_new/lib/python3.7/site-packages/tensorflow/python/framework/dtypes.py:518: FutureWarning: Passing (type, 1) or '1type' as a synonym of type is deprecated; in a future version of numpy, it will be understood as (type, (1,)) / '(1,)type'.
  _np_qint16 = np.dtype([("qint16", np.int16, 1)])
/home/acalvi/anaconda3/envs/libkge_new/lib/python3.7/site-packages/tensorflow/python/framework/dtypes.py:519: FutureWarning: Passing (type, 1) or '1type' as a synonym of type is deprecated; in a future version of numpy, it will be understood as (type, (1,)) / '(1,)type'.
  _np_quint16 = np.dtype([("quint16", np.uint16, 1)])
/home/acalvi/anaconda3/envs/libkge_new/lib/python3.7/site-packages/tensorflow/python/framework/dtypes.py:520: FutureWarning: Passing (type, 1) or '1type' as a synonym of type is deprecated; in a future version of numpy, it will be understood as (type, (1,)) / '(1,)type'.
  _np_qint32 = np.dtype([("qint32", np.int32, 1)])
/home/acalvi/anaconda3/envs/libkge_new/lib/python3.7/site-packages/tensorflow/python/framework/dtypes.py:525: FutureWarning: Passing (type, 1) or '1type' as a synonym of type is deprecated; in a future version of numpy, it will be understood as (type, (1,)) / '(1,)type'.
  np_resource = np.dtype([("resource", np.ubyte, 1)])
/home/acalvi/anaconda3/envs/libkge_new/lib/python3.7/site-packages/tensorboard/compat/tensorflow_stub/dtypes.py:541: FutureWarning: Passing (type, 1) or '1type' as a synonym of type is deprecated; in a future version of numpy, it will be understood as (type, (1,)) / '(1,)type'.
  _np_qint8 = np.dtype([("qint8", np.int8, 1)])
/home/acalvi/anaconda3/envs/libkge_new/lib/python3.7/site-packages/tensorboard/compat/tensorflow_stub/dtypes.py:542: FutureWarning: Passing (type, 1) or '1type' as a synonym of type is deprecated; in a future version of numpy, it will be understood as (type, (1,)) / '(1,)type'.
  _np_quint8 = np.dtype([("quint8", np.uint8, 1)])
/home/acalvi/anaconda3/envs/libkge_new/lib/python3.7/site-packages/tensorboard/compat/tensorflow_stub/dtypes.py:543: FutureWarning: Passing (type, 1) or '1type' as a synonym of type is deprecated; in a future version of numpy, it will be understood as (type, (1,)) / '(1,)type'.
  _np_qint16 = np.dtype([("qint16", np.int16, 1)])
/home/acalvi/anaconda3/envs/libkge_new/lib/python3.7/site-packages/tensorboard/compat/tensorflow_stub/dtypes.py:544: FutureWarning: Passing (type, 1) or '1type' as a synonym of type is deprecated; in a future version of numpy, it will be understood as (type, (1,)) / '(1,)type'.
  _np_quint16 = np.dtype([("quint16", np.uint16, 1)])
/home/acalvi/anaconda3/envs/libkge_new/lib/python3.7/site-packages/tensorboard/compat/tensorflow_stub/dtypes.py:545: FutureWarning: Passing (type, 1) or '1type' as a synonym of type is deprecated; in a future version of numpy, it will be understood as (type, (1,)) / '(1,)type'.
  _np_qint32 = np.dtype([("qint32", np.int32, 1)])
/home/acalvi/anaconda3/envs/libkge_new/lib/python3.7/site-packages/tensorboard/compat/tensorflow_stub/dtypes.py:550: FutureWarning: Passing (type, 1) or '1type' as a synonym of type is deprecated; in a future version of numpy, it will be understood as (type, (1,)) / '(1,)type'.
  np_resource = np.dtype([("resource", np.ubyte, 1)])
