./test2.py --data pse --mcl True --batch-size 268 --epochs 100 --embedding-size 50 --learning-rate 0.01 --regulariser n3 --reg-weight 0.1 --optimizer adagrad --valid --quiet
MCL True
INFO:test2.py:Valid: True
INFO:test2.py:Device: cuda
curr directory /home/acalvi/Dissertation/Aladdin/biolink
Importing dataset files ... 
<class 'biolink.embeddings.models_mc.ComplEx_MC'>
INFO:test2.py:is tucker False
INFO:test2.py:Device: cuda
INFO:test2.py:Epoch 1/100	Loss 12.1643 ± 0.1706
INFO:test2.py:Epoch 2/100	Loss 12.0157 ± 0.0663
INFO:test2.py:Epoch 3/100	Loss 11.9978 ± 0.0646
INFO:test2.py:Epoch 4/100	Loss 11.9886 ± 0.0642
INFO:test2.py:Epoch 5/100	Loss 11.9826 ± 0.0642
INFO:test2.py:Epoch 6/100	Loss 11.9781 ± 0.0643
INFO:test2.py:Epoch 7/100	Loss 11.9747 ± 0.0643
INFO:test2.py:Epoch 8/100	Loss 11.9719 ± 0.0644
INFO:test2.py:Epoch 9/100	Loss 11.9696 ± 0.0643
INFO:test2.py:Epoch 10/100	Loss 11.9676 ± 0.0640
INFO:test2.py:Epoch 11/100	Loss 11.9659 ± 0.0644
INFO:test2.py:Epoch 12/100	Loss 11.9644 ± 0.0642
INFO:test2.py:Epoch 13/100	Loss 11.9631 ± 0.0637
INFO:test2.py:Epoch 14/100	Loss 11.9618 ± 0.0641
INFO:test2.py:Epoch 15/100	Loss 11.9607 ± 0.0637
INFO:test2.py:Epoch 16/100	Loss 11.9597 ± 0.0638
INFO:test2.py:Epoch 17/100	Loss 11.9588 ± 0.0640
INFO:test2.py:Epoch 18/100	Loss 11.9579 ± 0.0640
INFO:test2.py:Epoch 19/100	Loss 11.9571 ± 0.0640
INFO:test2.py:Epoch 20/100	Loss 11.9564 ± 0.0642
INFO:test2.py:Epoch 21/100	Loss 11.9557 ± 0.0630
INFO:test2.py:Epoch 22/100	Loss 11.9550 ± 0.0639
INFO:test2.py:Epoch 23/100	Loss 11.9544 ± 0.0639
INFO:test2.py:Epoch 24/100	Loss 11.9537 ± 0.0642
INFO:test2.py:Epoch 25/100	Loss 11.9532 ± 0.0639
INFO:test2.py:Epoch 26/100	Loss 11.9526 ± 0.0639
INFO:test2.py:Epoch 27/100	Loss 11.9521 ± 0.0632
INFO:test2.py:Epoch 28/100	Loss 11.9516 ± 0.0634
INFO:test2.py:Epoch 29/100	Loss 11.9511 ± 0.0635
INFO:test2.py:Epoch 30/100	Loss 11.9507 ± 0.0644
INFO:test2.py:Epoch 31/100	Loss 11.9502 ± 0.0643
INFO:test2.py:Epoch 32/100	Loss 11.9498 ± 0.0640
INFO:test2.py:Epoch 33/100	Loss 11.9494 ± 0.0636
INFO:test2.py:Epoch 34/100	Loss 11.9490 ± 0.0641
INFO:test2.py:Epoch 35/100	Loss 11.9486 ± 0.0639
INFO:test2.py:Epoch 36/100	Loss 11.9483 ± 0.0644
INFO:test2.py:Epoch 37/100	Loss 11.9479 ± 0.0637
INFO:test2.py:Epoch 38/100	Loss 11.9476 ± 0.0641
INFO:test2.py:Epoch 39/100	Loss 11.9473 ± 0.0648
INFO:test2.py:Epoch 40/100	Loss 11.9470 ± 0.0641
INFO:test2.py:Epoch 41/100	Loss 11.9467 ± 0.0639
INFO:test2.py:Epoch 42/100	Loss 11.9464 ± 0.0639
INFO:test2.py:Epoch 43/100	Loss 11.9462 ± 0.0635
INFO:test2.py:Epoch 44/100	Loss 11.9459 ± 0.0642
INFO:test2.py:Epoch 45/100	Loss 11.9457 ± 0.0648
INFO:test2.py:Epoch 46/100	Loss 11.9454 ± 0.0638
INFO:test2.py:Epoch 47/100	Loss 11.9452 ± 0.0639
INFO:test2.py:Epoch 48/100	Loss 11.9450 ± 0.0642
INFO:test2.py:Epoch 49/100	Loss 11.9448 ± 0.0639
INFO:test2.py:Epoch 50/100	Loss 11.9446 ± 0.0645
INFO:test2.py:Epoch 51/100	Loss 11.9444 ± 0.0637
INFO:test2.py:Epoch 52/100	Loss 11.9442 ± 0.0632
INFO:test2.py:Epoch 53/100	Loss 11.9440 ± 0.0639
INFO:test2.py:Epoch 54/100	Loss 11.9439 ± 0.0636
INFO:test2.py:Epoch 55/100	Loss 11.9437 ± 0.0638
INFO:test2.py:Epoch 56/100	Loss 11.9435 ± 0.0637
INFO:test2.py:Epoch 57/100	Loss 11.9434 ± 0.0645
INFO:test2.py:Epoch 58/100	Loss 11.9432 ± 0.0643
INFO:test2.py:Epoch 59/100	Loss 11.9431 ± 0.0644
INFO:test2.py:Epoch 60/100	Loss 11.9429 ± 0.0645
INFO:test2.py:Epoch 61/100	Loss 11.9428 ± 0.0648
INFO:test2.py:Epoch 62/100	Loss 11.9427 ± 0.0641
INFO:test2.py:Epoch 63/100	Loss 11.9426 ± 0.0648
INFO:test2.py:Epoch 64/100	Loss 11.9424 ± 0.0639
INFO:test2.py:Epoch 65/100	Loss 11.9423 ± 0.0642
INFO:test2.py:Epoch 66/100	Loss 11.9422 ± 0.0642
INFO:test2.py:Epoch 67/100	Loss 11.9421 ± 0.0635
INFO:test2.py:Epoch 68/100	Loss 11.9420 ± 0.0649
INFO:test2.py:Epoch 69/100	Loss 11.9419 ± 0.0651
INFO:test2.py:Epoch 70/100	Loss 11.9418 ± 0.0637
INFO:test2.py:Epoch 71/100	Loss 11.9417 ± 0.0635
INFO:test2.py:Epoch 72/100	Loss 11.9416 ± 0.0647
INFO:test2.py:Epoch 73/100	Loss 11.9415 ± 0.0638
INFO:test2.py:Epoch 74/100	Loss 11.9414 ± 0.0638
INFO:test2.py:Epoch 75/100	Loss 11.9413 ± 0.0640
INFO:test2.py:Epoch 76/100	Loss 11.9413 ± 0.0646
INFO:test2.py:Epoch 77/100	Loss 11.9412 ± 0.0644
INFO:test2.py:Epoch 78/100	Loss 11.9411 ± 0.0642
INFO:test2.py:Epoch 79/100	Loss 11.9410 ± 0.0650
INFO:test2.py:Epoch 80/100	Loss 11.9409 ± 0.0644
INFO:test2.py:Epoch 81/100	Loss 11.9409 ± 0.0643
INFO:test2.py:Epoch 82/100	Loss 11.9408 ± 0.0646
INFO:test2.py:Epoch 83/100	Loss 11.9407 ± 0.0640
INFO:test2.py:Epoch 84/100	Loss 11.9407 ± 0.0643
INFO:test2.py:Epoch 85/100	Loss 11.9406 ± 0.0642
INFO:test2.py:Epoch 86/100	Loss 11.9405 ± 0.0640
INFO:test2.py:Epoch 87/100	Loss 11.9405 ± 0.0643
INFO:test2.py:Epoch 88/100	Loss 11.9404 ± 0.0647
INFO:test2.py:Epoch 89/100	Loss 11.9403 ± 0.0641
INFO:test2.py:Epoch 90/100	Loss 11.9403 ± 0.0639
INFO:test2.py:Epoch 91/100	Loss 11.9402 ± 0.0645
INFO:test2.py:Epoch 92/100	Loss 11.9402 ± 0.0636
INFO:test2.py:Epoch 93/100	Loss 11.9401 ± 0.0643
INFO:test2.py:Epoch 94/100	Loss 11.9400 ± 0.0647
INFO:test2.py:Epoch 95/100	Loss 11.9400 ± 0.0640
INFO:test2.py:Epoch 96/100	Loss 11.9399 ± 0.0645
INFO:test2.py:Epoch 97/100	Loss 11.9399 ± 0.0648
INFO:test2.py:Epoch 98/100	Loss 11.9398 ± 0.0640
INFO:test2.py:Epoch 99/100	Loss 11.9398 ± 0.0639
INFO:test2.py:Epoch 100/100	Loss 11.9397 ± 0.0644
INFO:test2.py:is bad performing False
INFO:test2.py:Done training
INFO:test2.py:in evalute for dataset: 	valid
INFO:test2.py:done
INFO:test2.py:done not filtered aucroc
INFO:test2.py:metrics done
INFO:test2.py:Error 	valid results	MRR 0.083387	H@1 0.026496	H@3 0.069517	H@10 0.183907	AU-ROC_raw -1.000000	AU-ROC_fil -1.000000
INFO:test2.py:in evalute for dataset: 	test
INFO:test2.py:done
INFO:test2.py:done not filtered aucroc
INFO:test2.py:metrics done
INFO:test2.py:Error 	test results	MRR 0.083289	H@1 0.026480	H@3 0.069350	H@10 0.183286	AU-ROC_raw -1.000000	AU-ROC_fil -1.000000
/home/acalvi/anaconda3/envs/libkge_new/lib/python3.7/site-packages/tensorflow/python/framework/dtypes.py:516: FutureWarning: Passing (type, 1) or '1type' as a synonym of type is deprecated; in a future version of numpy, it will be understood as (type, (1,)) / '(1,)type'.
  _np_qint8 = np.dtype([("qint8", np.int8, 1)])
/home/acalvi/anaconda3/envs/libkge_new/lib/python3.7/site-packages/tensorflow/python/framework/dtypes.py:517: FutureWarning: Passing (type, 1) or '1type' as a synonym of type is deprecated; in a future version of numpy, it will be understood as (type, (1,)) / '(1,)type'.
  _np_quint8 = np.dtype([("quint8", np.uint8, 1)])
/home/acalvi/anaconda3/envs/libkge_new/lib/python3.7/site-packages/tensorflow/python/framework/dtypes.py:518: FutureWarning: Passing (type, 1) or '1type' as a synonym of type is deprecated; in a future version of numpy, it will be understood as (type, (1,)) / '(1,)type'.
  _np_qint16 = np.dtype([("qint16", np.int16, 1)])
/home/acalvi/anaconda3/envs/libkge_new/lib/python3.7/site-packages/tensorflow/python/framework/dtypes.py:519: FutureWarning: Passing (type, 1) or '1type' as a synonym of type is deprecated; in a future version of numpy, it will be understood as (type, (1,)) / '(1,)type'.
  _np_quint16 = np.dtype([("quint16", np.uint16, 1)])
/home/acalvi/anaconda3/envs/libkge_new/lib/python3.7/site-packages/tensorflow/python/framework/dtypes.py:520: FutureWarning: Passing (type, 1) or '1type' as a synonym of type is deprecated; in a future version of numpy, it will be understood as (type, (1,)) / '(1,)type'.
  _np_qint32 = np.dtype([("qint32", np.int32, 1)])
/home/acalvi/anaconda3/envs/libkge_new/lib/python3.7/site-packages/tensorflow/python/framework/dtypes.py:525: FutureWarning: Passing (type, 1) or '1type' as a synonym of type is deprecated; in a future version of numpy, it will be understood as (type, (1,)) / '(1,)type'.
  np_resource = np.dtype([("resource", np.ubyte, 1)])
/home/acalvi/anaconda3/envs/libkge_new/lib/python3.7/site-packages/tensorboard/compat/tensorflow_stub/dtypes.py:541: FutureWarning: Passing (type, 1) or '1type' as a synonym of type is deprecated; in a future version of numpy, it will be understood as (type, (1,)) / '(1,)type'.
  _np_qint8 = np.dtype([("qint8", np.int8, 1)])
/home/acalvi/anaconda3/envs/libkge_new/lib/python3.7/site-packages/tensorboard/compat/tensorflow_stub/dtypes.py:542: FutureWarning: Passing (type, 1) or '1type' as a synonym of type is deprecated; in a future version of numpy, it will be understood as (type, (1,)) / '(1,)type'.
  _np_quint8 = np.dtype([("quint8", np.uint8, 1)])
/home/acalvi/anaconda3/envs/libkge_new/lib/python3.7/site-packages/tensorboard/compat/tensorflow_stub/dtypes.py:543: FutureWarning: Passing (type, 1) or '1type' as a synonym of type is deprecated; in a future version of numpy, it will be understood as (type, (1,)) / '(1,)type'.
  _np_qint16 = np.dtype([("qint16", np.int16, 1)])
/home/acalvi/anaconda3/envs/libkge_new/lib/python3.7/site-packages/tensorboard/compat/tensorflow_stub/dtypes.py:544: FutureWarning: Passing (type, 1) or '1type' as a synonym of type is deprecated; in a future version of numpy, it will be understood as (type, (1,)) / '(1,)type'.
  _np_quint16 = np.dtype([("quint16", np.uint16, 1)])
/home/acalvi/anaconda3/envs/libkge_new/lib/python3.7/site-packages/tensorboard/compat/tensorflow_stub/dtypes.py:545: FutureWarning: Passing (type, 1) or '1type' as a synonym of type is deprecated; in a future version of numpy, it will be understood as (type, (1,)) / '(1,)type'.
  _np_qint32 = np.dtype([("qint32", np.int32, 1)])
/home/acalvi/anaconda3/envs/libkge_new/lib/python3.7/site-packages/tensorboard/compat/tensorflow_stub/dtypes.py:550: FutureWarning: Passing (type, 1) or '1type' as a synonym of type is deprecated; in a future version of numpy, it will be understood as (type, (1,)) / '(1,)type'.
  np_resource = np.dtype([("resource", np.ubyte, 1)])
