./test2.py --data pse --mcl True --batch-size 512 --epochs 100 --embedding-size 100 --learning-rate 0.01 --regulariser n3 --reg-weight 0.005 --optimizer adagrad --valid --quiet
MCL True
INFO:test2.py:Valid: True
INFO:test2.py:Device: cuda
curr directory /home/acalvi/Dissertation/Aladdin/biolink
Importing dataset files ... 
<class 'biolink.embeddings.models_mc.ComplEx_MC'>
INFO:test2.py:is tucker False
INFO:test2.py:Device: cuda
INFO:test2.py:Epoch 1/100	Loss 11.1125 ± 0.4203
INFO:test2.py:Epoch 2/100	Loss 10.7249 ± 0.0688
INFO:test2.py:Epoch 3/100	Loss 10.6338 ± 0.0592
INFO:test2.py:Epoch 4/100	Loss 10.5918 ± 0.0574
INFO:test2.py:Epoch 5/100	Loss 10.5655 ± 0.0571
INFO:test2.py:Epoch 6/100	Loss 10.5462 ± 0.0572
INFO:test2.py:Epoch 7/100	Loss 10.5309 ± 0.0575
INFO:test2.py:Epoch 8/100	Loss 10.5182 ± 0.0577
INFO:test2.py:Epoch 9/100	Loss 10.5072 ± 0.0578
INFO:test2.py:Epoch 10/100	Loss 10.4975 ± 0.0578
INFO:test2.py:Epoch 11/100	Loss 10.4889 ± 0.0580
INFO:test2.py:Epoch 12/100	Loss 10.4810 ± 0.0573
INFO:test2.py:Epoch 13/100	Loss 10.4737 ± 0.0577
INFO:test2.py:Epoch 14/100	Loss 10.4671 ± 0.0579
INFO:test2.py:Epoch 15/100	Loss 10.4609 ± 0.0571
INFO:test2.py:Epoch 16/100	Loss 10.4551 ± 0.0585
INFO:test2.py:Epoch 17/100	Loss 10.4496 ± 0.0571
INFO:test2.py:Epoch 18/100	Loss 10.4445 ± 0.0572
INFO:test2.py:Epoch 19/100	Loss 10.4397 ± 0.0573
INFO:test2.py:Epoch 20/100	Loss 10.4351 ± 0.0574
INFO:test2.py:Epoch 21/100	Loss 10.4308 ± 0.0575
INFO:test2.py:Epoch 22/100	Loss 10.4266 ± 0.0580
INFO:test2.py:Epoch 23/100	Loss 10.4227 ± 0.0568
INFO:test2.py:Epoch 24/100	Loss 10.4190 ± 0.0561
INFO:test2.py:Epoch 25/100	Loss 10.4153 ± 0.0575
INFO:test2.py:Epoch 26/100	Loss 10.4119 ± 0.0578
INFO:test2.py:Epoch 27/100	Loss 10.4086 ± 0.0573
INFO:test2.py:Epoch 28/100	Loss 10.4054 ± 0.0577
INFO:test2.py:Epoch 29/100	Loss 10.4024 ± 0.0572
INFO:test2.py:Epoch 30/100	Loss 10.3994 ± 0.0575
INFO:test2.py:Epoch 31/100	Loss 10.3967 ± 0.0580
INFO:test2.py:Epoch 32/100	Loss 10.3939 ± 0.0574
INFO:test2.py:Epoch 33/100	Loss 10.3913 ± 0.0576
INFO:test2.py:Epoch 34/100	Loss 10.3888 ± 0.0568
INFO:test2.py:Epoch 35/100	Loss 10.3864 ± 0.0580
INFO:test2.py:Epoch 36/100	Loss 10.3840 ± 0.0574
INFO:test2.py:Epoch 37/100	Loss 10.3817 ± 0.0582
INFO:test2.py:Epoch 38/100	Loss 10.3795 ± 0.0578
INFO:test2.py:Epoch 39/100	Loss 10.3773 ± 0.0567
INFO:test2.py:Epoch 40/100	Loss 10.3753 ± 0.0569
INFO:test2.py:Epoch 41/100	Loss 10.3733 ± 0.0581
INFO:test2.py:Epoch 42/100	Loss 10.3713 ± 0.0577
INFO:test2.py:Epoch 43/100	Loss 10.3695 ± 0.0573
INFO:test2.py:Epoch 44/100	Loss 10.3676 ± 0.0572
INFO:test2.py:Epoch 45/100	Loss 10.3659 ± 0.0572
INFO:test2.py:Epoch 46/100	Loss 10.3641 ± 0.0580
INFO:test2.py:Epoch 47/100	Loss 10.3624 ± 0.0569
INFO:test2.py:Epoch 48/100	Loss 10.3608 ± 0.0571
INFO:test2.py:Epoch 49/100	Loss 10.3593 ± 0.0580
INFO:test2.py:Epoch 50/100	Loss 10.3577 ± 0.0577
INFO:test2.py:Epoch 51/100	Loss 10.3562 ± 0.0582
INFO:test2.py:Epoch 52/100	Loss 10.3547 ± 0.0578
INFO:test2.py:Epoch 53/100	Loss 10.3533 ± 0.0580
INFO:test2.py:Epoch 54/100	Loss 10.3519 ± 0.0582
INFO:test2.py:Epoch 55/100	Loss 10.3505 ± 0.0572
INFO:test2.py:Epoch 56/100	Loss 10.3492 ± 0.0583
INFO:test2.py:Epoch 57/100	Loss 10.3479 ± 0.0581
INFO:test2.py:Epoch 58/100	Loss 10.3466 ± 0.0580
INFO:test2.py:Epoch 59/100	Loss 10.3454 ± 0.0577
INFO:test2.py:Epoch 60/100	Loss 10.3442 ± 0.0576
INFO:test2.py:Epoch 61/100	Loss 10.3430 ± 0.0576
INFO:test2.py:Epoch 62/100	Loss 10.3419 ± 0.0578
INFO:test2.py:Epoch 63/100	Loss 10.3407 ± 0.0574
INFO:test2.py:Epoch 64/100	Loss 10.3396 ± 0.0579
INFO:test2.py:Epoch 65/100	Loss 10.3386 ± 0.0576
INFO:test2.py:Epoch 66/100	Loss 10.3375 ± 0.0579
INFO:test2.py:Epoch 67/100	Loss 10.3364 ± 0.0580
INFO:test2.py:Epoch 68/100	Loss 10.3355 ± 0.0580
INFO:test2.py:Epoch 69/100	Loss 10.3345 ± 0.0582
INFO:test2.py:Epoch 70/100	Loss 10.3335 ± 0.0574
INFO:test2.py:Epoch 71/100	Loss 10.3326 ± 0.0573
INFO:test2.py:Epoch 72/100	Loss 10.3317 ± 0.0585
INFO:test2.py:Epoch 73/100	Loss 10.3307 ± 0.0573
INFO:test2.py:Epoch 74/100	Loss 10.3299 ± 0.0591
INFO:test2.py:Epoch 75/100	Loss 10.3289 ± 0.0580
INFO:test2.py:Epoch 76/100	Loss 10.3281 ± 0.0589
INFO:test2.py:Epoch 77/100	Loss 10.3272 ± 0.0570
INFO:test2.py:Epoch 78/100	Loss 10.3265 ± 0.0581
INFO:test2.py:Epoch 79/100	Loss 10.3256 ± 0.0575
INFO:test2.py:Epoch 80/100	Loss 10.3248 ± 0.0576
INFO:test2.py:Epoch 81/100	Loss 10.3240 ± 0.0577
INFO:test2.py:Epoch 82/100	Loss 10.3233 ± 0.0585
INFO:test2.py:Epoch 83/100	Loss 10.3225 ± 0.0575
INFO:test2.py:Epoch 84/100	Loss 10.3217 ± 0.0582
INFO:test2.py:Epoch 85/100	Loss 10.3211 ± 0.0576
INFO:test2.py:Epoch 86/100	Loss 10.3203 ± 0.0568
INFO:test2.py:Epoch 87/100	Loss 10.3196 ± 0.0579
INFO:test2.py:Epoch 88/100	Loss 10.3189 ± 0.0574
INFO:test2.py:Epoch 89/100	Loss 10.3182 ± 0.0580
INFO:test2.py:Epoch 90/100	Loss 10.3175 ± 0.0572
INFO:test2.py:Epoch 91/100	Loss 10.3169 ± 0.0579
INFO:test2.py:Epoch 92/100	Loss 10.3163 ± 0.0577
INFO:test2.py:Epoch 93/100	Loss 10.3156 ± 0.0577
INFO:test2.py:Epoch 94/100	Loss 10.3150 ± 0.0575
INFO:test2.py:Epoch 95/100	Loss 10.3143 ± 0.0584
INFO:test2.py:Epoch 96/100	Loss 10.3138 ± 0.0576
INFO:test2.py:Epoch 97/100	Loss 10.3132 ± 0.0579
INFO:test2.py:Epoch 98/100	Loss 10.3126 ± 0.0574
INFO:test2.py:Epoch 99/100	Loss 10.3120 ± 0.0580
INFO:test2.py:Epoch 100/100	Loss 10.3114 ± 0.0580
INFO:test2.py:is bad performing False
INFO:test2.py:Done training
INFO:test2.py:in evalute for dataset: 	valid
INFO:test2.py:batch start 	320000
INFO:test2.py:done
INFO:test2.py:done not filtered aucroc
INFO:test2.py:metrics done
INFO:test2.py:Error 	valid results	MRR 0.127196	H@1 0.050218	H@3 0.118933	H@10 0.278249	AU-ROC_raw -1.000000	AU-ROC_fil -1.000000
INFO:test2.py:in evalute for dataset: 	test
INFO:test2.py:batch start 	320000
INFO:test2.py:done
INFO:test2.py:done not filtered aucroc
INFO:test2.py:metrics done
INFO:test2.py:Error 	test results	MRR 0.127855	H@1 0.050706	H@3 0.119779	H@10 0.279014	AU-ROC_raw -1.000000	AU-ROC_fil -1.000000
/home/acalvi/anaconda3/envs/libkge_new/lib/python3.7/site-packages/tensorflow/python/framework/dtypes.py:516: FutureWarning: Passing (type, 1) or '1type' as a synonym of type is deprecated; in a future version of numpy, it will be understood as (type, (1,)) / '(1,)type'.
  _np_qint8 = np.dtype([("qint8", np.int8, 1)])
/home/acalvi/anaconda3/envs/libkge_new/lib/python3.7/site-packages/tensorflow/python/framework/dtypes.py:517: FutureWarning: Passing (type, 1) or '1type' as a synonym of type is deprecated; in a future version of numpy, it will be understood as (type, (1,)) / '(1,)type'.
  _np_quint8 = np.dtype([("quint8", np.uint8, 1)])
/home/acalvi/anaconda3/envs/libkge_new/lib/python3.7/site-packages/tensorflow/python/framework/dtypes.py:518: FutureWarning: Passing (type, 1) or '1type' as a synonym of type is deprecated; in a future version of numpy, it will be understood as (type, (1,)) / '(1,)type'.
  _np_qint16 = np.dtype([("qint16", np.int16, 1)])
/home/acalvi/anaconda3/envs/libkge_new/lib/python3.7/site-packages/tensorflow/python/framework/dtypes.py:519: FutureWarning: Passing (type, 1) or '1type' as a synonym of type is deprecated; in a future version of numpy, it will be understood as (type, (1,)) / '(1,)type'.
  _np_quint16 = np.dtype([("quint16", np.uint16, 1)])
/home/acalvi/anaconda3/envs/libkge_new/lib/python3.7/site-packages/tensorflow/python/framework/dtypes.py:520: FutureWarning: Passing (type, 1) or '1type' as a synonym of type is deprecated; in a future version of numpy, it will be understood as (type, (1,)) / '(1,)type'.
  _np_qint32 = np.dtype([("qint32", np.int32, 1)])
/home/acalvi/anaconda3/envs/libkge_new/lib/python3.7/site-packages/tensorflow/python/framework/dtypes.py:525: FutureWarning: Passing (type, 1) or '1type' as a synonym of type is deprecated; in a future version of numpy, it will be understood as (type, (1,)) / '(1,)type'.
  np_resource = np.dtype([("resource", np.ubyte, 1)])
/home/acalvi/anaconda3/envs/libkge_new/lib/python3.7/site-packages/tensorboard/compat/tensorflow_stub/dtypes.py:541: FutureWarning: Passing (type, 1) or '1type' as a synonym of type is deprecated; in a future version of numpy, it will be understood as (type, (1,)) / '(1,)type'.
  _np_qint8 = np.dtype([("qint8", np.int8, 1)])
/home/acalvi/anaconda3/envs/libkge_new/lib/python3.7/site-packages/tensorboard/compat/tensorflow_stub/dtypes.py:542: FutureWarning: Passing (type, 1) or '1type' as a synonym of type is deprecated; in a future version of numpy, it will be understood as (type, (1,)) / '(1,)type'.
  _np_quint8 = np.dtype([("quint8", np.uint8, 1)])
/home/acalvi/anaconda3/envs/libkge_new/lib/python3.7/site-packages/tensorboard/compat/tensorflow_stub/dtypes.py:543: FutureWarning: Passing (type, 1) or '1type' as a synonym of type is deprecated; in a future version of numpy, it will be understood as (type, (1,)) / '(1,)type'.
  _np_qint16 = np.dtype([("qint16", np.int16, 1)])
/home/acalvi/anaconda3/envs/libkge_new/lib/python3.7/site-packages/tensorboard/compat/tensorflow_stub/dtypes.py:544: FutureWarning: Passing (type, 1) or '1type' as a synonym of type is deprecated; in a future version of numpy, it will be understood as (type, (1,)) / '(1,)type'.
  _np_quint16 = np.dtype([("quint16", np.uint16, 1)])
/home/acalvi/anaconda3/envs/libkge_new/lib/python3.7/site-packages/tensorboard/compat/tensorflow_stub/dtypes.py:545: FutureWarning: Passing (type, 1) or '1type' as a synonym of type is deprecated; in a future version of numpy, it will be understood as (type, (1,)) / '(1,)type'.
  _np_qint32 = np.dtype([("qint32", np.int32, 1)])
/home/acalvi/anaconda3/envs/libkge_new/lib/python3.7/site-packages/tensorboard/compat/tensorflow_stub/dtypes.py:550: FutureWarning: Passing (type, 1) or '1type' as a synonym of type is deprecated; in a future version of numpy, it will be understood as (type, (1,)) / '(1,)type'.
  np_resource = np.dtype([("resource", np.ubyte, 1)])
