./test2.py --data pse --mcl True --batch-size 268 --epochs 100 --embedding-size 200 --learning-rate 0.1 --regulariser n3 --reg-weight 0.005 --optimizer adagrad --valid --quiet
MCL True
INFO:test2.py:Valid: True
INFO:test2.py:Device: cuda
curr directory /home/acalvi/Dissertation/Aladdin/biolink
Importing dataset files ... 
<class 'biolink.embeddings.models_mc.ComplEx_MC'>
INFO:test2.py:is tucker False
INFO:test2.py:settin tucker to FALSE
INFO:test2.py:Device: cuda
INFO:test2.py:Epoch 1/100	Loss 10.7445 ± 0.3229
INFO:test2.py:Epoch 2/100	Loss 10.4088 ± 0.0809
INFO:test2.py:Epoch 3/100	Loss 10.3303 ± 0.0807
INFO:test2.py:Epoch 4/100	Loss 10.2872 ± 0.0817
INFO:test2.py:Epoch 5/100	Loss 10.2594 ± 0.0828
INFO:test2.py:Epoch 6/100	Loss 10.2401 ± 0.0825
INFO:test2.py:Epoch 7/100	Loss 10.2262 ± 0.0829
INFO:test2.py:Epoch 8/100	Loss 10.2152 ± 0.0843
INFO:test2.py:Epoch 9/100	Loss 10.2064 ± 0.0835
INFO:test2.py:Epoch 10/100	Loss 10.1993 ± 0.0842
INFO:test2.py:Epoch 11/100	Loss 10.1931 ± 0.0836
INFO:test2.py:Epoch 12/100	Loss 10.1878 ± 0.0839
INFO:test2.py:Epoch 13/100	Loss 10.1832 ± 0.0826
INFO:test2.py:Epoch 14/100	Loss 10.1790 ± 0.0843
INFO:test2.py:Epoch 15/100	Loss 10.1753 ± 0.0846
INFO:test2.py:Epoch 16/100	Loss 10.1719 ± 0.0841
INFO:test2.py:Epoch 17/100	Loss 10.1688 ± 0.0832
INFO:test2.py:Epoch 18/100	Loss 10.1660 ± 0.0846
INFO:test2.py:Epoch 19/100	Loss 10.1634 ± 0.0842
INFO:test2.py:Epoch 20/100	Loss 10.1610 ± 0.0843
INFO:test2.py:Epoch 21/100	Loss 10.1588 ± 0.0841
INFO:test2.py:Epoch 22/100	Loss 10.1567 ± 0.0842
INFO:test2.py:Epoch 23/100	Loss 10.1547 ± 0.0840
INFO:test2.py:Epoch 24/100	Loss 10.1529 ± 0.0849
INFO:test2.py:Epoch 25/100	Loss 10.1511 ± 0.0847
INFO:test2.py:Epoch 26/100	Loss 10.1495 ± 0.0843
INFO:test2.py:Epoch 27/100	Loss 10.1480 ± 0.0840
INFO:test2.py:Epoch 28/100	Loss 10.1465 ± 0.0842
INFO:test2.py:Epoch 29/100	Loss 10.1451 ± 0.0843
INFO:test2.py:Epoch 30/100	Loss 10.1438 ± 0.0843
INFO:test2.py:Epoch 31/100	Loss 10.1425 ± 0.0850
INFO:test2.py:Epoch 32/100	Loss 10.1413 ± 0.0836
INFO:test2.py:Epoch 33/100	Loss 10.1401 ± 0.0847
INFO:test2.py:Epoch 34/100	Loss 10.1390 ± 0.0845
INFO:test2.py:Epoch 35/100	Loss 10.1379 ± 0.0843
INFO:test2.py:Epoch 36/100	Loss 10.1369 ± 0.0845
INFO:test2.py:Epoch 37/100	Loss 10.1359 ± 0.0840
INFO:test2.py:Epoch 38/100	Loss 10.1349 ± 0.0836
INFO:test2.py:Epoch 39/100	Loss 10.1340 ± 0.0850
INFO:test2.py:Epoch 40/100	Loss 10.1331 ± 0.0850
INFO:test2.py:Epoch 41/100	Loss 10.1322 ± 0.0847
INFO:test2.py:Epoch 42/100	Loss 10.1314 ± 0.0838
INFO:test2.py:Epoch 43/100	Loss 10.1306 ± 0.0842
INFO:test2.py:Epoch 44/100	Loss 10.1298 ± 0.0850
INFO:test2.py:Epoch 45/100	Loss 10.1291 ± 0.0849
INFO:test2.py:Epoch 46/100	Loss 10.1283 ± 0.0848
INFO:test2.py:Epoch 47/100	Loss 10.1276 ± 0.0844
INFO:test2.py:Epoch 48/100	Loss 10.1269 ± 0.0840
INFO:test2.py:Epoch 49/100	Loss 10.1262 ± 0.0843
INFO:test2.py:Validating
INFO:test2.py:done
INFO:test2.py:metrics done
INFO:test2.py:Epoch 50/100	Loss 10.1256 ± 0.0838
INFO:test2.py:Epoch 51/100	Loss 10.1250 ± 0.0847
INFO:test2.py:Epoch 52/100	Loss 10.1243 ± 0.0854
INFO:test2.py:Epoch 53/100	Loss 10.1237 ± 0.0852
INFO:test2.py:Epoch 54/100	Loss 10.1231 ± 0.0846
INFO:test2.py:Epoch 55/100	Loss 10.1226 ± 0.0849
INFO:test2.py:Epoch 56/100	Loss 10.1220 ± 0.0862
INFO:test2.py:Epoch 57/100	Loss 10.1215 ± 0.0847
INFO:test2.py:Epoch 58/100	Loss 10.1209 ± 0.0851
INFO:test2.py:Epoch 59/100	Loss 10.1204 ± 0.0843
INFO:test2.py:Epoch 60/100	Loss 10.1199 ± 0.0850
INFO:test2.py:Epoch 61/100	Loss 10.1194 ± 0.0846
INFO:test2.py:Epoch 62/100	Loss 10.1189 ± 0.0854
INFO:test2.py:Epoch 63/100	Loss 10.1184 ± 0.0856
INFO:test2.py:Epoch 64/100	Loss 10.1180 ± 0.0849
INFO:test2.py:Epoch 65/100	Loss 10.1175 ± 0.0849
INFO:test2.py:Epoch 66/100	Loss 10.1171 ± 0.0840
INFO:test2.py:Epoch 67/100	Loss 10.1166 ± 0.0851
INFO:test2.py:Epoch 68/100	Loss 10.1162 ± 0.0848
INFO:test2.py:Epoch 69/100	Loss 10.1157 ± 0.0853
INFO:test2.py:Epoch 70/100	Loss 10.1153 ± 0.0855
INFO:test2.py:Epoch 71/100	Loss 10.1149 ± 0.0850
INFO:test2.py:Epoch 72/100	Loss 10.1145 ± 0.0854
INFO:test2.py:Epoch 73/100	Loss 10.1142 ± 0.0842
INFO:test2.py:Epoch 74/100	Loss 10.1138 ± 0.0851
INFO:test2.py:Epoch 75/100	Loss 10.1134 ± 0.0846
INFO:test2.py:Epoch 76/100	Loss 10.1130 ± 0.0849
INFO:test2.py:Epoch 77/100	Loss 10.1127 ± 0.0858
INFO:test2.py:Epoch 78/100	Loss 10.1123 ± 0.0850
INFO:test2.py:Epoch 79/100	Loss 10.1119 ± 0.0853
INFO:test2.py:Epoch 80/100	Loss 10.1116 ± 0.0847
INFO:test2.py:Epoch 81/100	Loss 10.1113 ± 0.0852
INFO:test2.py:Epoch 82/100	Loss 10.1109 ± 0.0851
INFO:test2.py:Epoch 83/100	Loss 10.1106 ± 0.0834
INFO:test2.py:Epoch 84/100	Loss 10.1103 ± 0.0853
INFO:test2.py:Epoch 85/100	Loss 10.1100 ± 0.0850
INFO:test2.py:Epoch 86/100	Loss 10.1096 ± 0.0855
INFO:test2.py:Epoch 87/100	Loss 10.1093 ± 0.0851
INFO:test2.py:Epoch 88/100	Loss 10.1090 ± 0.0853
INFO:test2.py:Epoch 89/100	Loss 10.1087 ± 0.0853
INFO:test2.py:Epoch 90/100	Loss 10.1084 ± 0.0848
INFO:test2.py:Epoch 91/100	Loss 10.1081 ± 0.0853
INFO:test2.py:Epoch 92/100	Loss 10.1078 ± 0.0856
INFO:test2.py:Epoch 93/100	Loss 10.1076 ± 0.0851
INFO:test2.py:Epoch 94/100	Loss 10.1073 ± 0.0859
INFO:test2.py:Epoch 95/100	Loss 10.1070 ± 0.0849
INFO:test2.py:Epoch 96/100	Loss 10.1067 ± 0.0845
INFO:test2.py:Epoch 97/100	Loss 10.1065 ± 0.0854
INFO:test2.py:Epoch 98/100	Loss 10.1062 ± 0.0850
INFO:test2.py:Epoch 99/100	Loss 10.1060 ± 0.0842
INFO:test2.py:Epoch 100/100	Loss 10.1057 ± 0.0842
INFO:test2.py:is bad performing False
INFO:test2.py:Done training
INFO:test2.py:in evalute for dataset: 	valid
INFO:test2.py:done
INFO:test2.py:metrics done
INFO:test2.py:Error 	valid results	MRR 0.156266	H@1 0.072671	H@3 0.153486	H@10 0.322384	AU-ROC_raw -1.000000	AU-ROC_fil -1.000000
INFO:test2.py:in evalute for dataset: 	test
INFO:test2.py:done
INFO:test2.py:metrics done
INFO:test2.py:Error 	test results	MRR 0.156528	H@1 0.073002	H@3 0.153903	H@10 0.322753	AU-ROC_raw -1.000000	AU-ROC_fil -1.000000
/home/acalvi/anaconda3/envs/libkge_new/lib/python3.7/site-packages/tensorflow/python/framework/dtypes.py:516: FutureWarning: Passing (type, 1) or '1type' as a synonym of type is deprecated; in a future version of numpy, it will be understood as (type, (1,)) / '(1,)type'.
  _np_qint8 = np.dtype([("qint8", np.int8, 1)])
/home/acalvi/anaconda3/envs/libkge_new/lib/python3.7/site-packages/tensorflow/python/framework/dtypes.py:517: FutureWarning: Passing (type, 1) or '1type' as a synonym of type is deprecated; in a future version of numpy, it will be understood as (type, (1,)) / '(1,)type'.
  _np_quint8 = np.dtype([("quint8", np.uint8, 1)])
/home/acalvi/anaconda3/envs/libkge_new/lib/python3.7/site-packages/tensorflow/python/framework/dtypes.py:518: FutureWarning: Passing (type, 1) or '1type' as a synonym of type is deprecated; in a future version of numpy, it will be understood as (type, (1,)) / '(1,)type'.
  _np_qint16 = np.dtype([("qint16", np.int16, 1)])
/home/acalvi/anaconda3/envs/libkge_new/lib/python3.7/site-packages/tensorflow/python/framework/dtypes.py:519: FutureWarning: Passing (type, 1) or '1type' as a synonym of type is deprecated; in a future version of numpy, it will be understood as (type, (1,)) / '(1,)type'.
  _np_quint16 = np.dtype([("quint16", np.uint16, 1)])
/home/acalvi/anaconda3/envs/libkge_new/lib/python3.7/site-packages/tensorflow/python/framework/dtypes.py:520: FutureWarning: Passing (type, 1) or '1type' as a synonym of type is deprecated; in a future version of numpy, it will be understood as (type, (1,)) / '(1,)type'.
  _np_qint32 = np.dtype([("qint32", np.int32, 1)])
/home/acalvi/anaconda3/envs/libkge_new/lib/python3.7/site-packages/tensorflow/python/framework/dtypes.py:525: FutureWarning: Passing (type, 1) or '1type' as a synonym of type is deprecated; in a future version of numpy, it will be understood as (type, (1,)) / '(1,)type'.
  np_resource = np.dtype([("resource", np.ubyte, 1)])
/home/acalvi/anaconda3/envs/libkge_new/lib/python3.7/site-packages/tensorboard/compat/tensorflow_stub/dtypes.py:541: FutureWarning: Passing (type, 1) or '1type' as a synonym of type is deprecated; in a future version of numpy, it will be understood as (type, (1,)) / '(1,)type'.
  _np_qint8 = np.dtype([("qint8", np.int8, 1)])
/home/acalvi/anaconda3/envs/libkge_new/lib/python3.7/site-packages/tensorboard/compat/tensorflow_stub/dtypes.py:542: FutureWarning: Passing (type, 1) or '1type' as a synonym of type is deprecated; in a future version of numpy, it will be understood as (type, (1,)) / '(1,)type'.
  _np_quint8 = np.dtype([("quint8", np.uint8, 1)])
/home/acalvi/anaconda3/envs/libkge_new/lib/python3.7/site-packages/tensorboard/compat/tensorflow_stub/dtypes.py:543: FutureWarning: Passing (type, 1) or '1type' as a synonym of type is deprecated; in a future version of numpy, it will be understood as (type, (1,)) / '(1,)type'.
  _np_qint16 = np.dtype([("qint16", np.int16, 1)])
/home/acalvi/anaconda3/envs/libkge_new/lib/python3.7/site-packages/tensorboard/compat/tensorflow_stub/dtypes.py:544: FutureWarning: Passing (type, 1) or '1type' as a synonym of type is deprecated; in a future version of numpy, it will be understood as (type, (1,)) / '(1,)type'.
  _np_quint16 = np.dtype([("quint16", np.uint16, 1)])
/home/acalvi/anaconda3/envs/libkge_new/lib/python3.7/site-packages/tensorboard/compat/tensorflow_stub/dtypes.py:545: FutureWarning: Passing (type, 1) or '1type' as a synonym of type is deprecated; in a future version of numpy, it will be understood as (type, (1,)) / '(1,)type'.
  _np_qint32 = np.dtype([("qint32", np.int32, 1)])
/home/acalvi/anaconda3/envs/libkge_new/lib/python3.7/site-packages/tensorboard/compat/tensorflow_stub/dtypes.py:550: FutureWarning: Passing (type, 1) or '1type' as a synonym of type is deprecated; in a future version of numpy, it will be understood as (type, (1,)) / '(1,)type'.
  np_resource = np.dtype([("resource", np.ubyte, 1)])
