./test2.py --data pse --mcl True --batch-size 128 --epochs 100 --embedding-size 200 --learning-rate 0.1 --regulariser n3 --reg-weight 0.01 --optimizer adagrad --valid --quiet
MCL True
INFO:test2.py:Valid: True
INFO:test2.py:Device: cuda
curr directory /home/acalvi/Dissertation/Aladdin/biolink
Importing dataset files ... 
<class 'biolink.embeddings.models_mc.ComplEx_MC'>
INFO:test2.py:is tucker False
INFO:test2.py:Device: cuda
INFO:test2.py:Epoch 1/100	Loss 10.8828 ± 0.2976
INFO:test2.py:Epoch 2/100	Loss 10.6180 ± 0.1117
INFO:test2.py:Epoch 3/100	Loss 10.5609 ± 0.1094
INFO:test2.py:Epoch 4/100	Loss 10.5311 ± 0.1088
INFO:test2.py:Epoch 5/100	Loss 10.5124 ± 0.1100
INFO:test2.py:Epoch 6/100	Loss 10.4992 ± 0.1102
INFO:test2.py:Epoch 7/100	Loss 10.4890 ± 0.1090
INFO:test2.py:Epoch 8/100	Loss 10.4807 ± 0.1099
INFO:test2.py:Epoch 9/100	Loss 10.4738 ± 0.1103
INFO:test2.py:Epoch 10/100	Loss 10.4681 ± 0.1102
INFO:test2.py:Epoch 11/100	Loss 10.4632 ± 0.1099
INFO:test2.py:Epoch 12/100	Loss 10.4591 ± 0.1102
INFO:test2.py:Epoch 13/100	Loss 10.4554 ± 0.1099
INFO:test2.py:Epoch 14/100	Loss 10.4522 ± 0.1102
INFO:test2.py:Epoch 15/100	Loss 10.4493 ± 0.1107
INFO:test2.py:Epoch 16/100	Loss 10.4467 ± 0.1101
INFO:test2.py:Epoch 17/100	Loss 10.4444 ± 0.1100
INFO:test2.py:Epoch 18/100	Loss 10.4423 ± 0.1101
INFO:test2.py:Epoch 19/100	Loss 10.4403 ± 0.1101
INFO:test2.py:Epoch 20/100	Loss 10.4385 ± 0.1116
INFO:test2.py:Epoch 21/100	Loss 10.4368 ± 0.1103
INFO:test2.py:Epoch 22/100	Loss 10.4353 ± 0.1108
INFO:test2.py:Epoch 23/100	Loss 10.4338 ± 0.1109
INFO:test2.py:Epoch 24/100	Loss 10.4325 ± 0.1106
INFO:test2.py:Epoch 25/100	Loss 10.4312 ± 0.1116
INFO:test2.py:Epoch 26/100	Loss 10.4300 ± 0.1117
INFO:test2.py:Epoch 27/100	Loss 10.4289 ± 0.1116
INFO:test2.py:Epoch 28/100	Loss 10.4279 ± 0.1112
INFO:test2.py:Epoch 29/100	Loss 10.4268 ± 0.1101
INFO:test2.py:Epoch 30/100	Loss 10.4259 ± 0.1104
INFO:test2.py:Epoch 31/100	Loss 10.4250 ± 0.1120
INFO:test2.py:Epoch 32/100	Loss 10.4241 ± 0.1104
INFO:test2.py:Epoch 33/100	Loss 10.4232 ± 0.1110
INFO:test2.py:Epoch 34/100	Loss 10.4224 ± 0.1106
INFO:test2.py:Epoch 35/100	Loss 10.4217 ± 0.1112
INFO:test2.py:Epoch 36/100	Loss 10.4210 ± 0.1118
INFO:test2.py:Epoch 37/100	Loss 10.4202 ± 0.1114
INFO:test2.py:Epoch 38/100	Loss 10.4196 ± 0.1108
INFO:test2.py:Epoch 39/100	Loss 10.4189 ± 0.1105
INFO:test2.py:Epoch 40/100	Loss 10.4183 ± 0.1110
INFO:test2.py:Epoch 41/100	Loss 10.4177 ± 0.1112
INFO:test2.py:Epoch 42/100	Loss 10.4171 ± 0.1112
INFO:test2.py:Epoch 43/100	Loss 10.4165 ± 0.1110
INFO:test2.py:Epoch 44/100	Loss 10.4160 ± 0.1113
INFO:test2.py:Epoch 45/100	Loss 10.4155 ± 0.1108
INFO:test2.py:Epoch 46/100	Loss 10.4150 ± 0.1106
INFO:test2.py:Epoch 47/100	Loss 10.4145 ± 0.1108
INFO:test2.py:Epoch 48/100	Loss 10.4140 ± 0.1110
INFO:test2.py:Epoch 49/100	Loss 10.4135 ± 0.1106
INFO:test2.py:Epoch 50/100	Loss 10.4131 ± 0.1111
INFO:test2.py:Epoch 51/100	Loss 10.4126 ± 0.1107
INFO:test2.py:Epoch 52/100	Loss 10.4122 ± 0.1112
INFO:test2.py:Epoch 53/100	Loss 10.4118 ± 0.1111
INFO:test2.py:Epoch 54/100	Loss 10.4113 ± 0.1119
INFO:test2.py:Epoch 55/100	Loss 10.4110 ± 0.1108
INFO:test2.py:Epoch 56/100	Loss 10.4106 ± 0.1117
INFO:test2.py:Epoch 57/100	Loss 10.4102 ± 0.1105
INFO:test2.py:Epoch 58/100	Loss 10.4098 ± 0.1107
INFO:test2.py:Epoch 59/100	Loss 10.4095 ± 0.1116
INFO:test2.py:Epoch 60/100	Loss 10.4091 ± 0.1110
INFO:test2.py:Epoch 61/100	Loss 10.4088 ± 0.1112
INFO:test2.py:Epoch 62/100	Loss 10.4085 ± 0.1111
INFO:test2.py:Epoch 63/100	Loss 10.4081 ± 0.1117
INFO:test2.py:Epoch 64/100	Loss 10.4078 ± 0.1115
INFO:test2.py:Epoch 65/100	Loss 10.4075 ± 0.1107
INFO:test2.py:Epoch 66/100	Loss 10.4072 ± 0.1107
INFO:test2.py:Epoch 67/100	Loss 10.4069 ± 0.1108
INFO:test2.py:Epoch 68/100	Loss 10.4066 ± 0.1108
INFO:test2.py:Epoch 69/100	Loss 10.4063 ± 0.1128
INFO:test2.py:Epoch 70/100	Loss 10.4060 ± 0.1118
INFO:test2.py:Epoch 71/100	Loss 10.4058 ± 0.1118
INFO:test2.py:Epoch 72/100	Loss 10.4055 ± 0.1115
INFO:test2.py:Epoch 73/100	Loss 10.4052 ± 0.1112
INFO:test2.py:Epoch 74/100	Loss 10.4050 ± 0.1111
INFO:test2.py:Epoch 75/100	Loss 10.4047 ± 0.1111
INFO:test2.py:Epoch 76/100	Loss 10.4045 ± 0.1114
INFO:test2.py:Epoch 77/100	Loss 10.4042 ± 0.1119
INFO:test2.py:Epoch 78/100	Loss 10.4040 ± 0.1118
INFO:test2.py:Epoch 79/100	Loss 10.4037 ± 0.1120
INFO:test2.py:Epoch 80/100	Loss 10.4035 ± 0.1116
INFO:test2.py:Epoch 81/100	Loss 10.4033 ± 0.1118
INFO:test2.py:Epoch 82/100	Loss 10.4030 ± 0.1110
INFO:test2.py:Epoch 83/100	Loss 10.4028 ± 0.1102
INFO:test2.py:Epoch 84/100	Loss 10.4026 ± 0.1122
INFO:test2.py:Epoch 85/100	Loss 10.4024 ± 0.1114
INFO:test2.py:Epoch 86/100	Loss 10.4022 ± 0.1114
INFO:test2.py:Epoch 87/100	Loss 10.4020 ± 0.1114
INFO:test2.py:Epoch 88/100	Loss 10.4018 ± 0.1123
INFO:test2.py:Epoch 89/100	Loss 10.4016 ± 0.1121
INFO:test2.py:Epoch 90/100	Loss 10.4014 ± 0.1115
INFO:test2.py:Epoch 91/100	Loss 10.4012 ± 0.1123
INFO:test2.py:Epoch 92/100	Loss 10.4010 ± 0.1112
INFO:test2.py:Epoch 93/100	Loss 10.4008 ± 0.1108
INFO:test2.py:Epoch 94/100	Loss 10.4006 ± 0.1120
INFO:test2.py:Epoch 95/100	Loss 10.4004 ± 0.1109
INFO:test2.py:Epoch 96/100	Loss 10.4002 ± 0.1107
INFO:test2.py:Epoch 97/100	Loss 10.4001 ± 0.1118
INFO:test2.py:Epoch 98/100	Loss 10.3999 ± 0.1115
INFO:test2.py:Epoch 99/100	Loss 10.3997 ± 0.1117
INFO:test2.py:Epoch 100/100	Loss 10.3995 ± 0.1109
INFO:test2.py:is bad performing False
INFO:test2.py:Done training
INFO:test2.py:in evalute for dataset: 	valid
INFO:test2.py:batch start 	80000
INFO:test2.py:batch start 	160000
INFO:test2.py:batch start 	240000
INFO:test2.py:batch start 	320000
INFO:test2.py:batch start 	400000
INFO:test2.py:done
INFO:test2.py:done not filtered aucroc
INFO:test2.py:metrics done
INFO:test2.py:Error 	valid results	MRR 0.150220	H@1 0.067909	H@3 0.146420	H@10 0.313604	AU-ROC_raw -1.000000	AU-ROC_fil -1.000000
INFO:test2.py:in evalute for dataset: 	test
INFO:test2.py:batch start 	80000
INFO:test2.py:batch start 	160000
INFO:test2.py:batch start 	240000
INFO:test2.py:batch start 	320000
INFO:test2.py:batch start 	400000
INFO:test2.py:done
INFO:test2.py:done not filtered aucroc
INFO:test2.py:metrics done
INFO:test2.py:Error 	test results	MRR 0.149973	H@1 0.067586	H@3 0.146176	H@10 0.312959	AU-ROC_raw -1.000000	AU-ROC_fil -1.000000
/home/acalvi/anaconda3/envs/libkge_new/lib/python3.7/site-packages/tensorflow/python/framework/dtypes.py:516: FutureWarning: Passing (type, 1) or '1type' as a synonym of type is deprecated; in a future version of numpy, it will be understood as (type, (1,)) / '(1,)type'.
  _np_qint8 = np.dtype([("qint8", np.int8, 1)])
/home/acalvi/anaconda3/envs/libkge_new/lib/python3.7/site-packages/tensorflow/python/framework/dtypes.py:517: FutureWarning: Passing (type, 1) or '1type' as a synonym of type is deprecated; in a future version of numpy, it will be understood as (type, (1,)) / '(1,)type'.
  _np_quint8 = np.dtype([("quint8", np.uint8, 1)])
/home/acalvi/anaconda3/envs/libkge_new/lib/python3.7/site-packages/tensorflow/python/framework/dtypes.py:518: FutureWarning: Passing (type, 1) or '1type' as a synonym of type is deprecated; in a future version of numpy, it will be understood as (type, (1,)) / '(1,)type'.
  _np_qint16 = np.dtype([("qint16", np.int16, 1)])
/home/acalvi/anaconda3/envs/libkge_new/lib/python3.7/site-packages/tensorflow/python/framework/dtypes.py:519: FutureWarning: Passing (type, 1) or '1type' as a synonym of type is deprecated; in a future version of numpy, it will be understood as (type, (1,)) / '(1,)type'.
  _np_quint16 = np.dtype([("quint16", np.uint16, 1)])
/home/acalvi/anaconda3/envs/libkge_new/lib/python3.7/site-packages/tensorflow/python/framework/dtypes.py:520: FutureWarning: Passing (type, 1) or '1type' as a synonym of type is deprecated; in a future version of numpy, it will be understood as (type, (1,)) / '(1,)type'.
  _np_qint32 = np.dtype([("qint32", np.int32, 1)])
/home/acalvi/anaconda3/envs/libkge_new/lib/python3.7/site-packages/tensorflow/python/framework/dtypes.py:525: FutureWarning: Passing (type, 1) or '1type' as a synonym of type is deprecated; in a future version of numpy, it will be understood as (type, (1,)) / '(1,)type'.
  np_resource = np.dtype([("resource", np.ubyte, 1)])
/home/acalvi/anaconda3/envs/libkge_new/lib/python3.7/site-packages/tensorboard/compat/tensorflow_stub/dtypes.py:541: FutureWarning: Passing (type, 1) or '1type' as a synonym of type is deprecated; in a future version of numpy, it will be understood as (type, (1,)) / '(1,)type'.
  _np_qint8 = np.dtype([("qint8", np.int8, 1)])
/home/acalvi/anaconda3/envs/libkge_new/lib/python3.7/site-packages/tensorboard/compat/tensorflow_stub/dtypes.py:542: FutureWarning: Passing (type, 1) or '1type' as a synonym of type is deprecated; in a future version of numpy, it will be understood as (type, (1,)) / '(1,)type'.
  _np_quint8 = np.dtype([("quint8", np.uint8, 1)])
/home/acalvi/anaconda3/envs/libkge_new/lib/python3.7/site-packages/tensorboard/compat/tensorflow_stub/dtypes.py:543: FutureWarning: Passing (type, 1) or '1type' as a synonym of type is deprecated; in a future version of numpy, it will be understood as (type, (1,)) / '(1,)type'.
  _np_qint16 = np.dtype([("qint16", np.int16, 1)])
/home/acalvi/anaconda3/envs/libkge_new/lib/python3.7/site-packages/tensorboard/compat/tensorflow_stub/dtypes.py:544: FutureWarning: Passing (type, 1) or '1type' as a synonym of type is deprecated; in a future version of numpy, it will be understood as (type, (1,)) / '(1,)type'.
  _np_quint16 = np.dtype([("quint16", np.uint16, 1)])
/home/acalvi/anaconda3/envs/libkge_new/lib/python3.7/site-packages/tensorboard/compat/tensorflow_stub/dtypes.py:545: FutureWarning: Passing (type, 1) or '1type' as a synonym of type is deprecated; in a future version of numpy, it will be understood as (type, (1,)) / '(1,)type'.
  _np_qint32 = np.dtype([("qint32", np.int32, 1)])
/home/acalvi/anaconda3/envs/libkge_new/lib/python3.7/site-packages/tensorboard/compat/tensorflow_stub/dtypes.py:550: FutureWarning: Passing (type, 1) or '1type' as a synonym of type is deprecated; in a future version of numpy, it will be understood as (type, (1,)) / '(1,)type'.
  np_resource = np.dtype([("resource", np.ubyte, 1)])
