./test2.py --data pse --mcl True --batch-size 128 --epochs 100 --embedding-size 150 --learning-rate 0.01 --regulariser n3 --reg-weight 0.5 --optimizer adagrad --valid --quiet
MCL True
INFO:test2.py:Valid: True
INFO:test2.py:Device: cuda
curr directory /home/acalvi/Dissertation/Aladdin/biolink
Importing dataset files ... 
<class 'biolink.embeddings.models_mc.ComplEx_MC'>
INFO:test2.py:is tucker False
INFO:test2.py:settin tucker to FALSE
INFO:test2.py:Device: cuda
INFO:test2.py:Epoch 1/100	Loss 12.9493 ± 0.2811
INFO:test2.py:Epoch 2/100	Loss 12.9408 ± 0.2672
INFO:test2.py:Epoch 3/100	Loss 12.9309 ± 0.2603
INFO:test2.py:Epoch 4/100	Loss 12.9266 ± 0.2536
INFO:test2.py:Epoch 5/100	Loss 12.9242 ± 0.2487
INFO:test2.py:Epoch 6/100	Loss 12.9227 ± 0.2439
INFO:test2.py:Epoch 7/100	Loss 12.9216 ± 0.2392
INFO:test2.py:Epoch 8/100	Loss 12.9207 ± 0.2355
INFO:test2.py:Epoch 9/100	Loss 12.9201 ± 0.2320
INFO:test2.py:Epoch 10/100	Loss 12.9195 ± 0.2289
INFO:test2.py:Epoch 11/100	Loss 12.9191 ± 0.2258
INFO:test2.py:Epoch 12/100	Loss 12.9187 ± 0.2232
INFO:test2.py:Epoch 13/100	Loss 12.9183 ± 0.2207
INFO:test2.py:Epoch 14/100	Loss 12.9180 ± 0.2181
INFO:test2.py:Epoch 15/100	Loss 12.9178 ± 0.2158
INFO:test2.py:Epoch 16/100	Loss 12.9175 ± 0.2140
INFO:test2.py:Epoch 17/100	Loss 12.9173 ± 0.2122
INFO:test2.py:Epoch 18/100	Loss 12.9171 ± 0.2094
INFO:test2.py:Epoch 19/100	Loss 12.9169 ± 0.2183
INFO:test2.py:Epoch 20/100	Loss 12.9167 ± 0.2056
INFO:test2.py:Epoch 21/100	Loss 12.9166 ± 0.2042
INFO:test2.py:Epoch 22/100	Loss 12.9164 ± 0.2023
INFO:test2.py:Epoch 23/100	Loss 12.9163 ± 0.2006
INFO:test2.py:Epoch 24/100	Loss 12.9162 ± 0.1991
INFO:test2.py:Epoch 25/100	Loss 12.9161 ± 0.1975
INFO:test2.py:Epoch 26/100	Loss 12.9159 ± 0.1961
INFO:test2.py:Epoch 27/100	Loss 12.9158 ± 0.1947
INFO:test2.py:Epoch 28/100	Loss 12.9157 ± 0.1932
INFO:test2.py:Epoch 29/100	Loss 12.9156 ± 0.1919
INFO:test2.py:Epoch 30/100	Loss 12.9155 ± 0.1911
INFO:test2.py:Epoch 31/100	Loss 12.9155 ± 0.1891
INFO:test2.py:Epoch 32/100	Loss 12.9154 ± 0.1888
INFO:test2.py:Epoch 33/100	Loss 12.9153 ± 0.1871
INFO:test2.py:Epoch 34/100	Loss 12.9152 ± 0.1856
INFO:test2.py:Epoch 35/100	Loss 12.9151 ± 0.1847
INFO:test2.py:Epoch 36/100	Loss 12.9151 ± 0.1837
INFO:test2.py:Epoch 37/100	Loss 12.9150 ± 0.1827
INFO:test2.py:Epoch 38/100	Loss 12.9149 ± 0.1818
INFO:test2.py:Epoch 39/100	Loss 12.9149 ± 0.1805
INFO:test2.py:Epoch 40/100	Loss 12.9148 ± 0.1791
INFO:test2.py:Epoch 41/100	Loss 12.9148 ± 0.1781
INFO:test2.py:Epoch 42/100	Loss 12.9147 ± 0.1771
INFO:test2.py:Epoch 43/100	Loss 12.9147 ± 0.1762
INFO:test2.py:Epoch 44/100	Loss 12.9146 ± 0.1751
INFO:test2.py:Epoch 45/100	Loss 12.9146 ± 0.1742
INFO:test2.py:Epoch 46/100	Loss 12.9145 ± 0.1732
INFO:test2.py:Epoch 47/100	Loss 12.9145 ± 0.1726
INFO:test2.py:Epoch 48/100	Loss 12.9144 ± 0.1716
INFO:test2.py:Epoch 49/100	Loss 12.9144 ± 0.1706
/home/acalvi/anaconda3/envs/libkge_new/lib/python3.7/site-packages/tensorflow/python/framework/dtypes.py:516: FutureWarning: Passing (type, 1) or '1type' as a synonym of type is deprecated; in a future version of numpy, it will be understood as (type, (1,)) / '(1,)type'.
  _np_qint8 = np.dtype([("qint8", np.int8, 1)])
/home/acalvi/anaconda3/envs/libkge_new/lib/python3.7/site-packages/tensorflow/python/framework/dtypes.py:517: FutureWarning: Passing (type, 1) or '1type' as a synonym of type is deprecated; in a future version of numpy, it will be understood as (type, (1,)) / '(1,)type'.
  _np_quint8 = np.dtype([("quint8", np.uint8, 1)])
/home/acalvi/anaconda3/envs/libkge_new/lib/python3.7/site-packages/tensorflow/python/framework/dtypes.py:518: FutureWarning: Passing (type, 1) or '1type' as a synonym of type is deprecated; in a future version of numpy, it will be understood as (type, (1,)) / '(1,)type'.
  _np_qint16 = np.dtype([("qint16", np.int16, 1)])
/home/acalvi/anaconda3/envs/libkge_new/lib/python3.7/site-packages/tensorflow/python/framework/dtypes.py:519: FutureWarning: Passing (type, 1) or '1type' as a synonym of type is deprecated; in a future version of numpy, it will be understood as (type, (1,)) / '(1,)type'.
  _np_quint16 = np.dtype([("quint16", np.uint16, 1)])
/home/acalvi/anaconda3/envs/libkge_new/lib/python3.7/site-packages/tensorflow/python/framework/dtypes.py:520: FutureWarning: Passing (type, 1) or '1type' as a synonym of type is deprecated; in a future version of numpy, it will be understood as (type, (1,)) / '(1,)type'.
  _np_qint32 = np.dtype([("qint32", np.int32, 1)])
/home/acalvi/anaconda3/envs/libkge_new/lib/python3.7/site-packages/tensorflow/python/framework/dtypes.py:525: FutureWarning: Passing (type, 1) or '1type' as a synonym of type is deprecated; in a future version of numpy, it will be understood as (type, (1,)) / '(1,)type'.
  np_resource = np.dtype([("resource", np.ubyte, 1)])
/home/acalvi/anaconda3/envs/libkge_new/lib/python3.7/site-packages/tensorboard/compat/tensorflow_stub/dtypes.py:541: FutureWarning: Passing (type, 1) or '1type' as a synonym of type is deprecated; in a future version of numpy, it will be understood as (type, (1,)) / '(1,)type'.
  _np_qint8 = np.dtype([("qint8", np.int8, 1)])
/home/acalvi/anaconda3/envs/libkge_new/lib/python3.7/site-packages/tensorboard/compat/tensorflow_stub/dtypes.py:542: FutureWarning: Passing (type, 1) or '1type' as a synonym of type is deprecated; in a future version of numpy, it will be understood as (type, (1,)) / '(1,)type'.
  _np_quint8 = np.dtype([("quint8", np.uint8, 1)])
/home/acalvi/anaconda3/envs/libkge_new/lib/python3.7/site-packages/tensorboard/compat/tensorflow_stub/dtypes.py:543: FutureWarning: Passing (type, 1) or '1type' as a synonym of type is deprecated; in a future version of numpy, it will be understood as (type, (1,)) / '(1,)type'.
  _np_qint16 = np.dtype([("qint16", np.int16, 1)])
/home/acalvi/anaconda3/envs/libkge_new/lib/python3.7/site-packages/tensorboard/compat/tensorflow_stub/dtypes.py:544: FutureWarning: Passing (type, 1) or '1type' as a synonym of type is deprecated; in a future version of numpy, it will be understood as (type, (1,)) / '(1,)type'.
  _np_quint16 = np.dtype([("quint16", np.uint16, 1)])
/home/acalvi/anaconda3/envs/libkge_new/lib/python3.7/site-packages/tensorboard/compat/tensorflow_stub/dtypes.py:545: FutureWarning: Passing (type, 1) or '1type' as a synonym of type is deprecated; in a future version of numpy, it will be understood as (type, (1,)) / '(1,)type'.
  _np_qint32 = np.dtype([("qint32", np.int32, 1)])
/home/acalvi/anaconda3/envs/libkge_new/lib/python3.7/site-packages/tensorboard/compat/tensorflow_stub/dtypes.py:550: FutureWarning: Passing (type, 1) or '1type' as a synonym of type is deprecated; in a future version of numpy, it will be understood as (type, (1,)) / '(1,)type'.
  np_resource = np.dtype([("resource", np.ubyte, 1)])
Traceback (most recent call last):
  File "./test2.py", line 15, in <module>
    main(sys.argv[1:])
  File "./test2.py", line 10, in main
    experiment_ComplEx.main(argv)
  File "/home/acalvi/Dissertation/Aladdin/biolink/testing/experiment_ComplEx.py", line 171, in main
    train.train(model, regulariser, optimizer, train_data, valid_data, bench_idx_data, args, scheduler=scheduler)
  File "/home/acalvi/Dissertation/Aladdin/biolink/utility/train.py", line 40, in train
    train_mc(model, regulariser, optimiser, data, valid_data, all_data, args, scheduler=scheduler)
  File "/home/acalvi/Dissertation/Aladdin/biolink/utility/train.py", line 236, in train_mc
    
NameError: name 'valid' is not defined
