./test2.py --data pse --mcl True --batch-size 512 --epochs 100 --embedding-size 50 --learning-rate 0.1 --regulariser n3 --reg-weight 0.05 --optimizer adagrad --valid --quiet
MCL True
INFO:test2.py:Valid: True
INFO:test2.py:Device: cuda
curr directory /home/acalvi/Dissertation/Aladdin/biolink
Importing dataset files ... 
<class 'biolink.embeddings.models_mc.ComplEx_MC'>
INFO:test2.py:is tucker False
INFO:test2.py:settin tucker to FALSE
INFO:test2.py:Device: cuda
INFO:test2.py:Epoch 1/100	Loss 11.5059 ± 0.1708
INFO:test2.py:Epoch 2/100	Loss 11.4241 ± 0.0501
INFO:test2.py:Epoch 3/100	Loss 11.4166 ± 0.0488
INFO:test2.py:Epoch 4/100	Loss 11.4130 ± 0.0490
INFO:test2.py:Epoch 5/100	Loss 11.4107 ± 0.0492
INFO:test2.py:Epoch 6/100	Loss 11.4091 ± 0.0491
INFO:test2.py:Epoch 7/100	Loss 11.4075 ± 0.0489
INFO:test2.py:Epoch 8/100	Loss 11.4049 ± 0.0485
INFO:test2.py:Epoch 9/100	Loss 11.4035 ± 0.0494
INFO:test2.py:Epoch 10/100	Loss 11.4024 ± 0.0481
INFO:test2.py:Epoch 11/100	Loss 11.4014 ± 0.0478
INFO:test2.py:Epoch 12/100	Loss 11.4005 ± 0.0494
INFO:test2.py:Epoch 13/100	Loss 11.3994 ± 0.0487
INFO:test2.py:Epoch 14/100	Loss 11.3983 ± 0.0485
INFO:test2.py:Epoch 15/100	Loss 11.3973 ± 0.0488
INFO:test2.py:Epoch 16/100	Loss 11.3964 ± 0.0490
INFO:test2.py:Epoch 17/100	Loss 11.3957 ± 0.0487
INFO:test2.py:Epoch 18/100	Loss 11.3951 ± 0.0487
INFO:test2.py:Epoch 19/100	Loss 11.3945 ± 0.0486
INFO:test2.py:Epoch 20/100	Loss 11.3941 ± 0.0500
INFO:test2.py:Epoch 21/100	Loss 11.3938 ± 0.0480
INFO:test2.py:Epoch 22/100	Loss 11.3934 ± 0.0482
INFO:test2.py:Epoch 23/100	Loss 11.3931 ± 0.0483
INFO:test2.py:Epoch 24/100	Loss 11.3929 ± 0.0491
INFO:test2.py:Epoch 25/100	Loss 11.3926 ± 0.0482
INFO:test2.py:Epoch 26/100	Loss 11.3923 ± 0.0482
INFO:test2.py:Epoch 27/100	Loss 11.3917 ± 0.0477
INFO:test2.py:Epoch 28/100	Loss 11.3907 ± 0.0490
INFO:test2.py:Epoch 29/100	Loss 11.3901 ± 0.0483
INFO:test2.py:Epoch 30/100	Loss 11.3897 ± 0.0488
INFO:test2.py:Epoch 31/100	Loss 11.3894 ± 0.0486
INFO:test2.py:Epoch 32/100	Loss 11.3892 ± 0.0487
INFO:test2.py:Epoch 33/100	Loss 11.3890 ± 0.0483
INFO:test2.py:Epoch 34/100	Loss 11.3888 ± 0.0491
INFO:test2.py:Epoch 35/100	Loss 11.3881 ± 0.0493
INFO:test2.py:Epoch 36/100	Loss 11.3872 ± 0.0487
INFO:test2.py:Epoch 37/100	Loss 11.3869 ± 0.0482
INFO:test2.py:Epoch 38/100	Loss 11.3866 ± 0.0478
INFO:test2.py:Epoch 39/100	Loss 11.3864 ± 0.0485
INFO:test2.py:Epoch 40/100	Loss 11.3862 ± 0.0485
INFO:test2.py:Epoch 41/100	Loss 11.3861 ± 0.0492
INFO:test2.py:Epoch 42/100	Loss 11.3859 ± 0.0489
INFO:test2.py:Epoch 43/100	Loss 11.3858 ± 0.0481
INFO:test2.py:Epoch 44/100	Loss 11.3856 ± 0.0485
INFO:test2.py:Epoch 45/100	Loss 11.3855 ± 0.0490
INFO:test2.py:Epoch 46/100	Loss 11.3854 ± 0.0482
INFO:test2.py:Epoch 47/100	Loss 11.3853 ± 0.0486
INFO:test2.py:Epoch 48/100	Loss 11.3852 ± 0.0481
INFO:test2.py:Epoch 49/100	Loss 11.3850 ± 0.0482
INFO:test2.py:Validating
INFO:test2.py:batch start 	320000
INFO:test2.py:done
INFO:test2.py:metrics done
INFO:test2.py:Epoch 50/100	Loss 11.3850 ± 0.0486
INFO:test2.py:Epoch 51/100	Loss 11.3848 ± 0.0479
INFO:test2.py:Epoch 52/100	Loss 11.3847 ± 0.0479
INFO:test2.py:Epoch 53/100	Loss 11.3847 ± 0.0489
INFO:test2.py:Epoch 54/100	Loss 11.3846 ± 0.0482
INFO:test2.py:Epoch 55/100	Loss 11.3845 ± 0.0481
INFO:test2.py:Epoch 56/100	Loss 11.3844 ± 0.0479
INFO:test2.py:Epoch 57/100	Loss 11.3843 ± 0.0482
INFO:test2.py:Epoch 58/100	Loss 11.3842 ± 0.0481
INFO:test2.py:Epoch 59/100	Loss 11.3842 ± 0.0488
INFO:test2.py:Epoch 60/100	Loss 11.3841 ± 0.0491
INFO:test2.py:Epoch 61/100	Loss 11.3840 ± 0.0490
INFO:test2.py:Epoch 62/100	Loss 11.3839 ± 0.0483
INFO:test2.py:Epoch 63/100	Loss 11.3839 ± 0.0493
INFO:test2.py:Epoch 64/100	Loss 11.3838 ± 0.0479
INFO:test2.py:Epoch 65/100	Loss 11.3837 ± 0.0486
INFO:test2.py:Epoch 66/100	Loss 11.3837 ± 0.0484
INFO:test2.py:Epoch 67/100	Loss 11.3836 ± 0.0476
INFO:test2.py:Epoch 68/100	Loss 11.3836 ± 0.0488
INFO:test2.py:Epoch 69/100	Loss 11.3832 ± 0.0495
INFO:test2.py:Epoch 70/100	Loss 11.3826 ± 0.0483
INFO:test2.py:Epoch 71/100	Loss 11.3822 ± 0.0479
INFO:test2.py:Epoch 72/100	Loss 11.3818 ± 0.0489
INFO:test2.py:Epoch 73/100	Loss 11.3816 ± 0.0481
INFO:test2.py:Epoch 74/100	Loss 11.3813 ± 0.0481
INFO:test2.py:Epoch 75/100	Loss 11.3811 ± 0.0477
INFO:test2.py:Epoch 76/100	Loss 11.3810 ± 0.0486
INFO:test2.py:Epoch 77/100	Loss 11.3808 ± 0.0487
INFO:test2.py:Epoch 78/100	Loss 11.3806 ± 0.0488
INFO:test2.py:Epoch 79/100	Loss 11.3805 ± 0.0491
INFO:test2.py:Epoch 80/100	Loss 11.3804 ± 0.0478
INFO:test2.py:Epoch 81/100	Loss 11.3803 ± 0.0482
INFO:test2.py:Epoch 82/100	Loss 11.3802 ± 0.0479
INFO:test2.py:Epoch 83/100	Loss 11.3801 ± 0.0491
INFO:test2.py:Epoch 84/100	Loss 11.3800 ± 0.0481
INFO:test2.py:Epoch 85/100	Loss 11.3799 ± 0.0486
INFO:test2.py:Epoch 86/100	Loss 11.3799 ± 0.0483
INFO:test2.py:Epoch 87/100	Loss 11.3798 ± 0.0474
INFO:test2.py:Epoch 88/100	Loss 11.3797 ± 0.0488
INFO:test2.py:Epoch 89/100	Loss 11.3797 ± 0.0488
INFO:test2.py:Epoch 90/100	Loss 11.3796 ± 0.0482
INFO:test2.py:Epoch 91/100	Loss 11.3796 ± 0.0485
INFO:test2.py:Epoch 92/100	Loss 11.3795 ± 0.0483
INFO:test2.py:Epoch 93/100	Loss 11.3795 ± 0.0484
INFO:test2.py:Epoch 94/100	Loss 11.3794 ± 0.0484
INFO:test2.py:Epoch 95/100	Loss 11.3794 ± 0.0478
INFO:test2.py:Epoch 96/100	Loss 11.3793 ± 0.0490
INFO:test2.py:Epoch 97/100	Loss 11.3793 ± 0.0488
INFO:test2.py:Epoch 98/100	Loss 11.3793 ± 0.0491
INFO:test2.py:Epoch 99/100	Loss 11.3792 ± 0.0475
INFO:test2.py:Epoch 100/100	Loss 11.3792 ± 0.0484
INFO:test2.py:is bad performing False
INFO:test2.py:Done training
INFO:test2.py:in evalute for dataset: 	valid
INFO:test2.py:batch start 	320000
INFO:test2.py:done
INFO:test2.py:metrics done
INFO:test2.py:Error 	valid results	MRR 0.101301	H@1 0.034433	H@3 0.089124	H@10 0.226656	AU-ROC_raw -1.000000	AU-ROC_fil -1.000000
INFO:test2.py:in evalute for dataset: 	test
INFO:test2.py:batch start 	320000
INFO:test2.py:done
INFO:test2.py:metrics done
INFO:test2.py:Error 	test results	MRR 0.101347	H@1 0.034548	H@3 0.088866	H@10 0.226472	AU-ROC_raw -1.000000	AU-ROC_fil -1.000000
/home/acalvi/anaconda3/envs/libkge_new/lib/python3.7/site-packages/tensorflow/python/framework/dtypes.py:516: FutureWarning: Passing (type, 1) or '1type' as a synonym of type is deprecated; in a future version of numpy, it will be understood as (type, (1,)) / '(1,)type'.
  _np_qint8 = np.dtype([("qint8", np.int8, 1)])
/home/acalvi/anaconda3/envs/libkge_new/lib/python3.7/site-packages/tensorflow/python/framework/dtypes.py:517: FutureWarning: Passing (type, 1) or '1type' as a synonym of type is deprecated; in a future version of numpy, it will be understood as (type, (1,)) / '(1,)type'.
  _np_quint8 = np.dtype([("quint8", np.uint8, 1)])
/home/acalvi/anaconda3/envs/libkge_new/lib/python3.7/site-packages/tensorflow/python/framework/dtypes.py:518: FutureWarning: Passing (type, 1) or '1type' as a synonym of type is deprecated; in a future version of numpy, it will be understood as (type, (1,)) / '(1,)type'.
  _np_qint16 = np.dtype([("qint16", np.int16, 1)])
/home/acalvi/anaconda3/envs/libkge_new/lib/python3.7/site-packages/tensorflow/python/framework/dtypes.py:519: FutureWarning: Passing (type, 1) or '1type' as a synonym of type is deprecated; in a future version of numpy, it will be understood as (type, (1,)) / '(1,)type'.
  _np_quint16 = np.dtype([("quint16", np.uint16, 1)])
/home/acalvi/anaconda3/envs/libkge_new/lib/python3.7/site-packages/tensorflow/python/framework/dtypes.py:520: FutureWarning: Passing (type, 1) or '1type' as a synonym of type is deprecated; in a future version of numpy, it will be understood as (type, (1,)) / '(1,)type'.
  _np_qint32 = np.dtype([("qint32", np.int32, 1)])
/home/acalvi/anaconda3/envs/libkge_new/lib/python3.7/site-packages/tensorflow/python/framework/dtypes.py:525: FutureWarning: Passing (type, 1) or '1type' as a synonym of type is deprecated; in a future version of numpy, it will be understood as (type, (1,)) / '(1,)type'.
  np_resource = np.dtype([("resource", np.ubyte, 1)])
/home/acalvi/anaconda3/envs/libkge_new/lib/python3.7/site-packages/tensorboard/compat/tensorflow_stub/dtypes.py:541: FutureWarning: Passing (type, 1) or '1type' as a synonym of type is deprecated; in a future version of numpy, it will be understood as (type, (1,)) / '(1,)type'.
  _np_qint8 = np.dtype([("qint8", np.int8, 1)])
/home/acalvi/anaconda3/envs/libkge_new/lib/python3.7/site-packages/tensorboard/compat/tensorflow_stub/dtypes.py:542: FutureWarning: Passing (type, 1) or '1type' as a synonym of type is deprecated; in a future version of numpy, it will be understood as (type, (1,)) / '(1,)type'.
  _np_quint8 = np.dtype([("quint8", np.uint8, 1)])
/home/acalvi/anaconda3/envs/libkge_new/lib/python3.7/site-packages/tensorboard/compat/tensorflow_stub/dtypes.py:543: FutureWarning: Passing (type, 1) or '1type' as a synonym of type is deprecated; in a future version of numpy, it will be understood as (type, (1,)) / '(1,)type'.
  _np_qint16 = np.dtype([("qint16", np.int16, 1)])
/home/acalvi/anaconda3/envs/libkge_new/lib/python3.7/site-packages/tensorboard/compat/tensorflow_stub/dtypes.py:544: FutureWarning: Passing (type, 1) or '1type' as a synonym of type is deprecated; in a future version of numpy, it will be understood as (type, (1,)) / '(1,)type'.
  _np_quint16 = np.dtype([("quint16", np.uint16, 1)])
/home/acalvi/anaconda3/envs/libkge_new/lib/python3.7/site-packages/tensorboard/compat/tensorflow_stub/dtypes.py:545: FutureWarning: Passing (type, 1) or '1type' as a synonym of type is deprecated; in a future version of numpy, it will be understood as (type, (1,)) / '(1,)type'.
  _np_qint32 = np.dtype([("qint32", np.int32, 1)])
/home/acalvi/anaconda3/envs/libkge_new/lib/python3.7/site-packages/tensorboard/compat/tensorflow_stub/dtypes.py:550: FutureWarning: Passing (type, 1) or '1type' as a synonym of type is deprecated; in a future version of numpy, it will be understood as (type, (1,)) / '(1,)type'.
  np_resource = np.dtype([("resource", np.ubyte, 1)])
