./test2.py --data pse --mcl True --batch-size 512 --epochs 100 --embedding-size 200 --learning-rate 0.1 --regulariser n3 --reg-weight 0.01 --optimizer adagrad --valid --quiet
MCL True
INFO:test2.py:Valid: True
INFO:test2.py:Device: cuda
curr directory /home/acalvi/Dissertation/Aladdin/biolink
Importing dataset files ... 
<class 'biolink.embeddings.models_mc.ComplEx_MC'>
INFO:test2.py:is tucker False
INFO:test2.py:settin tucker to FALSE
INFO:test2.py:Device: cuda
INFO:test2.py:Epoch 1/100	Loss 10.8759 ± 0.3433
INFO:test2.py:Epoch 2/100	Loss 10.6036 ± 0.0567
INFO:test2.py:Epoch 3/100	Loss 10.5544 ± 0.0552
INFO:test2.py:Epoch 4/100	Loss 10.5260 ± 0.0551
INFO:test2.py:Epoch 5/100	Loss 10.5072 ± 0.0566
INFO:test2.py:Epoch 6/100	Loss 10.4939 ± 0.0553
INFO:test2.py:Epoch 7/100	Loss 10.4842 ± 0.0557
INFO:test2.py:Epoch 8/100	Loss 10.4765 ± 0.0565
INFO:test2.py:Epoch 9/100	Loss 10.4701 ± 0.0561
INFO:test2.py:Epoch 10/100	Loss 10.4650 ± 0.0560
INFO:test2.py:Epoch 11/100	Loss 10.4604 ± 0.0565
INFO:test2.py:Epoch 12/100	Loss 10.4565 ± 0.0561
INFO:test2.py:Epoch 13/100	Loss 10.4530 ± 0.0553
INFO:test2.py:Epoch 14/100	Loss 10.4500 ± 0.0556
INFO:test2.py:Epoch 15/100	Loss 10.4473 ± 0.0560
INFO:test2.py:Epoch 16/100	Loss 10.4449 ± 0.0561
INFO:test2.py:Epoch 17/100	Loss 10.4427 ± 0.0568
INFO:test2.py:Epoch 18/100	Loss 10.4407 ± 0.0564
INFO:test2.py:Epoch 19/100	Loss 10.4390 ± 0.0563
INFO:test2.py:Epoch 20/100	Loss 10.4373 ± 0.0561
INFO:test2.py:Epoch 21/100	Loss 10.4358 ± 0.0562
INFO:test2.py:Epoch 22/100	Loss 10.4343 ± 0.0565
INFO:test2.py:Epoch 23/100	Loss 10.4330 ± 0.0563
INFO:test2.py:Epoch 24/100	Loss 10.4317 ± 0.0564
INFO:test2.py:Epoch 25/100	Loss 10.4305 ± 0.0564
INFO:test2.py:Epoch 26/100	Loss 10.4294 ± 0.0574
INFO:test2.py:Epoch 27/100	Loss 10.4284 ± 0.0561
INFO:test2.py:Epoch 28/100	Loss 10.4275 ± 0.0558
INFO:test2.py:Epoch 29/100	Loss 10.4265 ± 0.0556
INFO:test2.py:Epoch 30/100	Loss 10.4256 ± 0.0566
INFO:test2.py:Epoch 31/100	Loss 10.4247 ± 0.0557
INFO:test2.py:Epoch 32/100	Loss 10.4240 ± 0.0552
INFO:test2.py:Epoch 33/100	Loss 10.4232 ± 0.0558
INFO:test2.py:Epoch 34/100	Loss 10.4224 ± 0.0563
INFO:test2.py:Epoch 35/100	Loss 10.4217 ± 0.0555
INFO:test2.py:Epoch 36/100	Loss 10.4211 ± 0.0561
INFO:test2.py:Epoch 37/100	Loss 10.4204 ± 0.0553
INFO:test2.py:Epoch 38/100	Loss 10.4198 ± 0.0562
INFO:test2.py:Epoch 39/100	Loss 10.4191 ± 0.0557
INFO:test2.py:Epoch 40/100	Loss 10.4186 ± 0.0565
INFO:test2.py:Epoch 41/100	Loss 10.4180 ± 0.0555
INFO:test2.py:Epoch 42/100	Loss 10.4175 ± 0.0563
INFO:test2.py:Epoch 43/100	Loss 10.4169 ± 0.0566
INFO:test2.py:Epoch 44/100	Loss 10.4164 ± 0.0561
INFO:test2.py:Epoch 45/100	Loss 10.4159 ± 0.0562
INFO:test2.py:Epoch 46/100	Loss 10.4155 ± 0.0553
INFO:test2.py:Epoch 47/100	Loss 10.4150 ± 0.0552
INFO:test2.py:Epoch 48/100	Loss 10.4145 ± 0.0553
INFO:test2.py:Epoch 49/100	Loss 10.4141 ± 0.0555
INFO:test2.py:Validating
INFO:test2.py:batch start 	320000
INFO:test2.py:done
INFO:test2.py:metrics done
INFO:test2.py:Epoch 50/100	Loss 10.4137 ± 0.0557
INFO:test2.py:Epoch 51/100	Loss 10.4133 ± 0.0558
INFO:test2.py:Epoch 52/100	Loss 10.4128 ± 0.0562
INFO:test2.py:Epoch 53/100	Loss 10.4125 ± 0.0556
INFO:test2.py:Epoch 54/100	Loss 10.4121 ± 0.0561
INFO:test2.py:Epoch 55/100	Loss 10.4117 ± 0.0554
INFO:test2.py:Epoch 56/100	Loss 10.4113 ± 0.0570
INFO:test2.py:Epoch 57/100	Loss 10.4110 ± 0.0548
INFO:test2.py:Epoch 58/100	Loss 10.4106 ± 0.0553
INFO:test2.py:Epoch 59/100	Loss 10.4103 ± 0.0559
INFO:test2.py:Epoch 60/100	Loss 10.4099 ± 0.0559
INFO:test2.py:Epoch 61/100	Loss 10.4096 ± 0.0557
INFO:test2.py:Epoch 62/100	Loss 10.4093 ± 0.0560
INFO:test2.py:Epoch 63/100	Loss 10.4090 ± 0.0568
INFO:test2.py:Epoch 64/100	Loss 10.4087 ± 0.0559
INFO:test2.py:Epoch 65/100	Loss 10.4084 ± 0.0554
INFO:test2.py:Epoch 66/100	Loss 10.4081 ± 0.0559
INFO:test2.py:Epoch 67/100	Loss 10.4078 ± 0.0558
INFO:test2.py:Epoch 68/100	Loss 10.4076 ± 0.0555
INFO:test2.py:Epoch 69/100	Loss 10.4073 ± 0.0559
INFO:test2.py:Epoch 70/100	Loss 10.4070 ± 0.0561
INFO:test2.py:Epoch 71/100	Loss 10.4068 ± 0.0571
INFO:test2.py:Epoch 72/100	Loss 10.4065 ± 0.0565
INFO:test2.py:Epoch 73/100	Loss 10.4063 ± 0.0554
INFO:test2.py:Epoch 74/100	Loss 10.4060 ± 0.0560
INFO:test2.py:Epoch 75/100	Loss 10.4058 ± 0.0555
INFO:test2.py:Epoch 76/100	Loss 10.4055 ± 0.0561
INFO:test2.py:Epoch 77/100	Loss 10.4053 ± 0.0567
INFO:test2.py:Epoch 78/100	Loss 10.4050 ± 0.0558
INFO:test2.py:Epoch 79/100	Loss 10.4048 ± 0.0560
INFO:test2.py:Epoch 80/100	Loss 10.4046 ± 0.0554
INFO:test2.py:Epoch 81/100	Loss 10.4044 ± 0.0561
INFO:test2.py:Epoch 82/100	Loss 10.4042 ± 0.0559
INFO:test2.py:Epoch 83/100	Loss 10.4040 ± 0.0553
INFO:test2.py:Epoch 84/100	Loss 10.4037 ± 0.0563
INFO:test2.py:Epoch 85/100	Loss 10.4036 ± 0.0564
INFO:test2.py:Epoch 86/100	Loss 10.4034 ± 0.0556
INFO:test2.py:Epoch 87/100	Loss 10.4032 ± 0.0567
INFO:test2.py:Epoch 88/100	Loss 10.4030 ± 0.0558
INFO:test2.py:Epoch 89/100	Loss 10.4027 ± 0.0566
INFO:test2.py:Epoch 90/100	Loss 10.4026 ± 0.0559
INFO:test2.py:Epoch 91/100	Loss 10.4024 ± 0.0558
INFO:test2.py:Epoch 92/100	Loss 10.4022 ± 0.0565
INFO:test2.py:Epoch 93/100	Loss 10.4020 ± 0.0556
INFO:test2.py:Epoch 94/100	Loss 10.4018 ± 0.0557
INFO:test2.py:Epoch 95/100	Loss 10.4016 ± 0.0559
INFO:test2.py:Epoch 96/100	Loss 10.4015 ± 0.0552
INFO:test2.py:Epoch 97/100	Loss 10.4013 ± 0.0558
INFO:test2.py:Epoch 98/100	Loss 10.4011 ± 0.0563
INFO:test2.py:Epoch 99/100	Loss 10.4010 ± 0.0562
INFO:test2.py:Epoch 100/100	Loss 10.4008 ± 0.0555
INFO:test2.py:is bad performing False
INFO:test2.py:Done training
INFO:test2.py:in evalute for dataset: 	valid
INFO:test2.py:batch start 	320000
INFO:test2.py:done
INFO:test2.py:metrics done
INFO:test2.py:Error 	valid results	MRR 0.148913	H@1 0.066924	H@3 0.144752	H@10 0.311342	AU-ROC_raw -1.000000	AU-ROC_fil -1.000000
INFO:test2.py:in evalute for dataset: 	test
INFO:test2.py:batch start 	320000
INFO:test2.py:done
INFO:test2.py:metrics done
INFO:test2.py:Error 	test results	MRR 0.148386	H@1 0.066344	H@3 0.144218	H@10 0.310746	AU-ROC_raw -1.000000	AU-ROC_fil -1.000000
/home/acalvi/anaconda3/envs/libkge_new/lib/python3.7/site-packages/tensorflow/python/framework/dtypes.py:516: FutureWarning: Passing (type, 1) or '1type' as a synonym of type is deprecated; in a future version of numpy, it will be understood as (type, (1,)) / '(1,)type'.
  _np_qint8 = np.dtype([("qint8", np.int8, 1)])
/home/acalvi/anaconda3/envs/libkge_new/lib/python3.7/site-packages/tensorflow/python/framework/dtypes.py:517: FutureWarning: Passing (type, 1) or '1type' as a synonym of type is deprecated; in a future version of numpy, it will be understood as (type, (1,)) / '(1,)type'.
  _np_quint8 = np.dtype([("quint8", np.uint8, 1)])
/home/acalvi/anaconda3/envs/libkge_new/lib/python3.7/site-packages/tensorflow/python/framework/dtypes.py:518: FutureWarning: Passing (type, 1) or '1type' as a synonym of type is deprecated; in a future version of numpy, it will be understood as (type, (1,)) / '(1,)type'.
  _np_qint16 = np.dtype([("qint16", np.int16, 1)])
/home/acalvi/anaconda3/envs/libkge_new/lib/python3.7/site-packages/tensorflow/python/framework/dtypes.py:519: FutureWarning: Passing (type, 1) or '1type' as a synonym of type is deprecated; in a future version of numpy, it will be understood as (type, (1,)) / '(1,)type'.
  _np_quint16 = np.dtype([("quint16", np.uint16, 1)])
/home/acalvi/anaconda3/envs/libkge_new/lib/python3.7/site-packages/tensorflow/python/framework/dtypes.py:520: FutureWarning: Passing (type, 1) or '1type' as a synonym of type is deprecated; in a future version of numpy, it will be understood as (type, (1,)) / '(1,)type'.
  _np_qint32 = np.dtype([("qint32", np.int32, 1)])
/home/acalvi/anaconda3/envs/libkge_new/lib/python3.7/site-packages/tensorflow/python/framework/dtypes.py:525: FutureWarning: Passing (type, 1) or '1type' as a synonym of type is deprecated; in a future version of numpy, it will be understood as (type, (1,)) / '(1,)type'.
  np_resource = np.dtype([("resource", np.ubyte, 1)])
/home/acalvi/anaconda3/envs/libkge_new/lib/python3.7/site-packages/tensorboard/compat/tensorflow_stub/dtypes.py:541: FutureWarning: Passing (type, 1) or '1type' as a synonym of type is deprecated; in a future version of numpy, it will be understood as (type, (1,)) / '(1,)type'.
  _np_qint8 = np.dtype([("qint8", np.int8, 1)])
/home/acalvi/anaconda3/envs/libkge_new/lib/python3.7/site-packages/tensorboard/compat/tensorflow_stub/dtypes.py:542: FutureWarning: Passing (type, 1) or '1type' as a synonym of type is deprecated; in a future version of numpy, it will be understood as (type, (1,)) / '(1,)type'.
  _np_quint8 = np.dtype([("quint8", np.uint8, 1)])
/home/acalvi/anaconda3/envs/libkge_new/lib/python3.7/site-packages/tensorboard/compat/tensorflow_stub/dtypes.py:543: FutureWarning: Passing (type, 1) or '1type' as a synonym of type is deprecated; in a future version of numpy, it will be understood as (type, (1,)) / '(1,)type'.
  _np_qint16 = np.dtype([("qint16", np.int16, 1)])
/home/acalvi/anaconda3/envs/libkge_new/lib/python3.7/site-packages/tensorboard/compat/tensorflow_stub/dtypes.py:544: FutureWarning: Passing (type, 1) or '1type' as a synonym of type is deprecated; in a future version of numpy, it will be understood as (type, (1,)) / '(1,)type'.
  _np_quint16 = np.dtype([("quint16", np.uint16, 1)])
/home/acalvi/anaconda3/envs/libkge_new/lib/python3.7/site-packages/tensorboard/compat/tensorflow_stub/dtypes.py:545: FutureWarning: Passing (type, 1) or '1type' as a synonym of type is deprecated; in a future version of numpy, it will be understood as (type, (1,)) / '(1,)type'.
  _np_qint32 = np.dtype([("qint32", np.int32, 1)])
/home/acalvi/anaconda3/envs/libkge_new/lib/python3.7/site-packages/tensorboard/compat/tensorflow_stub/dtypes.py:550: FutureWarning: Passing (type, 1) or '1type' as a synonym of type is deprecated; in a future version of numpy, it will be understood as (type, (1,)) / '(1,)type'.
  np_resource = np.dtype([("resource", np.ubyte, 1)])
