./test2.py --data pse --mcl True --batch-size 268 --epochs 100 --embedding-size 200 --learning-rate 0.1 --regulariser n3 --reg-weight 0.5 --optimizer adagrad --valid --quiet
MCL True
INFO:test2.py:Valid: True
INFO:test2.py:Device: cuda
curr directory /home/acalvi/Dissertation/Aladdin/biolink
Importing dataset files ... 
<class 'biolink.embeddings.models_mc.ComplEx_MC'>
INFO:test2.py:is tucker False
INFO:test2.py:Device: cuda
INFO:test2.py:Epoch 1/100	Loss 13.3396 ± 2.7463
INFO:test2.py:Epoch 2/100	Loss 13.0778 ± 2.0541
INFO:test2.py:Epoch 3/100	Loss 13.0338 ± 1.7787
INFO:test2.py:Epoch 4/100	Loss 13.0021 ± 1.6009
INFO:test2.py:Epoch 5/100	Loss 12.9875 ± 1.4559
INFO:test2.py:Epoch 6/100	Loss 12.9777 ± 1.3378
INFO:test2.py:Epoch 7/100	Loss 12.9703 ± 1.2448
INFO:test2.py:Epoch 8/100	Loss 12.9646 ± 1.1579
INFO:test2.py:Epoch 9/100	Loss 12.9599 ± 1.0857
INFO:test2.py:Epoch 10/100	Loss 12.9560 ± 1.0224
INFO:test2.py:Epoch 11/100	Loss 12.9526 ± 0.9666
INFO:test2.py:Epoch 12/100	Loss 12.9497 ± 0.9162
INFO:test2.py:Epoch 13/100	Loss 12.9472 ± 0.8722
INFO:test2.py:Epoch 14/100	Loss 12.9450 ± 0.8312
INFO:test2.py:Epoch 15/100	Loss 12.9430 ± 0.7930
INFO:test2.py:Epoch 16/100	Loss 12.9412 ± 0.7591
INFO:test2.py:Epoch 17/100	Loss 12.9395 ± 0.7270
INFO:test2.py:Epoch 18/100	Loss 12.9381 ± 0.6981
INFO:test2.py:Epoch 19/100	Loss 12.9367 ± 0.6706
INFO:test2.py:Epoch 20/100	Loss 12.9355 ± 0.6457
INFO:test2.py:Epoch 21/100	Loss 12.9343 ± 0.6222
INFO:test2.py:Epoch 22/100	Loss 12.9333 ± 0.6004
INFO:test2.py:Epoch 23/100	Loss 12.9323 ± 0.5799
INFO:test2.py:Epoch 24/100	Loss 12.9314 ± 0.5606
INFO:test2.py:Epoch 25/100	Loss 12.9305 ± 0.5430
INFO:test2.py:Epoch 26/100	Loss 12.9297 ± 0.5256
INFO:test2.py:Epoch 27/100	Loss 12.9290 ± 0.5096
INFO:test2.py:Epoch 28/100	Loss 12.9283 ± 0.4941
INFO:test2.py:Epoch 29/100	Loss 12.9276 ± 0.4800
INFO:test2.py:Epoch 30/100	Loss 12.9270 ± 0.4665
INFO:test2.py:Epoch 31/100	Loss 12.9264 ± 0.4535
INFO:test2.py:Epoch 32/100	Loss 12.9258 ± 0.4408
INFO:test2.py:Epoch 33/100	Loss 12.9253 ± 0.4294
INFO:test2.py:Epoch 34/100	Loss 12.9248 ± 0.4182
INFO:test2.py:Epoch 35/100	Loss 12.9244 ± 0.4075
INFO:test2.py:Epoch 36/100	Loss 12.9239 ± 0.3974
INFO:test2.py:Epoch 37/100	Loss 12.9235 ± 0.3875
INFO:test2.py:Epoch 38/100	Loss 12.9231 ± 0.3781
INFO:test2.py:Epoch 39/100	Loss 12.9227 ± 0.3694
INFO:test2.py:Epoch 40/100	Loss 12.9223 ± 0.3606
INFO:test2.py:Epoch 41/100	Loss 12.9220 ± 0.3524
INFO:test2.py:Epoch 42/100	Loss 12.9216 ± 0.3449
INFO:test2.py:Epoch 43/100	Loss 12.9213 ± 0.3377
INFO:test2.py:Epoch 44/100	Loss 12.9210 ± 0.3297
INFO:test2.py:Epoch 45/100	Loss 12.9207 ± 0.3232
INFO:test2.py:Epoch 46/100	Loss 12.9204 ± 0.3166
INFO:test2.py:Epoch 47/100	Loss 12.9202 ± 0.3104
INFO:test2.py:Epoch 48/100	Loss 12.9199 ± 0.3034
INFO:test2.py:Epoch 49/100	Loss 12.9196 ± 0.2980
INFO:test2.py:Epoch 50/100	Loss 12.9194 ± 0.2920
INFO:test2.py:Epoch 51/100	Loss 12.9192 ± 0.2860
INFO:test2.py:Epoch 52/100	Loss 12.9190 ± 0.2808
INFO:test2.py:Epoch 53/100	Loss 12.9188 ± 0.2756
INFO:test2.py:Epoch 54/100	Loss 12.9185 ± 0.2715
INFO:test2.py:Epoch 55/100	Loss 12.9184 ± 0.2656
INFO:test2.py:Epoch 56/100	Loss 12.9182 ± 0.2610
INFO:test2.py:Epoch 57/100	Loss 12.9180 ± 0.2565
INFO:test2.py:Epoch 58/100	Loss 12.9178 ± 0.2520
INFO:test2.py:Epoch 59/100	Loss 12.9176 ± 0.2480
INFO:test2.py:Epoch 60/100	Loss 12.9175 ± 0.2437
INFO:test2.py:Epoch 61/100	Loss 12.9173 ± 0.2402
INFO:test2.py:Epoch 62/100	Loss 12.9172 ± 0.2358
INFO:test2.py:Epoch 63/100	Loss 12.9170 ± 0.2321
INFO:test2.py:Epoch 64/100	Loss 12.9169 ± 0.2283
INFO:test2.py:Epoch 65/100	Loss 12.9167 ± 0.2247
INFO:test2.py:Epoch 66/100	Loss 12.9166 ± 0.2212
INFO:test2.py:Epoch 67/100	Loss 12.9165 ± 0.2179
INFO:test2.py:Epoch 68/100	Loss 12.9163 ± 0.2151
INFO:test2.py:Epoch 69/100	Loss 12.9162 ± 0.2115
INFO:test2.py:Epoch 70/100	Loss 12.9161 ± 0.2083
INFO:test2.py:Epoch 71/100	Loss 12.9160 ± 0.2051
INFO:test2.py:Epoch 72/100	Loss 12.9159 ± 0.2021
INFO:test2.py:Epoch 73/100	Loss 12.9158 ± 0.1992
INFO:test2.py:Epoch 74/100	Loss 12.9157 ± 0.1963
INFO:test2.py:Epoch 75/100	Loss 12.9156 ± 0.1937
INFO:test2.py:Epoch 76/100	Loss 12.9155 ± 0.1914
INFO:test2.py:Epoch 77/100	Loss 12.9154 ± 0.1885
INFO:test2.py:Epoch 78/100	Loss 12.9153 ± 0.1862
INFO:test2.py:Epoch 79/100	Loss 12.9152 ± 0.1834
INFO:test2.py:Epoch 80/100	Loss 12.9151 ± 0.1811
INFO:test2.py:Epoch 81/100	Loss 12.9150 ± 0.1790
INFO:test2.py:Epoch 82/100	Loss 12.9149 ± 0.1765
INFO:test2.py:Epoch 83/100	Loss 12.9149 ± 0.1741
INFO:test2.py:Epoch 84/100	Loss 12.9148 ± 0.1718
INFO:test2.py:Epoch 85/100	Loss 12.9147 ± 0.1697
INFO:test2.py:Epoch 86/100	Loss 12.9146 ± 0.1676
INFO:test2.py:Epoch 87/100	Loss 12.9146 ± 0.1655
INFO:test2.py:Epoch 88/100	Loss 12.9145 ± 0.1638
INFO:test2.py:Epoch 89/100	Loss 12.9144 ± 0.1617
INFO:test2.py:Epoch 90/100	Loss 12.9144 ± 0.1596
INFO:test2.py:Epoch 91/100	Loss 12.9143 ± 0.1577
INFO:test2.py:Epoch 92/100	Loss 12.9142 ± 0.1558
INFO:test2.py:Epoch 93/100	Loss 12.9142 ± 0.1539
INFO:test2.py:Epoch 94/100	Loss 12.9141 ± 0.1523
INFO:test2.py:Epoch 95/100	Loss 12.9141 ± 0.1507
INFO:test2.py:Epoch 96/100	Loss 12.9140 ± 0.1491
INFO:test2.py:Epoch 97/100	Loss 12.9139 ± 0.1474
INFO:test2.py:Epoch 98/100	Loss 12.9139 ± 0.1457
INFO:test2.py:Epoch 99/100	Loss 12.9138 ± 0.1440
INFO:test2.py:Epoch 100/100	Loss 12.9138 ± 0.1422
INFO:test2.py:is bad performing False
INFO:test2.py:Done training
INFO:test2.py:in evalute for dataset: 	valid
INFO:test2.py:done
INFO:test2.py:done not filtered aucroc
INFO:test2.py:metrics done
INFO:test2.py:Error 	valid results	MRR 0.059019	H@1 0.015867	H@3 0.043851	H@10 0.124671	AU-ROC_raw -1.000000	AU-ROC_fil -1.000000
INFO:test2.py:in evalute for dataset: 	test
INFO:test2.py:done
INFO:test2.py:done not filtered aucroc
INFO:test2.py:metrics done
INFO:test2.py:Error 	test results	MRR 0.058923	H@1 0.015662	H@3 0.043843	H@10 0.124648	AU-ROC_raw -1.000000	AU-ROC_fil -1.000000
/home/acalvi/anaconda3/envs/libkge_new/lib/python3.7/site-packages/tensorflow/python/framework/dtypes.py:516: FutureWarning: Passing (type, 1) or '1type' as a synonym of type is deprecated; in a future version of numpy, it will be understood as (type, (1,)) / '(1,)type'.
  _np_qint8 = np.dtype([("qint8", np.int8, 1)])
/home/acalvi/anaconda3/envs/libkge_new/lib/python3.7/site-packages/tensorflow/python/framework/dtypes.py:517: FutureWarning: Passing (type, 1) or '1type' as a synonym of type is deprecated; in a future version of numpy, it will be understood as (type, (1,)) / '(1,)type'.
  _np_quint8 = np.dtype([("quint8", np.uint8, 1)])
/home/acalvi/anaconda3/envs/libkge_new/lib/python3.7/site-packages/tensorflow/python/framework/dtypes.py:518: FutureWarning: Passing (type, 1) or '1type' as a synonym of type is deprecated; in a future version of numpy, it will be understood as (type, (1,)) / '(1,)type'.
  _np_qint16 = np.dtype([("qint16", np.int16, 1)])
/home/acalvi/anaconda3/envs/libkge_new/lib/python3.7/site-packages/tensorflow/python/framework/dtypes.py:519: FutureWarning: Passing (type, 1) or '1type' as a synonym of type is deprecated; in a future version of numpy, it will be understood as (type, (1,)) / '(1,)type'.
  _np_quint16 = np.dtype([("quint16", np.uint16, 1)])
/home/acalvi/anaconda3/envs/libkge_new/lib/python3.7/site-packages/tensorflow/python/framework/dtypes.py:520: FutureWarning: Passing (type, 1) or '1type' as a synonym of type is deprecated; in a future version of numpy, it will be understood as (type, (1,)) / '(1,)type'.
  _np_qint32 = np.dtype([("qint32", np.int32, 1)])
/home/acalvi/anaconda3/envs/libkge_new/lib/python3.7/site-packages/tensorflow/python/framework/dtypes.py:525: FutureWarning: Passing (type, 1) or '1type' as a synonym of type is deprecated; in a future version of numpy, it will be understood as (type, (1,)) / '(1,)type'.
  np_resource = np.dtype([("resource", np.ubyte, 1)])
/home/acalvi/anaconda3/envs/libkge_new/lib/python3.7/site-packages/tensorboard/compat/tensorflow_stub/dtypes.py:541: FutureWarning: Passing (type, 1) or '1type' as a synonym of type is deprecated; in a future version of numpy, it will be understood as (type, (1,)) / '(1,)type'.
  _np_qint8 = np.dtype([("qint8", np.int8, 1)])
/home/acalvi/anaconda3/envs/libkge_new/lib/python3.7/site-packages/tensorboard/compat/tensorflow_stub/dtypes.py:542: FutureWarning: Passing (type, 1) or '1type' as a synonym of type is deprecated; in a future version of numpy, it will be understood as (type, (1,)) / '(1,)type'.
  _np_quint8 = np.dtype([("quint8", np.uint8, 1)])
/home/acalvi/anaconda3/envs/libkge_new/lib/python3.7/site-packages/tensorboard/compat/tensorflow_stub/dtypes.py:543: FutureWarning: Passing (type, 1) or '1type' as a synonym of type is deprecated; in a future version of numpy, it will be understood as (type, (1,)) / '(1,)type'.
  _np_qint16 = np.dtype([("qint16", np.int16, 1)])
/home/acalvi/anaconda3/envs/libkge_new/lib/python3.7/site-packages/tensorboard/compat/tensorflow_stub/dtypes.py:544: FutureWarning: Passing (type, 1) or '1type' as a synonym of type is deprecated; in a future version of numpy, it will be understood as (type, (1,)) / '(1,)type'.
  _np_quint16 = np.dtype([("quint16", np.uint16, 1)])
/home/acalvi/anaconda3/envs/libkge_new/lib/python3.7/site-packages/tensorboard/compat/tensorflow_stub/dtypes.py:545: FutureWarning: Passing (type, 1) or '1type' as a synonym of type is deprecated; in a future version of numpy, it will be understood as (type, (1,)) / '(1,)type'.
  _np_qint32 = np.dtype([("qint32", np.int32, 1)])
/home/acalvi/anaconda3/envs/libkge_new/lib/python3.7/site-packages/tensorboard/compat/tensorflow_stub/dtypes.py:550: FutureWarning: Passing (type, 1) or '1type' as a synonym of type is deprecated; in a future version of numpy, it will be understood as (type, (1,)) / '(1,)type'.
  np_resource = np.dtype([("resource", np.ubyte, 1)])
