./test2.py --data pse --mcl True --batch-size 268 --epochs 100 --embedding-size 150 --learning-rate 0.01 --regulariser n3 --reg-weight 0.001 --optimizer adagrad --valid --quiet
MCL True
INFO:test2.py:Valid: True
INFO:test2.py:Device: cuda
curr directory /home/acalvi/Dissertation/Aladdin/biolink
Importing dataset files ... 
<class 'biolink.embeddings.models_mc.ComplEx_MC'>
INFO:test2.py:is tucker False
INFO:test2.py:settin tucker to FALSE
INFO:test2.py:Device: cuda
INFO:test2.py:Epoch 1/100	Loss 11.1169 ± 0.3723
INFO:test2.py:Epoch 2/100	Loss 10.6709 ± 0.0972
INFO:test2.py:Epoch 3/100	Loss 10.5307 ± 0.0836
INFO:test2.py:Epoch 4/100	Loss 10.4597 ± 0.0826
INFO:test2.py:Epoch 5/100	Loss 10.4139 ± 0.0827
INFO:test2.py:Epoch 6/100	Loss 10.3799 ± 0.0824
INFO:test2.py:Epoch 7/100	Loss 10.3526 ± 0.0818
INFO:test2.py:Epoch 8/100	Loss 10.3297 ± 0.0829
INFO:test2.py:Epoch 9/100	Loss 10.3099 ± 0.0823
INFO:test2.py:Epoch 10/100	Loss 10.2924 ± 0.0831
INFO:test2.py:Epoch 11/100	Loss 10.2768 ± 0.0826
INFO:test2.py:Epoch 12/100	Loss 10.2626 ± 0.0825
INFO:test2.py:Epoch 13/100	Loss 10.2497 ± 0.0825
INFO:test2.py:Epoch 14/100	Loss 10.2378 ± 0.0831
INFO:test2.py:Epoch 15/100	Loss 10.2268 ± 0.0829
INFO:test2.py:Epoch 16/100	Loss 10.2167 ± 0.0831
INFO:test2.py:Epoch 17/100	Loss 10.2072 ± 0.0827
INFO:test2.py:Epoch 18/100	Loss 10.1983 ± 0.0825
INFO:test2.py:Epoch 19/100	Loss 10.1900 ± 0.0821
INFO:test2.py:Epoch 20/100	Loss 10.1822 ± 0.0822
INFO:test2.py:Epoch 21/100	Loss 10.1749 ± 0.0826
INFO:test2.py:Epoch 22/100	Loss 10.1679 ± 0.0828
INFO:test2.py:Epoch 23/100	Loss 10.1614 ± 0.0834
INFO:test2.py:Epoch 24/100	Loss 10.1551 ± 0.0834
INFO:test2.py:Epoch 25/100	Loss 10.1493 ± 0.0837
INFO:test2.py:Epoch 26/100	Loss 10.1436 ± 0.0830
INFO:test2.py:Epoch 27/100	Loss 10.1383 ± 0.0827
INFO:test2.py:Epoch 28/100	Loss 10.1332 ± 0.0838
INFO:test2.py:Epoch 29/100	Loss 10.1284 ± 0.0828
INFO:test2.py:Epoch 30/100	Loss 10.1238 ± 0.0838
INFO:test2.py:Epoch 31/100	Loss 10.1193 ± 0.0835
INFO:test2.py:Epoch 32/100	Loss 10.1151 ± 0.0842
INFO:test2.py:Epoch 33/100	Loss 10.1110 ± 0.0835
INFO:test2.py:Epoch 34/100	Loss 10.1071 ± 0.0832
INFO:test2.py:Epoch 35/100	Loss 10.1034 ± 0.0833
INFO:test2.py:Epoch 36/100	Loss 10.0998 ± 0.0835
INFO:test2.py:Epoch 37/100	Loss 10.0963 ± 0.0831
INFO:test2.py:Epoch 38/100	Loss 10.0930 ± 0.0835
INFO:test2.py:Epoch 39/100	Loss 10.0898 ± 0.0840
INFO:test2.py:Epoch 40/100	Loss 10.0867 ± 0.0837
INFO:test2.py:Epoch 41/100	Loss 10.0837 ± 0.0847
INFO:test2.py:Epoch 42/100	Loss 10.0808 ± 0.0838
INFO:test2.py:Epoch 43/100	Loss 10.0780 ± 0.0844
INFO:test2.py:Epoch 44/100	Loss 10.0753 ± 0.0835
INFO:test2.py:Epoch 45/100	Loss 10.0727 ± 0.0835
INFO:test2.py:Epoch 46/100	Loss 10.0701 ± 0.0843
INFO:test2.py:Epoch 47/100	Loss 10.0677 ± 0.0844
INFO:test2.py:Epoch 48/100	Loss 10.0653 ± 0.0850
INFO:test2.py:Epoch 49/100	Loss 10.0630 ± 0.0831
INFO:test2.py:Validating
INFO:test2.py:done
INFO:test2.py:metrics done
INFO:test2.py:Epoch 50/100	Loss 10.0607 ± 0.0838
INFO:test2.py:Epoch 51/100	Loss 10.0586 ± 0.0849
INFO:test2.py:Epoch 52/100	Loss 10.0564 ± 0.0834
INFO:test2.py:Epoch 53/100	Loss 10.0544 ± 0.0839
INFO:test2.py:Epoch 54/100	Loss 10.0524 ± 0.0846
INFO:test2.py:Epoch 55/100	Loss 10.0504 ± 0.0851
INFO:test2.py:Epoch 56/100	Loss 10.0485 ± 0.0844
INFO:test2.py:Epoch 57/100	Loss 10.0467 ± 0.0852
INFO:test2.py:Epoch 58/100	Loss 10.0449 ± 0.0836
INFO:test2.py:Epoch 59/100	Loss 10.0431 ± 0.0847
INFO:test2.py:Epoch 60/100	Loss 10.0414 ± 0.0852
INFO:test2.py:Epoch 61/100	Loss 10.0397 ± 0.0855
INFO:test2.py:Epoch 62/100	Loss 10.0381 ± 0.0849
INFO:test2.py:Epoch 63/100	Loss 10.0365 ± 0.0845
INFO:test2.py:Epoch 64/100	Loss 10.0349 ± 0.0857
INFO:test2.py:Epoch 65/100	Loss 10.0334 ± 0.0848
INFO:test2.py:Epoch 66/100	Loss 10.0319 ± 0.0844
INFO:test2.py:Epoch 67/100	Loss 10.0304 ± 0.0852
INFO:test2.py:Epoch 68/100	Loss 10.0290 ± 0.0846
INFO:test2.py:Epoch 69/100	Loss 10.0276 ± 0.0854
INFO:test2.py:Epoch 70/100	Loss 10.0262 ± 0.0848
INFO:test2.py:Epoch 71/100	Loss 10.0249 ± 0.0853
INFO:test2.py:Epoch 72/100	Loss 10.0236 ± 0.0839
INFO:test2.py:Epoch 73/100	Loss 10.0223 ± 0.0844
INFO:test2.py:Epoch 74/100	Loss 10.0211 ± 0.0849
INFO:test2.py:Epoch 75/100	Loss 10.0198 ± 0.0846
INFO:test2.py:Epoch 76/100	Loss 10.0186 ± 0.0854
INFO:test2.py:Epoch 77/100	Loss 10.0174 ± 0.0848
INFO:test2.py:Epoch 78/100	Loss 10.0163 ± 0.0849
INFO:test2.py:Epoch 79/100	Loss 10.0151 ± 0.0855
INFO:test2.py:Epoch 80/100	Loss 10.0140 ± 0.0854
INFO:test2.py:Epoch 81/100	Loss 10.0129 ± 0.0863
INFO:test2.py:Epoch 82/100	Loss 10.0118 ± 0.0850
INFO:test2.py:Epoch 83/100	Loss 10.0107 ± 0.0862
INFO:test2.py:Epoch 84/100	Loss 10.0097 ± 0.0847
INFO:test2.py:Epoch 85/100	Loss 10.0087 ± 0.0847
INFO:test2.py:Epoch 86/100	Loss 10.0077 ± 0.0856
INFO:test2.py:Epoch 87/100	Loss 10.0067 ± 0.0858
INFO:test2.py:Epoch 88/100	Loss 10.0057 ± 0.0858
INFO:test2.py:Epoch 89/100	Loss 10.0047 ± 0.0847
INFO:test2.py:Epoch 90/100	Loss 10.0038 ± 0.0856
INFO:test2.py:Epoch 91/100	Loss 10.0029 ± 0.0850
INFO:test2.py:Epoch 92/100	Loss 10.0020 ± 0.0853
INFO:test2.py:Epoch 93/100	Loss 10.0011 ± 0.0851
INFO:test2.py:Epoch 94/100	Loss 10.0002 ± 0.0848
INFO:test2.py:Epoch 95/100	Loss 9.9993 ± 0.0847
INFO:test2.py:Epoch 96/100	Loss 9.9985 ± 0.0850
INFO:test2.py:Epoch 97/100	Loss 9.9976 ± 0.0859
INFO:test2.py:Epoch 98/100	Loss 9.9968 ± 0.0849
INFO:test2.py:Epoch 99/100	Loss 9.9960 ± 0.0853
INFO:test2.py:Epoch 100/100	Loss 9.9952 ± 0.0845
INFO:test2.py:is bad performing False
INFO:test2.py:Done training
INFO:test2.py:in evalute for dataset: 	valid
INFO:test2.py:done
INFO:test2.py:metrics done
INFO:test2.py:Error 	valid results	MRR 0.134498	H@1 0.054611	H@3 0.127627	H@10 0.292732	AU-ROC_raw -1.000000	AU-ROC_fil -1.000000
INFO:test2.py:in evalute for dataset: 	test
INFO:test2.py:done
INFO:test2.py:metrics done
INFO:test2.py:Error 	test results	MRR 0.135086	H@1 0.055075	H@3 0.128469	H@10 0.293482	AU-ROC_raw -1.000000	AU-ROC_fil -1.000000
/home/acalvi/anaconda3/envs/libkge_new/lib/python3.7/site-packages/tensorflow/python/framework/dtypes.py:516: FutureWarning: Passing (type, 1) or '1type' as a synonym of type is deprecated; in a future version of numpy, it will be understood as (type, (1,)) / '(1,)type'.
  _np_qint8 = np.dtype([("qint8", np.int8, 1)])
/home/acalvi/anaconda3/envs/libkge_new/lib/python3.7/site-packages/tensorflow/python/framework/dtypes.py:517: FutureWarning: Passing (type, 1) or '1type' as a synonym of type is deprecated; in a future version of numpy, it will be understood as (type, (1,)) / '(1,)type'.
  _np_quint8 = np.dtype([("quint8", np.uint8, 1)])
/home/acalvi/anaconda3/envs/libkge_new/lib/python3.7/site-packages/tensorflow/python/framework/dtypes.py:518: FutureWarning: Passing (type, 1) or '1type' as a synonym of type is deprecated; in a future version of numpy, it will be understood as (type, (1,)) / '(1,)type'.
  _np_qint16 = np.dtype([("qint16", np.int16, 1)])
/home/acalvi/anaconda3/envs/libkge_new/lib/python3.7/site-packages/tensorflow/python/framework/dtypes.py:519: FutureWarning: Passing (type, 1) or '1type' as a synonym of type is deprecated; in a future version of numpy, it will be understood as (type, (1,)) / '(1,)type'.
  _np_quint16 = np.dtype([("quint16", np.uint16, 1)])
/home/acalvi/anaconda3/envs/libkge_new/lib/python3.7/site-packages/tensorflow/python/framework/dtypes.py:520: FutureWarning: Passing (type, 1) or '1type' as a synonym of type is deprecated; in a future version of numpy, it will be understood as (type, (1,)) / '(1,)type'.
  _np_qint32 = np.dtype([("qint32", np.int32, 1)])
/home/acalvi/anaconda3/envs/libkge_new/lib/python3.7/site-packages/tensorflow/python/framework/dtypes.py:525: FutureWarning: Passing (type, 1) or '1type' as a synonym of type is deprecated; in a future version of numpy, it will be understood as (type, (1,)) / '(1,)type'.
  np_resource = np.dtype([("resource", np.ubyte, 1)])
/home/acalvi/anaconda3/envs/libkge_new/lib/python3.7/site-packages/tensorboard/compat/tensorflow_stub/dtypes.py:541: FutureWarning: Passing (type, 1) or '1type' as a synonym of type is deprecated; in a future version of numpy, it will be understood as (type, (1,)) / '(1,)type'.
  _np_qint8 = np.dtype([("qint8", np.int8, 1)])
/home/acalvi/anaconda3/envs/libkge_new/lib/python3.7/site-packages/tensorboard/compat/tensorflow_stub/dtypes.py:542: FutureWarning: Passing (type, 1) or '1type' as a synonym of type is deprecated; in a future version of numpy, it will be understood as (type, (1,)) / '(1,)type'.
  _np_quint8 = np.dtype([("quint8", np.uint8, 1)])
/home/acalvi/anaconda3/envs/libkge_new/lib/python3.7/site-packages/tensorboard/compat/tensorflow_stub/dtypes.py:543: FutureWarning: Passing (type, 1) or '1type' as a synonym of type is deprecated; in a future version of numpy, it will be understood as (type, (1,)) / '(1,)type'.
  _np_qint16 = np.dtype([("qint16", np.int16, 1)])
/home/acalvi/anaconda3/envs/libkge_new/lib/python3.7/site-packages/tensorboard/compat/tensorflow_stub/dtypes.py:544: FutureWarning: Passing (type, 1) or '1type' as a synonym of type is deprecated; in a future version of numpy, it will be understood as (type, (1,)) / '(1,)type'.
  _np_quint16 = np.dtype([("quint16", np.uint16, 1)])
/home/acalvi/anaconda3/envs/libkge_new/lib/python3.7/site-packages/tensorboard/compat/tensorflow_stub/dtypes.py:545: FutureWarning: Passing (type, 1) or '1type' as a synonym of type is deprecated; in a future version of numpy, it will be understood as (type, (1,)) / '(1,)type'.
  _np_qint32 = np.dtype([("qint32", np.int32, 1)])
/home/acalvi/anaconda3/envs/libkge_new/lib/python3.7/site-packages/tensorboard/compat/tensorflow_stub/dtypes.py:550: FutureWarning: Passing (type, 1) or '1type' as a synonym of type is deprecated; in a future version of numpy, it will be understood as (type, (1,)) / '(1,)type'.
  np_resource = np.dtype([("resource", np.ubyte, 1)])
