./test2.py --data pse --mcl True --batch-size 268 --epochs 100 --embedding-size 50 --learning-rate 0.01 --regulariser n3 --reg-weight 0.5 --optimizer adagrad --valid --quiet
MCL True
INFO:test2.py:Valid: True
INFO:test2.py:Device: cuda
curr directory /home/acalvi/Dissertation/Aladdin/biolink
Importing dataset files ... 
<class 'biolink.embeddings.models_mc.ComplEx_MC'>
INFO:test2.py:is tucker False
INFO:test2.py:Device: cuda
INFO:test2.py:Epoch 1/100	Loss 12.9384 ± 0.0254
INFO:test2.py:Epoch 2/100	Loss 12.9375 ± 0.0235
INFO:test2.py:Epoch 3/100	Loss 12.9372 ± 0.0230
INFO:test2.py:Epoch 4/100	Loss 12.9371 ± 0.0223
INFO:test2.py:Epoch 5/100	Loss 12.9370 ± 0.0220
INFO:test2.py:Epoch 6/100	Loss 12.9369 ± 0.0219
INFO:test2.py:Epoch 7/100	Loss 12.9369 ± 0.0219
INFO:test2.py:Epoch 8/100	Loss 12.9368 ± 0.0218
INFO:test2.py:Epoch 9/100	Loss 12.9368 ± 0.0218
INFO:test2.py:Epoch 10/100	Loss 12.9367 ± 0.0215
INFO:test2.py:Epoch 11/100	Loss 12.9367 ± 0.0218
INFO:test2.py:Epoch 12/100	Loss 12.9367 ± 0.0217
INFO:test2.py:Epoch 13/100	Loss 12.9367 ± 0.0220
INFO:test2.py:Epoch 14/100	Loss 12.9366 ± 0.0218
INFO:test2.py:Epoch 15/100	Loss 12.9366 ± 0.0217
INFO:test2.py:Epoch 16/100	Loss 12.9366 ± 0.0218
INFO:test2.py:Epoch 17/100	Loss 12.9366 ± 0.0219
INFO:test2.py:Epoch 18/100	Loss 12.9366 ± 0.0219
INFO:test2.py:Epoch 19/100	Loss 12.9366 ± 0.0220
INFO:test2.py:Epoch 20/100	Loss 12.9366 ± 0.0222
INFO:test2.py:Epoch 21/100	Loss 12.9365 ± 0.0221
INFO:test2.py:Epoch 22/100	Loss 12.9365 ± 0.0222
INFO:test2.py:Epoch 23/100	Loss 12.9365 ± 0.0223
INFO:test2.py:Epoch 24/100	Loss 12.9365 ± 0.0223
INFO:test2.py:Epoch 25/100	Loss 12.9365 ± 0.0224
INFO:test2.py:Epoch 26/100	Loss 12.9365 ± 0.0223
INFO:test2.py:Epoch 27/100	Loss 12.9365 ± 0.0224
INFO:test2.py:Epoch 28/100	Loss 12.9365 ± 0.0224
INFO:test2.py:Epoch 29/100	Loss 12.9365 ± 0.0226
INFO:test2.py:Epoch 30/100	Loss 12.9365 ± 0.0227
INFO:test2.py:Epoch 31/100	Loss 12.9365 ± 0.0227
INFO:test2.py:Epoch 32/100	Loss 12.9365 ± 0.0228
INFO:test2.py:Epoch 33/100	Loss 12.9365 ± 0.0228
INFO:test2.py:Epoch 34/100	Loss 12.9365 ± 0.0237
INFO:test2.py:Epoch 35/100	Loss 12.9365 ± 0.0228
INFO:test2.py:Epoch 36/100	Loss 12.9365 ± 0.0233
INFO:test2.py:Epoch 37/100	Loss 12.9365 ± 0.0228
INFO:test2.py:Epoch 38/100	Loss 12.9365 ± 0.0230
INFO:test2.py:Epoch 39/100	Loss 12.9365 ± 0.0231
INFO:test2.py:Epoch 40/100	Loss 12.9365 ± 0.0231
INFO:test2.py:Epoch 41/100	Loss 12.9365 ± 0.0230
INFO:test2.py:Epoch 42/100	Loss 12.9364 ± 0.0230
INFO:test2.py:Epoch 43/100	Loss 12.9364 ± 0.0231
INFO:test2.py:Epoch 44/100	Loss 12.9364 ± 0.0233
INFO:test2.py:Epoch 45/100	Loss 12.9364 ± 0.0234
INFO:test2.py:Epoch 46/100	Loss 12.9364 ± 0.0234
INFO:test2.py:Epoch 47/100	Loss 12.9364 ± 0.0234
INFO:test2.py:Epoch 48/100	Loss 12.9364 ± 0.0234
INFO:test2.py:Epoch 49/100	Loss 12.9364 ± 0.0236
INFO:test2.py:Epoch 50/100	Loss 12.9364 ± 0.0235
INFO:test2.py:Epoch 51/100	Loss 12.9364 ± 0.0236
INFO:test2.py:Epoch 52/100	Loss 12.9364 ± 0.0235
INFO:test2.py:Epoch 53/100	Loss 12.9364 ± 0.0240
INFO:test2.py:Epoch 54/100	Loss 12.9364 ± 0.0237
INFO:test2.py:Epoch 55/100	Loss 12.9364 ± 0.0236
INFO:test2.py:Epoch 56/100	Loss 12.9364 ± 0.0237
INFO:test2.py:Epoch 57/100	Loss 12.9364 ± 0.0237
INFO:test2.py:Epoch 58/100	Loss 12.9364 ± 0.0238
INFO:test2.py:Epoch 59/100	Loss 12.9364 ± 0.0242
INFO:test2.py:Epoch 60/100	Loss 12.9364 ± 0.0242
INFO:test2.py:Epoch 61/100	Loss 12.9364 ± 0.0239
INFO:test2.py:Epoch 62/100	Loss 12.9364 ± 0.0241
INFO:test2.py:Epoch 63/100	Loss 12.9364 ± 0.0240
INFO:test2.py:Epoch 64/100	Loss 12.9364 ± 0.0238
INFO:test2.py:Epoch 65/100	Loss 12.9364 ± 0.0242
INFO:test2.py:Epoch 66/100	Loss 12.9364 ± 0.0242
INFO:test2.py:Epoch 67/100	Loss 12.9364 ± 0.0242
INFO:test2.py:Epoch 68/100	Loss 12.9364 ± 0.0240
INFO:test2.py:Epoch 69/100	Loss 12.9364 ± 0.0241
INFO:test2.py:Epoch 70/100	Loss 12.9364 ± 0.0241
INFO:test2.py:Epoch 71/100	Loss 12.9364 ± 0.0241
INFO:test2.py:Epoch 72/100	Loss 12.9364 ± 0.0241
INFO:test2.py:Epoch 73/100	Loss 12.9364 ± 0.0241
INFO:test2.py:Epoch 74/100	Loss 12.9364 ± 0.0244
INFO:test2.py:Epoch 75/100	Loss 12.9364 ± 0.0242
INFO:test2.py:Epoch 76/100	Loss 12.9364 ± 0.0241
INFO:test2.py:Epoch 77/100	Loss 12.9364 ± 0.0242
INFO:test2.py:Epoch 78/100	Loss 12.9364 ± 0.0243
INFO:test2.py:Epoch 79/100	Loss 12.9364 ± 0.0248
INFO:test2.py:Epoch 80/100	Loss 12.9364 ± 0.0245
INFO:test2.py:Epoch 81/100	Loss 12.9364 ± 0.0243
INFO:test2.py:Epoch 82/100	Loss 12.9364 ± 0.0243
INFO:test2.py:Epoch 83/100	Loss 12.9364 ± 0.0245
INFO:test2.py:Epoch 84/100	Loss 12.9364 ± 0.0244
INFO:test2.py:Epoch 85/100	Loss 12.9364 ± 0.0244
INFO:test2.py:Epoch 86/100	Loss 12.9364 ± 0.0244
INFO:test2.py:Epoch 87/100	Loss 12.9364 ± 0.0247
INFO:test2.py:Epoch 88/100	Loss 12.9364 ± 0.0244
INFO:test2.py:Epoch 89/100	Loss 12.9364 ± 0.0247
INFO:test2.py:Epoch 90/100	Loss 12.9364 ± 0.0247
INFO:test2.py:Epoch 91/100	Loss 12.9364 ± 0.0247
INFO:test2.py:Epoch 92/100	Loss 12.9364 ± 0.0249
INFO:test2.py:Epoch 93/100	Loss 12.9364 ± 0.0252
INFO:test2.py:Epoch 94/100	Loss 12.9364 ± 0.0247
INFO:test2.py:Epoch 95/100	Loss 12.9364 ± 0.0250
INFO:test2.py:Epoch 96/100	Loss 12.9364 ± 0.0247
INFO:test2.py:Epoch 97/100	Loss 12.9364 ± 0.0250
INFO:test2.py:Epoch 98/100	Loss 12.9364 ± 0.0250
INFO:test2.py:Epoch 99/100	Loss 12.9364 ± 0.0250
INFO:test2.py:Epoch 100/100	Loss 12.9364 ± 0.0251
INFO:test2.py:is bad performing False
INFO:test2.py:Done training
INFO:test2.py:in evalute for dataset: 	valid
INFO:test2.py:done
INFO:test2.py:done not filtered aucroc
INFO:test2.py:metrics done
INFO:test2.py:Error 	valid results	MRR 0.043666	H@1 0.009063	H@3 0.026243	H@10 0.091522	AU-ROC_raw -1.000000	AU-ROC_fil -1.000000
INFO:test2.py:in evalute for dataset: 	test
INFO:test2.py:done
INFO:test2.py:done not filtered aucroc
INFO:test2.py:metrics done
INFO:test2.py:Error 	test results	MRR 0.043732	H@1 0.009127	H@3 0.026077	H@10 0.091758	AU-ROC_raw -1.000000	AU-ROC_fil -1.000000
/home/acalvi/anaconda3/envs/libkge_new/lib/python3.7/site-packages/tensorflow/python/framework/dtypes.py:516: FutureWarning: Passing (type, 1) or '1type' as a synonym of type is deprecated; in a future version of numpy, it will be understood as (type, (1,)) / '(1,)type'.
  _np_qint8 = np.dtype([("qint8", np.int8, 1)])
/home/acalvi/anaconda3/envs/libkge_new/lib/python3.7/site-packages/tensorflow/python/framework/dtypes.py:517: FutureWarning: Passing (type, 1) or '1type' as a synonym of type is deprecated; in a future version of numpy, it will be understood as (type, (1,)) / '(1,)type'.
  _np_quint8 = np.dtype([("quint8", np.uint8, 1)])
/home/acalvi/anaconda3/envs/libkge_new/lib/python3.7/site-packages/tensorflow/python/framework/dtypes.py:518: FutureWarning: Passing (type, 1) or '1type' as a synonym of type is deprecated; in a future version of numpy, it will be understood as (type, (1,)) / '(1,)type'.
  _np_qint16 = np.dtype([("qint16", np.int16, 1)])
/home/acalvi/anaconda3/envs/libkge_new/lib/python3.7/site-packages/tensorflow/python/framework/dtypes.py:519: FutureWarning: Passing (type, 1) or '1type' as a synonym of type is deprecated; in a future version of numpy, it will be understood as (type, (1,)) / '(1,)type'.
  _np_quint16 = np.dtype([("quint16", np.uint16, 1)])
/home/acalvi/anaconda3/envs/libkge_new/lib/python3.7/site-packages/tensorflow/python/framework/dtypes.py:520: FutureWarning: Passing (type, 1) or '1type' as a synonym of type is deprecated; in a future version of numpy, it will be understood as (type, (1,)) / '(1,)type'.
  _np_qint32 = np.dtype([("qint32", np.int32, 1)])
/home/acalvi/anaconda3/envs/libkge_new/lib/python3.7/site-packages/tensorflow/python/framework/dtypes.py:525: FutureWarning: Passing (type, 1) or '1type' as a synonym of type is deprecated; in a future version of numpy, it will be understood as (type, (1,)) / '(1,)type'.
  np_resource = np.dtype([("resource", np.ubyte, 1)])
/home/acalvi/anaconda3/envs/libkge_new/lib/python3.7/site-packages/tensorboard/compat/tensorflow_stub/dtypes.py:541: FutureWarning: Passing (type, 1) or '1type' as a synonym of type is deprecated; in a future version of numpy, it will be understood as (type, (1,)) / '(1,)type'.
  _np_qint8 = np.dtype([("qint8", np.int8, 1)])
/home/acalvi/anaconda3/envs/libkge_new/lib/python3.7/site-packages/tensorboard/compat/tensorflow_stub/dtypes.py:542: FutureWarning: Passing (type, 1) or '1type' as a synonym of type is deprecated; in a future version of numpy, it will be understood as (type, (1,)) / '(1,)type'.
  _np_quint8 = np.dtype([("quint8", np.uint8, 1)])
/home/acalvi/anaconda3/envs/libkge_new/lib/python3.7/site-packages/tensorboard/compat/tensorflow_stub/dtypes.py:543: FutureWarning: Passing (type, 1) or '1type' as a synonym of type is deprecated; in a future version of numpy, it will be understood as (type, (1,)) / '(1,)type'.
  _np_qint16 = np.dtype([("qint16", np.int16, 1)])
/home/acalvi/anaconda3/envs/libkge_new/lib/python3.7/site-packages/tensorboard/compat/tensorflow_stub/dtypes.py:544: FutureWarning: Passing (type, 1) or '1type' as a synonym of type is deprecated; in a future version of numpy, it will be understood as (type, (1,)) / '(1,)type'.
  _np_quint16 = np.dtype([("quint16", np.uint16, 1)])
/home/acalvi/anaconda3/envs/libkge_new/lib/python3.7/site-packages/tensorboard/compat/tensorflow_stub/dtypes.py:545: FutureWarning: Passing (type, 1) or '1type' as a synonym of type is deprecated; in a future version of numpy, it will be understood as (type, (1,)) / '(1,)type'.
  _np_qint32 = np.dtype([("qint32", np.int32, 1)])
/home/acalvi/anaconda3/envs/libkge_new/lib/python3.7/site-packages/tensorboard/compat/tensorflow_stub/dtypes.py:550: FutureWarning: Passing (type, 1) or '1type' as a synonym of type is deprecated; in a future version of numpy, it will be understood as (type, (1,)) / '(1,)type'.
  np_resource = np.dtype([("resource", np.ubyte, 1)])
