./test2.py --data pse --mcl True --batch-size 512 --epochs 100 --embedding-size 50 --learning-rate 0.01 --regulariser n3 --reg-weight 0.1 --optimizer adagrad --valid --quiet
MCL True
INFO:test2.py:Valid: True
INFO:test2.py:Device: cuda
curr directory /home/acalvi/Dissertation/Aladdin/biolink
Importing dataset files ... 
<class 'biolink.embeddings.models_mc.ComplEx_MC'>
INFO:test2.py:is tucker False
INFO:test2.py:settin tucker to FALSE
INFO:test2.py:Device: cuda
INFO:test2.py:Epoch 1/100	Loss 12.0846 ± 0.1768
INFO:test2.py:Epoch 2/100	Loss 11.9731 ± 0.0471
INFO:test2.py:Epoch 3/100	Loss 11.9581 ± 0.0453
INFO:test2.py:Epoch 4/100	Loss 11.9499 ± 0.0452
INFO:test2.py:Epoch 5/100	Loss 11.9458 ± 0.0451
INFO:test2.py:Epoch 6/100	Loss 11.9434 ± 0.0452
INFO:test2.py:Epoch 7/100	Loss 11.9419 ± 0.0451
INFO:test2.py:Epoch 8/100	Loss 11.9407 ± 0.0450
INFO:test2.py:Epoch 9/100	Loss 11.9398 ± 0.0455
INFO:test2.py:Epoch 10/100	Loss 11.9391 ± 0.0449
INFO:test2.py:Epoch 11/100	Loss 11.9384 ± 0.0450
INFO:test2.py:Epoch 12/100	Loss 11.9378 ± 0.0457
INFO:test2.py:Epoch 13/100	Loss 11.9373 ± 0.0448
INFO:test2.py:Epoch 14/100	Loss 11.9368 ± 0.0456
INFO:test2.py:Epoch 15/100	Loss 11.9363 ± 0.0451
INFO:test2.py:Epoch 16/100	Loss 11.9355 ± 0.0457
INFO:test2.py:Epoch 17/100	Loss 11.9325 ± 0.0455
INFO:test2.py:Epoch 18/100	Loss 11.9300 ± 0.0450
INFO:test2.py:Epoch 19/100	Loss 11.9284 ± 0.0451
INFO:test2.py:Epoch 20/100	Loss 11.9272 ± 0.0459
INFO:test2.py:Epoch 21/100	Loss 11.9262 ± 0.0445
INFO:test2.py:Epoch 22/100	Loss 11.9254 ± 0.0444
INFO:test2.py:Epoch 23/100	Loss 11.9247 ± 0.0449
INFO:test2.py:Epoch 24/100	Loss 11.9241 ± 0.0456
INFO:test2.py:Epoch 25/100	Loss 11.9235 ± 0.0448
INFO:test2.py:Epoch 26/100	Loss 11.9230 ± 0.0451
INFO:test2.py:Epoch 27/100	Loss 11.9225 ± 0.0441
INFO:test2.py:Epoch 28/100	Loss 11.9221 ± 0.0451
INFO:test2.py:Epoch 29/100	Loss 11.9216 ± 0.0448
INFO:test2.py:Epoch 30/100	Loss 11.9212 ± 0.0453
INFO:test2.py:Epoch 31/100	Loss 11.9208 ± 0.0453
INFO:test2.py:Epoch 32/100	Loss 11.9205 ± 0.0451
INFO:test2.py:Epoch 33/100	Loss 11.9202 ± 0.0453
INFO:test2.py:Epoch 34/100	Loss 11.9199 ± 0.0455
INFO:test2.py:Epoch 35/100	Loss 11.9196 ± 0.0458
INFO:test2.py:Epoch 36/100	Loss 11.9193 ± 0.0456
INFO:test2.py:Epoch 37/100	Loss 11.9191 ± 0.0448
INFO:test2.py:Epoch 38/100	Loss 11.9188 ± 0.0448
INFO:test2.py:Epoch 39/100	Loss 11.9186 ± 0.0452
INFO:test2.py:Epoch 40/100	Loss 11.9183 ± 0.0454
INFO:test2.py:Epoch 41/100	Loss 11.9181 ± 0.0457
INFO:test2.py:Epoch 42/100	Loss 11.9180 ± 0.0453
INFO:test2.py:Epoch 43/100	Loss 11.9178 ± 0.0451
INFO:test2.py:Epoch 44/100	Loss 11.9175 ± 0.0452
INFO:test2.py:Epoch 45/100	Loss 11.9174 ± 0.0454
INFO:test2.py:Epoch 46/100	Loss 11.9172 ± 0.0448
INFO:test2.py:Epoch 47/100	Loss 11.9170 ± 0.0452
INFO:test2.py:Epoch 48/100	Loss 11.9169 ± 0.0451
INFO:test2.py:Epoch 49/100	Loss 11.9167 ± 0.0453
INFO:test2.py:Validating
INFO:test2.py:batch start 	320000
INFO:test2.py:done
INFO:test2.py:metrics done
INFO:test2.py:Epoch 50/100	Loss 11.9165 ± 0.0454
INFO:test2.py:Epoch 51/100	Loss 11.9163 ± 0.0449
INFO:test2.py:Epoch 52/100	Loss 11.9161 ± 0.0447
INFO:test2.py:Epoch 53/100	Loss 11.9159 ± 0.0455
INFO:test2.py:Epoch 54/100	Loss 11.9157 ± 0.0449
INFO:test2.py:Epoch 55/100	Loss 11.9155 ± 0.0454
INFO:test2.py:Epoch 56/100	Loss 11.9153 ± 0.0448
INFO:test2.py:Epoch 57/100	Loss 11.9151 ± 0.0456
INFO:test2.py:Epoch 58/100	Loss 11.9150 ± 0.0453
INFO:test2.py:Epoch 59/100	Loss 11.9148 ± 0.0457
INFO:test2.py:Epoch 60/100	Loss 11.9147 ± 0.0458
INFO:test2.py:Epoch 61/100	Loss 11.9145 ± 0.0457
INFO:test2.py:Epoch 62/100	Loss 11.9144 ± 0.0453
INFO:test2.py:Epoch 63/100	Loss 11.9143 ± 0.0461
INFO:test2.py:Epoch 64/100	Loss 11.9141 ± 0.0450
INFO:test2.py:Epoch 65/100	Loss 11.9140 ± 0.0454
INFO:test2.py:Epoch 66/100	Loss 11.9139 ± 0.0454
INFO:test2.py:Epoch 67/100	Loss 11.9138 ± 0.0447
INFO:test2.py:Epoch 68/100	Loss 11.9137 ± 0.0454
INFO:test2.py:Epoch 69/100	Loss 11.9136 ± 0.0461
INFO:test2.py:Epoch 70/100	Loss 11.9135 ± 0.0450
INFO:test2.py:Epoch 71/100	Loss 11.9134 ± 0.0446
INFO:test2.py:Epoch 72/100	Loss 11.9133 ± 0.0455
INFO:test2.py:Epoch 73/100	Loss 11.9132 ± 0.0455
INFO:test2.py:Epoch 74/100	Loss 11.9131 ± 0.0452
INFO:test2.py:Epoch 75/100	Loss 11.9130 ± 0.0451
INFO:test2.py:Epoch 76/100	Loss 11.9130 ± 0.0455
INFO:test2.py:Epoch 77/100	Loss 11.9129 ± 0.0456
INFO:test2.py:Epoch 78/100	Loss 11.9128 ± 0.0456
INFO:test2.py:Epoch 79/100	Loss 11.9127 ± 0.0464
INFO:test2.py:Epoch 80/100	Loss 11.9127 ± 0.0452
INFO:test2.py:Epoch 81/100	Loss 11.9126 ± 0.0457
INFO:test2.py:Epoch 82/100	Loss 11.9125 ± 0.0449
INFO:test2.py:Epoch 83/100	Loss 11.9125 ± 0.0456
INFO:test2.py:Epoch 84/100	Loss 11.9124 ± 0.0451
INFO:test2.py:Epoch 85/100	Loss 11.9123 ± 0.0453
INFO:test2.py:Epoch 86/100	Loss 11.9123 ± 0.0452
INFO:test2.py:Epoch 87/100	Loss 11.9122 ± 0.0445
INFO:test2.py:Epoch 88/100	Loss 11.9122 ± 0.0461
INFO:test2.py:Epoch 89/100	Loss 11.9121 ± 0.0459
INFO:test2.py:Epoch 90/100	Loss 11.9121 ± 0.0450
INFO:test2.py:Epoch 91/100	Loss 11.9120 ± 0.0454
INFO:test2.py:Epoch 92/100	Loss 11.9120 ± 0.0453
INFO:test2.py:Epoch 93/100	Loss 11.9119 ± 0.0454
INFO:test2.py:Epoch 94/100	Loss 11.9119 ± 0.0455
INFO:test2.py:Epoch 95/100	Loss 11.9118 ± 0.0451
INFO:test2.py:Epoch 96/100	Loss 11.9118 ± 0.0457
INFO:test2.py:Epoch 97/100	Loss 11.9117 ± 0.0452
INFO:test2.py:Epoch 98/100	Loss 11.9117 ± 0.0456
INFO:test2.py:Epoch 99/100	Loss 11.9116 ± 0.0448
INFO:test2.py:Epoch 100/100	Loss 11.9116 ± 0.0455
INFO:test2.py:is bad performing False
INFO:test2.py:Done training
INFO:test2.py:in evalute for dataset: 	valid
INFO:test2.py:batch start 	320000
INFO:test2.py:done
INFO:test2.py:metrics done
INFO:test2.py:Error 	valid results	MRR 0.088162	H@1 0.028197	H@3 0.074467	H@10 0.196300	AU-ROC_raw -1.000000	AU-ROC_fil -1.000000
INFO:test2.py:in evalute for dataset: 	test
INFO:test2.py:batch start 	320000
INFO:test2.py:done
INFO:test2.py:metrics done
INFO:test2.py:Error 	test results	MRR 0.088235	H@1 0.028359	H@3 0.074308	H@10 0.195988	AU-ROC_raw -1.000000	AU-ROC_fil -1.000000
/home/acalvi/anaconda3/envs/libkge_new/lib/python3.7/site-packages/tensorflow/python/framework/dtypes.py:516: FutureWarning: Passing (type, 1) or '1type' as a synonym of type is deprecated; in a future version of numpy, it will be understood as (type, (1,)) / '(1,)type'.
  _np_qint8 = np.dtype([("qint8", np.int8, 1)])
/home/acalvi/anaconda3/envs/libkge_new/lib/python3.7/site-packages/tensorflow/python/framework/dtypes.py:517: FutureWarning: Passing (type, 1) or '1type' as a synonym of type is deprecated; in a future version of numpy, it will be understood as (type, (1,)) / '(1,)type'.
  _np_quint8 = np.dtype([("quint8", np.uint8, 1)])
/home/acalvi/anaconda3/envs/libkge_new/lib/python3.7/site-packages/tensorflow/python/framework/dtypes.py:518: FutureWarning: Passing (type, 1) or '1type' as a synonym of type is deprecated; in a future version of numpy, it will be understood as (type, (1,)) / '(1,)type'.
  _np_qint16 = np.dtype([("qint16", np.int16, 1)])
/home/acalvi/anaconda3/envs/libkge_new/lib/python3.7/site-packages/tensorflow/python/framework/dtypes.py:519: FutureWarning: Passing (type, 1) or '1type' as a synonym of type is deprecated; in a future version of numpy, it will be understood as (type, (1,)) / '(1,)type'.
  _np_quint16 = np.dtype([("quint16", np.uint16, 1)])
/home/acalvi/anaconda3/envs/libkge_new/lib/python3.7/site-packages/tensorflow/python/framework/dtypes.py:520: FutureWarning: Passing (type, 1) or '1type' as a synonym of type is deprecated; in a future version of numpy, it will be understood as (type, (1,)) / '(1,)type'.
  _np_qint32 = np.dtype([("qint32", np.int32, 1)])
/home/acalvi/anaconda3/envs/libkge_new/lib/python3.7/site-packages/tensorflow/python/framework/dtypes.py:525: FutureWarning: Passing (type, 1) or '1type' as a synonym of type is deprecated; in a future version of numpy, it will be understood as (type, (1,)) / '(1,)type'.
  np_resource = np.dtype([("resource", np.ubyte, 1)])
/home/acalvi/anaconda3/envs/libkge_new/lib/python3.7/site-packages/tensorboard/compat/tensorflow_stub/dtypes.py:541: FutureWarning: Passing (type, 1) or '1type' as a synonym of type is deprecated; in a future version of numpy, it will be understood as (type, (1,)) / '(1,)type'.
  _np_qint8 = np.dtype([("qint8", np.int8, 1)])
/home/acalvi/anaconda3/envs/libkge_new/lib/python3.7/site-packages/tensorboard/compat/tensorflow_stub/dtypes.py:542: FutureWarning: Passing (type, 1) or '1type' as a synonym of type is deprecated; in a future version of numpy, it will be understood as (type, (1,)) / '(1,)type'.
  _np_quint8 = np.dtype([("quint8", np.uint8, 1)])
/home/acalvi/anaconda3/envs/libkge_new/lib/python3.7/site-packages/tensorboard/compat/tensorflow_stub/dtypes.py:543: FutureWarning: Passing (type, 1) or '1type' as a synonym of type is deprecated; in a future version of numpy, it will be understood as (type, (1,)) / '(1,)type'.
  _np_qint16 = np.dtype([("qint16", np.int16, 1)])
/home/acalvi/anaconda3/envs/libkge_new/lib/python3.7/site-packages/tensorboard/compat/tensorflow_stub/dtypes.py:544: FutureWarning: Passing (type, 1) or '1type' as a synonym of type is deprecated; in a future version of numpy, it will be understood as (type, (1,)) / '(1,)type'.
  _np_quint16 = np.dtype([("quint16", np.uint16, 1)])
/home/acalvi/anaconda3/envs/libkge_new/lib/python3.7/site-packages/tensorboard/compat/tensorflow_stub/dtypes.py:545: FutureWarning: Passing (type, 1) or '1type' as a synonym of type is deprecated; in a future version of numpy, it will be understood as (type, (1,)) / '(1,)type'.
  _np_qint32 = np.dtype([("qint32", np.int32, 1)])
/home/acalvi/anaconda3/envs/libkge_new/lib/python3.7/site-packages/tensorboard/compat/tensorflow_stub/dtypes.py:550: FutureWarning: Passing (type, 1) or '1type' as a synonym of type is deprecated; in a future version of numpy, it will be understood as (type, (1,)) / '(1,)type'.
  np_resource = np.dtype([("resource", np.ubyte, 1)])
/home/acalvi/Dissertation/Aladdin/biolink/testing/experiment_ComplEx.py:184: FutureWarning: elementwise comparison failed; returning scalar instead, but in the future will perform elementwise comparison
  if data == 'pse':
