./test2.py --data pse --mcl True --batch-size 512 --epochs 100 --embedding-size 50 --learning-rate 0.1 --regulariser n3 --reg-weight 0.1 --optimizer adagrad --valid --quiet
MCL True
INFO:test2.py:Valid: True
INFO:test2.py:Device: cuda
curr directory /home/acalvi/Dissertation/Aladdin/biolink
Importing dataset files ... 
<class 'biolink.embeddings.models_mc.ComplEx_MC'>
INFO:test2.py:is tucker False
INFO:test2.py:settin tucker to FALSE
INFO:test2.py:Device: cuda
INFO:test2.py:Epoch 1/100	Loss 11.9727 ± 0.1214
INFO:test2.py:Epoch 2/100	Loss 11.9338 ± 0.0498
INFO:test2.py:Epoch 3/100	Loss 11.9289 ± 0.0476
INFO:test2.py:Epoch 4/100	Loss 11.9260 ± 0.0472
INFO:test2.py:Epoch 5/100	Loss 11.9241 ± 0.0470
INFO:test2.py:Epoch 6/100	Loss 11.9230 ± 0.0468
INFO:test2.py:Epoch 7/100	Loss 11.9223 ± 0.0465
INFO:test2.py:Epoch 8/100	Loss 11.9219 ± 0.0463
INFO:test2.py:Epoch 9/100	Loss 11.9215 ± 0.0469
INFO:test2.py:Epoch 10/100	Loss 11.9212 ± 0.0460
INFO:test2.py:Epoch 11/100	Loss 11.9209 ± 0.0457
INFO:test2.py:Epoch 12/100	Loss 11.9206 ± 0.0468
INFO:test2.py:Epoch 13/100	Loss 11.9204 ± 0.0456
INFO:test2.py:Epoch 14/100	Loss 11.9201 ± 0.0463
INFO:test2.py:Epoch 15/100	Loss 11.9198 ± 0.0458
INFO:test2.py:Epoch 16/100	Loss 11.9196 ± 0.0466
INFO:test2.py:Epoch 17/100	Loss 11.9193 ± 0.0463
INFO:test2.py:Epoch 18/100	Loss 11.9189 ± 0.0461
INFO:test2.py:Epoch 19/100	Loss 11.9185 ± 0.0461
INFO:test2.py:Epoch 20/100	Loss 11.9181 ± 0.0471
INFO:test2.py:Epoch 21/100	Loss 11.9176 ± 0.0454
INFO:test2.py:Epoch 22/100	Loss 11.9170 ± 0.0455
INFO:test2.py:Epoch 23/100	Loss 11.9164 ± 0.0458
INFO:test2.py:Epoch 24/100	Loss 11.9158 ± 0.0463
INFO:test2.py:Epoch 25/100	Loss 11.9151 ± 0.0454
INFO:test2.py:Epoch 26/100	Loss 11.9142 ± 0.0458
INFO:test2.py:Epoch 27/100	Loss 11.9134 ± 0.0447
INFO:test2.py:Epoch 28/100	Loss 11.9128 ± 0.0457
INFO:test2.py:Epoch 29/100	Loss 11.9123 ± 0.0452
INFO:test2.py:Epoch 30/100	Loss 11.9120 ± 0.0457
INFO:test2.py:Epoch 31/100	Loss 11.9116 ± 0.0458
INFO:test2.py:Epoch 32/100	Loss 11.9114 ± 0.0455
INFO:test2.py:Epoch 33/100	Loss 11.9111 ± 0.0454
INFO:test2.py:Epoch 34/100	Loss 11.9110 ± 0.0458
INFO:test2.py:Epoch 35/100	Loss 11.9109 ± 0.0460
INFO:test2.py:Epoch 36/100	Loss 11.9107 ± 0.0460
INFO:test2.py:Epoch 37/100	Loss 11.9106 ± 0.0452
INFO:test2.py:Epoch 38/100	Loss 11.9105 ± 0.0450
INFO:test2.py:Epoch 39/100	Loss 11.9104 ± 0.0453
INFO:test2.py:Epoch 40/100	Loss 11.9103 ± 0.0456
INFO:test2.py:Epoch 41/100	Loss 11.9102 ± 0.0459
INFO:test2.py:Epoch 42/100	Loss 11.9102 ± 0.0455
INFO:test2.py:Epoch 43/100	Loss 11.9101 ± 0.0452
INFO:test2.py:Epoch 44/100	Loss 11.9101 ± 0.0453
INFO:test2.py:Epoch 45/100	Loss 11.9100 ± 0.0456
INFO:test2.py:Epoch 46/100	Loss 11.9100 ± 0.0449
INFO:test2.py:Epoch 47/100	Loss 11.9099 ± 0.0453
INFO:test2.py:Epoch 48/100	Loss 11.9099 ± 0.0452
INFO:test2.py:Epoch 49/100	Loss 11.9099 ± 0.0453
/home/acalvi/anaconda3/envs/libkge_new/lib/python3.7/site-packages/tensorflow/python/framework/dtypes.py:516: FutureWarning: Passing (type, 1) or '1type' as a synonym of type is deprecated; in a future version of numpy, it will be understood as (type, (1,)) / '(1,)type'.
  _np_qint8 = np.dtype([("qint8", np.int8, 1)])
/home/acalvi/anaconda3/envs/libkge_new/lib/python3.7/site-packages/tensorflow/python/framework/dtypes.py:517: FutureWarning: Passing (type, 1) or '1type' as a synonym of type is deprecated; in a future version of numpy, it will be understood as (type, (1,)) / '(1,)type'.
  _np_quint8 = np.dtype([("quint8", np.uint8, 1)])
/home/acalvi/anaconda3/envs/libkge_new/lib/python3.7/site-packages/tensorflow/python/framework/dtypes.py:518: FutureWarning: Passing (type, 1) or '1type' as a synonym of type is deprecated; in a future version of numpy, it will be understood as (type, (1,)) / '(1,)type'.
  _np_qint16 = np.dtype([("qint16", np.int16, 1)])
/home/acalvi/anaconda3/envs/libkge_new/lib/python3.7/site-packages/tensorflow/python/framework/dtypes.py:519: FutureWarning: Passing (type, 1) or '1type' as a synonym of type is deprecated; in a future version of numpy, it will be understood as (type, (1,)) / '(1,)type'.
  _np_quint16 = np.dtype([("quint16", np.uint16, 1)])
/home/acalvi/anaconda3/envs/libkge_new/lib/python3.7/site-packages/tensorflow/python/framework/dtypes.py:520: FutureWarning: Passing (type, 1) or '1type' as a synonym of type is deprecated; in a future version of numpy, it will be understood as (type, (1,)) / '(1,)type'.
  _np_qint32 = np.dtype([("qint32", np.int32, 1)])
/home/acalvi/anaconda3/envs/libkge_new/lib/python3.7/site-packages/tensorflow/python/framework/dtypes.py:525: FutureWarning: Passing (type, 1) or '1type' as a synonym of type is deprecated; in a future version of numpy, it will be understood as (type, (1,)) / '(1,)type'.
  np_resource = np.dtype([("resource", np.ubyte, 1)])
/home/acalvi/anaconda3/envs/libkge_new/lib/python3.7/site-packages/tensorboard/compat/tensorflow_stub/dtypes.py:541: FutureWarning: Passing (type, 1) or '1type' as a synonym of type is deprecated; in a future version of numpy, it will be understood as (type, (1,)) / '(1,)type'.
  _np_qint8 = np.dtype([("qint8", np.int8, 1)])
/home/acalvi/anaconda3/envs/libkge_new/lib/python3.7/site-packages/tensorboard/compat/tensorflow_stub/dtypes.py:542: FutureWarning: Passing (type, 1) or '1type' as a synonym of type is deprecated; in a future version of numpy, it will be understood as (type, (1,)) / '(1,)type'.
  _np_quint8 = np.dtype([("quint8", np.uint8, 1)])
/home/acalvi/anaconda3/envs/libkge_new/lib/python3.7/site-packages/tensorboard/compat/tensorflow_stub/dtypes.py:543: FutureWarning: Passing (type, 1) or '1type' as a synonym of type is deprecated; in a future version of numpy, it will be understood as (type, (1,)) / '(1,)type'.
  _np_qint16 = np.dtype([("qint16", np.int16, 1)])
/home/acalvi/anaconda3/envs/libkge_new/lib/python3.7/site-packages/tensorboard/compat/tensorflow_stub/dtypes.py:544: FutureWarning: Passing (type, 1) or '1type' as a synonym of type is deprecated; in a future version of numpy, it will be understood as (type, (1,)) / '(1,)type'.
  _np_quint16 = np.dtype([("quint16", np.uint16, 1)])
/home/acalvi/anaconda3/envs/libkge_new/lib/python3.7/site-packages/tensorboard/compat/tensorflow_stub/dtypes.py:545: FutureWarning: Passing (type, 1) or '1type' as a synonym of type is deprecated; in a future version of numpy, it will be understood as (type, (1,)) / '(1,)type'.
  _np_qint32 = np.dtype([("qint32", np.int32, 1)])
/home/acalvi/anaconda3/envs/libkge_new/lib/python3.7/site-packages/tensorboard/compat/tensorflow_stub/dtypes.py:550: FutureWarning: Passing (type, 1) or '1type' as a synonym of type is deprecated; in a future version of numpy, it will be understood as (type, (1,)) / '(1,)type'.
  np_resource = np.dtype([("resource", np.ubyte, 1)])
Traceback (most recent call last):
  File "./test2.py", line 15, in <module>
    main(sys.argv[1:])
  File "./test2.py", line 10, in main
    experiment_ComplEx.main(argv)
  File "/home/acalvi/Dissertation/Aladdin/biolink/testing/experiment_ComplEx.py", line 171, in main
    train.train(model, regulariser, optimizer, train_data, valid_data, bench_idx_data, args, scheduler=scheduler)
  File "/home/acalvi/Dissertation/Aladdin/biolink/utility/train.py", line 40, in train
    train_mc(model, regulariser, optimiser, data, valid_data, all_data, args, scheduler=scheduler)
  File "/home/acalvi/Dissertation/Aladdin/biolink/utility/train.py", line 236, in train_mc
    if ((epoch+1) == 50) and valid:
NameError: name 'valid' is not defined
