./test2.py --data pse --mcl True --batch-size 128 --epochs 100 --embedding-size 100 --learning-rate 0.01 --regulariser n3 --reg-weight 0.05 --optimizer adagrad --valid --quiet
MCL True
INFO:test2.py:Valid: True
INFO:test2.py:Device: cuda
curr directory /home/acalvi/Dissertation/Aladdin/biolink
Importing dataset files ... 
<class 'biolink.embeddings.models_mc.ComplEx_MC'>
INFO:test2.py:is tucker False
INFO:test2.py:Device: cuda
INFO:test2.py:Epoch 1/100	Loss 11.7617 ± 0.2109
INFO:test2.py:Epoch 2/100	Loss 11.5979 ± 0.1073
INFO:test2.py:Epoch 3/100	Loss 11.5493 ± 0.1012
INFO:test2.py:Epoch 4/100	Loss 11.5148 ± 0.1007
INFO:test2.py:Epoch 5/100	Loss 11.4925 ± 0.1004
INFO:test2.py:Epoch 6/100	Loss 11.4814 ± 0.0999
INFO:test2.py:Epoch 7/100	Loss 11.4738 ± 0.1000
INFO:test2.py:Epoch 8/100	Loss 11.4680 ± 0.1000
INFO:test2.py:Epoch 9/100	Loss 11.4633 ± 0.0999
INFO:test2.py:Epoch 10/100	Loss 11.4594 ± 0.1003
INFO:test2.py:Epoch 11/100	Loss 11.4561 ± 0.1001
INFO:test2.py:Epoch 12/100	Loss 11.4531 ± 0.1000
INFO:test2.py:Epoch 13/100	Loss 11.4506 ± 0.0997
INFO:test2.py:Epoch 14/100	Loss 11.4483 ± 0.0999
INFO:test2.py:Epoch 15/100	Loss 11.4462 ± 0.0992
INFO:test2.py:Epoch 16/100	Loss 11.4444 ± 0.0992
INFO:test2.py:Epoch 17/100	Loss 11.4427 ± 0.0988
INFO:test2.py:Epoch 18/100	Loss 11.4412 ± 0.0995
INFO:test2.py:Epoch 19/100	Loss 11.4398 ± 0.0991
INFO:test2.py:Epoch 20/100	Loss 11.4385 ± 0.0996
INFO:test2.py:Epoch 21/100	Loss 11.4373 ± 0.0993
INFO:test2.py:Epoch 22/100	Loss 11.4362 ± 0.0994
INFO:test2.py:Epoch 23/100	Loss 11.4352 ± 0.0993
INFO:test2.py:Epoch 24/100	Loss 11.4342 ± 0.0992
INFO:test2.py:Epoch 25/100	Loss 11.4334 ± 0.0996
INFO:test2.py:Epoch 26/100	Loss 11.4326 ± 0.0996
INFO:test2.py:Epoch 27/100	Loss 11.4318 ± 0.0995
INFO:test2.py:Epoch 28/100	Loss 11.4311 ± 0.1000
INFO:test2.py:Epoch 29/100	Loss 11.4304 ± 0.0987
INFO:test2.py:Epoch 30/100	Loss 11.4298 ± 0.0992
INFO:test2.py:Epoch 31/100	Loss 11.4292 ± 0.1000
INFO:test2.py:Epoch 32/100	Loss 11.4286 ± 0.0996
INFO:test2.py:Epoch 33/100	Loss 11.4281 ± 0.1001
INFO:test2.py:Epoch 34/100	Loss 11.4276 ± 0.0996
INFO:test2.py:Epoch 35/100	Loss 11.4271 ± 0.0991
INFO:test2.py:Epoch 36/100	Loss 11.4267 ± 0.0999
INFO:test2.py:Epoch 37/100	Loss 11.4262 ± 0.0993
INFO:test2.py:Epoch 38/100	Loss 11.4258 ± 0.0997
INFO:test2.py:Epoch 39/100	Loss 11.4254 ± 0.0990
INFO:test2.py:Epoch 40/100	Loss 11.4250 ± 0.0993
INFO:test2.py:Epoch 41/100	Loss 11.4247 ± 0.0994
INFO:test2.py:Epoch 42/100	Loss 11.4243 ± 0.0988
INFO:test2.py:Epoch 43/100	Loss 11.4240 ± 0.0998
INFO:test2.py:Epoch 44/100	Loss 11.4236 ± 0.0998
INFO:test2.py:Epoch 45/100	Loss 11.4233 ± 0.0992
INFO:test2.py:Epoch 46/100	Loss 11.4230 ± 0.0993
INFO:test2.py:Epoch 47/100	Loss 11.4227 ± 0.0997
INFO:test2.py:Epoch 48/100	Loss 11.4224 ± 0.0994
INFO:test2.py:Epoch 49/100	Loss 11.4221 ± 0.1000
INFO:test2.py:Epoch 50/100	Loss 11.4218 ± 0.0997
INFO:test2.py:Epoch 51/100	Loss 11.4215 ± 0.0996
INFO:test2.py:Epoch 52/100	Loss 11.4213 ± 0.0994
INFO:test2.py:Epoch 53/100	Loss 11.4210 ± 0.1001
INFO:test2.py:Epoch 54/100	Loss 11.4207 ± 0.1002
INFO:test2.py:Epoch 55/100	Loss 11.4205 ± 0.0995
INFO:test2.py:Epoch 56/100	Loss 11.4202 ± 0.1001
INFO:test2.py:Epoch 57/100	Loss 11.4200 ± 0.0990
INFO:test2.py:Epoch 58/100	Loss 11.4198 ± 0.0988
INFO:test2.py:Epoch 59/100	Loss 11.4195 ± 0.0996
INFO:test2.py:Epoch 60/100	Loss 11.4193 ± 0.0994
INFO:test2.py:Epoch 61/100	Loss 11.4191 ± 0.0992
INFO:test2.py:Epoch 62/100	Loss 11.4189 ± 0.0986
INFO:test2.py:Epoch 63/100	Loss 11.4187 ± 0.0995
INFO:test2.py:Epoch 64/100	Loss 11.4184 ± 0.0991
INFO:test2.py:Epoch 65/100	Loss 11.4182 ± 0.0994
INFO:test2.py:Epoch 66/100	Loss 11.4180 ± 0.0994
INFO:test2.py:Epoch 67/100	Loss 11.4178 ± 0.0994
INFO:test2.py:Epoch 68/100	Loss 11.4176 ± 0.0993
INFO:test2.py:Epoch 69/100	Loss 11.4174 ± 0.0994
INFO:test2.py:Epoch 70/100	Loss 11.4173 ± 0.0997
INFO:test2.py:Epoch 71/100	Loss 11.4171 ± 0.0995
INFO:test2.py:Epoch 72/100	Loss 11.4169 ± 0.0997
INFO:test2.py:Epoch 73/100	Loss 11.4167 ± 0.0997
INFO:test2.py:Epoch 74/100	Loss 11.4165 ± 0.0995
INFO:test2.py:Epoch 75/100	Loss 11.4163 ± 0.0990
INFO:test2.py:Epoch 76/100	Loss 11.4162 ± 0.0994
INFO:test2.py:Epoch 77/100	Loss 11.4160 ± 0.0985
INFO:test2.py:Epoch 78/100	Loss 11.4158 ± 0.0996
INFO:test2.py:Epoch 79/100	Loss 11.4156 ± 0.0991
INFO:test2.py:Epoch 80/100	Loss 11.4155 ± 0.0994
INFO:test2.py:Epoch 81/100	Loss 11.4153 ± 0.0992
INFO:test2.py:Epoch 82/100	Loss 11.4152 ± 0.0992
INFO:test2.py:Epoch 83/100	Loss 11.4150 ± 0.0993
INFO:test2.py:Epoch 84/100	Loss 11.4148 ± 0.1000
INFO:test2.py:Epoch 85/100	Loss 11.4147 ± 0.0986
INFO:test2.py:Epoch 86/100	Loss 11.4145 ± 0.0996
INFO:test2.py:Epoch 87/100	Loss 11.4144 ± 0.0992
INFO:test2.py:Epoch 88/100	Loss 11.4142 ± 0.0992
INFO:test2.py:Epoch 89/100	Loss 11.4141 ± 0.0991
INFO:test2.py:Epoch 90/100	Loss 11.4139 ± 0.0989
INFO:test2.py:Epoch 91/100	Loss 11.4138 ± 0.0993
INFO:test2.py:Epoch 92/100	Loss 11.4136 ± 0.0987
INFO:test2.py:Epoch 93/100	Loss 11.4135 ± 0.0983
INFO:test2.py:Epoch 94/100	Loss 11.4134 ± 0.0991
INFO:test2.py:Epoch 95/100	Loss 11.4132 ± 0.0999
INFO:test2.py:Epoch 96/100	Loss 11.4131 ± 0.0991
INFO:test2.py:Epoch 97/100	Loss 11.4129 ± 0.0991
INFO:test2.py:Epoch 98/100	Loss 11.4128 ± 0.0991
INFO:test2.py:Epoch 99/100	Loss 11.4127 ± 0.0986
INFO:test2.py:Epoch 100/100	Loss 11.4125 ± 0.0997
INFO:test2.py:is bad performing False
INFO:test2.py:Done training
INFO:test2.py:in evalute for dataset: 	valid
INFO:test2.py:batch start 	80000
INFO:test2.py:batch start 	160000
INFO:test2.py:batch start 	240000
INFO:test2.py:batch start 	320000
INFO:test2.py:batch start 	400000
INFO:test2.py:done
INFO:test2.py:done not filtered aucroc
INFO:test2.py:metrics done
INFO:test2.py:Error 	valid results	MRR 0.095560	H@1 0.031608	H@3 0.082635	H@10 0.213850	AU-ROC_raw -1.000000	AU-ROC_fil -1.000000
INFO:test2.py:in evalute for dataset: 	test
INFO:test2.py:batch start 	80000
INFO:test2.py:batch start 	160000
INFO:test2.py:batch start 	240000
INFO:test2.py:batch start 	320000
INFO:test2.py:batch start 	400000
INFO:test2.py:done
INFO:test2.py:done not filtered aucroc
INFO:test2.py:metrics done
INFO:test2.py:Error 	test results	MRR 0.095560	H@1 0.031614	H@3 0.082552	H@10 0.214021	AU-ROC_raw -1.000000	AU-ROC_fil -1.000000
/home/acalvi/anaconda3/envs/libkge_new/lib/python3.7/site-packages/tensorflow/python/framework/dtypes.py:516: FutureWarning: Passing (type, 1) or '1type' as a synonym of type is deprecated; in a future version of numpy, it will be understood as (type, (1,)) / '(1,)type'.
  _np_qint8 = np.dtype([("qint8", np.int8, 1)])
/home/acalvi/anaconda3/envs/libkge_new/lib/python3.7/site-packages/tensorflow/python/framework/dtypes.py:517: FutureWarning: Passing (type, 1) or '1type' as a synonym of type is deprecated; in a future version of numpy, it will be understood as (type, (1,)) / '(1,)type'.
  _np_quint8 = np.dtype([("quint8", np.uint8, 1)])
/home/acalvi/anaconda3/envs/libkge_new/lib/python3.7/site-packages/tensorflow/python/framework/dtypes.py:518: FutureWarning: Passing (type, 1) or '1type' as a synonym of type is deprecated; in a future version of numpy, it will be understood as (type, (1,)) / '(1,)type'.
  _np_qint16 = np.dtype([("qint16", np.int16, 1)])
/home/acalvi/anaconda3/envs/libkge_new/lib/python3.7/site-packages/tensorflow/python/framework/dtypes.py:519: FutureWarning: Passing (type, 1) or '1type' as a synonym of type is deprecated; in a future version of numpy, it will be understood as (type, (1,)) / '(1,)type'.
  _np_quint16 = np.dtype([("quint16", np.uint16, 1)])
/home/acalvi/anaconda3/envs/libkge_new/lib/python3.7/site-packages/tensorflow/python/framework/dtypes.py:520: FutureWarning: Passing (type, 1) or '1type' as a synonym of type is deprecated; in a future version of numpy, it will be understood as (type, (1,)) / '(1,)type'.
  _np_qint32 = np.dtype([("qint32", np.int32, 1)])
/home/acalvi/anaconda3/envs/libkge_new/lib/python3.7/site-packages/tensorflow/python/framework/dtypes.py:525: FutureWarning: Passing (type, 1) or '1type' as a synonym of type is deprecated; in a future version of numpy, it will be understood as (type, (1,)) / '(1,)type'.
  np_resource = np.dtype([("resource", np.ubyte, 1)])
/home/acalvi/anaconda3/envs/libkge_new/lib/python3.7/site-packages/tensorboard/compat/tensorflow_stub/dtypes.py:541: FutureWarning: Passing (type, 1) or '1type' as a synonym of type is deprecated; in a future version of numpy, it will be understood as (type, (1,)) / '(1,)type'.
  _np_qint8 = np.dtype([("qint8", np.int8, 1)])
/home/acalvi/anaconda3/envs/libkge_new/lib/python3.7/site-packages/tensorboard/compat/tensorflow_stub/dtypes.py:542: FutureWarning: Passing (type, 1) or '1type' as a synonym of type is deprecated; in a future version of numpy, it will be understood as (type, (1,)) / '(1,)type'.
  _np_quint8 = np.dtype([("quint8", np.uint8, 1)])
/home/acalvi/anaconda3/envs/libkge_new/lib/python3.7/site-packages/tensorboard/compat/tensorflow_stub/dtypes.py:543: FutureWarning: Passing (type, 1) or '1type' as a synonym of type is deprecated; in a future version of numpy, it will be understood as (type, (1,)) / '(1,)type'.
  _np_qint16 = np.dtype([("qint16", np.int16, 1)])
/home/acalvi/anaconda3/envs/libkge_new/lib/python3.7/site-packages/tensorboard/compat/tensorflow_stub/dtypes.py:544: FutureWarning: Passing (type, 1) or '1type' as a synonym of type is deprecated; in a future version of numpy, it will be understood as (type, (1,)) / '(1,)type'.
  _np_quint16 = np.dtype([("quint16", np.uint16, 1)])
/home/acalvi/anaconda3/envs/libkge_new/lib/python3.7/site-packages/tensorboard/compat/tensorflow_stub/dtypes.py:545: FutureWarning: Passing (type, 1) or '1type' as a synonym of type is deprecated; in a future version of numpy, it will be understood as (type, (1,)) / '(1,)type'.
  _np_qint32 = np.dtype([("qint32", np.int32, 1)])
/home/acalvi/anaconda3/envs/libkge_new/lib/python3.7/site-packages/tensorboard/compat/tensorflow_stub/dtypes.py:550: FutureWarning: Passing (type, 1) or '1type' as a synonym of type is deprecated; in a future version of numpy, it will be understood as (type, (1,)) / '(1,)type'.
  np_resource = np.dtype([("resource", np.ubyte, 1)])
