./test2.py --data pse --mcl True --batch-size 268 --epochs 100 --embedding-size 50 --learning-rate 0.1 --regulariser n3 --reg-weight 0.005 --optimizer adagrad --valid --quiet
MCL True
INFO:test2.py:Valid: True
INFO:test2.py:Device: cuda
curr directory /home/acalvi/Dissertation/Aladdin/biolink
Importing dataset files ... 
<class 'biolink.embeddings.models_mc.ComplEx_MC'>
INFO:test2.py:is tucker False
INFO:test2.py:settin tucker to FALSE
INFO:test2.py:Device: cuda
INFO:test2.py:Epoch 1/100	Loss 10.8322 ± 0.2950
INFO:test2.py:Epoch 2/100	Loss 10.5140 ± 0.0833
INFO:test2.py:Epoch 3/100	Loss 10.4529 ± 0.0797
INFO:test2.py:Epoch 4/100	Loss 10.4256 ± 0.0794
INFO:test2.py:Epoch 5/100	Loss 10.4095 ± 0.0798
INFO:test2.py:Epoch 6/100	Loss 10.3989 ± 0.0801
INFO:test2.py:Epoch 7/100	Loss 10.3910 ± 0.0790
INFO:test2.py:Epoch 8/100	Loss 10.3848 ± 0.0800
INFO:test2.py:Epoch 9/100	Loss 10.3797 ± 0.0795
INFO:test2.py:Epoch 10/100	Loss 10.3754 ± 0.0796
INFO:test2.py:Epoch 11/100	Loss 10.3718 ± 0.0788
INFO:test2.py:Epoch 12/100	Loss 10.3686 ± 0.0799
INFO:test2.py:Epoch 13/100	Loss 10.3658 ± 0.0799
INFO:test2.py:Epoch 14/100	Loss 10.3633 ± 0.0793
INFO:test2.py:Epoch 15/100	Loss 10.3611 ± 0.0809
INFO:test2.py:Epoch 16/100	Loss 10.3591 ± 0.0803
INFO:test2.py:Epoch 17/100	Loss 10.3572 ± 0.0798
INFO:test2.py:Epoch 18/100	Loss 10.3555 ± 0.0803
INFO:test2.py:Epoch 19/100	Loss 10.3539 ± 0.0804
INFO:test2.py:Epoch 20/100	Loss 10.3525 ± 0.0802
INFO:test2.py:Epoch 21/100	Loss 10.3511 ± 0.0788
INFO:test2.py:Epoch 22/100	Loss 10.3499 ± 0.0797
INFO:test2.py:Epoch 23/100	Loss 10.3486 ± 0.0792
INFO:test2.py:Epoch 24/100	Loss 10.3475 ± 0.0804
INFO:test2.py:Epoch 25/100	Loss 10.3465 ± 0.0798
INFO:test2.py:Epoch 26/100	Loss 10.3455 ± 0.0790
INFO:test2.py:Epoch 27/100	Loss 10.3445 ± 0.0788
INFO:test2.py:Epoch 28/100	Loss 10.3436 ± 0.0800
INFO:test2.py:Epoch 29/100	Loss 10.3428 ± 0.0803
INFO:test2.py:Epoch 30/100	Loss 10.3420 ± 0.0810
INFO:test2.py:Epoch 31/100	Loss 10.3412 ± 0.0809
INFO:test2.py:Epoch 32/100	Loss 10.3404 ± 0.0800
INFO:test2.py:Epoch 33/100	Loss 10.3397 ± 0.0797
INFO:test2.py:Epoch 34/100	Loss 10.3390 ± 0.0807
INFO:test2.py:Epoch 35/100	Loss 10.3384 ± 0.0796
INFO:test2.py:Epoch 36/100	Loss 10.3377 ± 0.0796
INFO:test2.py:Epoch 37/100	Loss 10.3371 ± 0.0796
INFO:test2.py:Epoch 38/100	Loss 10.3365 ± 0.0789
INFO:test2.py:Epoch 39/100	Loss 10.3360 ± 0.0793
INFO:test2.py:Epoch 40/100	Loss 10.3354 ± 0.0808
INFO:test2.py:Epoch 41/100	Loss 10.3349 ± 0.0805
INFO:test2.py:Epoch 42/100	Loss 10.3344 ± 0.0802
INFO:test2.py:Epoch 43/100	Loss 10.3339 ± 0.0794
INFO:test2.py:Epoch 44/100	Loss 10.3334 ± 0.0796
INFO:test2.py:Epoch 45/100	Loss 10.3329 ± 0.0797
INFO:test2.py:Epoch 46/100	Loss 10.3325 ± 0.0804
INFO:test2.py:Epoch 47/100	Loss 10.3321 ± 0.0798
INFO:test2.py:Epoch 48/100	Loss 10.3316 ± 0.0802
INFO:test2.py:Epoch 49/100	Loss 10.3312 ± 0.0796
INFO:test2.py:Validating
INFO:test2.py:done
INFO:test2.py:metrics done
INFO:test2.py:Epoch 50/100	Loss 10.3308 ± 0.0808
INFO:test2.py:Epoch 51/100	Loss 10.3304 ± 0.0794
INFO:test2.py:Epoch 52/100	Loss 10.3300 ± 0.0796
INFO:test2.py:Epoch 53/100	Loss 10.3296 ± 0.0804
INFO:test2.py:Epoch 54/100	Loss 10.3292 ± 0.0799
INFO:test2.py:Epoch 55/100	Loss 10.3289 ± 0.0801
INFO:test2.py:Epoch 56/100	Loss 10.3285 ± 0.0790
INFO:test2.py:Epoch 57/100	Loss 10.3282 ± 0.0797
INFO:test2.py:Epoch 58/100	Loss 10.3279 ± 0.0797
INFO:test2.py:Epoch 59/100	Loss 10.3275 ± 0.0802
INFO:test2.py:Epoch 60/100	Loss 10.3272 ± 0.0807
INFO:test2.py:Epoch 61/100	Loss 10.3269 ± 0.0800
INFO:test2.py:Epoch 62/100	Loss 10.3266 ± 0.0806
INFO:test2.py:Epoch 63/100	Loss 10.3263 ± 0.0801
INFO:test2.py:Epoch 64/100	Loss 10.3260 ± 0.0793
INFO:test2.py:Epoch 65/100	Loss 10.3257 ± 0.0798
INFO:test2.py:Epoch 66/100	Loss 10.3254 ± 0.0798
INFO:test2.py:Epoch 67/100	Loss 10.3251 ± 0.0800
INFO:test2.py:Epoch 68/100	Loss 10.3249 ± 0.0809
INFO:test2.py:Epoch 69/100	Loss 10.3246 ± 0.0803
INFO:test2.py:Epoch 70/100	Loss 10.3243 ± 0.0806
INFO:test2.py:Epoch 71/100	Loss 10.3241 ± 0.0799
INFO:test2.py:Epoch 72/100	Loss 10.3238 ± 0.0796
INFO:test2.py:Epoch 73/100	Loss 10.3236 ± 0.0799
INFO:test2.py:Epoch 74/100	Loss 10.3233 ± 0.0803
INFO:test2.py:Epoch 75/100	Loss 10.3231 ± 0.0796
INFO:test2.py:Epoch 76/100	Loss 10.3228 ± 0.0800
INFO:test2.py:Epoch 77/100	Loss 10.3226 ± 0.0798
INFO:test2.py:Epoch 78/100	Loss 10.3223 ± 0.0796
INFO:test2.py:Epoch 79/100	Loss 10.3221 ± 0.0794
INFO:test2.py:Epoch 80/100	Loss 10.3219 ± 0.0801
INFO:test2.py:Epoch 81/100	Loss 10.3217 ± 0.0802
INFO:test2.py:Epoch 82/100	Loss 10.3215 ± 0.0807
INFO:test2.py:Epoch 83/100	Loss 10.3213 ± 0.0807
INFO:test2.py:Epoch 84/100	Loss 10.3210 ± 0.0807
INFO:test2.py:Epoch 85/100	Loss 10.3208 ± 0.0805
INFO:test2.py:Epoch 86/100	Loss 10.3206 ± 0.0792
INFO:test2.py:Epoch 87/100	Loss 10.3204 ± 0.0799
INFO:test2.py:Epoch 88/100	Loss 10.3202 ± 0.0807
INFO:test2.py:Epoch 89/100	Loss 10.3200 ± 0.0810
INFO:test2.py:Epoch 90/100	Loss 10.3198 ± 0.0798
INFO:test2.py:Epoch 91/100	Loss 10.3196 ± 0.0794
INFO:test2.py:Epoch 92/100	Loss 10.3194 ± 0.0793
INFO:test2.py:Epoch 93/100	Loss 10.3193 ± 0.0801
INFO:test2.py:Epoch 94/100	Loss 10.3191 ± 0.0805
INFO:test2.py:Epoch 95/100	Loss 10.3189 ± 0.0789
INFO:test2.py:Epoch 96/100	Loss 10.3187 ± 0.0801
INFO:test2.py:Epoch 97/100	Loss 10.3185 ± 0.0805
INFO:test2.py:Epoch 98/100	Loss 10.3184 ± 0.0798
INFO:test2.py:Epoch 99/100	Loss 10.3182 ± 0.0802
INFO:test2.py:Epoch 100/100	Loss 10.3180 ± 0.0798
INFO:test2.py:is bad performing False
INFO:test2.py:Done training
INFO:test2.py:in evalute for dataset: 	valid
INFO:test2.py:done
INFO:test2.py:metrics done
INFO:test2.py:Error 	valid results	MRR 0.125683	H@1 0.049077	H@3 0.117017	H@10 0.275382	AU-ROC_raw -1.000000	AU-ROC_fil -1.000000
INFO:test2.py:in evalute for dataset: 	test
INFO:test2.py:done
INFO:test2.py:metrics done
INFO:test2.py:Error 	test results	MRR 0.126096	H@1 0.049357	H@3 0.117722	H@10 0.275840	AU-ROC_raw -1.000000	AU-ROC_fil -1.000000
/home/acalvi/anaconda3/envs/libkge_new/lib/python3.7/site-packages/tensorflow/python/framework/dtypes.py:516: FutureWarning: Passing (type, 1) or '1type' as a synonym of type is deprecated; in a future version of numpy, it will be understood as (type, (1,)) / '(1,)type'.
  _np_qint8 = np.dtype([("qint8", np.int8, 1)])
/home/acalvi/anaconda3/envs/libkge_new/lib/python3.7/site-packages/tensorflow/python/framework/dtypes.py:517: FutureWarning: Passing (type, 1) or '1type' as a synonym of type is deprecated; in a future version of numpy, it will be understood as (type, (1,)) / '(1,)type'.
  _np_quint8 = np.dtype([("quint8", np.uint8, 1)])
/home/acalvi/anaconda3/envs/libkge_new/lib/python3.7/site-packages/tensorflow/python/framework/dtypes.py:518: FutureWarning: Passing (type, 1) or '1type' as a synonym of type is deprecated; in a future version of numpy, it will be understood as (type, (1,)) / '(1,)type'.
  _np_qint16 = np.dtype([("qint16", np.int16, 1)])
/home/acalvi/anaconda3/envs/libkge_new/lib/python3.7/site-packages/tensorflow/python/framework/dtypes.py:519: FutureWarning: Passing (type, 1) or '1type' as a synonym of type is deprecated; in a future version of numpy, it will be understood as (type, (1,)) / '(1,)type'.
  _np_quint16 = np.dtype([("quint16", np.uint16, 1)])
/home/acalvi/anaconda3/envs/libkge_new/lib/python3.7/site-packages/tensorflow/python/framework/dtypes.py:520: FutureWarning: Passing (type, 1) or '1type' as a synonym of type is deprecated; in a future version of numpy, it will be understood as (type, (1,)) / '(1,)type'.
  _np_qint32 = np.dtype([("qint32", np.int32, 1)])
/home/acalvi/anaconda3/envs/libkge_new/lib/python3.7/site-packages/tensorflow/python/framework/dtypes.py:525: FutureWarning: Passing (type, 1) or '1type' as a synonym of type is deprecated; in a future version of numpy, it will be understood as (type, (1,)) / '(1,)type'.
  np_resource = np.dtype([("resource", np.ubyte, 1)])
/home/acalvi/anaconda3/envs/libkge_new/lib/python3.7/site-packages/tensorboard/compat/tensorflow_stub/dtypes.py:541: FutureWarning: Passing (type, 1) or '1type' as a synonym of type is deprecated; in a future version of numpy, it will be understood as (type, (1,)) / '(1,)type'.
  _np_qint8 = np.dtype([("qint8", np.int8, 1)])
/home/acalvi/anaconda3/envs/libkge_new/lib/python3.7/site-packages/tensorboard/compat/tensorflow_stub/dtypes.py:542: FutureWarning: Passing (type, 1) or '1type' as a synonym of type is deprecated; in a future version of numpy, it will be understood as (type, (1,)) / '(1,)type'.
  _np_quint8 = np.dtype([("quint8", np.uint8, 1)])
/home/acalvi/anaconda3/envs/libkge_new/lib/python3.7/site-packages/tensorboard/compat/tensorflow_stub/dtypes.py:543: FutureWarning: Passing (type, 1) or '1type' as a synonym of type is deprecated; in a future version of numpy, it will be understood as (type, (1,)) / '(1,)type'.
  _np_qint16 = np.dtype([("qint16", np.int16, 1)])
/home/acalvi/anaconda3/envs/libkge_new/lib/python3.7/site-packages/tensorboard/compat/tensorflow_stub/dtypes.py:544: FutureWarning: Passing (type, 1) or '1type' as a synonym of type is deprecated; in a future version of numpy, it will be understood as (type, (1,)) / '(1,)type'.
  _np_quint16 = np.dtype([("quint16", np.uint16, 1)])
/home/acalvi/anaconda3/envs/libkge_new/lib/python3.7/site-packages/tensorboard/compat/tensorflow_stub/dtypes.py:545: FutureWarning: Passing (type, 1) or '1type' as a synonym of type is deprecated; in a future version of numpy, it will be understood as (type, (1,)) / '(1,)type'.
  _np_qint32 = np.dtype([("qint32", np.int32, 1)])
/home/acalvi/anaconda3/envs/libkge_new/lib/python3.7/site-packages/tensorboard/compat/tensorflow_stub/dtypes.py:550: FutureWarning: Passing (type, 1) or '1type' as a synonym of type is deprecated; in a future version of numpy, it will be understood as (type, (1,)) / '(1,)type'.
  np_resource = np.dtype([("resource", np.ubyte, 1)])
/home/acalvi/Dissertation/Aladdin/biolink/testing/experiment_ComplEx.py:184: FutureWarning: elementwise comparison failed; returning scalar instead, but in the future will perform elementwise comparison
  if data == 'pse':
