./test2.py --data pse --mcl True --batch-size 128 --epochs 100 --embedding-size 200 --learning-rate 0.1 --regulariser n3 --reg-weight 0.005 --optimizer adagrad --valid --quiet
MCL True
INFO:test2.py:Valid: True
INFO:test2.py:Device: cuda
curr directory /home/acalvi/Dissertation/Aladdin/biolink
Importing dataset files ... 
<class 'biolink.embeddings.models_mc.ComplEx_MC'>
INFO:test2.py:is tucker False
INFO:test2.py:settin tucker to FALSE
INFO:test2.py:Device: cuda
INFO:test2.py:Epoch 1/100	Loss 10.7454 ± 0.3262
INFO:test2.py:Epoch 2/100	Loss 10.4069 ± 0.1175
INFO:test2.py:Epoch 3/100	Loss 10.3237 ± 0.1169
INFO:test2.py:Epoch 4/100	Loss 10.2796 ± 0.1172
INFO:test2.py:Epoch 5/100	Loss 10.2519 ± 0.1192
INFO:test2.py:Epoch 6/100	Loss 10.2326 ± 0.1200
INFO:test2.py:Epoch 7/100	Loss 10.2185 ± 0.1187
INFO:test2.py:Epoch 8/100	Loss 10.2075 ± 0.1202
INFO:test2.py:Epoch 9/100	Loss 10.1987 ± 0.1204
INFO:test2.py:Epoch 10/100	Loss 10.1916 ± 0.1207
INFO:test2.py:Epoch 11/100	Loss 10.1855 ± 0.1203
INFO:test2.py:Epoch 12/100	Loss 10.1802 ± 0.1207
INFO:test2.py:Epoch 13/100	Loss 10.1756 ± 0.1205
INFO:test2.py:Epoch 14/100	Loss 10.1715 ± 0.1205
INFO:test2.py:Epoch 15/100	Loss 10.1679 ± 0.1221
INFO:test2.py:Epoch 16/100	Loss 10.1646 ± 0.1207
INFO:test2.py:Epoch 17/100	Loss 10.1616 ± 0.1218
INFO:test2.py:Epoch 18/100	Loss 10.1589 ± 0.1213
INFO:test2.py:Epoch 19/100	Loss 10.1564 ± 0.1215
INFO:test2.py:Epoch 20/100	Loss 10.1541 ± 0.1225
INFO:test2.py:Epoch 21/100	Loss 10.1519 ± 0.1222
INFO:test2.py:Epoch 22/100	Loss 10.1499 ± 0.1219
INFO:test2.py:Epoch 23/100	Loss 10.1480 ± 0.1222
INFO:test2.py:Epoch 24/100	Loss 10.1463 ± 0.1219
INFO:test2.py:Epoch 25/100	Loss 10.1446 ± 0.1224
INFO:test2.py:Epoch 26/100	Loss 10.1431 ± 0.1225
INFO:test2.py:Epoch 27/100	Loss 10.1416 ± 0.1227
INFO:test2.py:Epoch 28/100	Loss 10.1402 ± 0.1222
INFO:test2.py:Epoch 29/100	Loss 10.1388 ± 0.1214
INFO:test2.py:Epoch 30/100	Loss 10.1376 ± 0.1215
INFO:test2.py:Epoch 31/100	Loss 10.1364 ± 0.1228
INFO:test2.py:Epoch 32/100	Loss 10.1352 ± 0.1221
INFO:test2.py:Epoch 33/100	Loss 10.1341 ± 0.1223
INFO:test2.py:Epoch 34/100	Loss 10.1330 ± 0.1218
INFO:test2.py:Epoch 35/100	Loss 10.1320 ± 0.1231
INFO:test2.py:Epoch 36/100	Loss 10.1311 ± 0.1226
INFO:test2.py:Epoch 37/100	Loss 10.1301 ± 0.1223
INFO:test2.py:Epoch 38/100	Loss 10.1292 ± 0.1218
INFO:test2.py:Epoch 39/100	Loss 10.1283 ± 0.1220
INFO:test2.py:Epoch 40/100	Loss 10.1275 ± 0.1227
INFO:test2.py:Epoch 41/100	Loss 10.1267 ± 0.1225
INFO:test2.py:Epoch 42/100	Loss 10.1259 ± 0.1227
INFO:test2.py:Epoch 43/100	Loss 10.1251 ± 0.1222
INFO:test2.py:Epoch 44/100	Loss 10.1244 ± 0.1226
INFO:test2.py:Epoch 45/100	Loss 10.1237 ± 0.1226
INFO:test2.py:Epoch 46/100	Loss 10.1230 ± 0.1215
INFO:test2.py:Epoch 47/100	Loss 10.1223 ± 0.1225
INFO:test2.py:Epoch 48/100	Loss 10.1217 ± 0.1221
INFO:test2.py:Epoch 49/100	Loss 10.1210 ± 0.1223
INFO:test2.py:Validating
INFO:test2.py:batch start 	80000
INFO:test2.py:batch start 	160000
INFO:test2.py:batch start 	240000
INFO:test2.py:batch start 	320000
INFO:test2.py:batch start 	400000
INFO:test2.py:done
INFO:test2.py:metrics done
INFO:test2.py:Epoch 50/100	Loss 10.1204 ± 0.1231
INFO:test2.py:Epoch 51/100	Loss 10.1198 ± 0.1227
INFO:test2.py:Epoch 52/100	Loss 10.1192 ± 0.1235
INFO:test2.py:Epoch 53/100	Loss 10.1186 ± 0.1231
INFO:test2.py:Epoch 54/100	Loss 10.1181 ± 0.1228
INFO:test2.py:Epoch 55/100	Loss 10.1175 ± 0.1224
INFO:test2.py:Epoch 56/100	Loss 10.1170 ± 0.1233
INFO:test2.py:Epoch 57/100	Loss 10.1165 ± 0.1225
INFO:test2.py:Epoch 58/100	Loss 10.1160 ± 0.1219
INFO:test2.py:Epoch 59/100	Loss 10.1155 ± 0.1229
INFO:test2.py:Epoch 60/100	Loss 10.1150 ± 0.1223
INFO:test2.py:Epoch 61/100	Loss 10.1145 ± 0.1228
INFO:test2.py:Epoch 62/100	Loss 10.1141 ± 0.1222
INFO:test2.py:Epoch 63/100	Loss 10.1136 ± 0.1242
INFO:test2.py:Epoch 64/100	Loss 10.1132 ± 0.1234
INFO:test2.py:Epoch 65/100	Loss 10.1128 ± 0.1223
INFO:test2.py:Epoch 66/100	Loss 10.1123 ± 0.1229
INFO:test2.py:Epoch 67/100	Loss 10.1119 ± 0.1222
INFO:test2.py:Epoch 68/100	Loss 10.1115 ± 0.1228
INFO:test2.py:Epoch 69/100	Loss 10.1111 ± 0.1238
INFO:test2.py:Epoch 70/100	Loss 10.1107 ± 0.1237
INFO:test2.py:Epoch 71/100	Loss 10.1103 ± 0.1234
INFO:test2.py:Epoch 72/100	Loss 10.1100 ± 0.1229
INFO:test2.py:Epoch 73/100	Loss 10.1096 ± 0.1229
INFO:test2.py:Epoch 74/100	Loss 10.1092 ± 0.1227
INFO:test2.py:Epoch 75/100	Loss 10.1089 ± 0.1220
INFO:test2.py:Epoch 76/100	Loss 10.1085 ± 0.1233
INFO:test2.py:Epoch 77/100	Loss 10.1082 ± 0.1237
INFO:test2.py:Epoch 78/100	Loss 10.1078 ± 0.1231
INFO:test2.py:Epoch 79/100	Loss 10.1075 ± 0.1236
INFO:test2.py:Epoch 80/100	Loss 10.1072 ± 0.1235
INFO:test2.py:Epoch 81/100	Loss 10.1069 ± 0.1233
INFO:test2.py:Epoch 82/100	Loss 10.1065 ± 0.1227
INFO:test2.py:Epoch 83/100	Loss 10.1062 ± 0.1221
INFO:test2.py:Epoch 84/100	Loss 10.1059 ± 0.1241
INFO:test2.py:Epoch 85/100	Loss 10.1056 ± 0.1233
INFO:test2.py:Epoch 86/100	Loss 10.1053 ± 0.1230
INFO:test2.py:Epoch 87/100	Loss 10.1050 ± 0.1239
INFO:test2.py:Epoch 88/100	Loss 10.1048 ± 0.1241
INFO:test2.py:Epoch 89/100	Loss 10.1045 ± 0.1239
INFO:test2.py:Epoch 90/100	Loss 10.1042 ± 0.1238
INFO:test2.py:Epoch 91/100	Loss 10.1039 ± 0.1237
INFO:test2.py:Epoch 92/100	Loss 10.1036 ± 0.1226
INFO:test2.py:Epoch 93/100	Loss 10.1034 ± 0.1229
INFO:test2.py:Epoch 94/100	Loss 10.1031 ± 0.1232
INFO:test2.py:Epoch 95/100	Loss 10.1028 ± 0.1232
INFO:test2.py:Epoch 96/100	Loss 10.1026 ± 0.1232
INFO:test2.py:Epoch 97/100	Loss 10.1024 ± 0.1243
INFO:test2.py:Epoch 98/100	Loss 10.1021 ± 0.1234
INFO:test2.py:Epoch 99/100	Loss 10.1019 ± 0.1236
INFO:test2.py:Epoch 100/100	Loss 10.1016 ± 0.1229
INFO:test2.py:is bad performing False
INFO:test2.py:Done training
INFO:test2.py:in evalute for dataset: 	valid
INFO:test2.py:batch start 	80000
INFO:test2.py:batch start 	160000
INFO:test2.py:batch start 	240000
INFO:test2.py:batch start 	320000
INFO:test2.py:batch start 	400000
INFO:test2.py:done
INFO:test2.py:metrics done
INFO:test2.py:Error 	valid results	MRR 0.157603	H@1 0.073782	H@3 0.154962	H@10 0.324601	AU-ROC_raw -1.000000	AU-ROC_fil -1.000000
INFO:test2.py:in evalute for dataset: 	test
INFO:test2.py:batch start 	80000
INFO:test2.py:batch start 	160000
INFO:test2.py:batch start 	240000
INFO:test2.py:batch start 	320000
INFO:test2.py:batch start 	400000
INFO:test2.py:done
INFO:test2.py:metrics done
INFO:test2.py:Error 	test results	MRR 0.158260	H@1 0.074422	H@3 0.155963	H@10 0.324912	AU-ROC_raw -1.000000	AU-ROC_fil -1.000000
/home/acalvi/anaconda3/envs/libkge_new/lib/python3.7/site-packages/tensorflow/python/framework/dtypes.py:516: FutureWarning: Passing (type, 1) or '1type' as a synonym of type is deprecated; in a future version of numpy, it will be understood as (type, (1,)) / '(1,)type'.
  _np_qint8 = np.dtype([("qint8", np.int8, 1)])
/home/acalvi/anaconda3/envs/libkge_new/lib/python3.7/site-packages/tensorflow/python/framework/dtypes.py:517: FutureWarning: Passing (type, 1) or '1type' as a synonym of type is deprecated; in a future version of numpy, it will be understood as (type, (1,)) / '(1,)type'.
  _np_quint8 = np.dtype([("quint8", np.uint8, 1)])
/home/acalvi/anaconda3/envs/libkge_new/lib/python3.7/site-packages/tensorflow/python/framework/dtypes.py:518: FutureWarning: Passing (type, 1) or '1type' as a synonym of type is deprecated; in a future version of numpy, it will be understood as (type, (1,)) / '(1,)type'.
  _np_qint16 = np.dtype([("qint16", np.int16, 1)])
/home/acalvi/anaconda3/envs/libkge_new/lib/python3.7/site-packages/tensorflow/python/framework/dtypes.py:519: FutureWarning: Passing (type, 1) or '1type' as a synonym of type is deprecated; in a future version of numpy, it will be understood as (type, (1,)) / '(1,)type'.
  _np_quint16 = np.dtype([("quint16", np.uint16, 1)])
/home/acalvi/anaconda3/envs/libkge_new/lib/python3.7/site-packages/tensorflow/python/framework/dtypes.py:520: FutureWarning: Passing (type, 1) or '1type' as a synonym of type is deprecated; in a future version of numpy, it will be understood as (type, (1,)) / '(1,)type'.
  _np_qint32 = np.dtype([("qint32", np.int32, 1)])
/home/acalvi/anaconda3/envs/libkge_new/lib/python3.7/site-packages/tensorflow/python/framework/dtypes.py:525: FutureWarning: Passing (type, 1) or '1type' as a synonym of type is deprecated; in a future version of numpy, it will be understood as (type, (1,)) / '(1,)type'.
  np_resource = np.dtype([("resource", np.ubyte, 1)])
/home/acalvi/anaconda3/envs/libkge_new/lib/python3.7/site-packages/tensorboard/compat/tensorflow_stub/dtypes.py:541: FutureWarning: Passing (type, 1) or '1type' as a synonym of type is deprecated; in a future version of numpy, it will be understood as (type, (1,)) / '(1,)type'.
  _np_qint8 = np.dtype([("qint8", np.int8, 1)])
/home/acalvi/anaconda3/envs/libkge_new/lib/python3.7/site-packages/tensorboard/compat/tensorflow_stub/dtypes.py:542: FutureWarning: Passing (type, 1) or '1type' as a synonym of type is deprecated; in a future version of numpy, it will be understood as (type, (1,)) / '(1,)type'.
  _np_quint8 = np.dtype([("quint8", np.uint8, 1)])
/home/acalvi/anaconda3/envs/libkge_new/lib/python3.7/site-packages/tensorboard/compat/tensorflow_stub/dtypes.py:543: FutureWarning: Passing (type, 1) or '1type' as a synonym of type is deprecated; in a future version of numpy, it will be understood as (type, (1,)) / '(1,)type'.
  _np_qint16 = np.dtype([("qint16", np.int16, 1)])
/home/acalvi/anaconda3/envs/libkge_new/lib/python3.7/site-packages/tensorboard/compat/tensorflow_stub/dtypes.py:544: FutureWarning: Passing (type, 1) or '1type' as a synonym of type is deprecated; in a future version of numpy, it will be understood as (type, (1,)) / '(1,)type'.
  _np_quint16 = np.dtype([("quint16", np.uint16, 1)])
/home/acalvi/anaconda3/envs/libkge_new/lib/python3.7/site-packages/tensorboard/compat/tensorflow_stub/dtypes.py:545: FutureWarning: Passing (type, 1) or '1type' as a synonym of type is deprecated; in a future version of numpy, it will be understood as (type, (1,)) / '(1,)type'.
  _np_qint32 = np.dtype([("qint32", np.int32, 1)])
/home/acalvi/anaconda3/envs/libkge_new/lib/python3.7/site-packages/tensorboard/compat/tensorflow_stub/dtypes.py:550: FutureWarning: Passing (type, 1) or '1type' as a synonym of type is deprecated; in a future version of numpy, it will be understood as (type, (1,)) / '(1,)type'.
  np_resource = np.dtype([("resource", np.ubyte, 1)])
