./test2.py --data pse --mcl True --batch-size 512 --epochs 100 --embedding-size 200 --learning-rate 0.01 --regulariser n3 --reg-weight 0.001 --optimizer adagrad --valid --quiet
MCL True
INFO:test2.py:Valid: True
INFO:test2.py:Device: cuda
curr directory /home/acalvi/Dissertation/Aladdin/biolink
Importing dataset files ... 
<class 'biolink.embeddings.models_mc.ComplEx_MC'>
INFO:test2.py:is tucker False
INFO:test2.py:settin tucker to FALSE
INFO:test2.py:Device: cuda
INFO:test2.py:Epoch 1/100	Loss 10.9918 ± 0.4304
INFO:test2.py:Epoch 2/100	Loss 10.5793 ± 0.0727
INFO:test2.py:Epoch 3/100	Loss 10.4643 ± 0.0610
INFO:test2.py:Epoch 4/100	Loss 10.3964 ± 0.0596
INFO:test2.py:Epoch 5/100	Loss 10.3489 ± 0.0600
INFO:test2.py:Epoch 6/100	Loss 10.3128 ± 0.0590
INFO:test2.py:Epoch 7/100	Loss 10.2838 ± 0.0589
INFO:test2.py:Epoch 8/100	Loss 10.2597 ± 0.0596
INFO:test2.py:Epoch 9/100	Loss 10.2390 ± 0.0599
INFO:test2.py:Epoch 10/100	Loss 10.2210 ± 0.0595
INFO:test2.py:Epoch 11/100	Loss 10.2051 ± 0.0609
INFO:test2.py:Epoch 12/100	Loss 10.1909 ± 0.0593
INFO:test2.py:Epoch 13/100	Loss 10.1780 ± 0.0599
INFO:test2.py:Epoch 14/100	Loss 10.1663 ± 0.0600
INFO:test2.py:Epoch 15/100	Loss 10.1556 ± 0.0599
INFO:test2.py:Epoch 16/100	Loss 10.1456 ± 0.0601
INFO:test2.py:Epoch 17/100	Loss 10.1365 ± 0.0599
INFO:test2.py:Epoch 18/100	Loss 10.1279 ± 0.0610
INFO:test2.py:Epoch 19/100	Loss 10.1200 ± 0.0604
INFO:test2.py:Epoch 20/100	Loss 10.1125 ± 0.0612
INFO:test2.py:Epoch 21/100	Loss 10.1055 ± 0.0608
INFO:test2.py:Epoch 22/100	Loss 10.0989 ± 0.0611
INFO:test2.py:Epoch 23/100	Loss 10.0927 ± 0.0616
INFO:test2.py:Epoch 24/100	Loss 10.0868 ± 0.0607
INFO:test2.py:Epoch 25/100	Loss 10.0812 ± 0.0616
INFO:test2.py:Epoch 26/100	Loss 10.0759 ± 0.0622
INFO:test2.py:Epoch 27/100	Loss 10.0709 ± 0.0610
INFO:test2.py:Epoch 28/100	Loss 10.0660 ± 0.0607
INFO:test2.py:Epoch 29/100	Loss 10.0615 ± 0.0604
INFO:test2.py:Epoch 30/100	Loss 10.0570 ± 0.0614
INFO:test2.py:Epoch 31/100	Loss 10.0529 ± 0.0615
INFO:test2.py:Epoch 32/100	Loss 10.0489 ± 0.0604
INFO:test2.py:Epoch 33/100	Loss 10.0450 ± 0.0609
INFO:test2.py:Epoch 34/100	Loss 10.0413 ± 0.0618
INFO:test2.py:Epoch 35/100	Loss 10.0378 ± 0.0613
INFO:test2.py:Epoch 36/100	Loss 10.0343 ± 0.0616
INFO:test2.py:Epoch 37/100	Loss 10.0311 ± 0.0610
INFO:test2.py:Epoch 38/100	Loss 10.0279 ± 0.0612
INFO:test2.py:Epoch 39/100	Loss 10.0248 ± 0.0616
INFO:test2.py:Epoch 40/100	Loss 10.0218 ± 0.0621
INFO:test2.py:Epoch 41/100	Loss 10.0190 ± 0.0622
INFO:test2.py:Epoch 42/100	Loss 10.0162 ± 0.0621
INFO:test2.py:Epoch 43/100	Loss 10.0136 ± 0.0627
INFO:test2.py:Epoch 44/100	Loss 10.0110 ± 0.0624
INFO:test2.py:Epoch 45/100	Loss 10.0084 ± 0.0622
INFO:test2.py:Epoch 46/100	Loss 10.0060 ± 0.0616
INFO:test2.py:Epoch 47/100	Loss 10.0037 ± 0.0606
INFO:test2.py:Epoch 48/100	Loss 10.0014 ± 0.0619
INFO:test2.py:Epoch 49/100	Loss 9.9991 ± 0.0614
INFO:test2.py:Validating
INFO:test2.py:batch start 	320000
INFO:test2.py:done
INFO:test2.py:metrics done
INFO:test2.py:Epoch 50/100	Loss 9.9970 ± 0.0622
INFO:test2.py:Epoch 51/100	Loss 9.9949 ± 0.0614
INFO:test2.py:Epoch 52/100	Loss 9.9928 ± 0.0622
INFO:test2.py:Epoch 53/100	Loss 9.9908 ± 0.0614
INFO:test2.py:Epoch 54/100	Loss 9.9889 ± 0.0623
INFO:test2.py:Epoch 55/100	Loss 9.9870 ± 0.0614
INFO:test2.py:Epoch 56/100	Loss 9.9851 ± 0.0634
INFO:test2.py:Epoch 57/100	Loss 9.9833 ± 0.0613
INFO:test2.py:Epoch 58/100	Loss 9.9815 ± 0.0616
INFO:test2.py:Epoch 59/100	Loss 9.9799 ± 0.0618
INFO:test2.py:Epoch 60/100	Loss 9.9782 ± 0.0624
INFO:test2.py:Epoch 61/100	Loss 9.9765 ± 0.0619
INFO:test2.py:Epoch 62/100	Loss 9.9749 ± 0.0620
INFO:test2.py:Epoch 63/100	Loss 9.9733 ± 0.0617
INFO:test2.py:Epoch 64/100	Loss 9.9718 ± 0.0625
INFO:test2.py:Epoch 65/100	Loss 9.9703 ± 0.0614
INFO:test2.py:Epoch 66/100	Loss 9.9689 ± 0.0625
INFO:test2.py:Epoch 67/100	Loss 9.9674 ± 0.0612
INFO:test2.py:Epoch 68/100	Loss 9.9660 ± 0.0619
INFO:test2.py:Epoch 69/100	Loss 9.9646 ± 0.0622
INFO:test2.py:Epoch 70/100	Loss 9.9633 ± 0.0624
INFO:test2.py:Epoch 71/100	Loss 9.9620 ± 0.0633
INFO:test2.py:Epoch 72/100	Loss 9.9607 ± 0.0627
INFO:test2.py:Epoch 73/100	Loss 9.9594 ± 0.0621
INFO:test2.py:Epoch 74/100	Loss 9.9582 ± 0.0623
INFO:test2.py:Epoch 75/100	Loss 9.9570 ± 0.0628
INFO:test2.py:Epoch 76/100	Loss 9.9557 ± 0.0631
INFO:test2.py:Epoch 77/100	Loss 9.9545 ± 0.0635
INFO:test2.py:Epoch 78/100	Loss 9.9534 ± 0.0621
INFO:test2.py:Epoch 79/100	Loss 9.9522 ± 0.0625
INFO:test2.py:Epoch 80/100	Loss 9.9511 ± 0.0628
INFO:test2.py:Epoch 81/100	Loss 9.9500 ± 0.0627
INFO:test2.py:Epoch 82/100	Loss 9.9490 ± 0.0620
INFO:test2.py:Epoch 83/100	Loss 9.9479 ± 0.0625
INFO:test2.py:Epoch 84/100	Loss 9.9468 ± 0.0637
INFO:test2.py:Epoch 85/100	Loss 9.9459 ± 0.0631
INFO:test2.py:Epoch 86/100	Loss 9.9448 ± 0.0623
INFO:test2.py:Epoch 87/100	Loss 9.9438 ± 0.0636
INFO:test2.py:Epoch 88/100	Loss 9.9429 ± 0.0625
INFO:test2.py:Epoch 89/100	Loss 9.9419 ± 0.0632
INFO:test2.py:Epoch 90/100	Loss 9.9410 ± 0.0630
INFO:test2.py:Epoch 91/100	Loss 9.9400 ± 0.0628
INFO:test2.py:Epoch 92/100	Loss 9.9391 ± 0.0633
INFO:test2.py:Epoch 93/100	Loss 9.9381 ± 0.0629
INFO:test2.py:Epoch 94/100	Loss 9.9373 ± 0.0623
INFO:test2.py:Epoch 95/100	Loss 9.9364 ± 0.0623
INFO:test2.py:Epoch 96/100	Loss 9.9355 ± 0.0623
INFO:test2.py:Epoch 97/100	Loss 9.9347 ± 0.0625
INFO:test2.py:Epoch 98/100	Loss 9.9338 ± 0.0630
INFO:test2.py:Epoch 99/100	Loss 9.9330 ± 0.0634
INFO:test2.py:Epoch 100/100	Loss 9.9322 ± 0.0620
INFO:test2.py:is bad performing False
INFO:test2.py:Done training
INFO:test2.py:in evalute for dataset: 	valid
INFO:test2.py:batch start 	320000
INFO:test2.py:done
INFO:test2.py:metrics done
INFO:test2.py:Error 	valid results	MRR 0.139118	H@1 0.058468	H@3 0.133104	H@10 0.299140	AU-ROC_raw -1.000000	AU-ROC_fil -1.000000
INFO:test2.py:in evalute for dataset: 	test
INFO:test2.py:batch start 	320000
INFO:test2.py:done
INFO:test2.py:metrics done
INFO:test2.py:Error 	test results	MRR 0.138873	H@1 0.058472	H@3 0.132707	H@10 0.298285	AU-ROC_raw -1.000000	AU-ROC_fil -1.000000
/home/acalvi/anaconda3/envs/libkge_new/lib/python3.7/site-packages/tensorflow/python/framework/dtypes.py:516: FutureWarning: Passing (type, 1) or '1type' as a synonym of type is deprecated; in a future version of numpy, it will be understood as (type, (1,)) / '(1,)type'.
  _np_qint8 = np.dtype([("qint8", np.int8, 1)])
/home/acalvi/anaconda3/envs/libkge_new/lib/python3.7/site-packages/tensorflow/python/framework/dtypes.py:517: FutureWarning: Passing (type, 1) or '1type' as a synonym of type is deprecated; in a future version of numpy, it will be understood as (type, (1,)) / '(1,)type'.
  _np_quint8 = np.dtype([("quint8", np.uint8, 1)])
/home/acalvi/anaconda3/envs/libkge_new/lib/python3.7/site-packages/tensorflow/python/framework/dtypes.py:518: FutureWarning: Passing (type, 1) or '1type' as a synonym of type is deprecated; in a future version of numpy, it will be understood as (type, (1,)) / '(1,)type'.
  _np_qint16 = np.dtype([("qint16", np.int16, 1)])
/home/acalvi/anaconda3/envs/libkge_new/lib/python3.7/site-packages/tensorflow/python/framework/dtypes.py:519: FutureWarning: Passing (type, 1) or '1type' as a synonym of type is deprecated; in a future version of numpy, it will be understood as (type, (1,)) / '(1,)type'.
  _np_quint16 = np.dtype([("quint16", np.uint16, 1)])
/home/acalvi/anaconda3/envs/libkge_new/lib/python3.7/site-packages/tensorflow/python/framework/dtypes.py:520: FutureWarning: Passing (type, 1) or '1type' as a synonym of type is deprecated; in a future version of numpy, it will be understood as (type, (1,)) / '(1,)type'.
  _np_qint32 = np.dtype([("qint32", np.int32, 1)])
/home/acalvi/anaconda3/envs/libkge_new/lib/python3.7/site-packages/tensorflow/python/framework/dtypes.py:525: FutureWarning: Passing (type, 1) or '1type' as a synonym of type is deprecated; in a future version of numpy, it will be understood as (type, (1,)) / '(1,)type'.
  np_resource = np.dtype([("resource", np.ubyte, 1)])
/home/acalvi/anaconda3/envs/libkge_new/lib/python3.7/site-packages/tensorboard/compat/tensorflow_stub/dtypes.py:541: FutureWarning: Passing (type, 1) or '1type' as a synonym of type is deprecated; in a future version of numpy, it will be understood as (type, (1,)) / '(1,)type'.
  _np_qint8 = np.dtype([("qint8", np.int8, 1)])
/home/acalvi/anaconda3/envs/libkge_new/lib/python3.7/site-packages/tensorboard/compat/tensorflow_stub/dtypes.py:542: FutureWarning: Passing (type, 1) or '1type' as a synonym of type is deprecated; in a future version of numpy, it will be understood as (type, (1,)) / '(1,)type'.
  _np_quint8 = np.dtype([("quint8", np.uint8, 1)])
/home/acalvi/anaconda3/envs/libkge_new/lib/python3.7/site-packages/tensorboard/compat/tensorflow_stub/dtypes.py:543: FutureWarning: Passing (type, 1) or '1type' as a synonym of type is deprecated; in a future version of numpy, it will be understood as (type, (1,)) / '(1,)type'.
  _np_qint16 = np.dtype([("qint16", np.int16, 1)])
/home/acalvi/anaconda3/envs/libkge_new/lib/python3.7/site-packages/tensorboard/compat/tensorflow_stub/dtypes.py:544: FutureWarning: Passing (type, 1) or '1type' as a synonym of type is deprecated; in a future version of numpy, it will be understood as (type, (1,)) / '(1,)type'.
  _np_quint16 = np.dtype([("quint16", np.uint16, 1)])
/home/acalvi/anaconda3/envs/libkge_new/lib/python3.7/site-packages/tensorboard/compat/tensorflow_stub/dtypes.py:545: FutureWarning: Passing (type, 1) or '1type' as a synonym of type is deprecated; in a future version of numpy, it will be understood as (type, (1,)) / '(1,)type'.
  _np_qint32 = np.dtype([("qint32", np.int32, 1)])
/home/acalvi/anaconda3/envs/libkge_new/lib/python3.7/site-packages/tensorboard/compat/tensorflow_stub/dtypes.py:550: FutureWarning: Passing (type, 1) or '1type' as a synonym of type is deprecated; in a future version of numpy, it will be understood as (type, (1,)) / '(1,)type'.
  np_resource = np.dtype([("resource", np.ubyte, 1)])
