./test2.py --data pse --mcl True --batch-size 268 --epochs 100 --embedding-size 100 --learning-rate 0.01 --regulariser n3 --reg-weight 0.005 --optimizer adagrad --valid --quiet
MCL True
INFO:test2.py:Valid: True
INFO:test2.py:Device: cuda
curr directory /home/acalvi/Dissertation/Aladdin/biolink
Importing dataset files ... 
<class 'biolink.embeddings.models_mc.ComplEx_MC'>
INFO:test2.py:is tucker False
INFO:test2.py:Device: cuda
INFO:test2.py:Epoch 1/100	Loss 11.0834 ± 0.3568
INFO:test2.py:Epoch 2/100	Loss 10.7583 ± 0.0835
INFO:test2.py:Epoch 3/100	Loss 10.6860 ± 0.0800
INFO:test2.py:Epoch 4/100	Loss 10.6463 ± 0.0787
INFO:test2.py:Epoch 5/100	Loss 10.6187 ± 0.0789
INFO:test2.py:Epoch 6/100	Loss 10.5975 ± 0.0789
INFO:test2.py:Epoch 7/100	Loss 10.5801 ± 0.0793
INFO:test2.py:Epoch 8/100	Loss 10.5653 ± 0.0794
INFO:test2.py:Epoch 9/100	Loss 10.5524 ± 0.0796
INFO:test2.py:Epoch 10/100	Loss 10.5409 ± 0.0802
INFO:test2.py:Epoch 11/100	Loss 10.5305 ± 0.0801
INFO:test2.py:Epoch 12/100	Loss 10.5211 ± 0.0789
INFO:test2.py:Epoch 13/100	Loss 10.5124 ± 0.0794
INFO:test2.py:Epoch 14/100	Loss 10.5044 ± 0.0792
INFO:test2.py:Epoch 15/100	Loss 10.4969 ± 0.0790
INFO:test2.py:Epoch 16/100	Loss 10.4899 ± 0.0791
INFO:test2.py:Epoch 17/100	Loss 10.4834 ± 0.0791
INFO:test2.py:Epoch 18/100	Loss 10.4772 ± 0.0797
INFO:test2.py:Epoch 19/100	Loss 10.4714 ± 0.0792
INFO:test2.py:Epoch 20/100	Loss 10.4659 ± 0.0798
INFO:test2.py:Epoch 21/100	Loss 10.4607 ± 0.0791
INFO:test2.py:Epoch 22/100	Loss 10.4557 ± 0.0800
INFO:test2.py:Epoch 23/100	Loss 10.4510 ± 0.0791
INFO:test2.py:Epoch 24/100	Loss 10.4465 ± 0.0780
INFO:test2.py:Epoch 25/100	Loss 10.4422 ± 0.0798
INFO:test2.py:Epoch 26/100	Loss 10.4381 ± 0.0800
INFO:test2.py:Epoch 27/100	Loss 10.4342 ± 0.0781
INFO:test2.py:Epoch 28/100	Loss 10.4304 ± 0.0790
INFO:test2.py:Epoch 29/100	Loss 10.4268 ± 0.0787
INFO:test2.py:Epoch 30/100	Loss 10.4234 ± 0.0791
INFO:test2.py:Epoch 31/100	Loss 10.4201 ± 0.0789
INFO:test2.py:Epoch 32/100	Loss 10.4169 ± 0.0791
INFO:test2.py:Epoch 33/100	Loss 10.4138 ± 0.0792
INFO:test2.py:Epoch 34/100	Loss 10.4109 ± 0.0783
INFO:test2.py:Epoch 35/100	Loss 10.4080 ± 0.0801
INFO:test2.py:Epoch 36/100	Loss 10.4053 ± 0.0789
INFO:test2.py:Epoch 37/100	Loss 10.4026 ± 0.0798
INFO:test2.py:Epoch 38/100	Loss 10.4001 ± 0.0795
INFO:test2.py:Epoch 39/100	Loss 10.3976 ± 0.0787
INFO:test2.py:Epoch 40/100	Loss 10.3952 ± 0.0790
INFO:test2.py:Epoch 41/100	Loss 10.3929 ± 0.0792
INFO:test2.py:Epoch 42/100	Loss 10.3907 ± 0.0788
INFO:test2.py:Epoch 43/100	Loss 10.3885 ± 0.0784
INFO:test2.py:Epoch 44/100	Loss 10.3864 ± 0.0790
INFO:test2.py:Epoch 45/100	Loss 10.3844 ± 0.0791
INFO:test2.py:Epoch 46/100	Loss 10.3824 ± 0.0791
INFO:test2.py:Epoch 47/100	Loss 10.3805 ± 0.0789
INFO:test2.py:Epoch 48/100	Loss 10.3787 ± 0.0793
INFO:test2.py:Epoch 49/100	Loss 10.3769 ± 0.0792
INFO:test2.py:Epoch 50/100	Loss 10.3751 ± 0.0789
INFO:test2.py:Epoch 51/100	Loss 10.3734 ± 0.0794
INFO:test2.py:Epoch 52/100	Loss 10.3717 ± 0.0796
INFO:test2.py:Epoch 53/100	Loss 10.3701 ± 0.0803
INFO:test2.py:Epoch 54/100	Loss 10.3686 ± 0.0803
INFO:test2.py:Epoch 55/100	Loss 10.3670 ± 0.0791
INFO:test2.py:Epoch 56/100	Loss 10.3655 ± 0.0801
INFO:test2.py:Epoch 57/100	Loss 10.3641 ± 0.0798
INFO:test2.py:Epoch 58/100	Loss 10.3627 ± 0.0802
INFO:test2.py:Epoch 59/100	Loss 10.3613 ± 0.0793
INFO:test2.py:Epoch 60/100	Loss 10.3599 ± 0.0794
INFO:test2.py:Epoch 61/100	Loss 10.3586 ± 0.0790
INFO:test2.py:Epoch 62/100	Loss 10.3574 ± 0.0794
INFO:test2.py:Epoch 63/100	Loss 10.3561 ± 0.0786
INFO:test2.py:Epoch 64/100	Loss 10.3549 ± 0.0795
INFO:test2.py:Epoch 65/100	Loss 10.3537 ± 0.0800
INFO:test2.py:Epoch 66/100	Loss 10.3525 ± 0.0801
INFO:test2.py:Epoch 67/100	Loss 10.3514 ± 0.0796
INFO:test2.py:Epoch 68/100	Loss 10.3503 ± 0.0792
INFO:test2.py:Epoch 69/100	Loss 10.3492 ± 0.0796
INFO:test2.py:Epoch 70/100	Loss 10.3481 ± 0.0798
INFO:test2.py:Epoch 71/100	Loss 10.3470 ± 0.0799
INFO:test2.py:Epoch 72/100	Loss 10.3460 ± 0.0800
INFO:test2.py:Epoch 73/100	Loss 10.3450 ± 0.0793
INFO:test2.py:Epoch 74/100	Loss 10.3440 ± 0.0808
INFO:test2.py:Epoch 75/100	Loss 10.3431 ± 0.0797
INFO:test2.py:Epoch 76/100	Loss 10.3421 ± 0.0803
INFO:test2.py:Epoch 77/100	Loss 10.3412 ± 0.0794
INFO:test2.py:Epoch 78/100	Loss 10.3403 ± 0.0801
INFO:test2.py:Epoch 79/100	Loss 10.3394 ± 0.0790
INFO:test2.py:Epoch 80/100	Loss 10.3385 ± 0.0790
INFO:test2.py:Epoch 81/100	Loss 10.3377 ± 0.0792
INFO:test2.py:Epoch 82/100	Loss 10.3368 ± 0.0800
INFO:test2.py:Epoch 83/100	Loss 10.3360 ± 0.0798
INFO:test2.py:Epoch 84/100	Loss 10.3352 ± 0.0802
INFO:test2.py:Epoch 85/100	Loss 10.3344 ± 0.0791
INFO:test2.py:Epoch 86/100	Loss 10.3336 ± 0.0793
INFO:test2.py:Epoch 87/100	Loss 10.3329 ± 0.0800
INFO:test2.py:Epoch 88/100	Loss 10.3321 ± 0.0794
INFO:test2.py:Epoch 89/100	Loss 10.3314 ± 0.0792
INFO:test2.py:Epoch 90/100	Loss 10.3306 ± 0.0791
INFO:test2.py:Epoch 91/100	Loss 10.3299 ± 0.0793
INFO:test2.py:Epoch 92/100	Loss 10.3292 ± 0.0798
INFO:test2.py:Epoch 93/100	Loss 10.3285 ± 0.0800
INFO:test2.py:Epoch 94/100	Loss 10.3278 ± 0.0793
INFO:test2.py:Epoch 95/100	Loss 10.3272 ± 0.0802
INFO:test2.py:Epoch 96/100	Loss 10.3265 ± 0.0795
INFO:test2.py:Epoch 97/100	Loss 10.3258 ± 0.0796
INFO:test2.py:Epoch 98/100	Loss 10.3252 ± 0.0799
INFO:test2.py:Epoch 99/100	Loss 10.3246 ± 0.0797
INFO:test2.py:Epoch 100/100	Loss 10.3240 ± 0.0803
INFO:test2.py:is bad performing False
INFO:test2.py:Done training
INFO:test2.py:in evalute for dataset: 	valid
INFO:test2.py:done
INFO:test2.py:done not filtered aucroc
INFO:test2.py:metrics done
INFO:test2.py:Error 	valid results	MRR 0.126082	H@1 0.049331	H@3 0.117446	H@10 0.276857	AU-ROC_raw -1.000000	AU-ROC_fil -1.000000
INFO:test2.py:in evalute for dataset: 	test
INFO:test2.py:done
INFO:test2.py:done not filtered aucroc
INFO:test2.py:metrics done
INFO:test2.py:Error 	test results	MRR 0.126673	H@1 0.049754	H@3 0.118253	H@10 0.277694	AU-ROC_raw -1.000000	AU-ROC_fil -1.000000
/home/acalvi/anaconda3/envs/libkge_new/lib/python3.7/site-packages/tensorflow/python/framework/dtypes.py:516: FutureWarning: Passing (type, 1) or '1type' as a synonym of type is deprecated; in a future version of numpy, it will be understood as (type, (1,)) / '(1,)type'.
  _np_qint8 = np.dtype([("qint8", np.int8, 1)])
/home/acalvi/anaconda3/envs/libkge_new/lib/python3.7/site-packages/tensorflow/python/framework/dtypes.py:517: FutureWarning: Passing (type, 1) or '1type' as a synonym of type is deprecated; in a future version of numpy, it will be understood as (type, (1,)) / '(1,)type'.
  _np_quint8 = np.dtype([("quint8", np.uint8, 1)])
/home/acalvi/anaconda3/envs/libkge_new/lib/python3.7/site-packages/tensorflow/python/framework/dtypes.py:518: FutureWarning: Passing (type, 1) or '1type' as a synonym of type is deprecated; in a future version of numpy, it will be understood as (type, (1,)) / '(1,)type'.
  _np_qint16 = np.dtype([("qint16", np.int16, 1)])
/home/acalvi/anaconda3/envs/libkge_new/lib/python3.7/site-packages/tensorflow/python/framework/dtypes.py:519: FutureWarning: Passing (type, 1) or '1type' as a synonym of type is deprecated; in a future version of numpy, it will be understood as (type, (1,)) / '(1,)type'.
  _np_quint16 = np.dtype([("quint16", np.uint16, 1)])
/home/acalvi/anaconda3/envs/libkge_new/lib/python3.7/site-packages/tensorflow/python/framework/dtypes.py:520: FutureWarning: Passing (type, 1) or '1type' as a synonym of type is deprecated; in a future version of numpy, it will be understood as (type, (1,)) / '(1,)type'.
  _np_qint32 = np.dtype([("qint32", np.int32, 1)])
/home/acalvi/anaconda3/envs/libkge_new/lib/python3.7/site-packages/tensorflow/python/framework/dtypes.py:525: FutureWarning: Passing (type, 1) or '1type' as a synonym of type is deprecated; in a future version of numpy, it will be understood as (type, (1,)) / '(1,)type'.
  np_resource = np.dtype([("resource", np.ubyte, 1)])
/home/acalvi/anaconda3/envs/libkge_new/lib/python3.7/site-packages/tensorboard/compat/tensorflow_stub/dtypes.py:541: FutureWarning: Passing (type, 1) or '1type' as a synonym of type is deprecated; in a future version of numpy, it will be understood as (type, (1,)) / '(1,)type'.
  _np_qint8 = np.dtype([("qint8", np.int8, 1)])
/home/acalvi/anaconda3/envs/libkge_new/lib/python3.7/site-packages/tensorboard/compat/tensorflow_stub/dtypes.py:542: FutureWarning: Passing (type, 1) or '1type' as a synonym of type is deprecated; in a future version of numpy, it will be understood as (type, (1,)) / '(1,)type'.
  _np_quint8 = np.dtype([("quint8", np.uint8, 1)])
/home/acalvi/anaconda3/envs/libkge_new/lib/python3.7/site-packages/tensorboard/compat/tensorflow_stub/dtypes.py:543: FutureWarning: Passing (type, 1) or '1type' as a synonym of type is deprecated; in a future version of numpy, it will be understood as (type, (1,)) / '(1,)type'.
  _np_qint16 = np.dtype([("qint16", np.int16, 1)])
/home/acalvi/anaconda3/envs/libkge_new/lib/python3.7/site-packages/tensorboard/compat/tensorflow_stub/dtypes.py:544: FutureWarning: Passing (type, 1) or '1type' as a synonym of type is deprecated; in a future version of numpy, it will be understood as (type, (1,)) / '(1,)type'.
  _np_quint16 = np.dtype([("quint16", np.uint16, 1)])
/home/acalvi/anaconda3/envs/libkge_new/lib/python3.7/site-packages/tensorboard/compat/tensorflow_stub/dtypes.py:545: FutureWarning: Passing (type, 1) or '1type' as a synonym of type is deprecated; in a future version of numpy, it will be understood as (type, (1,)) / '(1,)type'.
  _np_qint32 = np.dtype([("qint32", np.int32, 1)])
/home/acalvi/anaconda3/envs/libkge_new/lib/python3.7/site-packages/tensorboard/compat/tensorflow_stub/dtypes.py:550: FutureWarning: Passing (type, 1) or '1type' as a synonym of type is deprecated; in a future version of numpy, it will be understood as (type, (1,)) / '(1,)type'.
  np_resource = np.dtype([("resource", np.ubyte, 1)])
