./test2.py --data pse --mcl True --batch-size 512 --epochs 100 --embedding-size 50 --learning-rate 0.1 --regulariser n3 --reg-weight 0.01 --optimizer adagrad --valid --quiet
MCL True
INFO:test2.py:Valid: True
INFO:test2.py:Device: cuda
curr directory /home/acalvi/Dissertation/Aladdin/biolink
Importing dataset files ... 
<class 'biolink.embeddings.models_mc.ComplEx_MC'>
INFO:test2.py:is tucker False
INFO:test2.py:settin tucker to FALSE
INFO:test2.py:Device: cuda
INFO:test2.py:Epoch 1/100	Loss 10.9324 ± 0.3191
INFO:test2.py:Epoch 2/100	Loss 10.6747 ± 0.0585
INFO:test2.py:Epoch 3/100	Loss 10.6281 ± 0.0548
INFO:test2.py:Epoch 4/100	Loss 10.6012 ± 0.0551
INFO:test2.py:Epoch 5/100	Loss 10.5866 ± 0.0548
INFO:test2.py:Epoch 6/100	Loss 10.5777 ± 0.0556
INFO:test2.py:Epoch 7/100	Loss 10.5715 ± 0.0546
INFO:test2.py:Epoch 8/100	Loss 10.5668 ± 0.0546
INFO:test2.py:Epoch 9/100	Loss 10.5631 ± 0.0554
INFO:test2.py:Epoch 10/100	Loss 10.5599 ± 0.0544
INFO:test2.py:Epoch 11/100	Loss 10.5572 ± 0.0544
INFO:test2.py:Epoch 12/100	Loss 10.5550 ± 0.0553
INFO:test2.py:Epoch 13/100	Loss 10.5529 ± 0.0561
INFO:test2.py:Epoch 14/100	Loss 10.5512 ± 0.0545
INFO:test2.py:Epoch 15/100	Loss 10.5495 ± 0.0553
INFO:test2.py:Epoch 16/100	Loss 10.5480 ± 0.0555
INFO:test2.py:Epoch 17/100	Loss 10.5467 ± 0.0549
INFO:test2.py:Epoch 18/100	Loss 10.5455 ± 0.0555
INFO:test2.py:Epoch 19/100	Loss 10.5443 ± 0.0551
INFO:test2.py:Epoch 20/100	Loss 10.5432 ± 0.0558
INFO:test2.py:Epoch 21/100	Loss 10.5422 ± 0.0543
INFO:test2.py:Epoch 22/100	Loss 10.5413 ± 0.0549
INFO:test2.py:Epoch 23/100	Loss 10.5404 ± 0.0547
INFO:test2.py:Epoch 24/100	Loss 10.5396 ± 0.0554
INFO:test2.py:Epoch 25/100	Loss 10.5388 ± 0.0551
INFO:test2.py:Epoch 26/100	Loss 10.5380 ± 0.0548
INFO:test2.py:Epoch 27/100	Loss 10.5373 ± 0.0537
INFO:test2.py:Epoch 28/100	Loss 10.5366 ± 0.0553
INFO:test2.py:Epoch 29/100	Loss 10.5360 ± 0.0550
INFO:test2.py:Epoch 30/100	Loss 10.5354 ± 0.0549
INFO:test2.py:Epoch 31/100	Loss 10.5348 ± 0.0546
INFO:test2.py:Epoch 32/100	Loss 10.5342 ± 0.0551
INFO:test2.py:Epoch 33/100	Loss 10.5337 ± 0.0545
INFO:test2.py:Epoch 34/100	Loss 10.5332 ± 0.0549
INFO:test2.py:Epoch 35/100	Loss 10.5327 ± 0.0560
INFO:test2.py:Epoch 36/100	Loss 10.5322 ± 0.0546
INFO:test2.py:Epoch 37/100	Loss 10.5317 ± 0.0550
INFO:test2.py:Epoch 38/100	Loss 10.5313 ± 0.0543
INFO:test2.py:Epoch 39/100	Loss 10.5309 ± 0.0547
INFO:test2.py:Epoch 40/100	Loss 10.5304 ± 0.0560
INFO:test2.py:Epoch 41/100	Loss 10.5301 ± 0.0551
INFO:test2.py:Epoch 42/100	Loss 10.5297 ± 0.0558
INFO:test2.py:Epoch 43/100	Loss 10.5293 ± 0.0544
INFO:test2.py:Epoch 44/100	Loss 10.5290 ± 0.0555
INFO:test2.py:Epoch 45/100	Loss 10.5286 ± 0.0550
INFO:test2.py:Epoch 46/100	Loss 10.5282 ± 0.0548
INFO:test2.py:Epoch 47/100	Loss 10.5279 ± 0.0546
INFO:test2.py:Epoch 48/100	Loss 10.5276 ± 0.0553
INFO:test2.py:Epoch 49/100	Loss 10.5273 ± 0.0550
INFO:test2.py:Validating
INFO:test2.py:batch start 	320000
INFO:test2.py:done
INFO:test2.py:metrics done
INFO:test2.py:Epoch 50/100	Loss 10.5270 ± 0.0556
INFO:test2.py:Epoch 51/100	Loss 10.5267 ± 0.0544
INFO:test2.py:Epoch 52/100	Loss 10.5264 ± 0.0546
INFO:test2.py:Epoch 53/100	Loss 10.5261 ± 0.0554
INFO:test2.py:Epoch 54/100	Loss 10.5258 ± 0.0544
INFO:test2.py:Epoch 55/100	Loss 10.5256 ± 0.0550
INFO:test2.py:Epoch 56/100	Loss 10.5253 ± 0.0548
INFO:test2.py:Epoch 57/100	Loss 10.5250 ± 0.0547
INFO:test2.py:Epoch 58/100	Loss 10.5248 ± 0.0550
INFO:test2.py:Epoch 59/100	Loss 10.5245 ± 0.0551
INFO:test2.py:Epoch 60/100	Loss 10.5243 ± 0.0558
INFO:test2.py:Epoch 61/100	Loss 10.5240 ± 0.0551
INFO:test2.py:Epoch 62/100	Loss 10.5238 ± 0.0554
INFO:test2.py:Epoch 63/100	Loss 10.5236 ± 0.0550
INFO:test2.py:Epoch 64/100	Loss 10.5233 ± 0.0549
INFO:test2.py:Epoch 65/100	Loss 10.5231 ± 0.0553
INFO:test2.py:Epoch 66/100	Loss 10.5229 ± 0.0551
INFO:test2.py:Epoch 67/100	Loss 10.5227 ± 0.0549
INFO:test2.py:Epoch 68/100	Loss 10.5225 ± 0.0558
INFO:test2.py:Epoch 69/100	Loss 10.5223 ± 0.0558
INFO:test2.py:Epoch 70/100	Loss 10.5221 ± 0.0554
INFO:test2.py:Epoch 71/100	Loss 10.5219 ± 0.0555
INFO:test2.py:Epoch 72/100	Loss 10.5217 ± 0.0555
INFO:test2.py:Epoch 73/100	Loss 10.5216 ± 0.0552
INFO:test2.py:Epoch 74/100	Loss 10.5214 ± 0.0545
INFO:test2.py:Epoch 75/100	Loss 10.5212 ± 0.0545
INFO:test2.py:Epoch 76/100	Loss 10.5210 ± 0.0551
INFO:test2.py:Epoch 77/100	Loss 10.5208 ± 0.0549
INFO:test2.py:Epoch 78/100	Loss 10.5206 ± 0.0554
INFO:test2.py:Epoch 79/100	Loss 10.5204 ± 0.0552
INFO:test2.py:Epoch 80/100	Loss 10.5203 ± 0.0547
INFO:test2.py:Epoch 81/100	Loss 10.5201 ± 0.0554
INFO:test2.py:Epoch 82/100	Loss 10.5199 ± 0.0549
INFO:test2.py:Epoch 83/100	Loss 10.5198 ± 0.0566
INFO:test2.py:Epoch 84/100	Loss 10.5196 ± 0.0551
INFO:test2.py:Epoch 85/100	Loss 10.5195 ± 0.0557
INFO:test2.py:Epoch 86/100	Loss 10.5194 ± 0.0551
INFO:test2.py:Epoch 87/100	Loss 10.5192 ± 0.0546
INFO:test2.py:Epoch 88/100	Loss 10.5190 ± 0.0556
INFO:test2.py:Epoch 89/100	Loss 10.5189 ± 0.0557
INFO:test2.py:Epoch 90/100	Loss 10.5187 ± 0.0550
INFO:test2.py:Epoch 91/100	Loss 10.5186 ± 0.0554
INFO:test2.py:Epoch 92/100	Loss 10.5185 ± 0.0544
INFO:test2.py:Epoch 93/100	Loss 10.5183 ± 0.0546
INFO:test2.py:Epoch 94/100	Loss 10.5182 ± 0.0549
INFO:test2.py:Epoch 95/100	Loss 10.5180 ± 0.0540
INFO:test2.py:Epoch 96/100	Loss 10.5179 ± 0.0551
INFO:test2.py:Epoch 97/100	Loss 10.5177 ± 0.0554
INFO:test2.py:Epoch 98/100	Loss 10.5177 ± 0.0553
INFO:test2.py:Epoch 99/100	Loss 10.5175 ± 0.0544
INFO:test2.py:Epoch 100/100	Loss 10.5174 ± 0.0550
INFO:test2.py:is bad performing False
INFO:test2.py:Done training
INFO:test2.py:in evalute for dataset: 	valid
INFO:test2.py:batch start 	320000
INFO:test2.py:done
INFO:test2.py:metrics done
INFO:test2.py:Error 	valid results	MRR 0.123813	H@1 0.047806	H@3 0.115126	H@10 0.272033	AU-ROC_raw -1.000000	AU-ROC_fil -1.000000
INFO:test2.py:in evalute for dataset: 	test
INFO:test2.py:batch start 	320000
INFO:test2.py:done
INFO:test2.py:metrics done
INFO:test2.py:Error 	test results	MRR 0.124029	H@1 0.047900	H@3 0.115504	H@10 0.272437	AU-ROC_raw -1.000000	AU-ROC_fil -1.000000
/home/acalvi/anaconda3/envs/libkge_new/lib/python3.7/site-packages/tensorflow/python/framework/dtypes.py:516: FutureWarning: Passing (type, 1) or '1type' as a synonym of type is deprecated; in a future version of numpy, it will be understood as (type, (1,)) / '(1,)type'.
  _np_qint8 = np.dtype([("qint8", np.int8, 1)])
/home/acalvi/anaconda3/envs/libkge_new/lib/python3.7/site-packages/tensorflow/python/framework/dtypes.py:517: FutureWarning: Passing (type, 1) or '1type' as a synonym of type is deprecated; in a future version of numpy, it will be understood as (type, (1,)) / '(1,)type'.
  _np_quint8 = np.dtype([("quint8", np.uint8, 1)])
/home/acalvi/anaconda3/envs/libkge_new/lib/python3.7/site-packages/tensorflow/python/framework/dtypes.py:518: FutureWarning: Passing (type, 1) or '1type' as a synonym of type is deprecated; in a future version of numpy, it will be understood as (type, (1,)) / '(1,)type'.
  _np_qint16 = np.dtype([("qint16", np.int16, 1)])
/home/acalvi/anaconda3/envs/libkge_new/lib/python3.7/site-packages/tensorflow/python/framework/dtypes.py:519: FutureWarning: Passing (type, 1) or '1type' as a synonym of type is deprecated; in a future version of numpy, it will be understood as (type, (1,)) / '(1,)type'.
  _np_quint16 = np.dtype([("quint16", np.uint16, 1)])
/home/acalvi/anaconda3/envs/libkge_new/lib/python3.7/site-packages/tensorflow/python/framework/dtypes.py:520: FutureWarning: Passing (type, 1) or '1type' as a synonym of type is deprecated; in a future version of numpy, it will be understood as (type, (1,)) / '(1,)type'.
  _np_qint32 = np.dtype([("qint32", np.int32, 1)])
/home/acalvi/anaconda3/envs/libkge_new/lib/python3.7/site-packages/tensorflow/python/framework/dtypes.py:525: FutureWarning: Passing (type, 1) or '1type' as a synonym of type is deprecated; in a future version of numpy, it will be understood as (type, (1,)) / '(1,)type'.
  np_resource = np.dtype([("resource", np.ubyte, 1)])
/home/acalvi/anaconda3/envs/libkge_new/lib/python3.7/site-packages/tensorboard/compat/tensorflow_stub/dtypes.py:541: FutureWarning: Passing (type, 1) or '1type' as a synonym of type is deprecated; in a future version of numpy, it will be understood as (type, (1,)) / '(1,)type'.
  _np_qint8 = np.dtype([("qint8", np.int8, 1)])
/home/acalvi/anaconda3/envs/libkge_new/lib/python3.7/site-packages/tensorboard/compat/tensorflow_stub/dtypes.py:542: FutureWarning: Passing (type, 1) or '1type' as a synonym of type is deprecated; in a future version of numpy, it will be understood as (type, (1,)) / '(1,)type'.
  _np_quint8 = np.dtype([("quint8", np.uint8, 1)])
/home/acalvi/anaconda3/envs/libkge_new/lib/python3.7/site-packages/tensorboard/compat/tensorflow_stub/dtypes.py:543: FutureWarning: Passing (type, 1) or '1type' as a synonym of type is deprecated; in a future version of numpy, it will be understood as (type, (1,)) / '(1,)type'.
  _np_qint16 = np.dtype([("qint16", np.int16, 1)])
/home/acalvi/anaconda3/envs/libkge_new/lib/python3.7/site-packages/tensorboard/compat/tensorflow_stub/dtypes.py:544: FutureWarning: Passing (type, 1) or '1type' as a synonym of type is deprecated; in a future version of numpy, it will be understood as (type, (1,)) / '(1,)type'.
  _np_quint16 = np.dtype([("quint16", np.uint16, 1)])
/home/acalvi/anaconda3/envs/libkge_new/lib/python3.7/site-packages/tensorboard/compat/tensorflow_stub/dtypes.py:545: FutureWarning: Passing (type, 1) or '1type' as a synonym of type is deprecated; in a future version of numpy, it will be understood as (type, (1,)) / '(1,)type'.
  _np_qint32 = np.dtype([("qint32", np.int32, 1)])
/home/acalvi/anaconda3/envs/libkge_new/lib/python3.7/site-packages/tensorboard/compat/tensorflow_stub/dtypes.py:550: FutureWarning: Passing (type, 1) or '1type' as a synonym of type is deprecated; in a future version of numpy, it will be understood as (type, (1,)) / '(1,)type'.
  np_resource = np.dtype([("resource", np.ubyte, 1)])
