./test2.py --data pse --mcl True --batch-size 268 --epochs 100 --embedding-size 200 --learning-rate 0.01 --regulariser n3 --reg-weight 0.1 --optimizer adagrad --valid --quiet
MCL True
INFO:test2.py:Valid: True
INFO:test2.py:Device: cuda
curr directory /home/acalvi/Dissertation/Aladdin/biolink
Importing dataset files ... 
<class 'biolink.embeddings.models_mc.ComplEx_MC'>
INFO:test2.py:is tucker False
INFO:test2.py:settin tucker to FALSE
INFO:test2.py:Device: cuda
INFO:test2.py:Epoch 1/100	Loss 12.0796 ± 0.1573
INFO:test2.py:Epoch 2/100	Loss 11.9612 ± 0.0654
INFO:test2.py:Epoch 3/100	Loss 11.9471 ± 0.0651
INFO:test2.py:Epoch 4/100	Loss 11.9416 ± 0.0644
INFO:test2.py:Epoch 5/100	Loss 11.9387 ± 0.0652
INFO:test2.py:Epoch 6/100	Loss 11.9369 ± 0.0652
INFO:test2.py:Epoch 7/100	Loss 11.9358 ± 0.0650
INFO:test2.py:Epoch 8/100	Loss 11.9349 ± 0.0649
INFO:test2.py:Epoch 9/100	Loss 11.9342 ± 0.0651
INFO:test2.py:Epoch 10/100	Loss 11.9337 ± 0.0645
INFO:test2.py:Epoch 11/100	Loss 11.9332 ± 0.0657
INFO:test2.py:Epoch 12/100	Loss 11.9328 ± 0.0650
INFO:test2.py:Epoch 13/100	Loss 11.9324 ± 0.0645
INFO:test2.py:Epoch 14/100	Loss 11.9320 ± 0.0653
INFO:test2.py:Epoch 15/100	Loss 11.9317 ± 0.0644
INFO:test2.py:Epoch 16/100	Loss 11.9314 ± 0.0646
INFO:test2.py:Epoch 17/100	Loss 11.9311 ± 0.0640
INFO:test2.py:Epoch 18/100	Loss 11.9308 ± 0.0642
INFO:test2.py:Epoch 19/100	Loss 11.9306 ± 0.0649
INFO:test2.py:Epoch 20/100	Loss 11.9303 ± 0.0645
INFO:test2.py:Epoch 21/100	Loss 11.9300 ± 0.0642
INFO:test2.py:Epoch 22/100	Loss 11.9297 ± 0.0638
INFO:test2.py:Epoch 23/100	Loss 11.9294 ± 0.0643
INFO:test2.py:Epoch 24/100	Loss 11.9291 ± 0.0643
INFO:test2.py:Epoch 25/100	Loss 11.9288 ± 0.0641
INFO:test2.py:Epoch 26/100	Loss 11.9285 ± 0.0645
INFO:test2.py:Epoch 27/100	Loss 11.9282 ± 0.0643
INFO:test2.py:Epoch 28/100	Loss 11.9278 ± 0.0646
INFO:test2.py:Epoch 29/100	Loss 11.9274 ± 0.0643
INFO:test2.py:Epoch 30/100	Loss 11.9270 ± 0.0646
INFO:test2.py:Epoch 31/100	Loss 11.9265 ± 0.0645
INFO:test2.py:Epoch 32/100	Loss 11.9261 ± 0.0645
INFO:test2.py:Epoch 33/100	Loss 11.9256 ± 0.0646
INFO:test2.py:Epoch 34/100	Loss 11.9251 ± 0.0637
INFO:test2.py:Epoch 35/100	Loss 11.9246 ± 0.0642
INFO:test2.py:Epoch 36/100	Loss 11.9241 ± 0.0637
INFO:test2.py:Epoch 37/100	Loss 11.9237 ± 0.0635
INFO:test2.py:Epoch 38/100	Loss 11.9233 ± 0.0641
INFO:test2.py:Epoch 39/100	Loss 11.9228 ± 0.0642
INFO:test2.py:Epoch 40/100	Loss 11.9224 ± 0.0642
INFO:test2.py:Epoch 41/100	Loss 11.9221 ± 0.0636
INFO:test2.py:Epoch 42/100	Loss 11.9217 ± 0.0640
INFO:test2.py:Epoch 43/100	Loss 11.9214 ± 0.0639
INFO:test2.py:Epoch 44/100	Loss 11.9211 ± 0.0633
INFO:test2.py:Epoch 45/100	Loss 11.9208 ± 0.0638
INFO:test2.py:Epoch 46/100	Loss 11.9205 ± 0.0638
INFO:test2.py:Epoch 47/100	Loss 11.9203 ± 0.0637
INFO:test2.py:Epoch 48/100	Loss 11.9200 ± 0.0639
INFO:test2.py:Epoch 49/100	Loss 11.9198 ± 0.0642
/home/acalvi/anaconda3/envs/libkge_new/lib/python3.7/site-packages/tensorflow/python/framework/dtypes.py:516: FutureWarning: Passing (type, 1) or '1type' as a synonym of type is deprecated; in a future version of numpy, it will be understood as (type, (1,)) / '(1,)type'.
  _np_qint8 = np.dtype([("qint8", np.int8, 1)])
/home/acalvi/anaconda3/envs/libkge_new/lib/python3.7/site-packages/tensorflow/python/framework/dtypes.py:517: FutureWarning: Passing (type, 1) or '1type' as a synonym of type is deprecated; in a future version of numpy, it will be understood as (type, (1,)) / '(1,)type'.
  _np_quint8 = np.dtype([("quint8", np.uint8, 1)])
/home/acalvi/anaconda3/envs/libkge_new/lib/python3.7/site-packages/tensorflow/python/framework/dtypes.py:518: FutureWarning: Passing (type, 1) or '1type' as a synonym of type is deprecated; in a future version of numpy, it will be understood as (type, (1,)) / '(1,)type'.
  _np_qint16 = np.dtype([("qint16", np.int16, 1)])
/home/acalvi/anaconda3/envs/libkge_new/lib/python3.7/site-packages/tensorflow/python/framework/dtypes.py:519: FutureWarning: Passing (type, 1) or '1type' as a synonym of type is deprecated; in a future version of numpy, it will be understood as (type, (1,)) / '(1,)type'.
  _np_quint16 = np.dtype([("quint16", np.uint16, 1)])
/home/acalvi/anaconda3/envs/libkge_new/lib/python3.7/site-packages/tensorflow/python/framework/dtypes.py:520: FutureWarning: Passing (type, 1) or '1type' as a synonym of type is deprecated; in a future version of numpy, it will be understood as (type, (1,)) / '(1,)type'.
  _np_qint32 = np.dtype([("qint32", np.int32, 1)])
/home/acalvi/anaconda3/envs/libkge_new/lib/python3.7/site-packages/tensorflow/python/framework/dtypes.py:525: FutureWarning: Passing (type, 1) or '1type' as a synonym of type is deprecated; in a future version of numpy, it will be understood as (type, (1,)) / '(1,)type'.
  np_resource = np.dtype([("resource", np.ubyte, 1)])
/home/acalvi/anaconda3/envs/libkge_new/lib/python3.7/site-packages/tensorboard/compat/tensorflow_stub/dtypes.py:541: FutureWarning: Passing (type, 1) or '1type' as a synonym of type is deprecated; in a future version of numpy, it will be understood as (type, (1,)) / '(1,)type'.
  _np_qint8 = np.dtype([("qint8", np.int8, 1)])
/home/acalvi/anaconda3/envs/libkge_new/lib/python3.7/site-packages/tensorboard/compat/tensorflow_stub/dtypes.py:542: FutureWarning: Passing (type, 1) or '1type' as a synonym of type is deprecated; in a future version of numpy, it will be understood as (type, (1,)) / '(1,)type'.
  _np_quint8 = np.dtype([("quint8", np.uint8, 1)])
/home/acalvi/anaconda3/envs/libkge_new/lib/python3.7/site-packages/tensorboard/compat/tensorflow_stub/dtypes.py:543: FutureWarning: Passing (type, 1) or '1type' as a synonym of type is deprecated; in a future version of numpy, it will be understood as (type, (1,)) / '(1,)type'.
  _np_qint16 = np.dtype([("qint16", np.int16, 1)])
/home/acalvi/anaconda3/envs/libkge_new/lib/python3.7/site-packages/tensorboard/compat/tensorflow_stub/dtypes.py:544: FutureWarning: Passing (type, 1) or '1type' as a synonym of type is deprecated; in a future version of numpy, it will be understood as (type, (1,)) / '(1,)type'.
  _np_quint16 = np.dtype([("quint16", np.uint16, 1)])
/home/acalvi/anaconda3/envs/libkge_new/lib/python3.7/site-packages/tensorboard/compat/tensorflow_stub/dtypes.py:545: FutureWarning: Passing (type, 1) or '1type' as a synonym of type is deprecated; in a future version of numpy, it will be understood as (type, (1,)) / '(1,)type'.
  _np_qint32 = np.dtype([("qint32", np.int32, 1)])
/home/acalvi/anaconda3/envs/libkge_new/lib/python3.7/site-packages/tensorboard/compat/tensorflow_stub/dtypes.py:550: FutureWarning: Passing (type, 1) or '1type' as a synonym of type is deprecated; in a future version of numpy, it will be understood as (type, (1,)) / '(1,)type'.
  np_resource = np.dtype([("resource", np.ubyte, 1)])
Traceback (most recent call last):
  File "./test2.py", line 15, in <module>
    main(sys.argv[1:])
  File "./test2.py", line 10, in main
    experiment_ComplEx.main(argv)
  File "/home/acalvi/Dissertation/Aladdin/biolink/testing/experiment_ComplEx.py", line 171, in main
    train.train(model, regulariser, optimizer, train_data, valid_data, bench_idx_data, args, scheduler=scheduler)
  File "/home/acalvi/Dissertation/Aladdin/biolink/utility/train.py", line 40, in train
    train_mc(model, regulariser, optimiser, data, valid_data, all_data, args, scheduler=scheduler)
  File "/home/acalvi/Dissertation/Aladdin/biolink/utility/train.py", line 236, in train_mc
    if ((epoch+1) == 50) and valid:
NameError: name 'valid' is not defined
