./test2.py --data pse --mcl True --batch-size 512 --epochs 100 --embedding-size 200 --learning-rate 0.01 --regulariser n3 --reg-weight 0.005 --optimizer adagrad --valid --quiet
MCL True
INFO:test2.py:Valid: True
INFO:test2.py:Device: cuda
curr directory /home/acalvi/Dissertation/Aladdin/biolink
Importing dataset files ... 
<class 'biolink.embeddings.models_mc.ComplEx_MC'>
INFO:test2.py:is tucker False
INFO:test2.py:settin tucker to FALSE
INFO:test2.py:Device: cuda
INFO:test2.py:Epoch 1/100	Loss 11.0545 ± 0.4043
INFO:test2.py:Epoch 2/100	Loss 10.6856 ± 0.0667
INFO:test2.py:Epoch 3/100	Loss 10.5993 ± 0.0577
INFO:test2.py:Epoch 4/100	Loss 10.5523 ± 0.0573
INFO:test2.py:Epoch 5/100	Loss 10.5206 ± 0.0577
INFO:test2.py:Epoch 6/100	Loss 10.4968 ± 0.0570
INFO:test2.py:Epoch 7/100	Loss 10.4777 ± 0.0567
INFO:test2.py:Epoch 8/100	Loss 10.4618 ± 0.0572
INFO:test2.py:Epoch 9/100	Loss 10.4480 ± 0.0573
INFO:test2.py:Epoch 10/100	Loss 10.4360 ± 0.0571
INFO:test2.py:Epoch 11/100	Loss 10.4252 ± 0.0583
INFO:test2.py:Epoch 12/100	Loss 10.4156 ± 0.0569
INFO:test2.py:Epoch 13/100	Loss 10.4068 ± 0.0570
INFO:test2.py:Epoch 14/100	Loss 10.3987 ± 0.0571
INFO:test2.py:Epoch 15/100	Loss 10.3913 ± 0.0568
INFO:test2.py:Epoch 16/100	Loss 10.3843 ± 0.0571
INFO:test2.py:Epoch 17/100	Loss 10.3779 ± 0.0566
INFO:test2.py:Epoch 18/100	Loss 10.3719 ± 0.0572
INFO:test2.py:Epoch 19/100	Loss 10.3663 ± 0.0572
INFO:test2.py:Epoch 20/100	Loss 10.3611 ± 0.0576
INFO:test2.py:Epoch 21/100	Loss 10.3561 ± 0.0574
INFO:test2.py:Epoch 22/100	Loss 10.3514 ± 0.0578
INFO:test2.py:Epoch 23/100	Loss 10.3469 ± 0.0576
INFO:test2.py:Epoch 24/100	Loss 10.3427 ± 0.0576
INFO:test2.py:Epoch 25/100	Loss 10.3387 ± 0.0580
INFO:test2.py:Epoch 26/100	Loss 10.3349 ± 0.0585
INFO:test2.py:Epoch 27/100	Loss 10.3313 ± 0.0575
INFO:test2.py:Epoch 28/100	Loss 10.3278 ± 0.0571
INFO:test2.py:Epoch 29/100	Loss 10.3245 ± 0.0564
INFO:test2.py:Epoch 30/100	Loss 10.3213 ± 0.0576
INFO:test2.py:Epoch 31/100	Loss 10.3183 ± 0.0573
INFO:test2.py:Epoch 32/100	Loss 10.3154 ± 0.0564
INFO:test2.py:Epoch 33/100	Loss 10.3126 ± 0.0574
INFO:test2.py:Epoch 34/100	Loss 10.3099 ± 0.0577
INFO:test2.py:Epoch 35/100	Loss 10.3073 ± 0.0570
INFO:test2.py:Epoch 36/100	Loss 10.3048 ± 0.0571
INFO:test2.py:Epoch 37/100	Loss 10.3025 ± 0.0567
INFO:test2.py:Epoch 38/100	Loss 10.3002 ± 0.0574
INFO:test2.py:Epoch 39/100	Loss 10.2979 ± 0.0571
INFO:test2.py:Epoch 40/100	Loss 10.2958 ± 0.0577
INFO:test2.py:Epoch 41/100	Loss 10.2936 ± 0.0575
INFO:test2.py:Epoch 42/100	Loss 10.2916 ± 0.0578
INFO:test2.py:Epoch 43/100	Loss 10.2897 ± 0.0579
INFO:test2.py:Epoch 44/100	Loss 10.2878 ± 0.0579
INFO:test2.py:Epoch 45/100	Loss 10.2859 ± 0.0579
INFO:test2.py:Epoch 46/100	Loss 10.2842 ± 0.0571
INFO:test2.py:Epoch 47/100	Loss 10.2824 ± 0.0560
INFO:test2.py:Epoch 48/100	Loss 10.2807 ± 0.0577
INFO:test2.py:Epoch 49/100	Loss 10.2791 ± 0.0570
INFO:test2.py:Validating
INFO:test2.py:batch start 	320000
INFO:test2.py:done
INFO:test2.py:metrics done
INFO:test2.py:Epoch 50/100	Loss 10.2775 ± 0.0574
INFO:test2.py:Epoch 51/100	Loss 10.2760 ± 0.0577
INFO:test2.py:Epoch 52/100	Loss 10.2745 ± 0.0575
INFO:test2.py:Epoch 53/100	Loss 10.2730 ± 0.0574
INFO:test2.py:Epoch 54/100	Loss 10.2716 ± 0.0580
INFO:test2.py:Epoch 55/100	Loss 10.2702 ± 0.0567
INFO:test2.py:Epoch 56/100	Loss 10.2688 ± 0.0589
INFO:test2.py:Epoch 57/100	Loss 10.2675 ± 0.0567
INFO:test2.py:Epoch 58/100	Loss 10.2662 ± 0.0572
INFO:test2.py:Epoch 59/100	Loss 10.2650 ± 0.0569
INFO:test2.py:Epoch 60/100	Loss 10.2637 ± 0.0574
INFO:test2.py:Epoch 61/100	Loss 10.2625 ± 0.0575
INFO:test2.py:Epoch 62/100	Loss 10.2614 ± 0.0581
INFO:test2.py:Epoch 63/100	Loss 10.2602 ± 0.0575
INFO:test2.py:Epoch 64/100	Loss 10.2591 ± 0.0579
INFO:test2.py:Epoch 65/100	Loss 10.2580 ± 0.0568
INFO:test2.py:Epoch 66/100	Loss 10.2569 ± 0.0573
INFO:test2.py:Epoch 67/100	Loss 10.2559 ± 0.0567
INFO:test2.py:Epoch 68/100	Loss 10.2548 ± 0.0574
INFO:test2.py:Epoch 69/100	Loss 10.2538 ± 0.0578
INFO:test2.py:Epoch 70/100	Loss 10.2529 ± 0.0578
INFO:test2.py:Epoch 71/100	Loss 10.2519 ± 0.0585
INFO:test2.py:Epoch 72/100	Loss 10.2509 ± 0.0582
INFO:test2.py:Epoch 73/100	Loss 10.2500 ± 0.0570
INFO:test2.py:Epoch 74/100	Loss 10.2491 ± 0.0578
INFO:test2.py:Epoch 75/100	Loss 10.2482 ± 0.0579
INFO:test2.py:Epoch 76/100	Loss 10.2473 ± 0.0577
INFO:test2.py:Epoch 77/100	Loss 10.2464 ± 0.0586
INFO:test2.py:Epoch 78/100	Loss 10.2456 ± 0.0580
INFO:test2.py:Epoch 79/100	Loss 10.2447 ± 0.0574
INFO:test2.py:Epoch 80/100	Loss 10.2439 ± 0.0573
INFO:test2.py:Epoch 81/100	Loss 10.2431 ± 0.0575
INFO:test2.py:Epoch 82/100	Loss 10.2424 ± 0.0576
INFO:test2.py:Epoch 83/100	Loss 10.2416 ± 0.0568
INFO:test2.py:Epoch 84/100	Loss 10.2408 ± 0.0579
INFO:test2.py:Epoch 85/100	Loss 10.2401 ± 0.0582
INFO:test2.py:Epoch 86/100	Loss 10.2393 ± 0.0574
INFO:test2.py:Epoch 87/100	Loss 10.2386 ± 0.0584
INFO:test2.py:Epoch 88/100	Loss 10.2379 ± 0.0575
INFO:test2.py:Epoch 89/100	Loss 10.2372 ± 0.0584
INFO:test2.py:Epoch 90/100	Loss 10.2365 ± 0.0580
INFO:test2.py:Epoch 91/100	Loss 10.2358 ± 0.0579
INFO:test2.py:Epoch 92/100	Loss 10.2352 ± 0.0578
INFO:test2.py:Epoch 93/100	Loss 10.2345 ± 0.0576
INFO:test2.py:Epoch 94/100	Loss 10.2338 ± 0.0576
INFO:test2.py:Epoch 95/100	Loss 10.2332 ± 0.0575
INFO:test2.py:Epoch 96/100	Loss 10.2326 ± 0.0567
INFO:test2.py:Epoch 97/100	Loss 10.2320 ± 0.0580
INFO:test2.py:Epoch 98/100	Loss 10.2313 ± 0.0578
INFO:test2.py:Epoch 99/100	Loss 10.2307 ± 0.0575
INFO:test2.py:Epoch 100/100	Loss 10.2301 ± 0.0574
INFO:test2.py:is bad performing False
INFO:test2.py:Done training
INFO:test2.py:in evalute for dataset: 	valid
INFO:test2.py:batch start 	320000
INFO:test2.py:done
INFO:test2.py:metrics done
INFO:test2.py:Error 	valid results	MRR 0.136484	H@1 0.056462	H@3 0.130069	H@10 0.295125	AU-ROC_raw -1.000000	AU-ROC_fil -1.000000
INFO:test2.py:in evalute for dataset: 	test
INFO:test2.py:batch start 	320000
INFO:test2.py:done
INFO:test2.py:metrics done
INFO:test2.py:Error 	test results	MRR 0.136659	H@1 0.056497	H@3 0.130628	H@10 0.295272	AU-ROC_raw -1.000000	AU-ROC_fil -1.000000
/home/acalvi/anaconda3/envs/libkge_new/lib/python3.7/site-packages/tensorflow/python/framework/dtypes.py:516: FutureWarning: Passing (type, 1) or '1type' as a synonym of type is deprecated; in a future version of numpy, it will be understood as (type, (1,)) / '(1,)type'.
  _np_qint8 = np.dtype([("qint8", np.int8, 1)])
/home/acalvi/anaconda3/envs/libkge_new/lib/python3.7/site-packages/tensorflow/python/framework/dtypes.py:517: FutureWarning: Passing (type, 1) or '1type' as a synonym of type is deprecated; in a future version of numpy, it will be understood as (type, (1,)) / '(1,)type'.
  _np_quint8 = np.dtype([("quint8", np.uint8, 1)])
/home/acalvi/anaconda3/envs/libkge_new/lib/python3.7/site-packages/tensorflow/python/framework/dtypes.py:518: FutureWarning: Passing (type, 1) or '1type' as a synonym of type is deprecated; in a future version of numpy, it will be understood as (type, (1,)) / '(1,)type'.
  _np_qint16 = np.dtype([("qint16", np.int16, 1)])
/home/acalvi/anaconda3/envs/libkge_new/lib/python3.7/site-packages/tensorflow/python/framework/dtypes.py:519: FutureWarning: Passing (type, 1) or '1type' as a synonym of type is deprecated; in a future version of numpy, it will be understood as (type, (1,)) / '(1,)type'.
  _np_quint16 = np.dtype([("quint16", np.uint16, 1)])
/home/acalvi/anaconda3/envs/libkge_new/lib/python3.7/site-packages/tensorflow/python/framework/dtypes.py:520: FutureWarning: Passing (type, 1) or '1type' as a synonym of type is deprecated; in a future version of numpy, it will be understood as (type, (1,)) / '(1,)type'.
  _np_qint32 = np.dtype([("qint32", np.int32, 1)])
/home/acalvi/anaconda3/envs/libkge_new/lib/python3.7/site-packages/tensorflow/python/framework/dtypes.py:525: FutureWarning: Passing (type, 1) or '1type' as a synonym of type is deprecated; in a future version of numpy, it will be understood as (type, (1,)) / '(1,)type'.
  np_resource = np.dtype([("resource", np.ubyte, 1)])
/home/acalvi/anaconda3/envs/libkge_new/lib/python3.7/site-packages/tensorboard/compat/tensorflow_stub/dtypes.py:541: FutureWarning: Passing (type, 1) or '1type' as a synonym of type is deprecated; in a future version of numpy, it will be understood as (type, (1,)) / '(1,)type'.
  _np_qint8 = np.dtype([("qint8", np.int8, 1)])
/home/acalvi/anaconda3/envs/libkge_new/lib/python3.7/site-packages/tensorboard/compat/tensorflow_stub/dtypes.py:542: FutureWarning: Passing (type, 1) or '1type' as a synonym of type is deprecated; in a future version of numpy, it will be understood as (type, (1,)) / '(1,)type'.
  _np_quint8 = np.dtype([("quint8", np.uint8, 1)])
/home/acalvi/anaconda3/envs/libkge_new/lib/python3.7/site-packages/tensorboard/compat/tensorflow_stub/dtypes.py:543: FutureWarning: Passing (type, 1) or '1type' as a synonym of type is deprecated; in a future version of numpy, it will be understood as (type, (1,)) / '(1,)type'.
  _np_qint16 = np.dtype([("qint16", np.int16, 1)])
/home/acalvi/anaconda3/envs/libkge_new/lib/python3.7/site-packages/tensorboard/compat/tensorflow_stub/dtypes.py:544: FutureWarning: Passing (type, 1) or '1type' as a synonym of type is deprecated; in a future version of numpy, it will be understood as (type, (1,)) / '(1,)type'.
  _np_quint16 = np.dtype([("quint16", np.uint16, 1)])
/home/acalvi/anaconda3/envs/libkge_new/lib/python3.7/site-packages/tensorboard/compat/tensorflow_stub/dtypes.py:545: FutureWarning: Passing (type, 1) or '1type' as a synonym of type is deprecated; in a future version of numpy, it will be understood as (type, (1,)) / '(1,)type'.
  _np_qint32 = np.dtype([("qint32", np.int32, 1)])
/home/acalvi/anaconda3/envs/libkge_new/lib/python3.7/site-packages/tensorboard/compat/tensorflow_stub/dtypes.py:550: FutureWarning: Passing (type, 1) or '1type' as a synonym of type is deprecated; in a future version of numpy, it will be understood as (type, (1,)) / '(1,)type'.
  np_resource = np.dtype([("resource", np.ubyte, 1)])
