./test2.py --data pse --mcl True --batch-size 268 --epochs 100 --embedding-size 50 --learning-rate 0.01 --regulariser n3 --reg-weight 0.05 --optimizer adagrad --valid --quiet
MCL True
INFO:test2.py:Valid: True
INFO:test2.py:Device: cuda
curr directory /home/acalvi/Dissertation/Aladdin/biolink
Importing dataset files ... 
<class 'biolink.embeddings.models_mc.ComplEx_MC'>
INFO:test2.py:is tucker False
INFO:test2.py:settin tucker to FALSE
INFO:test2.py:Device: cuda
INFO:test2.py:Epoch 1/100	Loss 11.7308 ± 0.2388
INFO:test2.py:Epoch 2/100	Loss 11.5790 ± 0.0735
INFO:test2.py:Epoch 3/100	Loss 11.5550 ± 0.0711
INFO:test2.py:Epoch 4/100	Loss 11.5366 ± 0.0703
INFO:test2.py:Epoch 5/100	Loss 11.5218 ± 0.0704
INFO:test2.py:Epoch 6/100	Loss 11.5102 ± 0.0700
INFO:test2.py:Epoch 7/100	Loss 11.5014 ± 0.0699
INFO:test2.py:Epoch 8/100	Loss 11.4946 ± 0.0700
INFO:test2.py:Epoch 9/100	Loss 11.4894 ± 0.0702
INFO:test2.py:Epoch 10/100	Loss 11.4852 ± 0.0696
INFO:test2.py:Epoch 11/100	Loss 11.4817 ± 0.0695
INFO:test2.py:Epoch 12/100	Loss 11.4788 ± 0.0700
INFO:test2.py:Epoch 13/100	Loss 11.4763 ± 0.0701
INFO:test2.py:Epoch 14/100	Loss 11.4741 ± 0.0696
INFO:test2.py:Epoch 15/100	Loss 11.4721 ± 0.0698
INFO:test2.py:Epoch 16/100	Loss 11.4675 ± 0.0695
INFO:test2.py:Epoch 17/100	Loss 11.4584 ± 0.0688
INFO:test2.py:Epoch 18/100	Loss 11.4529 ± 0.0694
INFO:test2.py:Epoch 19/100	Loss 11.4495 ± 0.0688
INFO:test2.py:Epoch 20/100	Loss 11.4471 ± 0.0696
INFO:test2.py:Epoch 21/100	Loss 11.4452 ± 0.0679
INFO:test2.py:Epoch 22/100	Loss 11.4435 ± 0.0687
INFO:test2.py:Epoch 23/100	Loss 11.4422 ± 0.0688
INFO:test2.py:Epoch 24/100	Loss 11.4409 ± 0.0693
INFO:test2.py:Epoch 25/100	Loss 11.4398 ± 0.0688
INFO:test2.py:Epoch 26/100	Loss 11.4388 ± 0.0684
INFO:test2.py:Epoch 27/100	Loss 11.4379 ± 0.0682
INFO:test2.py:Epoch 28/100	Loss 11.4370 ± 0.0682
INFO:test2.py:Epoch 29/100	Loss 11.4363 ± 0.0681
INFO:test2.py:Epoch 30/100	Loss 11.4355 ± 0.0695
INFO:test2.py:Epoch 31/100	Loss 11.4348 ± 0.0687
INFO:test2.py:Epoch 32/100	Loss 11.4341 ± 0.0689
INFO:test2.py:Epoch 33/100	Loss 11.4335 ± 0.0680
INFO:test2.py:Epoch 34/100	Loss 11.4329 ± 0.0685
INFO:test2.py:Epoch 35/100	Loss 11.4324 ± 0.0684
INFO:test2.py:Epoch 36/100	Loss 11.4318 ± 0.0689
INFO:test2.py:Epoch 37/100	Loss 11.4313 ± 0.0683
INFO:test2.py:Epoch 38/100	Loss 11.4308 ± 0.0685
INFO:test2.py:Epoch 39/100	Loss 11.4303 ± 0.0693
INFO:test2.py:Epoch 40/100	Loss 11.4298 ± 0.0681
INFO:test2.py:Epoch 41/100	Loss 11.4293 ± 0.0686
INFO:test2.py:Epoch 42/100	Loss 11.4289 ± 0.0686
INFO:test2.py:Epoch 43/100	Loss 11.4285 ± 0.0673
INFO:test2.py:Epoch 44/100	Loss 11.4280 ± 0.0689
INFO:test2.py:Epoch 45/100	Loss 11.4276 ± 0.0694
INFO:test2.py:Epoch 46/100	Loss 11.4272 ± 0.0686
INFO:test2.py:Epoch 47/100	Loss 11.4268 ± 0.0686
INFO:test2.py:Epoch 48/100	Loss 11.4265 ± 0.0689
INFO:test2.py:Epoch 49/100	Loss 11.4261 ± 0.0678
INFO:test2.py:Validating
INFO:test2.py:done
INFO:test2.py:metrics done
INFO:test2.py:Epoch 50/100	Loss 11.4257 ± 0.0691
INFO:test2.py:Epoch 51/100	Loss 11.4254 ± 0.0681
INFO:test2.py:Epoch 52/100	Loss 11.4250 ± 0.0675
INFO:test2.py:Epoch 53/100	Loss 11.4247 ± 0.0685
INFO:test2.py:Epoch 54/100	Loss 11.4244 ± 0.0683
INFO:test2.py:Epoch 55/100	Loss 11.4240 ± 0.0678
INFO:test2.py:Epoch 56/100	Loss 11.4237 ± 0.0682
INFO:test2.py:Epoch 57/100	Loss 11.4234 ± 0.0681
INFO:test2.py:Epoch 58/100	Loss 11.4231 ± 0.0683
INFO:test2.py:Epoch 59/100	Loss 11.4228 ± 0.0686
INFO:test2.py:Epoch 60/100	Loss 11.4225 ± 0.0686
INFO:test2.py:Epoch 61/100	Loss 11.4222 ± 0.0686
INFO:test2.py:Epoch 62/100	Loss 11.4219 ± 0.0686
INFO:test2.py:Epoch 63/100	Loss 11.4216 ± 0.0691
INFO:test2.py:Epoch 64/100	Loss 11.4213 ± 0.0679
INFO:test2.py:Epoch 65/100	Loss 11.4211 ± 0.0683
INFO:test2.py:Epoch 66/100	Loss 11.4208 ± 0.0686
INFO:test2.py:Epoch 67/100	Loss 11.4205 ± 0.0675
INFO:test2.py:Epoch 68/100	Loss 11.4203 ± 0.0690
INFO:test2.py:Epoch 69/100	Loss 11.4200 ± 0.0692
INFO:test2.py:Epoch 70/100	Loss 11.4198 ± 0.0684
INFO:test2.py:Epoch 71/100	Loss 11.4195 ± 0.0678
INFO:test2.py:Epoch 72/100	Loss 11.4193 ± 0.0688
INFO:test2.py:Epoch 73/100	Loss 11.4190 ± 0.0677
INFO:test2.py:Epoch 74/100	Loss 11.4188 ± 0.0680
INFO:test2.py:Epoch 75/100	Loss 11.4186 ± 0.0680
INFO:test2.py:Epoch 76/100	Loss 11.4183 ± 0.0685
INFO:test2.py:Epoch 77/100	Loss 11.4181 ± 0.0685
INFO:test2.py:Epoch 78/100	Loss 11.4179 ± 0.0685
INFO:test2.py:Epoch 79/100	Loss 11.4177 ± 0.0692
INFO:test2.py:Epoch 80/100	Loss 11.4175 ± 0.0685
INFO:test2.py:Epoch 81/100	Loss 11.4173 ± 0.0681
INFO:test2.py:Epoch 82/100	Loss 11.4171 ± 0.0685
INFO:test2.py:Epoch 83/100	Loss 11.4169 ± 0.0684
INFO:test2.py:Epoch 84/100	Loss 11.4167 ± 0.0675
INFO:test2.py:Epoch 85/100	Loss 11.4165 ± 0.0682
INFO:test2.py:Epoch 86/100	Loss 11.4163 ± 0.0676
INFO:test2.py:Epoch 87/100	Loss 11.4161 ± 0.0680
INFO:test2.py:Epoch 88/100	Loss 11.4159 ± 0.0689
INFO:test2.py:Epoch 89/100	Loss 11.4157 ± 0.0681
INFO:test2.py:Epoch 90/100	Loss 11.4155 ± 0.0682
INFO:test2.py:Epoch 91/100	Loss 11.4153 ± 0.0680
INFO:test2.py:Epoch 92/100	Loss 11.4152 ± 0.0671
INFO:test2.py:Epoch 93/100	Loss 11.4150 ± 0.0681
INFO:test2.py:Epoch 94/100	Loss 11.4148 ± 0.0682
INFO:test2.py:Epoch 95/100	Loss 11.4147 ± 0.0676
INFO:test2.py:Epoch 96/100	Loss 11.4145 ± 0.0685
INFO:test2.py:Epoch 97/100	Loss 11.4143 ± 0.0688
INFO:test2.py:Epoch 98/100	Loss 11.4142 ± 0.0681
INFO:test2.py:Epoch 99/100	Loss 11.4140 ± 0.0674
INFO:test2.py:Epoch 100/100	Loss 11.4138 ± 0.0680
INFO:test2.py:is bad performing False
INFO:test2.py:Done training
INFO:test2.py:in evalute for dataset: 	valid
INFO:test2.py:done
INFO:test2.py:metrics done
INFO:test2.py:Error 	valid results	MRR 0.095814	H@1 0.031572	H@3 0.082990	H@10 0.214548	AU-ROC_raw -1.000000	AU-ROC_fil -1.000000
INFO:test2.py:in evalute for dataset: 	test
INFO:test2.py:done
INFO:test2.py:metrics done
INFO:test2.py:Error 	test results	MRR 0.095839	H@1 0.031804	H@3 0.082633	H@10 0.214274	AU-ROC_raw -1.000000	AU-ROC_fil -1.000000
/home/acalvi/anaconda3/envs/libkge_new/lib/python3.7/site-packages/tensorflow/python/framework/dtypes.py:516: FutureWarning: Passing (type, 1) or '1type' as a synonym of type is deprecated; in a future version of numpy, it will be understood as (type, (1,)) / '(1,)type'.
  _np_qint8 = np.dtype([("qint8", np.int8, 1)])
/home/acalvi/anaconda3/envs/libkge_new/lib/python3.7/site-packages/tensorflow/python/framework/dtypes.py:517: FutureWarning: Passing (type, 1) or '1type' as a synonym of type is deprecated; in a future version of numpy, it will be understood as (type, (1,)) / '(1,)type'.
  _np_quint8 = np.dtype([("quint8", np.uint8, 1)])
/home/acalvi/anaconda3/envs/libkge_new/lib/python3.7/site-packages/tensorflow/python/framework/dtypes.py:518: FutureWarning: Passing (type, 1) or '1type' as a synonym of type is deprecated; in a future version of numpy, it will be understood as (type, (1,)) / '(1,)type'.
  _np_qint16 = np.dtype([("qint16", np.int16, 1)])
/home/acalvi/anaconda3/envs/libkge_new/lib/python3.7/site-packages/tensorflow/python/framework/dtypes.py:519: FutureWarning: Passing (type, 1) or '1type' as a synonym of type is deprecated; in a future version of numpy, it will be understood as (type, (1,)) / '(1,)type'.
  _np_quint16 = np.dtype([("quint16", np.uint16, 1)])
/home/acalvi/anaconda3/envs/libkge_new/lib/python3.7/site-packages/tensorflow/python/framework/dtypes.py:520: FutureWarning: Passing (type, 1) or '1type' as a synonym of type is deprecated; in a future version of numpy, it will be understood as (type, (1,)) / '(1,)type'.
  _np_qint32 = np.dtype([("qint32", np.int32, 1)])
/home/acalvi/anaconda3/envs/libkge_new/lib/python3.7/site-packages/tensorflow/python/framework/dtypes.py:525: FutureWarning: Passing (type, 1) or '1type' as a synonym of type is deprecated; in a future version of numpy, it will be understood as (type, (1,)) / '(1,)type'.
  np_resource = np.dtype([("resource", np.ubyte, 1)])
/home/acalvi/anaconda3/envs/libkge_new/lib/python3.7/site-packages/tensorboard/compat/tensorflow_stub/dtypes.py:541: FutureWarning: Passing (type, 1) or '1type' as a synonym of type is deprecated; in a future version of numpy, it will be understood as (type, (1,)) / '(1,)type'.
  _np_qint8 = np.dtype([("qint8", np.int8, 1)])
/home/acalvi/anaconda3/envs/libkge_new/lib/python3.7/site-packages/tensorboard/compat/tensorflow_stub/dtypes.py:542: FutureWarning: Passing (type, 1) or '1type' as a synonym of type is deprecated; in a future version of numpy, it will be understood as (type, (1,)) / '(1,)type'.
  _np_quint8 = np.dtype([("quint8", np.uint8, 1)])
/home/acalvi/anaconda3/envs/libkge_new/lib/python3.7/site-packages/tensorboard/compat/tensorflow_stub/dtypes.py:543: FutureWarning: Passing (type, 1) or '1type' as a synonym of type is deprecated; in a future version of numpy, it will be understood as (type, (1,)) / '(1,)type'.
  _np_qint16 = np.dtype([("qint16", np.int16, 1)])
/home/acalvi/anaconda3/envs/libkge_new/lib/python3.7/site-packages/tensorboard/compat/tensorflow_stub/dtypes.py:544: FutureWarning: Passing (type, 1) or '1type' as a synonym of type is deprecated; in a future version of numpy, it will be understood as (type, (1,)) / '(1,)type'.
  _np_quint16 = np.dtype([("quint16", np.uint16, 1)])
/home/acalvi/anaconda3/envs/libkge_new/lib/python3.7/site-packages/tensorboard/compat/tensorflow_stub/dtypes.py:545: FutureWarning: Passing (type, 1) or '1type' as a synonym of type is deprecated; in a future version of numpy, it will be understood as (type, (1,)) / '(1,)type'.
  _np_qint32 = np.dtype([("qint32", np.int32, 1)])
/home/acalvi/anaconda3/envs/libkge_new/lib/python3.7/site-packages/tensorboard/compat/tensorflow_stub/dtypes.py:550: FutureWarning: Passing (type, 1) or '1type' as a synonym of type is deprecated; in a future version of numpy, it will be understood as (type, (1,)) / '(1,)type'.
  np_resource = np.dtype([("resource", np.ubyte, 1)])
/home/acalvi/Dissertation/Aladdin/biolink/testing/experiment_ComplEx.py:184: FutureWarning: elementwise comparison failed; returning scalar instead, but in the future will perform elementwise comparison
  if data == 'pse':
