./test2.py --data pse --mcl True --batch-size 268 --epochs 100 --embedding-size 100 --learning-rate 0.01 --regulariser n3 --reg-weight 0.01 --optimizer adagrad --valid --quiet
MCL True
INFO:test2.py:Valid: True
INFO:test2.py:Device: cuda
curr directory /home/acalvi/Dissertation/Aladdin/biolink
Importing dataset files ... 
<class 'biolink.embeddings.models_mc.ComplEx_MC'>
INFO:test2.py:is tucker False
INFO:test2.py:settin tucker to FALSE
INFO:test2.py:Device: cuda
INFO:test2.py:Epoch 1/100	Loss 11.1935 ± 0.3406
INFO:test2.py:Epoch 2/100	Loss 10.8934 ± 0.0808
INFO:test2.py:Epoch 3/100	Loss 10.8329 ± 0.0777
INFO:test2.py:Epoch 4/100	Loss 10.8014 ± 0.0771
INFO:test2.py:Epoch 5/100	Loss 10.7798 ± 0.0773
INFO:test2.py:Epoch 6/100	Loss 10.7632 ± 0.0770
INFO:test2.py:Epoch 7/100	Loss 10.7495 ± 0.0773
INFO:test2.py:Epoch 8/100	Loss 10.7378 ± 0.0775
INFO:test2.py:Epoch 9/100	Loss 10.7275 ± 0.0775
INFO:test2.py:Epoch 10/100	Loss 10.7183 ± 0.0778
INFO:test2.py:Epoch 11/100	Loss 10.7100 ± 0.0777
INFO:test2.py:Epoch 12/100	Loss 10.7025 ± 0.0767
INFO:test2.py:Epoch 13/100	Loss 10.6955 ± 0.0770
INFO:test2.py:Epoch 14/100	Loss 10.6892 ± 0.0770
INFO:test2.py:Epoch 15/100	Loss 10.6832 ± 0.0764
INFO:test2.py:Epoch 16/100	Loss 10.6777 ± 0.0767
INFO:test2.py:Epoch 17/100	Loss 10.6725 ± 0.0765
INFO:test2.py:Epoch 18/100	Loss 10.6677 ± 0.0771
INFO:test2.py:Epoch 19/100	Loss 10.6631 ± 0.0767
INFO:test2.py:Epoch 20/100	Loss 10.6588 ± 0.0773
INFO:test2.py:Epoch 21/100	Loss 10.6548 ± 0.0768
INFO:test2.py:Epoch 22/100	Loss 10.6509 ± 0.0775
INFO:test2.py:Epoch 23/100	Loss 10.6473 ± 0.0765
INFO:test2.py:Epoch 24/100	Loss 10.6438 ± 0.0755
INFO:test2.py:Epoch 25/100	Loss 10.6405 ± 0.0768
INFO:test2.py:Epoch 26/100	Loss 10.6373 ± 0.0772
INFO:test2.py:Epoch 27/100	Loss 10.6343 ± 0.0754
INFO:test2.py:Epoch 28/100	Loss 10.6314 ± 0.0760
INFO:test2.py:Epoch 29/100	Loss 10.6286 ± 0.0759
INFO:test2.py:Epoch 30/100	Loss 10.6260 ± 0.0761
INFO:test2.py:Epoch 31/100	Loss 10.6234 ± 0.0763
INFO:test2.py:Epoch 32/100	Loss 10.6209 ± 0.0758
INFO:test2.py:Epoch 33/100	Loss 10.6186 ± 0.0761
INFO:test2.py:Epoch 34/100	Loss 10.6163 ± 0.0754
INFO:test2.py:Epoch 35/100	Loss 10.6141 ± 0.0769
INFO:test2.py:Epoch 36/100	Loss 10.6120 ± 0.0761
INFO:test2.py:Epoch 37/100	Loss 10.6099 ± 0.0769
INFO:test2.py:Epoch 38/100	Loss 10.6080 ± 0.0766
INFO:test2.py:Epoch 39/100	Loss 10.6061 ± 0.0764
INFO:test2.py:Epoch 40/100	Loss 10.6042 ± 0.0761
INFO:test2.py:Epoch 41/100	Loss 10.6024 ± 0.0762
INFO:test2.py:Epoch 42/100	Loss 10.6007 ± 0.0757
INFO:test2.py:Epoch 43/100	Loss 10.5990 ± 0.0758
INFO:test2.py:Epoch 44/100	Loss 10.5974 ± 0.0762
INFO:test2.py:Epoch 45/100	Loss 10.5958 ± 0.0761
INFO:test2.py:Epoch 46/100	Loss 10.5943 ± 0.0763
INFO:test2.py:Epoch 47/100	Loss 10.5928 ± 0.0756
INFO:test2.py:Epoch 48/100	Loss 10.5913 ± 0.0761
INFO:test2.py:Epoch 49/100	Loss 10.5899 ± 0.0758
INFO:test2.py:Validating
INFO:test2.py:done
INFO:test2.py:metrics done
INFO:test2.py:Epoch 50/100	Loss 10.5886 ± 0.0753
INFO:test2.py:Epoch 51/100	Loss 10.5872 ± 0.0763
INFO:test2.py:Epoch 52/100	Loss 10.5859 ± 0.0763
INFO:test2.py:Epoch 53/100	Loss 10.5847 ± 0.0768
INFO:test2.py:Epoch 54/100	Loss 10.5834 ± 0.0768
INFO:test2.py:Epoch 55/100	Loss 10.5822 ± 0.0759
INFO:test2.py:Epoch 56/100	Loss 10.5811 ± 0.0763
INFO:test2.py:Epoch 57/100	Loss 10.5799 ± 0.0758
INFO:test2.py:Epoch 58/100	Loss 10.5788 ± 0.0767
INFO:test2.py:Epoch 59/100	Loss 10.5777 ± 0.0759
INFO:test2.py:Epoch 60/100	Loss 10.5767 ± 0.0761
INFO:test2.py:Epoch 61/100	Loss 10.5756 ± 0.0755
INFO:test2.py:Epoch 62/100	Loss 10.5746 ± 0.0759
INFO:test2.py:Epoch 63/100	Loss 10.5736 ± 0.0755
INFO:test2.py:Epoch 64/100	Loss 10.5727 ± 0.0758
INFO:test2.py:Epoch 65/100	Loss 10.5717 ± 0.0766
INFO:test2.py:Epoch 66/100	Loss 10.5708 ± 0.0760
INFO:test2.py:Epoch 67/100	Loss 10.5699 ± 0.0760
INFO:test2.py:Epoch 68/100	Loss 10.5690 ± 0.0760
INFO:test2.py:Epoch 69/100	Loss 10.5681 ± 0.0763
INFO:test2.py:Epoch 70/100	Loss 10.5673 ± 0.0760
INFO:test2.py:Epoch 71/100	Loss 10.5664 ± 0.0759
INFO:test2.py:Epoch 72/100	Loss 10.5656 ± 0.0764
INFO:test2.py:Epoch 73/100	Loss 10.5648 ± 0.0755
INFO:test2.py:Epoch 74/100	Loss 10.5640 ± 0.0770
INFO:test2.py:Epoch 75/100	Loss 10.5633 ± 0.0759
INFO:test2.py:Epoch 76/100	Loss 10.5625 ± 0.0766
INFO:test2.py:Epoch 77/100	Loss 10.5618 ± 0.0756
INFO:test2.py:Epoch 78/100	Loss 10.5610 ± 0.0761
INFO:test2.py:Epoch 79/100	Loss 10.5603 ± 0.0750
INFO:test2.py:Epoch 80/100	Loss 10.5596 ± 0.0754
INFO:test2.py:Epoch 81/100	Loss 10.5589 ± 0.0752
INFO:test2.py:Epoch 82/100	Loss 10.5583 ± 0.0759
INFO:test2.py:Epoch 83/100	Loss 10.5576 ± 0.0760
INFO:test2.py:Epoch 84/100	Loss 10.5570 ± 0.0764
INFO:test2.py:Epoch 85/100	Loss 10.5563 ± 0.0755
INFO:test2.py:Epoch 86/100	Loss 10.5557 ± 0.0755
INFO:test2.py:Epoch 87/100	Loss 10.5551 ± 0.0760
INFO:test2.py:Epoch 88/100	Loss 10.5545 ± 0.0757
INFO:test2.py:Epoch 89/100	Loss 10.5539 ± 0.0755
INFO:test2.py:Epoch 90/100	Loss 10.5533 ± 0.0755
INFO:test2.py:Epoch 91/100	Loss 10.5527 ± 0.0754
INFO:test2.py:Epoch 92/100	Loss 10.5521 ± 0.0756
INFO:test2.py:Epoch 93/100	Loss 10.5516 ± 0.0758
INFO:test2.py:Epoch 94/100	Loss 10.5510 ± 0.0755
INFO:test2.py:Epoch 95/100	Loss 10.5505 ± 0.0762
INFO:test2.py:Epoch 96/100	Loss 10.5499 ± 0.0751
INFO:test2.py:Epoch 97/100	Loss 10.5494 ± 0.0756
INFO:test2.py:Epoch 98/100	Loss 10.5489 ± 0.0761
INFO:test2.py:Epoch 99/100	Loss 10.5484 ± 0.0755
INFO:test2.py:Epoch 100/100	Loss 10.5479 ± 0.0767
INFO:test2.py:is bad performing False
INFO:test2.py:Done training
INFO:test2.py:in evalute for dataset: 	valid
INFO:test2.py:done
INFO:test2.py:metrics done
INFO:test2.py:Error 	valid results	MRR 0.122744	H@1 0.047356	H@3 0.114025	H@10 0.269972	AU-ROC_raw -1.000000	AU-ROC_fil -1.000000
INFO:test2.py:in evalute for dataset: 	test
INFO:test2.py:done
INFO:test2.py:metrics done
INFO:test2.py:Error 	test results	MRR 0.123179	H@1 0.047731	H@3 0.114403	H@10 0.270640	AU-ROC_raw -1.000000	AU-ROC_fil -1.000000
/home/acalvi/anaconda3/envs/libkge_new/lib/python3.7/site-packages/tensorflow/python/framework/dtypes.py:516: FutureWarning: Passing (type, 1) or '1type' as a synonym of type is deprecated; in a future version of numpy, it will be understood as (type, (1,)) / '(1,)type'.
  _np_qint8 = np.dtype([("qint8", np.int8, 1)])
/home/acalvi/anaconda3/envs/libkge_new/lib/python3.7/site-packages/tensorflow/python/framework/dtypes.py:517: FutureWarning: Passing (type, 1) or '1type' as a synonym of type is deprecated; in a future version of numpy, it will be understood as (type, (1,)) / '(1,)type'.
  _np_quint8 = np.dtype([("quint8", np.uint8, 1)])
/home/acalvi/anaconda3/envs/libkge_new/lib/python3.7/site-packages/tensorflow/python/framework/dtypes.py:518: FutureWarning: Passing (type, 1) or '1type' as a synonym of type is deprecated; in a future version of numpy, it will be understood as (type, (1,)) / '(1,)type'.
  _np_qint16 = np.dtype([("qint16", np.int16, 1)])
/home/acalvi/anaconda3/envs/libkge_new/lib/python3.7/site-packages/tensorflow/python/framework/dtypes.py:519: FutureWarning: Passing (type, 1) or '1type' as a synonym of type is deprecated; in a future version of numpy, it will be understood as (type, (1,)) / '(1,)type'.
  _np_quint16 = np.dtype([("quint16", np.uint16, 1)])
/home/acalvi/anaconda3/envs/libkge_new/lib/python3.7/site-packages/tensorflow/python/framework/dtypes.py:520: FutureWarning: Passing (type, 1) or '1type' as a synonym of type is deprecated; in a future version of numpy, it will be understood as (type, (1,)) / '(1,)type'.
  _np_qint32 = np.dtype([("qint32", np.int32, 1)])
/home/acalvi/anaconda3/envs/libkge_new/lib/python3.7/site-packages/tensorflow/python/framework/dtypes.py:525: FutureWarning: Passing (type, 1) or '1type' as a synonym of type is deprecated; in a future version of numpy, it will be understood as (type, (1,)) / '(1,)type'.
  np_resource = np.dtype([("resource", np.ubyte, 1)])
/home/acalvi/anaconda3/envs/libkge_new/lib/python3.7/site-packages/tensorboard/compat/tensorflow_stub/dtypes.py:541: FutureWarning: Passing (type, 1) or '1type' as a synonym of type is deprecated; in a future version of numpy, it will be understood as (type, (1,)) / '(1,)type'.
  _np_qint8 = np.dtype([("qint8", np.int8, 1)])
/home/acalvi/anaconda3/envs/libkge_new/lib/python3.7/site-packages/tensorboard/compat/tensorflow_stub/dtypes.py:542: FutureWarning: Passing (type, 1) or '1type' as a synonym of type is deprecated; in a future version of numpy, it will be understood as (type, (1,)) / '(1,)type'.
  _np_quint8 = np.dtype([("quint8", np.uint8, 1)])
/home/acalvi/anaconda3/envs/libkge_new/lib/python3.7/site-packages/tensorboard/compat/tensorflow_stub/dtypes.py:543: FutureWarning: Passing (type, 1) or '1type' as a synonym of type is deprecated; in a future version of numpy, it will be understood as (type, (1,)) / '(1,)type'.
  _np_qint16 = np.dtype([("qint16", np.int16, 1)])
/home/acalvi/anaconda3/envs/libkge_new/lib/python3.7/site-packages/tensorboard/compat/tensorflow_stub/dtypes.py:544: FutureWarning: Passing (type, 1) or '1type' as a synonym of type is deprecated; in a future version of numpy, it will be understood as (type, (1,)) / '(1,)type'.
  _np_quint16 = np.dtype([("quint16", np.uint16, 1)])
/home/acalvi/anaconda3/envs/libkge_new/lib/python3.7/site-packages/tensorboard/compat/tensorflow_stub/dtypes.py:545: FutureWarning: Passing (type, 1) or '1type' as a synonym of type is deprecated; in a future version of numpy, it will be understood as (type, (1,)) / '(1,)type'.
  _np_qint32 = np.dtype([("qint32", np.int32, 1)])
/home/acalvi/anaconda3/envs/libkge_new/lib/python3.7/site-packages/tensorboard/compat/tensorflow_stub/dtypes.py:550: FutureWarning: Passing (type, 1) or '1type' as a synonym of type is deprecated; in a future version of numpy, it will be understood as (type, (1,)) / '(1,)type'.
  np_resource = np.dtype([("resource", np.ubyte, 1)])
