./test2.py --data pse --mcl True --batch-size 128 --epochs 100 --embedding-size 200 --learning-rate 0.01 --regulariser n3 --reg-weight 0.001 --optimizer adagrad --valid --quiet
MCL True
INFO:test2.py:Valid: True
INFO:test2.py:Device: cuda
curr directory /home/acalvi/Dissertation/Aladdin/biolink
Importing dataset files ... 
<class 'biolink.embeddings.models_mc.ComplEx_MC'>
INFO:test2.py:is tucker False
INFO:test2.py:settin tucker to FALSE
INFO:test2.py:Device: cuda
INFO:test2.py:Epoch 1/100	Loss 10.9674 ± 0.3594
INFO:test2.py:Epoch 2/100	Loss 10.6087 ± 0.1223
INFO:test2.py:Epoch 3/100	Loss 10.5055 ± 0.1182
INFO:test2.py:Epoch 4/100	Loss 10.4365 ± 0.1172
INFO:test2.py:Epoch 5/100	Loss 10.3872 ± 0.1180
INFO:test2.py:Epoch 6/100	Loss 10.3496 ± 0.1180
INFO:test2.py:Epoch 7/100	Loss 10.3192 ± 0.1171
INFO:test2.py:Epoch 8/100	Loss 10.2937 ± 0.1185
INFO:test2.py:Epoch 9/100	Loss 10.2716 ± 0.1185
INFO:test2.py:Epoch 10/100	Loss 10.2522 ± 0.1187
INFO:test2.py:Epoch 11/100	Loss 10.2349 ± 0.1187
INFO:test2.py:Epoch 12/100	Loss 10.2193 ± 0.1187
INFO:test2.py:Epoch 13/100	Loss 10.2051 ± 0.1189
INFO:test2.py:Epoch 14/100	Loss 10.1922 ± 0.1192
INFO:test2.py:Epoch 15/100	Loss 10.1802 ± 0.1198
INFO:test2.py:Epoch 16/100	Loss 10.1692 ± 0.1197
INFO:test2.py:Epoch 17/100	Loss 10.1590 ± 0.1195
INFO:test2.py:Epoch 18/100	Loss 10.1495 ± 0.1193
INFO:test2.py:Epoch 19/100	Loss 10.1407 ± 0.1191
INFO:test2.py:Epoch 20/100	Loss 10.1324 ± 0.1208
INFO:test2.py:Epoch 21/100	Loss 10.1246 ± 0.1199
INFO:test2.py:Epoch 22/100	Loss 10.1173 ± 0.1204
INFO:test2.py:Epoch 23/100	Loss 10.1103 ± 0.1212
INFO:test2.py:Epoch 24/100	Loss 10.1038 ± 0.1207
INFO:test2.py:Epoch 25/100	Loss 10.0976 ± 0.1218
INFO:test2.py:Epoch 26/100	Loss 10.0918 ± 0.1221
INFO:test2.py:Epoch 27/100	Loss 10.0862 ± 0.1220
INFO:test2.py:Epoch 28/100	Loss 10.0809 ± 0.1216
INFO:test2.py:Epoch 29/100	Loss 10.0758 ± 0.1207
INFO:test2.py:Epoch 30/100	Loss 10.0710 ± 0.1209
INFO:test2.py:Epoch 31/100	Loss 10.0664 ± 0.1229
INFO:test2.py:Epoch 32/100	Loss 10.0620 ± 0.1205
INFO:test2.py:Epoch 33/100	Loss 10.0578 ± 0.1219
INFO:test2.py:Epoch 34/100	Loss 10.0537 ± 0.1215
INFO:test2.py:Epoch 35/100	Loss 10.0499 ± 0.1222
INFO:test2.py:Epoch 36/100	Loss 10.0461 ± 0.1225
INFO:test2.py:Epoch 37/100	Loss 10.0425 ± 0.1226
INFO:test2.py:Epoch 38/100	Loss 10.0391 ± 0.1214
INFO:test2.py:Epoch 39/100	Loss 10.0358 ± 0.1214
INFO:test2.py:Epoch 40/100	Loss 10.0325 ± 0.1225
INFO:test2.py:Epoch 41/100	Loss 10.0294 ± 0.1223
INFO:test2.py:Epoch 42/100	Loss 10.0265 ± 0.1231
INFO:test2.py:Epoch 43/100	Loss 10.0236 ± 0.1223
INFO:test2.py:Epoch 44/100	Loss 10.0208 ± 0.1224
INFO:test2.py:Epoch 45/100	Loss 10.0181 ± 0.1230
INFO:test2.py:Epoch 46/100	Loss 10.0154 ± 0.1219
INFO:test2.py:Epoch 47/100	Loss 10.0129 ± 0.1227
INFO:test2.py:Epoch 48/100	Loss 10.0104 ± 0.1223
INFO:test2.py:Epoch 49/100	Loss 10.0080 ± 0.1226
INFO:test2.py:Validating
INFO:test2.py:batch start 	80000
INFO:test2.py:batch start 	160000
INFO:test2.py:batch start 	240000
INFO:test2.py:batch start 	320000
INFO:test2.py:batch start 	400000
INFO:test2.py:done
INFO:test2.py:metrics done
INFO:test2.py:Epoch 50/100	Loss 10.0057 ± 0.1228
INFO:test2.py:Epoch 51/100	Loss 10.0034 ± 0.1226
INFO:test2.py:Epoch 52/100	Loss 10.0012 ± 0.1234
INFO:test2.py:Epoch 53/100	Loss 9.9991 ± 0.1230
INFO:test2.py:Epoch 54/100	Loss 9.9970 ± 0.1230
INFO:test2.py:Epoch 55/100	Loss 9.9950 ± 0.1223
INFO:test2.py:Epoch 56/100	Loss 9.9930 ± 0.1244
INFO:test2.py:Epoch 57/100	Loss 9.9911 ± 0.1227
INFO:test2.py:Epoch 58/100	Loss 9.9892 ± 0.1234
INFO:test2.py:Epoch 59/100	Loss 9.9874 ± 0.1233
INFO:test2.py:Epoch 60/100	Loss 9.9856 ± 0.1232
INFO:test2.py:Epoch 61/100	Loss 9.9838 ± 0.1232
INFO:test2.py:Epoch 62/100	Loss 9.9821 ± 0.1227
INFO:test2.py:Epoch 63/100	Loss 9.9805 ± 0.1235
INFO:test2.py:Epoch 64/100	Loss 9.9789 ± 0.1242
INFO:test2.py:Epoch 65/100	Loss 9.9773 ± 0.1237
INFO:test2.py:Epoch 66/100	Loss 9.9757 ± 0.1232
INFO:test2.py:Epoch 67/100	Loss 9.9742 ± 0.1228
INFO:test2.py:Epoch 68/100	Loss 9.9727 ± 0.1235
INFO:test2.py:Epoch 69/100	Loss 9.9712 ± 0.1256
INFO:test2.py:Epoch 70/100	Loss 9.9698 ± 0.1244
INFO:test2.py:Epoch 71/100	Loss 9.9684 ± 0.1243
INFO:test2.py:Epoch 72/100	Loss 9.9670 ± 0.1245
INFO:test2.py:Epoch 73/100	Loss 9.9657 ± 0.1236
INFO:test2.py:Epoch 74/100	Loss 9.9644 ± 0.1233
INFO:test2.py:Epoch 75/100	Loss 9.9631 ± 0.1238
INFO:test2.py:Epoch 76/100	Loss 9.9618 ± 0.1243
INFO:test2.py:Epoch 77/100	Loss 9.9606 ± 0.1249
INFO:test2.py:Epoch 78/100	Loss 9.9594 ± 0.1246
INFO:test2.py:Epoch 79/100	Loss 9.9582 ± 0.1245
INFO:test2.py:Epoch 80/100	Loss 9.9570 ± 0.1242
INFO:test2.py:Epoch 81/100	Loss 9.9558 ± 0.1243
INFO:test2.py:Epoch 82/100	Loss 9.9547 ± 0.1242
INFO:test2.py:Epoch 83/100	Loss 9.9536 ± 0.1231
INFO:test2.py:Epoch 84/100	Loss 9.9525 ± 0.1257
INFO:test2.py:Epoch 85/100	Loss 9.9514 ± 0.1238
INFO:test2.py:Epoch 86/100	Loss 9.9504 ± 0.1242
INFO:test2.py:Epoch 87/100	Loss 9.9493 ± 0.1248
INFO:test2.py:Epoch 88/100	Loss 9.9483 ± 0.1252
INFO:test2.py:Epoch 89/100	Loss 9.9473 ± 0.1248
INFO:test2.py:Epoch 90/100	Loss 9.9463 ± 0.1246
INFO:test2.py:Epoch 91/100	Loss 9.9453 ± 0.1247
INFO:test2.py:Epoch 92/100	Loss 9.9444 ± 0.1245
INFO:test2.py:Epoch 93/100	Loss 9.9434 ± 0.1241
INFO:test2.py:Epoch 94/100	Loss 9.9425 ± 0.1248
INFO:test2.py:Epoch 95/100	Loss 9.9416 ± 0.1240
INFO:test2.py:Epoch 96/100	Loss 9.9407 ± 0.1238
INFO:test2.py:Epoch 97/100	Loss 9.9398 ± 0.1248
INFO:test2.py:Epoch 98/100	Loss 9.9389 ± 0.1245
INFO:test2.py:Epoch 99/100	Loss 9.9380 ± 0.1251
INFO:test2.py:Epoch 100/100	Loss 9.9372 ± 0.1240
INFO:test2.py:is bad performing False
INFO:test2.py:Done training
INFO:test2.py:in evalute for dataset: 	valid
INFO:test2.py:batch start 	80000
INFO:test2.py:batch start 	160000
INFO:test2.py:batch start 	240000
INFO:test2.py:batch start 	320000
INFO:test2.py:batch start 	400000
INFO:test2.py:done
INFO:test2.py:metrics done
INFO:test2.py:Error 	valid results	MRR 0.138409	H@1 0.057472	H@3 0.132409	H@10 0.299123	AU-ROC_raw -1.000000	AU-ROC_fil -1.000000
INFO:test2.py:in evalute for dataset: 	test
INFO:test2.py:batch start 	80000
INFO:test2.py:batch start 	160000
INFO:test2.py:batch start 	240000
INFO:test2.py:batch start 	320000
INFO:test2.py:batch start 	400000
INFO:test2.py:done
INFO:test2.py:metrics done
INFO:test2.py:Error 	test results	MRR 0.138530	H@1 0.057637	H@3 0.132605	H@10 0.299064	AU-ROC_raw -1.000000	AU-ROC_fil -1.000000
/home/acalvi/anaconda3/envs/libkge_new/lib/python3.7/site-packages/tensorflow/python/framework/dtypes.py:516: FutureWarning: Passing (type, 1) or '1type' as a synonym of type is deprecated; in a future version of numpy, it will be understood as (type, (1,)) / '(1,)type'.
  _np_qint8 = np.dtype([("qint8", np.int8, 1)])
/home/acalvi/anaconda3/envs/libkge_new/lib/python3.7/site-packages/tensorflow/python/framework/dtypes.py:517: FutureWarning: Passing (type, 1) or '1type' as a synonym of type is deprecated; in a future version of numpy, it will be understood as (type, (1,)) / '(1,)type'.
  _np_quint8 = np.dtype([("quint8", np.uint8, 1)])
/home/acalvi/anaconda3/envs/libkge_new/lib/python3.7/site-packages/tensorflow/python/framework/dtypes.py:518: FutureWarning: Passing (type, 1) or '1type' as a synonym of type is deprecated; in a future version of numpy, it will be understood as (type, (1,)) / '(1,)type'.
  _np_qint16 = np.dtype([("qint16", np.int16, 1)])
/home/acalvi/anaconda3/envs/libkge_new/lib/python3.7/site-packages/tensorflow/python/framework/dtypes.py:519: FutureWarning: Passing (type, 1) or '1type' as a synonym of type is deprecated; in a future version of numpy, it will be understood as (type, (1,)) / '(1,)type'.
  _np_quint16 = np.dtype([("quint16", np.uint16, 1)])
/home/acalvi/anaconda3/envs/libkge_new/lib/python3.7/site-packages/tensorflow/python/framework/dtypes.py:520: FutureWarning: Passing (type, 1) or '1type' as a synonym of type is deprecated; in a future version of numpy, it will be understood as (type, (1,)) / '(1,)type'.
  _np_qint32 = np.dtype([("qint32", np.int32, 1)])
/home/acalvi/anaconda3/envs/libkge_new/lib/python3.7/site-packages/tensorflow/python/framework/dtypes.py:525: FutureWarning: Passing (type, 1) or '1type' as a synonym of type is deprecated; in a future version of numpy, it will be understood as (type, (1,)) / '(1,)type'.
  np_resource = np.dtype([("resource", np.ubyte, 1)])
/home/acalvi/anaconda3/envs/libkge_new/lib/python3.7/site-packages/tensorboard/compat/tensorflow_stub/dtypes.py:541: FutureWarning: Passing (type, 1) or '1type' as a synonym of type is deprecated; in a future version of numpy, it will be understood as (type, (1,)) / '(1,)type'.
  _np_qint8 = np.dtype([("qint8", np.int8, 1)])
/home/acalvi/anaconda3/envs/libkge_new/lib/python3.7/site-packages/tensorboard/compat/tensorflow_stub/dtypes.py:542: FutureWarning: Passing (type, 1) or '1type' as a synonym of type is deprecated; in a future version of numpy, it will be understood as (type, (1,)) / '(1,)type'.
  _np_quint8 = np.dtype([("quint8", np.uint8, 1)])
/home/acalvi/anaconda3/envs/libkge_new/lib/python3.7/site-packages/tensorboard/compat/tensorflow_stub/dtypes.py:543: FutureWarning: Passing (type, 1) or '1type' as a synonym of type is deprecated; in a future version of numpy, it will be understood as (type, (1,)) / '(1,)type'.
  _np_qint16 = np.dtype([("qint16", np.int16, 1)])
/home/acalvi/anaconda3/envs/libkge_new/lib/python3.7/site-packages/tensorboard/compat/tensorflow_stub/dtypes.py:544: FutureWarning: Passing (type, 1) or '1type' as a synonym of type is deprecated; in a future version of numpy, it will be understood as (type, (1,)) / '(1,)type'.
  _np_quint16 = np.dtype([("quint16", np.uint16, 1)])
/home/acalvi/anaconda3/envs/libkge_new/lib/python3.7/site-packages/tensorboard/compat/tensorflow_stub/dtypes.py:545: FutureWarning: Passing (type, 1) or '1type' as a synonym of type is deprecated; in a future version of numpy, it will be understood as (type, (1,)) / '(1,)type'.
  _np_qint32 = np.dtype([("qint32", np.int32, 1)])
/home/acalvi/anaconda3/envs/libkge_new/lib/python3.7/site-packages/tensorboard/compat/tensorflow_stub/dtypes.py:550: FutureWarning: Passing (type, 1) or '1type' as a synonym of type is deprecated; in a future version of numpy, it will be understood as (type, (1,)) / '(1,)type'.
  np_resource = np.dtype([("resource", np.ubyte, 1)])
/home/acalvi/Dissertation/Aladdin/biolink/testing/experiment_ComplEx.py:184: FutureWarning: elementwise comparison failed; returning scalar instead, but in the future will perform elementwise comparison
  if data == 'pse':
