./test2.py --data pse --mcl True --batch-size 128 --epochs 100 --embedding-size 50 --learning-rate 0.01 --regulariser n3 --reg-weight 0.5 --optimizer adagrad --valid --quiet
MCL True
INFO:test2.py:Valid: True
INFO:test2.py:Device: cuda
curr directory /home/acalvi/Dissertation/Aladdin/biolink
Importing dataset files ... 
<class 'biolink.embeddings.models_mc.ComplEx_MC'>
INFO:test2.py:is tucker False
INFO:test2.py:settin tucker to FALSE
INFO:test2.py:Device: cuda
INFO:test2.py:Epoch 1/100	Loss 12.9421 ± 0.0892
INFO:test2.py:Epoch 2/100	Loss 12.9397 ± 0.0797
INFO:test2.py:Epoch 3/100	Loss 12.9390 ± 0.0747
INFO:test2.py:Epoch 4/100	Loss 12.9386 ± 0.0712
INFO:test2.py:Epoch 5/100	Loss 12.9384 ± 0.0688
INFO:test2.py:Epoch 6/100	Loss 12.9382 ± 0.0667
INFO:test2.py:Epoch 7/100	Loss 12.9380 ± 0.0650
INFO:test2.py:Epoch 8/100	Loss 12.9379 ± 0.0636
INFO:test2.py:Epoch 9/100	Loss 12.9377 ± 0.0629
INFO:test2.py:Epoch 10/100	Loss 12.9376 ± 0.0613
INFO:test2.py:Epoch 11/100	Loss 12.9376 ± 0.0606
INFO:test2.py:Epoch 12/100	Loss 12.9375 ± 0.0595
INFO:test2.py:Epoch 13/100	Loss 12.9374 ± 0.0589
INFO:test2.py:Epoch 14/100	Loss 12.9373 ± 0.0581
INFO:test2.py:Epoch 15/100	Loss 12.9373 ± 0.0574
INFO:test2.py:Epoch 16/100	Loss 12.9372 ± 0.0567
INFO:test2.py:Epoch 17/100	Loss 12.9372 ± 0.0562
INFO:test2.py:Epoch 18/100	Loss 12.9371 ± 0.0558
INFO:test2.py:Epoch 19/100	Loss 12.9371 ± 0.0553
INFO:test2.py:Epoch 20/100	Loss 12.9371 ± 0.0554
INFO:test2.py:Epoch 21/100	Loss 12.9370 ± 0.0544
INFO:test2.py:Epoch 22/100	Loss 12.9370 ± 0.0541
INFO:test2.py:Epoch 23/100	Loss 12.9370 ± 0.0539
INFO:test2.py:Epoch 24/100	Loss 12.9369 ± 0.0534
INFO:test2.py:Epoch 25/100	Loss 12.9369 ± 0.0529
INFO:test2.py:Epoch 26/100	Loss 12.9369 ± 0.0527
INFO:test2.py:Epoch 27/100	Loss 12.9369 ± 0.0524
INFO:test2.py:Epoch 28/100	Loss 12.9368 ± 0.0520
INFO:test2.py:Epoch 29/100	Loss 12.9368 ± 0.0519
INFO:test2.py:Epoch 30/100	Loss 12.9368 ± 0.0518
INFO:test2.py:Epoch 31/100	Loss 12.9368 ± 0.0516
INFO:test2.py:Epoch 32/100	Loss 12.9368 ± 0.0517
INFO:test2.py:Epoch 33/100	Loss 12.9368 ± 0.0513
INFO:test2.py:Epoch 34/100	Loss 12.9367 ± 0.0510
INFO:test2.py:Epoch 35/100	Loss 12.9367 ± 0.0507
INFO:test2.py:Epoch 36/100	Loss 12.9367 ± 0.0514
INFO:test2.py:Epoch 37/100	Loss 12.9367 ± 0.0505
INFO:test2.py:Epoch 38/100	Loss 12.9367 ± 0.0505
INFO:test2.py:Epoch 39/100	Loss 12.9367 ± 0.0505
INFO:test2.py:Epoch 40/100	Loss 12.9367 ± 0.0502
INFO:test2.py:Epoch 41/100	Loss 12.9367 ± 0.0502
INFO:test2.py:Epoch 42/100	Loss 12.9367 ± 0.0499
INFO:test2.py:Epoch 43/100	Loss 12.9366 ± 0.0498
INFO:test2.py:Epoch 44/100	Loss 12.9366 ± 0.0498
INFO:test2.py:Epoch 45/100	Loss 12.9366 ± 0.0498
INFO:test2.py:Epoch 46/100	Loss 12.9366 ± 0.0495
INFO:test2.py:Epoch 47/100	Loss 12.9366 ± 0.0498
INFO:test2.py:Epoch 48/100	Loss 12.9366 ± 0.0496
INFO:test2.py:Epoch 49/100	Loss 12.9366 ± 0.0495
INFO:test2.py:Validating
INFO:test2.py:batch start 	80000
INFO:test2.py:batch start 	160000
INFO:test2.py:batch start 	240000
INFO:test2.py:batch start 	320000
INFO:test2.py:batch start 	400000
INFO:test2.py:done
INFO:test2.py:metrics done
INFO:test2.py:Applying old dog tricks, ending training. MRR is 0.043809120949653946
INFO:test2.py:is bad performing True
INFO:test2.py:Done training
INFO:test2.py:Not checking test, since interrupted
/home/acalvi/anaconda3/envs/libkge_new/lib/python3.7/site-packages/tensorflow/python/framework/dtypes.py:516: FutureWarning: Passing (type, 1) or '1type' as a synonym of type is deprecated; in a future version of numpy, it will be understood as (type, (1,)) / '(1,)type'.
  _np_qint8 = np.dtype([("qint8", np.int8, 1)])
/home/acalvi/anaconda3/envs/libkge_new/lib/python3.7/site-packages/tensorflow/python/framework/dtypes.py:517: FutureWarning: Passing (type, 1) or '1type' as a synonym of type is deprecated; in a future version of numpy, it will be understood as (type, (1,)) / '(1,)type'.
  _np_quint8 = np.dtype([("quint8", np.uint8, 1)])
/home/acalvi/anaconda3/envs/libkge_new/lib/python3.7/site-packages/tensorflow/python/framework/dtypes.py:518: FutureWarning: Passing (type, 1) or '1type' as a synonym of type is deprecated; in a future version of numpy, it will be understood as (type, (1,)) / '(1,)type'.
  _np_qint16 = np.dtype([("qint16", np.int16, 1)])
/home/acalvi/anaconda3/envs/libkge_new/lib/python3.7/site-packages/tensorflow/python/framework/dtypes.py:519: FutureWarning: Passing (type, 1) or '1type' as a synonym of type is deprecated; in a future version of numpy, it will be understood as (type, (1,)) / '(1,)type'.
  _np_quint16 = np.dtype([("quint16", np.uint16, 1)])
/home/acalvi/anaconda3/envs/libkge_new/lib/python3.7/site-packages/tensorflow/python/framework/dtypes.py:520: FutureWarning: Passing (type, 1) or '1type' as a synonym of type is deprecated; in a future version of numpy, it will be understood as (type, (1,)) / '(1,)type'.
  _np_qint32 = np.dtype([("qint32", np.int32, 1)])
/home/acalvi/anaconda3/envs/libkge_new/lib/python3.7/site-packages/tensorflow/python/framework/dtypes.py:525: FutureWarning: Passing (type, 1) or '1type' as a synonym of type is deprecated; in a future version of numpy, it will be understood as (type, (1,)) / '(1,)type'.
  np_resource = np.dtype([("resource", np.ubyte, 1)])
/home/acalvi/anaconda3/envs/libkge_new/lib/python3.7/site-packages/tensorboard/compat/tensorflow_stub/dtypes.py:541: FutureWarning: Passing (type, 1) or '1type' as a synonym of type is deprecated; in a future version of numpy, it will be understood as (type, (1,)) / '(1,)type'.
  _np_qint8 = np.dtype([("qint8", np.int8, 1)])
/home/acalvi/anaconda3/envs/libkge_new/lib/python3.7/site-packages/tensorboard/compat/tensorflow_stub/dtypes.py:542: FutureWarning: Passing (type, 1) or '1type' as a synonym of type is deprecated; in a future version of numpy, it will be understood as (type, (1,)) / '(1,)type'.
  _np_quint8 = np.dtype([("quint8", np.uint8, 1)])
/home/acalvi/anaconda3/envs/libkge_new/lib/python3.7/site-packages/tensorboard/compat/tensorflow_stub/dtypes.py:543: FutureWarning: Passing (type, 1) or '1type' as a synonym of type is deprecated; in a future version of numpy, it will be understood as (type, (1,)) / '(1,)type'.
  _np_qint16 = np.dtype([("qint16", np.int16, 1)])
/home/acalvi/anaconda3/envs/libkge_new/lib/python3.7/site-packages/tensorboard/compat/tensorflow_stub/dtypes.py:544: FutureWarning: Passing (type, 1) or '1type' as a synonym of type is deprecated; in a future version of numpy, it will be understood as (type, (1,)) / '(1,)type'.
  _np_quint16 = np.dtype([("quint16", np.uint16, 1)])
/home/acalvi/anaconda3/envs/libkge_new/lib/python3.7/site-packages/tensorboard/compat/tensorflow_stub/dtypes.py:545: FutureWarning: Passing (type, 1) or '1type' as a synonym of type is deprecated; in a future version of numpy, it will be understood as (type, (1,)) / '(1,)type'.
  _np_qint32 = np.dtype([("qint32", np.int32, 1)])
/home/acalvi/anaconda3/envs/libkge_new/lib/python3.7/site-packages/tensorboard/compat/tensorflow_stub/dtypes.py:550: FutureWarning: Passing (type, 1) or '1type' as a synonym of type is deprecated; in a future version of numpy, it will be understood as (type, (1,)) / '(1,)type'.
  np_resource = np.dtype([("resource", np.ubyte, 1)])
