./test2.py --data pse --mcl True --batch-size 512 --epochs 100 --embedding-size 100 --learning-rate 0.1 --regulariser n3 --reg-weight 0.005 --optimizer adagrad --valid --quiet
MCL True
INFO:test2.py:Valid: True
INFO:test2.py:Device: cuda
curr directory /home/acalvi/Dissertation/Aladdin/biolink
Importing dataset files ... 
<class 'biolink.embeddings.models_mc.ComplEx_MC'>
INFO:test2.py:is tucker False
INFO:test2.py:settin tucker to FALSE
INFO:test2.py:Device: cuda
INFO:test2.py:Epoch 1/100	Loss 10.8006 ± 0.3437
INFO:test2.py:Epoch 2/100	Loss 10.4667 ± 0.0606
INFO:test2.py:Epoch 3/100	Loss 10.3906 ± 0.0577
INFO:test2.py:Epoch 4/100	Loss 10.3524 ± 0.0573
INFO:test2.py:Epoch 5/100	Loss 10.3300 ± 0.0570
INFO:test2.py:Epoch 6/100	Loss 10.3150 ± 0.0580
INFO:test2.py:Epoch 7/100	Loss 10.3042 ± 0.0587
INFO:test2.py:Epoch 8/100	Loss 10.2957 ± 0.0582
INFO:test2.py:Epoch 9/100	Loss 10.2890 ± 0.0580
INFO:test2.py:Epoch 10/100	Loss 10.2835 ± 0.0587
INFO:test2.py:Epoch 11/100	Loss 10.2787 ± 0.0592
INFO:test2.py:Epoch 12/100	Loss 10.2746 ± 0.0590
INFO:test2.py:Epoch 13/100	Loss 10.2710 ± 0.0579
INFO:test2.py:Epoch 14/100	Loss 10.2679 ± 0.0593
INFO:test2.py:Epoch 15/100	Loss 10.2650 ± 0.0581
INFO:test2.py:Epoch 16/100	Loss 10.2624 ± 0.0583
INFO:test2.py:Epoch 17/100	Loss 10.2600 ± 0.0584
INFO:test2.py:Epoch 18/100	Loss 10.2579 ± 0.0575
INFO:test2.py:Epoch 19/100	Loss 10.2559 ± 0.0583
INFO:test2.py:Epoch 20/100	Loss 10.2540 ± 0.0580
INFO:test2.py:Epoch 21/100	Loss 10.2523 ± 0.0587
INFO:test2.py:Epoch 22/100	Loss 10.2507 ± 0.0583
INFO:test2.py:Epoch 23/100	Loss 10.2492 ± 0.0576
INFO:test2.py:Epoch 24/100	Loss 10.2478 ± 0.0564
INFO:test2.py:Epoch 25/100	Loss 10.2464 ± 0.0590
INFO:test2.py:Epoch 26/100	Loss 10.2451 ± 0.0587
INFO:test2.py:Epoch 27/100	Loss 10.2439 ± 0.0588
INFO:test2.py:Epoch 28/100	Loss 10.2428 ± 0.0589
INFO:test2.py:Epoch 29/100	Loss 10.2417 ± 0.0576
INFO:test2.py:Epoch 30/100	Loss 10.2406 ± 0.0579
INFO:test2.py:Epoch 31/100	Loss 10.2396 ± 0.0590
INFO:test2.py:Epoch 32/100	Loss 10.2387 ± 0.0579
INFO:test2.py:Epoch 33/100	Loss 10.2378 ± 0.0585
INFO:test2.py:Epoch 34/100	Loss 10.2369 ± 0.0575
INFO:test2.py:Epoch 35/100	Loss 10.2361 ± 0.0588
INFO:test2.py:Epoch 36/100	Loss 10.2353 ± 0.0582
INFO:test2.py:Epoch 37/100	Loss 10.2345 ± 0.0588
INFO:test2.py:Epoch 38/100	Loss 10.2338 ± 0.0576
INFO:test2.py:Epoch 39/100	Loss 10.2330 ± 0.0580
INFO:test2.py:Epoch 40/100	Loss 10.2324 ± 0.0577
INFO:test2.py:Epoch 41/100	Loss 10.2317 ± 0.0587
INFO:test2.py:Epoch 42/100	Loss 10.2311 ± 0.0583
INFO:test2.py:Epoch 43/100	Loss 10.2305 ± 0.0578
INFO:test2.py:Epoch 44/100	Loss 10.2299 ± 0.0580
INFO:test2.py:Epoch 45/100	Loss 10.2293 ± 0.0578
INFO:test2.py:Epoch 46/100	Loss 10.2287 ± 0.0579
INFO:test2.py:Epoch 47/100	Loss 10.2281 ± 0.0586
INFO:test2.py:Epoch 48/100	Loss 10.2277 ± 0.0582
INFO:test2.py:Epoch 49/100	Loss 10.2272 ± 0.0589
INFO:test2.py:Validating
INFO:test2.py:batch start 	320000
INFO:test2.py:done
INFO:test2.py:metrics done
INFO:test2.py:Epoch 50/100	Loss 10.2267 ± 0.0588
INFO:test2.py:Epoch 51/100	Loss 10.2262 ± 0.0581
INFO:test2.py:Epoch 52/100	Loss 10.2258 ± 0.0590
INFO:test2.py:Epoch 53/100	Loss 10.2253 ± 0.0585
INFO:test2.py:Epoch 54/100	Loss 10.2248 ± 0.0583
INFO:test2.py:Epoch 55/100	Loss 10.2244 ± 0.0581
INFO:test2.py:Epoch 56/100	Loss 10.2240 ± 0.0589
INFO:test2.py:Epoch 57/100	Loss 10.2236 ± 0.0593
INFO:test2.py:Epoch 58/100	Loss 10.2231 ± 0.0589
INFO:test2.py:Epoch 59/100	Loss 10.2228 ± 0.0589
INFO:test2.py:Epoch 60/100	Loss 10.2224 ± 0.0593
INFO:test2.py:Epoch 61/100	Loss 10.2220 ± 0.0579
INFO:test2.py:Epoch 62/100	Loss 10.2217 ± 0.0589
INFO:test2.py:Epoch 63/100	Loss 10.2213 ± 0.0578
INFO:test2.py:Epoch 64/100	Loss 10.2209 ± 0.0584
INFO:test2.py:Epoch 65/100	Loss 10.2206 ± 0.0583
INFO:test2.py:Epoch 66/100	Loss 10.2202 ± 0.0587
INFO:test2.py:Epoch 67/100	Loss 10.2199 ± 0.0591
INFO:test2.py:Epoch 68/100	Loss 10.2196 ± 0.0590
INFO:test2.py:Epoch 69/100	Loss 10.2193 ± 0.0580
INFO:test2.py:Epoch 70/100	Loss 10.2190 ± 0.0583
INFO:test2.py:Epoch 71/100	Loss 10.2187 ± 0.0584
INFO:test2.py:Epoch 72/100	Loss 10.2184 ± 0.0594
INFO:test2.py:Epoch 73/100	Loss 10.2181 ± 0.0583
INFO:test2.py:Epoch 74/100	Loss 10.2179 ± 0.0587
INFO:test2.py:Epoch 75/100	Loss 10.2176 ± 0.0585
INFO:test2.py:Epoch 76/100	Loss 10.2173 ± 0.0590
INFO:test2.py:Epoch 77/100	Loss 10.2170 ± 0.0580
INFO:test2.py:Epoch 78/100	Loss 10.2168 ± 0.0588
INFO:test2.py:Epoch 79/100	Loss 10.2165 ± 0.0585
INFO:test2.py:Epoch 80/100	Loss 10.2162 ± 0.0584
INFO:test2.py:Epoch 81/100	Loss 10.2160 ± 0.0581
INFO:test2.py:Epoch 82/100	Loss 10.2158 ± 0.0599
INFO:test2.py:Epoch 83/100	Loss 10.2155 ± 0.0582
INFO:test2.py:Epoch 84/100	Loss 10.2152 ± 0.0581
INFO:test2.py:Epoch 85/100	Loss 10.2150 ± 0.0582
INFO:test2.py:Epoch 86/100	Loss 10.2148 ± 0.0579
INFO:test2.py:Epoch 87/100	Loss 10.2146 ± 0.0586
INFO:test2.py:Epoch 88/100	Loss 10.2144 ± 0.0583
INFO:test2.py:Epoch 89/100	Loss 10.2141 ± 0.0590
INFO:test2.py:Epoch 90/100	Loss 10.2139 ± 0.0584
INFO:test2.py:Epoch 91/100	Loss 10.2137 ± 0.0589
INFO:test2.py:Epoch 92/100	Loss 10.2135 ± 0.0585
INFO:test2.py:Epoch 93/100	Loss 10.2133 ± 0.0586
INFO:test2.py:Epoch 94/100	Loss 10.2131 ± 0.0586
INFO:test2.py:Epoch 95/100	Loss 10.2129 ± 0.0595
INFO:test2.py:Epoch 96/100	Loss 10.2128 ± 0.0582
INFO:test2.py:Epoch 97/100	Loss 10.2125 ± 0.0583
INFO:test2.py:Epoch 98/100	Loss 10.2124 ± 0.0588
INFO:test2.py:Epoch 99/100	Loss 10.2121 ± 0.0581
INFO:test2.py:Epoch 100/100	Loss 10.2119 ± 0.0588
INFO:test2.py:is bad performing False
INFO:test2.py:Done training
INFO:test2.py:in evalute for dataset: 	valid
INFO:test2.py:batch start 	320000
INFO:test2.py:done
INFO:test2.py:metrics done
INFO:test2.py:Error 	valid results	MRR 0.140344	H@1 0.060349	H@3 0.134404	H@10 0.297710	AU-ROC_raw -1.000000	AU-ROC_fil -1.000000
INFO:test2.py:in evalute for dataset: 	test
INFO:test2.py:batch start 	320000
INFO:test2.py:done
INFO:test2.py:metrics done
INFO:test2.py:Error 	test results	MRR 0.140347	H@1 0.060477	H@3 0.134247	H@10 0.297714	AU-ROC_raw -1.000000	AU-ROC_fil -1.000000
/home/acalvi/anaconda3/envs/libkge_new/lib/python3.7/site-packages/tensorflow/python/framework/dtypes.py:516: FutureWarning: Passing (type, 1) or '1type' as a synonym of type is deprecated; in a future version of numpy, it will be understood as (type, (1,)) / '(1,)type'.
  _np_qint8 = np.dtype([("qint8", np.int8, 1)])
/home/acalvi/anaconda3/envs/libkge_new/lib/python3.7/site-packages/tensorflow/python/framework/dtypes.py:517: FutureWarning: Passing (type, 1) or '1type' as a synonym of type is deprecated; in a future version of numpy, it will be understood as (type, (1,)) / '(1,)type'.
  _np_quint8 = np.dtype([("quint8", np.uint8, 1)])
/home/acalvi/anaconda3/envs/libkge_new/lib/python3.7/site-packages/tensorflow/python/framework/dtypes.py:518: FutureWarning: Passing (type, 1) or '1type' as a synonym of type is deprecated; in a future version of numpy, it will be understood as (type, (1,)) / '(1,)type'.
  _np_qint16 = np.dtype([("qint16", np.int16, 1)])
/home/acalvi/anaconda3/envs/libkge_new/lib/python3.7/site-packages/tensorflow/python/framework/dtypes.py:519: FutureWarning: Passing (type, 1) or '1type' as a synonym of type is deprecated; in a future version of numpy, it will be understood as (type, (1,)) / '(1,)type'.
  _np_quint16 = np.dtype([("quint16", np.uint16, 1)])
/home/acalvi/anaconda3/envs/libkge_new/lib/python3.7/site-packages/tensorflow/python/framework/dtypes.py:520: FutureWarning: Passing (type, 1) or '1type' as a synonym of type is deprecated; in a future version of numpy, it will be understood as (type, (1,)) / '(1,)type'.
  _np_qint32 = np.dtype([("qint32", np.int32, 1)])
/home/acalvi/anaconda3/envs/libkge_new/lib/python3.7/site-packages/tensorflow/python/framework/dtypes.py:525: FutureWarning: Passing (type, 1) or '1type' as a synonym of type is deprecated; in a future version of numpy, it will be understood as (type, (1,)) / '(1,)type'.
  np_resource = np.dtype([("resource", np.ubyte, 1)])
/home/acalvi/anaconda3/envs/libkge_new/lib/python3.7/site-packages/tensorboard/compat/tensorflow_stub/dtypes.py:541: FutureWarning: Passing (type, 1) or '1type' as a synonym of type is deprecated; in a future version of numpy, it will be understood as (type, (1,)) / '(1,)type'.
  _np_qint8 = np.dtype([("qint8", np.int8, 1)])
/home/acalvi/anaconda3/envs/libkge_new/lib/python3.7/site-packages/tensorboard/compat/tensorflow_stub/dtypes.py:542: FutureWarning: Passing (type, 1) or '1type' as a synonym of type is deprecated; in a future version of numpy, it will be understood as (type, (1,)) / '(1,)type'.
  _np_quint8 = np.dtype([("quint8", np.uint8, 1)])
/home/acalvi/anaconda3/envs/libkge_new/lib/python3.7/site-packages/tensorboard/compat/tensorflow_stub/dtypes.py:543: FutureWarning: Passing (type, 1) or '1type' as a synonym of type is deprecated; in a future version of numpy, it will be understood as (type, (1,)) / '(1,)type'.
  _np_qint16 = np.dtype([("qint16", np.int16, 1)])
/home/acalvi/anaconda3/envs/libkge_new/lib/python3.7/site-packages/tensorboard/compat/tensorflow_stub/dtypes.py:544: FutureWarning: Passing (type, 1) or '1type' as a synonym of type is deprecated; in a future version of numpy, it will be understood as (type, (1,)) / '(1,)type'.
  _np_quint16 = np.dtype([("quint16", np.uint16, 1)])
/home/acalvi/anaconda3/envs/libkge_new/lib/python3.7/site-packages/tensorboard/compat/tensorflow_stub/dtypes.py:545: FutureWarning: Passing (type, 1) or '1type' as a synonym of type is deprecated; in a future version of numpy, it will be understood as (type, (1,)) / '(1,)type'.
  _np_qint32 = np.dtype([("qint32", np.int32, 1)])
/home/acalvi/anaconda3/envs/libkge_new/lib/python3.7/site-packages/tensorboard/compat/tensorflow_stub/dtypes.py:550: FutureWarning: Passing (type, 1) or '1type' as a synonym of type is deprecated; in a future version of numpy, it will be understood as (type, (1,)) / '(1,)type'.
  np_resource = np.dtype([("resource", np.ubyte, 1)])
/home/acalvi/Dissertation/Aladdin/biolink/testing/experiment_ComplEx.py:184: FutureWarning: elementwise comparison failed; returning scalar instead, but in the future will perform elementwise comparison
  if data == 'pse':
