./test2.py --data pse --mcl True --batch-size 268 --epochs 100 --embedding-size 100 --learning-rate 0.01 --regulariser n3 --reg-weight 0.001 --optimizer adagrad --valid --quiet
MCL True
INFO:test2.py:Valid: True
INFO:test2.py:Device: cuda
curr directory /home/acalvi/Dissertation/Aladdin/biolink
Importing dataset files ... 
<class 'biolink.embeddings.models_mc.ComplEx_MC'>
INFO:test2.py:is tucker False
INFO:test2.py:settin tucker to FALSE
INFO:test2.py:Device: cuda
INFO:test2.py:Epoch 1/100	Loss 11.0155 ± 0.3840
INFO:test2.py:Epoch 2/100	Loss 10.6506 ± 0.0863
INFO:test2.py:Epoch 3/100	Loss 10.5678 ± 0.0824
INFO:test2.py:Epoch 4/100	Loss 10.5193 ± 0.0812
INFO:test2.py:Epoch 5/100	Loss 10.4838 ± 0.0813
INFO:test2.py:Epoch 6/100	Loss 10.4551 ± 0.0811
INFO:test2.py:Epoch 7/100	Loss 10.4308 ± 0.0818
INFO:test2.py:Epoch 8/100	Loss 10.4098 ± 0.0818
INFO:test2.py:Epoch 9/100	Loss 10.3913 ± 0.0824
INFO:test2.py:Epoch 10/100	Loss 10.3749 ± 0.0825
INFO:test2.py:Epoch 11/100	Loss 10.3600 ± 0.0824
INFO:test2.py:Epoch 12/100	Loss 10.3465 ± 0.0815
INFO:test2.py:Epoch 13/100	Loss 10.3341 ± 0.0817
INFO:test2.py:Epoch 14/100	Loss 10.3226 ± 0.0823
INFO:test2.py:Epoch 15/100	Loss 10.3120 ± 0.0818
INFO:test2.py:Epoch 16/100	Loss 10.3022 ± 0.0817
INFO:test2.py:Epoch 17/100	Loss 10.2930 ± 0.0818
INFO:test2.py:Epoch 18/100	Loss 10.2843 ± 0.0826
INFO:test2.py:Epoch 19/100	Loss 10.2762 ± 0.0822
INFO:test2.py:Epoch 20/100	Loss 10.2686 ± 0.0830
INFO:test2.py:Epoch 21/100	Loss 10.2614 ± 0.0825
INFO:test2.py:Epoch 22/100	Loss 10.2546 ± 0.0833
INFO:test2.py:Epoch 23/100	Loss 10.2481 ± 0.0824
INFO:test2.py:Epoch 24/100	Loss 10.2420 ± 0.0815
INFO:test2.py:Epoch 25/100	Loss 10.2362 ± 0.0832
INFO:test2.py:Epoch 26/100	Loss 10.2306 ± 0.0834
INFO:test2.py:Epoch 27/100	Loss 10.2254 ± 0.0817
INFO:test2.py:Epoch 28/100	Loss 10.2203 ± 0.0823
INFO:test2.py:Epoch 29/100	Loss 10.2155 ± 0.0823
INFO:test2.py:Epoch 30/100	Loss 10.2109 ± 0.0825
INFO:test2.py:Epoch 31/100	Loss 10.2065 ± 0.0824
INFO:test2.py:Epoch 32/100	Loss 10.2023 ± 0.0826
INFO:test2.py:Epoch 33/100	Loss 10.1983 ± 0.0830
INFO:test2.py:Epoch 34/100	Loss 10.1944 ± 0.0824
INFO:test2.py:Epoch 35/100	Loss 10.1907 ± 0.0842
INFO:test2.py:Epoch 36/100	Loss 10.1871 ± 0.0829
INFO:test2.py:Epoch 37/100	Loss 10.1836 ± 0.0839
INFO:test2.py:Epoch 38/100	Loss 10.1803 ± 0.0834
INFO:test2.py:Epoch 39/100	Loss 10.1771 ± 0.0831
INFO:test2.py:Epoch 40/100	Loss 10.1740 ± 0.0829
INFO:test2.py:Epoch 41/100	Loss 10.1710 ± 0.0832
INFO:test2.py:Epoch 42/100	Loss 10.1682 ± 0.0835
INFO:test2.py:Epoch 43/100	Loss 10.1654 ± 0.0822
INFO:test2.py:Epoch 44/100	Loss 10.1627 ± 0.0830
INFO:test2.py:Epoch 45/100	Loss 10.1601 ± 0.0836
INFO:test2.py:Epoch 46/100	Loss 10.1575 ± 0.0839
INFO:test2.py:Epoch 47/100	Loss 10.1551 ± 0.0832
INFO:test2.py:Epoch 48/100	Loss 10.1527 ± 0.0836
INFO:test2.py:Epoch 49/100	Loss 10.1504 ± 0.0835
INFO:test2.py:Epoch 50/100	Loss 10.1482 ± 0.0841
INFO:test2.py:Epoch 51/100	Loss 10.1460 ± 0.0835
INFO:test2.py:Epoch 52/100	Loss 10.1439 ± 0.0843
INFO:test2.py:Epoch 53/100	Loss 10.1418 ± 0.0841
INFO:test2.py:Epoch 54/100	Loss 10.1398 ± 0.0851
INFO:test2.py:Epoch 55/100	Loss 10.1379 ± 0.0832
INFO:test2.py:Epoch 56/100	Loss 10.1360 ± 0.0843
INFO:test2.py:Epoch 57/100	Loss 10.1342 ± 0.0842
INFO:test2.py:Epoch 58/100	Loss 10.1324 ± 0.0846
INFO:test2.py:Epoch 59/100	Loss 10.1306 ± 0.0839
INFO:test2.py:Epoch 60/100	Loss 10.1289 ± 0.0837
INFO:test2.py:Epoch 61/100	Loss 10.1272 ± 0.0835
INFO:test2.py:Epoch 62/100	Loss 10.1256 ± 0.0843
INFO:test2.py:Epoch 63/100	Loss 10.1240 ± 0.0838
INFO:test2.py:Epoch 64/100	Loss 10.1225 ± 0.0845
INFO:test2.py:Epoch 65/100	Loss 10.1210 ± 0.0850
INFO:test2.py:Epoch 66/100	Loss 10.1195 ± 0.0842
INFO:test2.py:Epoch 67/100	Loss 10.1180 ± 0.0841
INFO:test2.py:Epoch 68/100	Loss 10.1166 ± 0.0840
INFO:test2.py:Epoch 69/100	Loss 10.1152 ± 0.0849
INFO:test2.py:Epoch 70/100	Loss 10.1139 ± 0.0847
INFO:test2.py:Epoch 71/100	Loss 10.1126 ± 0.0842
INFO:test2.py:Epoch 72/100	Loss 10.1113 ± 0.0847
INFO:test2.py:Epoch 73/100	Loss 10.1100 ± 0.0848
INFO:test2.py:Epoch 74/100	Loss 10.1087 ± 0.0855
INFO:test2.py:Epoch 75/100	Loss 10.1075 ± 0.0844
INFO:test2.py:Epoch 76/100	Loss 10.1063 ± 0.0846
INFO:test2.py:Epoch 77/100	Loss 10.1052 ± 0.0835
INFO:test2.py:Epoch 78/100	Loss 10.1040 ± 0.0848
INFO:test2.py:Epoch 79/100	Loss 10.1029 ± 0.0843
INFO:test2.py:Epoch 80/100	Loss 10.1018 ± 0.0839
INFO:test2.py:Epoch 81/100	Loss 10.1007 ± 0.0844
INFO:test2.py:Epoch 82/100	Loss 10.0996 ± 0.0850
INFO:test2.py:Epoch 83/100	Loss 10.0986 ± 0.0847
INFO:test2.py:Epoch 84/100	Loss 10.0975 ± 0.0847
INFO:test2.py:Epoch 85/100	Loss 10.0965 ± 0.0841
INFO:test2.py:Epoch 86/100	Loss 10.0955 ± 0.0837
INFO:test2.py:Epoch 87/100	Loss 10.0945 ± 0.0844
INFO:test2.py:Epoch 88/100	Loss 10.0936 ± 0.0844
INFO:test2.py:Epoch 89/100	Loss 10.0926 ± 0.0845
INFO:test2.py:Epoch 90/100	Loss 10.0917 ± 0.0842
INFO:test2.py:Epoch 91/100	Loss 10.0908 ± 0.0844
INFO:test2.py:Epoch 92/100	Loss 10.0899 ± 0.0847
INFO:test2.py:Epoch 93/100	Loss 10.0890 ± 0.0844
INFO:test2.py:Epoch 94/100	Loss 10.0881 ± 0.0843
INFO:test2.py:Epoch 95/100	Loss 10.0873 ± 0.0847
INFO:test2.py:Epoch 96/100	Loss 10.0865 ± 0.0842
INFO:test2.py:Epoch 97/100	Loss 10.0856 ± 0.0837
INFO:test2.py:Epoch 98/100	Loss 10.0848 ± 0.0847
INFO:test2.py:Epoch 99/100	Loss 10.0840 ± 0.0842
INFO:test2.py:Epoch 100/100	Loss 10.0832 ± 0.0851
INFO:test2.py:is bad performing False
INFO:test2.py:Done training
INFO:test2.py:in evalute for dataset: 	valid
INFO:test2.py:done
INFO:test2.py:done not filtered aucroc
INFO:test2.py:metrics done
INFO:test2.py:Error 	valid results	MRR 0.128046	H@1 0.050391	H@3 0.120087	H@10 0.280268	AU-ROC_raw -1.000000	AU-ROC_fil -1.000000
INFO:test2.py:in evalute for dataset: 	test
INFO:test2.py:done
INFO:test2.py:done not filtered aucroc
INFO:test2.py:metrics done
INFO:test2.py:Error 	test results	MRR 0.128075	H@1 0.050360	H@3 0.120448	H@10 0.280598	AU-ROC_raw -1.000000	AU-ROC_fil -1.000000
/home/acalvi/anaconda3/envs/libkge_new/lib/python3.7/site-packages/tensorflow/python/framework/dtypes.py:516: FutureWarning: Passing (type, 1) or '1type' as a synonym of type is deprecated; in a future version of numpy, it will be understood as (type, (1,)) / '(1,)type'.
  _np_qint8 = np.dtype([("qint8", np.int8, 1)])
/home/acalvi/anaconda3/envs/libkge_new/lib/python3.7/site-packages/tensorflow/python/framework/dtypes.py:517: FutureWarning: Passing (type, 1) or '1type' as a synonym of type is deprecated; in a future version of numpy, it will be understood as (type, (1,)) / '(1,)type'.
  _np_quint8 = np.dtype([("quint8", np.uint8, 1)])
/home/acalvi/anaconda3/envs/libkge_new/lib/python3.7/site-packages/tensorflow/python/framework/dtypes.py:518: FutureWarning: Passing (type, 1) or '1type' as a synonym of type is deprecated; in a future version of numpy, it will be understood as (type, (1,)) / '(1,)type'.
  _np_qint16 = np.dtype([("qint16", np.int16, 1)])
/home/acalvi/anaconda3/envs/libkge_new/lib/python3.7/site-packages/tensorflow/python/framework/dtypes.py:519: FutureWarning: Passing (type, 1) or '1type' as a synonym of type is deprecated; in a future version of numpy, it will be understood as (type, (1,)) / '(1,)type'.
  _np_quint16 = np.dtype([("quint16", np.uint16, 1)])
/home/acalvi/anaconda3/envs/libkge_new/lib/python3.7/site-packages/tensorflow/python/framework/dtypes.py:520: FutureWarning: Passing (type, 1) or '1type' as a synonym of type is deprecated; in a future version of numpy, it will be understood as (type, (1,)) / '(1,)type'.
  _np_qint32 = np.dtype([("qint32", np.int32, 1)])
/home/acalvi/anaconda3/envs/libkge_new/lib/python3.7/site-packages/tensorflow/python/framework/dtypes.py:525: FutureWarning: Passing (type, 1) or '1type' as a synonym of type is deprecated; in a future version of numpy, it will be understood as (type, (1,)) / '(1,)type'.
  np_resource = np.dtype([("resource", np.ubyte, 1)])
/home/acalvi/anaconda3/envs/libkge_new/lib/python3.7/site-packages/tensorboard/compat/tensorflow_stub/dtypes.py:541: FutureWarning: Passing (type, 1) or '1type' as a synonym of type is deprecated; in a future version of numpy, it will be understood as (type, (1,)) / '(1,)type'.
  _np_qint8 = np.dtype([("qint8", np.int8, 1)])
/home/acalvi/anaconda3/envs/libkge_new/lib/python3.7/site-packages/tensorboard/compat/tensorflow_stub/dtypes.py:542: FutureWarning: Passing (type, 1) or '1type' as a synonym of type is deprecated; in a future version of numpy, it will be understood as (type, (1,)) / '(1,)type'.
  _np_quint8 = np.dtype([("quint8", np.uint8, 1)])
/home/acalvi/anaconda3/envs/libkge_new/lib/python3.7/site-packages/tensorboard/compat/tensorflow_stub/dtypes.py:543: FutureWarning: Passing (type, 1) or '1type' as a synonym of type is deprecated; in a future version of numpy, it will be understood as (type, (1,)) / '(1,)type'.
  _np_qint16 = np.dtype([("qint16", np.int16, 1)])
/home/acalvi/anaconda3/envs/libkge_new/lib/python3.7/site-packages/tensorboard/compat/tensorflow_stub/dtypes.py:544: FutureWarning: Passing (type, 1) or '1type' as a synonym of type is deprecated; in a future version of numpy, it will be understood as (type, (1,)) / '(1,)type'.
  _np_quint16 = np.dtype([("quint16", np.uint16, 1)])
/home/acalvi/anaconda3/envs/libkge_new/lib/python3.7/site-packages/tensorboard/compat/tensorflow_stub/dtypes.py:545: FutureWarning: Passing (type, 1) or '1type' as a synonym of type is deprecated; in a future version of numpy, it will be understood as (type, (1,)) / '(1,)type'.
  _np_qint32 = np.dtype([("qint32", np.int32, 1)])
/home/acalvi/anaconda3/envs/libkge_new/lib/python3.7/site-packages/tensorboard/compat/tensorflow_stub/dtypes.py:550: FutureWarning: Passing (type, 1) or '1type' as a synonym of type is deprecated; in a future version of numpy, it will be understood as (type, (1,)) / '(1,)type'.
  np_resource = np.dtype([("resource", np.ubyte, 1)])
