./test2.py --data pse --mcl True --batch-size 268 --epochs 100 --embedding-size 50 --learning-rate 0.1 --regulariser n3 --reg-weight 0.01 --optimizer adagrad --valid --quiet
MCL True
INFO:test2.py:Valid: True
INFO:test2.py:Device: cuda
curr directory /home/acalvi/Dissertation/Aladdin/biolink
Importing dataset files ... 
<class 'biolink.embeddings.models_mc.ComplEx_MC'>
INFO:test2.py:is tucker False
INFO:test2.py:settin tucker to FALSE
INFO:test2.py:Device: cuda
INFO:test2.py:Epoch 1/100	Loss 10.9462 ± 0.2711
INFO:test2.py:Epoch 2/100	Loss 10.6859 ± 0.0797
INFO:test2.py:Epoch 3/100	Loss 10.6325 ± 0.0767
INFO:test2.py:Epoch 4/100	Loss 10.6074 ± 0.0761
INFO:test2.py:Epoch 5/100	Loss 10.5936 ± 0.0764
INFO:test2.py:Epoch 6/100	Loss 10.5847 ± 0.0765
INFO:test2.py:Epoch 7/100	Loss 10.5782 ± 0.0759
INFO:test2.py:Epoch 8/100	Loss 10.5732 ± 0.0763
INFO:test2.py:Epoch 9/100	Loss 10.5693 ± 0.0759
INFO:test2.py:Epoch 10/100	Loss 10.5658 ± 0.0756
INFO:test2.py:Epoch 11/100	Loss 10.5630 ± 0.0752
INFO:test2.py:Epoch 12/100	Loss 10.5604 ± 0.0766
INFO:test2.py:Epoch 13/100	Loss 10.5582 ± 0.0766
INFO:test2.py:Epoch 14/100	Loss 10.5562 ± 0.0754
INFO:test2.py:Epoch 15/100	Loss 10.5544 ± 0.0770
INFO:test2.py:Epoch 16/100	Loss 10.5528 ± 0.0766
INFO:test2.py:Epoch 17/100	Loss 10.5513 ± 0.0759
INFO:test2.py:Epoch 18/100	Loss 10.5499 ± 0.0767
INFO:test2.py:Epoch 19/100	Loss 10.5486 ± 0.0762
INFO:test2.py:Epoch 20/100	Loss 10.5474 ± 0.0767
INFO:test2.py:Epoch 21/100	Loss 10.5462 ± 0.0757
INFO:test2.py:Epoch 22/100	Loss 10.5452 ± 0.0761
INFO:test2.py:Epoch 23/100	Loss 10.5442 ± 0.0761
INFO:test2.py:Epoch 24/100	Loss 10.5433 ± 0.0768
INFO:test2.py:Epoch 25/100	Loss 10.5423 ± 0.0766
INFO:test2.py:Epoch 26/100	Loss 10.5415 ± 0.0758
INFO:test2.py:Epoch 27/100	Loss 10.5406 ± 0.0755
INFO:test2.py:Epoch 28/100	Loss 10.5399 ± 0.0761
INFO:test2.py:Epoch 29/100	Loss 10.5392 ± 0.0764
INFO:test2.py:Epoch 30/100	Loss 10.5384 ± 0.0773
INFO:test2.py:Epoch 31/100	Loss 10.5377 ± 0.0767
INFO:test2.py:Epoch 32/100	Loss 10.5370 ± 0.0764
INFO:test2.py:Epoch 33/100	Loss 10.5364 ± 0.0760
INFO:test2.py:Epoch 34/100	Loss 10.5358 ± 0.0766
INFO:test2.py:Epoch 35/100	Loss 10.5352 ± 0.0765
INFO:test2.py:Epoch 36/100	Loss 10.5346 ± 0.0759
INFO:test2.py:Epoch 37/100	Loss 10.5341 ± 0.0758
INFO:test2.py:Epoch 38/100	Loss 10.5335 ± 0.0756
INFO:test2.py:Epoch 39/100	Loss 10.5330 ± 0.0762
INFO:test2.py:Epoch 40/100	Loss 10.5325 ± 0.0769
INFO:test2.py:Epoch 41/100	Loss 10.5320 ± 0.0766
INFO:test2.py:Epoch 42/100	Loss 10.5315 ± 0.0761
INFO:test2.py:Epoch 43/100	Loss 10.5310 ± 0.0756
INFO:test2.py:Epoch 44/100	Loss 10.5306 ± 0.0764
INFO:test2.py:Epoch 45/100	Loss 10.5302 ± 0.0764
INFO:test2.py:Epoch 46/100	Loss 10.5297 ± 0.0771
INFO:test2.py:Epoch 47/100	Loss 10.5293 ± 0.0761
INFO:test2.py:Epoch 48/100	Loss 10.5289 ± 0.0769
INFO:test2.py:Epoch 49/100	Loss 10.5285 ± 0.0759
INFO:test2.py:Validating
INFO:test2.py:done
INFO:test2.py:metrics done
INFO:test2.py:Epoch 50/100	Loss 10.5281 ± 0.0773
INFO:test2.py:Epoch 51/100	Loss 10.5277 ± 0.0755
INFO:test2.py:Epoch 52/100	Loss 10.5273 ± 0.0758
INFO:test2.py:Epoch 53/100	Loss 10.5270 ± 0.0765
INFO:test2.py:Epoch 54/100	Loss 10.5266 ± 0.0768
INFO:test2.py:Epoch 55/100	Loss 10.5262 ± 0.0759
INFO:test2.py:Epoch 56/100	Loss 10.5259 ± 0.0758
INFO:test2.py:Epoch 57/100	Loss 10.5256 ± 0.0759
INFO:test2.py:Epoch 58/100	Loss 10.5252 ± 0.0760
INFO:test2.py:Epoch 59/100	Loss 10.5249 ± 0.0767
INFO:test2.py:Epoch 60/100	Loss 10.5246 ± 0.0770
INFO:test2.py:Epoch 61/100	Loss 10.5243 ± 0.0760
INFO:test2.py:Epoch 62/100	Loss 10.5240 ± 0.0769
INFO:test2.py:Epoch 63/100	Loss 10.5237 ± 0.0771
INFO:test2.py:Epoch 64/100	Loss 10.5233 ± 0.0756
INFO:test2.py:Epoch 65/100	Loss 10.5231 ± 0.0762
INFO:test2.py:Epoch 66/100	Loss 10.5228 ± 0.0766
INFO:test2.py:Epoch 67/100	Loss 10.5225 ± 0.0766
INFO:test2.py:Epoch 68/100	Loss 10.5223 ± 0.0773
INFO:test2.py:Epoch 69/100	Loss 10.5220 ± 0.0767
INFO:test2.py:Epoch 70/100	Loss 10.5217 ± 0.0766
INFO:test2.py:Epoch 71/100	Loss 10.5215 ± 0.0770
INFO:test2.py:Epoch 72/100	Loss 10.5212 ± 0.0763
INFO:test2.py:Epoch 73/100	Loss 10.5210 ± 0.0761
INFO:test2.py:Epoch 74/100	Loss 10.5208 ± 0.0767
INFO:test2.py:Epoch 75/100	Loss 10.5205 ± 0.0765
INFO:test2.py:Epoch 76/100	Loss 10.5203 ± 0.0769
INFO:test2.py:Epoch 77/100	Loss 10.5201 ± 0.0756
INFO:test2.py:Epoch 78/100	Loss 10.5198 ± 0.0762
INFO:test2.py:Epoch 79/100	Loss 10.5196 ± 0.0763
INFO:test2.py:Epoch 80/100	Loss 10.5194 ± 0.0761
INFO:test2.py:Epoch 81/100	Loss 10.5192 ± 0.0765
INFO:test2.py:Epoch 82/100	Loss 10.5190 ± 0.0767
INFO:test2.py:Epoch 83/100	Loss 10.5188 ± 0.0772
INFO:test2.py:Epoch 84/100	Loss 10.5186 ± 0.0767
INFO:test2.py:Epoch 85/100	Loss 10.5184 ± 0.0768
INFO:test2.py:Epoch 86/100	Loss 10.5182 ± 0.0759
INFO:test2.py:Epoch 87/100	Loss 10.5180 ± 0.0757
INFO:test2.py:Epoch 88/100	Loss 10.5178 ± 0.0767
INFO:test2.py:Epoch 89/100	Loss 10.5176 ± 0.0774
INFO:test2.py:Epoch 90/100	Loss 10.5175 ± 0.0763
INFO:test2.py:Epoch 91/100	Loss 10.5173 ± 0.0758
INFO:test2.py:Epoch 92/100	Loss 10.5171 ± 0.0754
INFO:test2.py:Epoch 93/100	Loss 10.5169 ± 0.0766
INFO:test2.py:Epoch 94/100	Loss 10.5168 ± 0.0763
INFO:test2.py:Epoch 95/100	Loss 10.5166 ± 0.0751
INFO:test2.py:Epoch 96/100	Loss 10.5164 ± 0.0761
INFO:test2.py:Epoch 97/100	Loss 10.5163 ± 0.0772
INFO:test2.py:Epoch 98/100	Loss 10.5161 ± 0.0760
INFO:test2.py:Epoch 99/100	Loss 10.5160 ± 0.0763
INFO:test2.py:Epoch 100/100	Loss 10.5158 ± 0.0759
INFO:test2.py:is bad performing False
INFO:test2.py:Done training
INFO:test2.py:in evalute for dataset: 	valid
INFO:test2.py:done
INFO:test2.py:metrics done
INFO:test2.py:Error 	valid results	MRR 0.125751	H@1 0.049657	H@3 0.117165	H@10 0.274417	AU-ROC_raw -1.000000	AU-ROC_fil -1.000000
INFO:test2.py:in evalute for dataset: 	test
INFO:test2.py:done
INFO:test2.py:metrics done
INFO:test2.py:Error 	test results	MRR 0.126047	H@1 0.049683	H@3 0.117937	H@10 0.274912	AU-ROC_raw -1.000000	AU-ROC_fil -1.000000
/home/acalvi/anaconda3/envs/libkge_new/lib/python3.7/site-packages/tensorflow/python/framework/dtypes.py:516: FutureWarning: Passing (type, 1) or '1type' as a synonym of type is deprecated; in a future version of numpy, it will be understood as (type, (1,)) / '(1,)type'.
  _np_qint8 = np.dtype([("qint8", np.int8, 1)])
/home/acalvi/anaconda3/envs/libkge_new/lib/python3.7/site-packages/tensorflow/python/framework/dtypes.py:517: FutureWarning: Passing (type, 1) or '1type' as a synonym of type is deprecated; in a future version of numpy, it will be understood as (type, (1,)) / '(1,)type'.
  _np_quint8 = np.dtype([("quint8", np.uint8, 1)])
/home/acalvi/anaconda3/envs/libkge_new/lib/python3.7/site-packages/tensorflow/python/framework/dtypes.py:518: FutureWarning: Passing (type, 1) or '1type' as a synonym of type is deprecated; in a future version of numpy, it will be understood as (type, (1,)) / '(1,)type'.
  _np_qint16 = np.dtype([("qint16", np.int16, 1)])
/home/acalvi/anaconda3/envs/libkge_new/lib/python3.7/site-packages/tensorflow/python/framework/dtypes.py:519: FutureWarning: Passing (type, 1) or '1type' as a synonym of type is deprecated; in a future version of numpy, it will be understood as (type, (1,)) / '(1,)type'.
  _np_quint16 = np.dtype([("quint16", np.uint16, 1)])
/home/acalvi/anaconda3/envs/libkge_new/lib/python3.7/site-packages/tensorflow/python/framework/dtypes.py:520: FutureWarning: Passing (type, 1) or '1type' as a synonym of type is deprecated; in a future version of numpy, it will be understood as (type, (1,)) / '(1,)type'.
  _np_qint32 = np.dtype([("qint32", np.int32, 1)])
/home/acalvi/anaconda3/envs/libkge_new/lib/python3.7/site-packages/tensorflow/python/framework/dtypes.py:525: FutureWarning: Passing (type, 1) or '1type' as a synonym of type is deprecated; in a future version of numpy, it will be understood as (type, (1,)) / '(1,)type'.
  np_resource = np.dtype([("resource", np.ubyte, 1)])
/home/acalvi/anaconda3/envs/libkge_new/lib/python3.7/site-packages/tensorboard/compat/tensorflow_stub/dtypes.py:541: FutureWarning: Passing (type, 1) or '1type' as a synonym of type is deprecated; in a future version of numpy, it will be understood as (type, (1,)) / '(1,)type'.
  _np_qint8 = np.dtype([("qint8", np.int8, 1)])
/home/acalvi/anaconda3/envs/libkge_new/lib/python3.7/site-packages/tensorboard/compat/tensorflow_stub/dtypes.py:542: FutureWarning: Passing (type, 1) or '1type' as a synonym of type is deprecated; in a future version of numpy, it will be understood as (type, (1,)) / '(1,)type'.
  _np_quint8 = np.dtype([("quint8", np.uint8, 1)])
/home/acalvi/anaconda3/envs/libkge_new/lib/python3.7/site-packages/tensorboard/compat/tensorflow_stub/dtypes.py:543: FutureWarning: Passing (type, 1) or '1type' as a synonym of type is deprecated; in a future version of numpy, it will be understood as (type, (1,)) / '(1,)type'.
  _np_qint16 = np.dtype([("qint16", np.int16, 1)])
/home/acalvi/anaconda3/envs/libkge_new/lib/python3.7/site-packages/tensorboard/compat/tensorflow_stub/dtypes.py:544: FutureWarning: Passing (type, 1) or '1type' as a synonym of type is deprecated; in a future version of numpy, it will be understood as (type, (1,)) / '(1,)type'.
  _np_quint16 = np.dtype([("quint16", np.uint16, 1)])
/home/acalvi/anaconda3/envs/libkge_new/lib/python3.7/site-packages/tensorboard/compat/tensorflow_stub/dtypes.py:545: FutureWarning: Passing (type, 1) or '1type' as a synonym of type is deprecated; in a future version of numpy, it will be understood as (type, (1,)) / '(1,)type'.
  _np_qint32 = np.dtype([("qint32", np.int32, 1)])
/home/acalvi/anaconda3/envs/libkge_new/lib/python3.7/site-packages/tensorboard/compat/tensorflow_stub/dtypes.py:550: FutureWarning: Passing (type, 1) or '1type' as a synonym of type is deprecated; in a future version of numpy, it will be understood as (type, (1,)) / '(1,)type'.
  np_resource = np.dtype([("resource", np.ubyte, 1)])
