./test2.py --data pse --mcl True --batch-size 512 --epochs 100 --embedding-size 150 --learning-rate 0.01 --regulariser n3 --reg-weight 0.05 --optimizer adagrad --valid --quiet
MCL True
INFO:test2.py:Valid: True
INFO:test2.py:Device: cuda
curr directory /home/acalvi/Dissertation/Aladdin/biolink
Importing dataset files ... 
<class 'biolink.embeddings.models_mc.ComplEx_MC'>
INFO:test2.py:is tucker False
INFO:test2.py:settin tucker to FALSE
INFO:test2.py:Device: cuda
INFO:test2.py:Epoch 1/100	Loss 11.5948 ± 0.2287
INFO:test2.py:Epoch 2/100	Loss 11.4634 ± 0.0494
INFO:test2.py:Epoch 3/100	Loss 11.4450 ± 0.0491
INFO:test2.py:Epoch 4/100	Loss 11.4356 ± 0.0493
INFO:test2.py:Epoch 5/100	Loss 11.4284 ± 0.0496
INFO:test2.py:Epoch 6/100	Loss 11.4232 ± 0.0497
INFO:test2.py:Epoch 7/100	Loss 11.4194 ± 0.0494
INFO:test2.py:Epoch 8/100	Loss 11.4167 ± 0.0486
INFO:test2.py:Epoch 9/100	Loss 11.4144 ± 0.0489
INFO:test2.py:Epoch 10/100	Loss 11.4125 ± 0.0491
INFO:test2.py:Epoch 11/100	Loss 11.4109 ± 0.0497
INFO:test2.py:Epoch 12/100	Loss 11.4095 ± 0.0491
INFO:test2.py:Epoch 13/100	Loss 11.4083 ± 0.0496
INFO:test2.py:Epoch 14/100	Loss 11.4071 ± 0.0490
INFO:test2.py:Epoch 15/100	Loss 11.4061 ± 0.0489
INFO:test2.py:Epoch 16/100	Loss 11.4051 ± 0.0492
INFO:test2.py:Epoch 17/100	Loss 11.4042 ± 0.0480
INFO:test2.py:Epoch 18/100	Loss 11.4034 ± 0.0490
INFO:test2.py:Epoch 19/100	Loss 11.4026 ± 0.0481
INFO:test2.py:Epoch 20/100	Loss 11.4019 ± 0.0484
INFO:test2.py:Epoch 21/100	Loss 11.4012 ± 0.0484
INFO:test2.py:Epoch 22/100	Loss 11.4006 ± 0.0488
INFO:test2.py:Epoch 23/100	Loss 11.3999 ± 0.0486
INFO:test2.py:Epoch 24/100	Loss 11.3993 ± 0.0495
INFO:test2.py:Epoch 25/100	Loss 11.3988 ± 0.0490
INFO:test2.py:Epoch 26/100	Loss 11.3982 ± 0.0484
INFO:test2.py:Epoch 27/100	Loss 11.3977 ± 0.0493
INFO:test2.py:Epoch 28/100	Loss 11.3972 ± 0.0490
INFO:test2.py:Epoch 29/100	Loss 11.3968 ± 0.0486
INFO:test2.py:Epoch 30/100	Loss 11.3963 ± 0.0483
INFO:test2.py:Epoch 31/100	Loss 11.3959 ± 0.0482
INFO:test2.py:Epoch 32/100	Loss 11.3955 ± 0.0488
INFO:test2.py:Epoch 33/100	Loss 11.3951 ± 0.0481
INFO:test2.py:Epoch 34/100	Loss 11.3947 ± 0.0483
INFO:test2.py:Epoch 35/100	Loss 11.3943 ± 0.0488
INFO:test2.py:Epoch 36/100	Loss 11.3940 ± 0.0486
INFO:test2.py:Epoch 37/100	Loss 11.3936 ± 0.0483
INFO:test2.py:Epoch 38/100	Loss 11.3933 ± 0.0483
INFO:test2.py:Epoch 39/100	Loss 11.3930 ± 0.0489
INFO:test2.py:Epoch 40/100	Loss 11.3927 ± 0.0487
INFO:test2.py:Epoch 41/100	Loss 11.3924 ± 0.0489
INFO:test2.py:Epoch 42/100	Loss 11.3922 ± 0.0484
INFO:test2.py:Epoch 43/100	Loss 11.3919 ± 0.0487
INFO:test2.py:Epoch 44/100	Loss 11.3916 ± 0.0483
INFO:test2.py:Epoch 45/100	Loss 11.3914 ± 0.0479
INFO:test2.py:Epoch 46/100	Loss 11.3911 ± 0.0479
INFO:test2.py:Epoch 47/100	Loss 11.3909 ± 0.0488
INFO:test2.py:Epoch 48/100	Loss 11.3906 ± 0.0494
INFO:test2.py:Epoch 49/100	Loss 11.3904 ± 0.0489
INFO:test2.py:Epoch 50/100	Loss 11.3902 ± 0.0484
INFO:test2.py:Epoch 51/100	Loss 11.3900 ± 0.0488
INFO:test2.py:Epoch 52/100	Loss 11.3898 ± 0.0477
INFO:test2.py:Epoch 53/100	Loss 11.3896 ± 0.0478
INFO:test2.py:Epoch 54/100	Loss 11.3894 ± 0.0490
INFO:test2.py:Epoch 55/100	Loss 11.3892 ± 0.0482
INFO:test2.py:Epoch 56/100	Loss 11.3891 ± 0.0481
INFO:test2.py:Epoch 57/100	Loss 11.3889 ± 0.0485
INFO:test2.py:Epoch 58/100	Loss 11.3887 ± 0.0489
INFO:test2.py:Epoch 59/100	Loss 11.3885 ± 0.0483
INFO:test2.py:Epoch 60/100	Loss 11.3884 ± 0.0495
INFO:test2.py:Epoch 61/100	Loss 11.3882 ± 0.0489
INFO:test2.py:Epoch 62/100	Loss 11.3881 ± 0.0485
INFO:test2.py:Epoch 63/100	Loss 11.3879 ± 0.0486
INFO:test2.py:Epoch 64/100	Loss 11.3878 ± 0.0491
INFO:test2.py:Epoch 65/100	Loss 11.3876 ± 0.0475
INFO:test2.py:Epoch 66/100	Loss 11.3875 ± 0.0483
INFO:test2.py:Epoch 67/100	Loss 11.3874 ± 0.0485
INFO:test2.py:Epoch 68/100	Loss 11.3872 ± 0.0485
INFO:test2.py:Epoch 69/100	Loss 11.3871 ± 0.0489
INFO:test2.py:Epoch 70/100	Loss 11.3869 ± 0.0478
INFO:test2.py:Epoch 71/100	Loss 11.3868 ± 0.0483
INFO:test2.py:Epoch 72/100	Loss 11.3867 ± 0.0491
INFO:test2.py:Epoch 73/100	Loss 11.3866 ± 0.0481
INFO:test2.py:Epoch 74/100	Loss 11.3865 ± 0.0484
INFO:test2.py:Epoch 75/100	Loss 11.3863 ± 0.0481
INFO:test2.py:Epoch 76/100	Loss 11.3862 ± 0.0481
INFO:test2.py:Epoch 77/100	Loss 11.3861 ± 0.0479
INFO:test2.py:Epoch 78/100	Loss 11.3861 ± 0.0487
INFO:test2.py:Epoch 79/100	Loss 11.3859 ± 0.0486
INFO:test2.py:Epoch 80/100	Loss 11.3858 ± 0.0479
INFO:test2.py:Epoch 81/100	Loss 11.3858 ± 0.0487
INFO:test2.py:Epoch 82/100	Loss 11.3856 ± 0.0483
INFO:test2.py:Epoch 83/100	Loss 11.3855 ± 0.0487
INFO:test2.py:Epoch 84/100	Loss 11.3854 ± 0.0481
INFO:test2.py:Epoch 85/100	Loss 11.3854 ± 0.0482
INFO:test2.py:Epoch 86/100	Loss 11.3852 ± 0.0486
INFO:test2.py:Epoch 87/100	Loss 11.3852 ± 0.0483
INFO:test2.py:Epoch 88/100	Loss 11.3851 ± 0.0480
INFO:test2.py:Epoch 89/100	Loss 11.3850 ± 0.0483
INFO:test2.py:Epoch 90/100	Loss 11.3849 ± 0.0486
INFO:test2.py:Epoch 91/100	Loss 11.3848 ± 0.0480
INFO:test2.py:Epoch 92/100	Loss 11.3848 ± 0.0479
INFO:test2.py:Epoch 93/100	Loss 11.3847 ± 0.0482
INFO:test2.py:Epoch 94/100	Loss 11.3846 ± 0.0486
INFO:test2.py:Epoch 95/100	Loss 11.3845 ± 0.0489
INFO:test2.py:Epoch 96/100	Loss 11.3844 ± 0.0484
INFO:test2.py:Epoch 97/100	Loss 11.3844 ± 0.0487
INFO:test2.py:Epoch 98/100	Loss 11.3843 ± 0.0479
INFO:test2.py:Epoch 99/100	Loss 11.3842 ± 0.0487
INFO:test2.py:Epoch 100/100	Loss 11.3842 ± 0.0481
INFO:test2.py:is bad performing False
INFO:test2.py:Done training
INFO:test2.py:in evalute for dataset: 	valid
INFO:test2.py:batch start 	320000
INFO:test2.py:done
INFO:test2.py:done not filtered aucroc
INFO:test2.py:metrics done
INFO:test2.py:Error 	valid results	MRR 0.100604	H@1 0.034035	H@3 0.088232	H@10 0.225329	AU-ROC_raw -1.000000	AU-ROC_fil -1.000000
INFO:test2.py:in evalute for dataset: 	test
INFO:test2.py:batch start 	320000
INFO:test2.py:done
INFO:test2.py:done not filtered aucroc
INFO:test2.py:metrics done
INFO:test2.py:Error 	test results	MRR 0.100693	H@1 0.034104	H@3 0.088425	H@10 0.225677	AU-ROC_raw -1.000000	AU-ROC_fil -1.000000
/home/acalvi/anaconda3/envs/libkge_new/lib/python3.7/site-packages/tensorflow/python/framework/dtypes.py:516: FutureWarning: Passing (type, 1) or '1type' as a synonym of type is deprecated; in a future version of numpy, it will be understood as (type, (1,)) / '(1,)type'.
  _np_qint8 = np.dtype([("qint8", np.int8, 1)])
/home/acalvi/anaconda3/envs/libkge_new/lib/python3.7/site-packages/tensorflow/python/framework/dtypes.py:517: FutureWarning: Passing (type, 1) or '1type' as a synonym of type is deprecated; in a future version of numpy, it will be understood as (type, (1,)) / '(1,)type'.
  _np_quint8 = np.dtype([("quint8", np.uint8, 1)])
/home/acalvi/anaconda3/envs/libkge_new/lib/python3.7/site-packages/tensorflow/python/framework/dtypes.py:518: FutureWarning: Passing (type, 1) or '1type' as a synonym of type is deprecated; in a future version of numpy, it will be understood as (type, (1,)) / '(1,)type'.
  _np_qint16 = np.dtype([("qint16", np.int16, 1)])
/home/acalvi/anaconda3/envs/libkge_new/lib/python3.7/site-packages/tensorflow/python/framework/dtypes.py:519: FutureWarning: Passing (type, 1) or '1type' as a synonym of type is deprecated; in a future version of numpy, it will be understood as (type, (1,)) / '(1,)type'.
  _np_quint16 = np.dtype([("quint16", np.uint16, 1)])
/home/acalvi/anaconda3/envs/libkge_new/lib/python3.7/site-packages/tensorflow/python/framework/dtypes.py:520: FutureWarning: Passing (type, 1) or '1type' as a synonym of type is deprecated; in a future version of numpy, it will be understood as (type, (1,)) / '(1,)type'.
  _np_qint32 = np.dtype([("qint32", np.int32, 1)])
/home/acalvi/anaconda3/envs/libkge_new/lib/python3.7/site-packages/tensorflow/python/framework/dtypes.py:525: FutureWarning: Passing (type, 1) or '1type' as a synonym of type is deprecated; in a future version of numpy, it will be understood as (type, (1,)) / '(1,)type'.
  np_resource = np.dtype([("resource", np.ubyte, 1)])
/home/acalvi/anaconda3/envs/libkge_new/lib/python3.7/site-packages/tensorboard/compat/tensorflow_stub/dtypes.py:541: FutureWarning: Passing (type, 1) or '1type' as a synonym of type is deprecated; in a future version of numpy, it will be understood as (type, (1,)) / '(1,)type'.
  _np_qint8 = np.dtype([("qint8", np.int8, 1)])
/home/acalvi/anaconda3/envs/libkge_new/lib/python3.7/site-packages/tensorboard/compat/tensorflow_stub/dtypes.py:542: FutureWarning: Passing (type, 1) or '1type' as a synonym of type is deprecated; in a future version of numpy, it will be understood as (type, (1,)) / '(1,)type'.
  _np_quint8 = np.dtype([("quint8", np.uint8, 1)])
/home/acalvi/anaconda3/envs/libkge_new/lib/python3.7/site-packages/tensorboard/compat/tensorflow_stub/dtypes.py:543: FutureWarning: Passing (type, 1) or '1type' as a synonym of type is deprecated; in a future version of numpy, it will be understood as (type, (1,)) / '(1,)type'.
  _np_qint16 = np.dtype([("qint16", np.int16, 1)])
/home/acalvi/anaconda3/envs/libkge_new/lib/python3.7/site-packages/tensorboard/compat/tensorflow_stub/dtypes.py:544: FutureWarning: Passing (type, 1) or '1type' as a synonym of type is deprecated; in a future version of numpy, it will be understood as (type, (1,)) / '(1,)type'.
  _np_quint16 = np.dtype([("quint16", np.uint16, 1)])
/home/acalvi/anaconda3/envs/libkge_new/lib/python3.7/site-packages/tensorboard/compat/tensorflow_stub/dtypes.py:545: FutureWarning: Passing (type, 1) or '1type' as a synonym of type is deprecated; in a future version of numpy, it will be understood as (type, (1,)) / '(1,)type'.
  _np_qint32 = np.dtype([("qint32", np.int32, 1)])
/home/acalvi/anaconda3/envs/libkge_new/lib/python3.7/site-packages/tensorboard/compat/tensorflow_stub/dtypes.py:550: FutureWarning: Passing (type, 1) or '1type' as a synonym of type is deprecated; in a future version of numpy, it will be understood as (type, (1,)) / '(1,)type'.
  np_resource = np.dtype([("resource", np.ubyte, 1)])
