./test2.py --data pse --mcl True --batch-size 512 --epochs 100 --embedding-size 150 --learning-rate 0.1 --regulariser n3 --reg-weight 0.5 --optimizer adagrad --valid --quiet
MCL True
INFO:test2.py:Valid: True
INFO:test2.py:Device: cuda
curr directory /home/acalvi/Dissertation/Aladdin/biolink
Importing dataset files ... 
<class 'biolink.embeddings.models_mc.ComplEx_MC'>
INFO:test2.py:is tucker False
INFO:test2.py:settin tucker to FALSE
INFO:test2.py:Device: cuda
INFO:test2.py:Epoch 1/100	Loss 13.2329 ± 2.7756
INFO:test2.py:Epoch 2/100	Loss 13.0871 ± 2.3771
INFO:test2.py:Epoch 3/100	Loss 13.0513 ± 2.1506
INFO:test2.py:Epoch 4/100	Loss 13.0313 ± 1.9938
INFO:test2.py:Epoch 5/100	Loss 13.0177 ± 1.8751
INFO:test2.py:Epoch 6/100	Loss 13.0076 ± 1.7715
INFO:test2.py:Epoch 7/100	Loss 12.9996 ± 1.6854
INFO:test2.py:Epoch 8/100	Loss 12.9932 ± 1.6206
INFO:test2.py:Epoch 9/100	Loss 12.9878 ± 1.5441
INFO:test2.py:Epoch 10/100	Loss 12.9831 ± 1.4856
INFO:test2.py:Epoch 11/100	Loss 12.9791 ± 1.4317
INFO:test2.py:Epoch 12/100	Loss 12.9756 ± 1.3831
INFO:test2.py:Epoch 13/100	Loss 12.9724 ± 1.3392
INFO:test2.py:Epoch 14/100	Loss 12.9696 ± 1.2978
INFO:test2.py:Epoch 15/100	Loss 12.9671 ± 1.2595
INFO:test2.py:Epoch 16/100	Loss 12.9647 ± 1.2244
INFO:test2.py:Epoch 17/100	Loss 12.9626 ± 1.1943
INFO:test2.py:Epoch 18/100	Loss 12.9607 ± 1.1607
INFO:test2.py:Epoch 19/100	Loss 12.9589 ± 1.1698
INFO:test2.py:Epoch 20/100	Loss 12.9572 ± 1.1039
INFO:test2.py:Epoch 21/100	Loss 12.9556 ± 1.0781
INFO:test2.py:Epoch 22/100	Loss 12.9542 ± 1.0538
INFO:test2.py:Epoch 23/100	Loss 12.9528 ± 1.0303
INFO:test2.py:Epoch 24/100	Loss 12.9515 ± 1.0086
INFO:test2.py:Epoch 25/100	Loss 12.9503 ± 0.9877
INFO:test2.py:Epoch 26/100	Loss 12.9492 ± 0.9673
INFO:test2.py:Epoch 27/100	Loss 12.9481 ± 0.9481
INFO:test2.py:Epoch 28/100	Loss 12.9471 ± 0.9298
INFO:test2.py:Epoch 29/100	Loss 12.9461 ± 0.9124
INFO:test2.py:Epoch 30/100	Loss 12.9452 ± 0.8959
INFO:test2.py:Epoch 31/100	Loss 12.9444 ± 0.8789
INFO:test2.py:Epoch 32/100	Loss 12.9435 ± 0.8642
INFO:test2.py:Epoch 33/100	Loss 12.9427 ± 0.8492
INFO:test2.py:Epoch 34/100	Loss 12.9420 ± 0.8343
INFO:test2.py:Epoch 35/100	Loss 12.9412 ± 0.8204
INFO:test2.py:Epoch 36/100	Loss 12.9406 ± 0.8076
INFO:test2.py:Epoch 37/100	Loss 12.9399 ± 0.7945
INFO:test2.py:Epoch 38/100	Loss 12.9392 ± 0.7818
INFO:test2.py:Epoch 39/100	Loss 12.9386 ± 0.7705
INFO:test2.py:Epoch 40/100	Loss 12.9380 ± 0.7575
INFO:test2.py:Epoch 41/100	Loss 12.9375 ± 0.7466
INFO:test2.py:Epoch 42/100	Loss 12.9369 ± 0.7354
INFO:test2.py:Epoch 43/100	Loss 12.9364 ± 0.7257
INFO:test2.py:Epoch 44/100	Loss 12.9359 ± 0.7152
INFO:test2.py:Epoch 45/100	Loss 12.9354 ± 0.7044
INFO:test2.py:Epoch 46/100	Loss 12.9349 ± 0.6945
INFO:test2.py:Epoch 47/100	Loss 12.9345 ± 0.6856
INFO:test2.py:Epoch 48/100	Loss 12.9340 ± 0.6759
INFO:test2.py:Epoch 49/100	Loss 12.9336 ± 0.6675
INFO:test2.py:Validating
INFO:test2.py:batch start 	320000
INFO:test2.py:done
INFO:test2.py:metrics done
INFO:test2.py:Applying old dog tricks, ending training. MRR is 0.05984368949113621
INFO:test2.py:is bad performing True
INFO:test2.py:Done training
INFO:test2.py:Not checking test, since interrupted
/home/acalvi/anaconda3/envs/libkge_new/lib/python3.7/site-packages/tensorflow/python/framework/dtypes.py:516: FutureWarning: Passing (type, 1) or '1type' as a synonym of type is deprecated; in a future version of numpy, it will be understood as (type, (1,)) / '(1,)type'.
  _np_qint8 = np.dtype([("qint8", np.int8, 1)])
/home/acalvi/anaconda3/envs/libkge_new/lib/python3.7/site-packages/tensorflow/python/framework/dtypes.py:517: FutureWarning: Passing (type, 1) or '1type' as a synonym of type is deprecated; in a future version of numpy, it will be understood as (type, (1,)) / '(1,)type'.
  _np_quint8 = np.dtype([("quint8", np.uint8, 1)])
/home/acalvi/anaconda3/envs/libkge_new/lib/python3.7/site-packages/tensorflow/python/framework/dtypes.py:518: FutureWarning: Passing (type, 1) or '1type' as a synonym of type is deprecated; in a future version of numpy, it will be understood as (type, (1,)) / '(1,)type'.
  _np_qint16 = np.dtype([("qint16", np.int16, 1)])
/home/acalvi/anaconda3/envs/libkge_new/lib/python3.7/site-packages/tensorflow/python/framework/dtypes.py:519: FutureWarning: Passing (type, 1) or '1type' as a synonym of type is deprecated; in a future version of numpy, it will be understood as (type, (1,)) / '(1,)type'.
  _np_quint16 = np.dtype([("quint16", np.uint16, 1)])
/home/acalvi/anaconda3/envs/libkge_new/lib/python3.7/site-packages/tensorflow/python/framework/dtypes.py:520: FutureWarning: Passing (type, 1) or '1type' as a synonym of type is deprecated; in a future version of numpy, it will be understood as (type, (1,)) / '(1,)type'.
  _np_qint32 = np.dtype([("qint32", np.int32, 1)])
/home/acalvi/anaconda3/envs/libkge_new/lib/python3.7/site-packages/tensorflow/python/framework/dtypes.py:525: FutureWarning: Passing (type, 1) or '1type' as a synonym of type is deprecated; in a future version of numpy, it will be understood as (type, (1,)) / '(1,)type'.
  np_resource = np.dtype([("resource", np.ubyte, 1)])
/home/acalvi/anaconda3/envs/libkge_new/lib/python3.7/site-packages/tensorboard/compat/tensorflow_stub/dtypes.py:541: FutureWarning: Passing (type, 1) or '1type' as a synonym of type is deprecated; in a future version of numpy, it will be understood as (type, (1,)) / '(1,)type'.
  _np_qint8 = np.dtype([("qint8", np.int8, 1)])
/home/acalvi/anaconda3/envs/libkge_new/lib/python3.7/site-packages/tensorboard/compat/tensorflow_stub/dtypes.py:542: FutureWarning: Passing (type, 1) or '1type' as a synonym of type is deprecated; in a future version of numpy, it will be understood as (type, (1,)) / '(1,)type'.
  _np_quint8 = np.dtype([("quint8", np.uint8, 1)])
/home/acalvi/anaconda3/envs/libkge_new/lib/python3.7/site-packages/tensorboard/compat/tensorflow_stub/dtypes.py:543: FutureWarning: Passing (type, 1) or '1type' as a synonym of type is deprecated; in a future version of numpy, it will be understood as (type, (1,)) / '(1,)type'.
  _np_qint16 = np.dtype([("qint16", np.int16, 1)])
/home/acalvi/anaconda3/envs/libkge_new/lib/python3.7/site-packages/tensorboard/compat/tensorflow_stub/dtypes.py:544: FutureWarning: Passing (type, 1) or '1type' as a synonym of type is deprecated; in a future version of numpy, it will be understood as (type, (1,)) / '(1,)type'.
  _np_quint16 = np.dtype([("quint16", np.uint16, 1)])
/home/acalvi/anaconda3/envs/libkge_new/lib/python3.7/site-packages/tensorboard/compat/tensorflow_stub/dtypes.py:545: FutureWarning: Passing (type, 1) or '1type' as a synonym of type is deprecated; in a future version of numpy, it will be understood as (type, (1,)) / '(1,)type'.
  _np_qint32 = np.dtype([("qint32", np.int32, 1)])
/home/acalvi/anaconda3/envs/libkge_new/lib/python3.7/site-packages/tensorboard/compat/tensorflow_stub/dtypes.py:550: FutureWarning: Passing (type, 1) or '1type' as a synonym of type is deprecated; in a future version of numpy, it will be understood as (type, (1,)) / '(1,)type'.
  np_resource = np.dtype([("resource", np.ubyte, 1)])
