./test2.py --data pse --mcl True --batch-size 268 --epochs 100 --embedding-size 200 --learning-rate 0.01 --regulariser n3 --reg-weight 0.005 --optimizer adagrad --valid --quiet
MCL True
INFO:test2.py:Valid: True
INFO:test2.py:Device: cuda
curr directory /home/acalvi/Dissertation/Aladdin/biolink
Importing dataset files ... 
<class 'biolink.embeddings.models_mc.ComplEx_MC'>
INFO:test2.py:is tucker False
INFO:test2.py:Device: cuda
INFO:test2.py:Epoch 1/100	Loss 11.0838 ± 0.3465
INFO:test2.py:Epoch 2/100	Loss 10.7389 ± 0.0862
INFO:test2.py:Epoch 3/100	Loss 10.6514 ± 0.0794
INFO:test2.py:Epoch 4/100	Loss 10.6017 ± 0.0792
INFO:test2.py:Epoch 5/100	Loss 10.5668 ± 0.0787
INFO:test2.py:Epoch 6/100	Loss 10.5401 ± 0.0790
INFO:test2.py:Epoch 7/100	Loss 10.5185 ± 0.0784
INFO:test2.py:Epoch 8/100	Loss 10.5003 ± 0.0794
INFO:test2.py:Epoch 9/100	Loss 10.4847 ± 0.0786
INFO:test2.py:Epoch 10/100	Loss 10.4709 ± 0.0787
INFO:test2.py:Epoch 11/100	Loss 10.4586 ± 0.0796
INFO:test2.py:Epoch 12/100	Loss 10.4475 ± 0.0789
INFO:test2.py:Epoch 13/100	Loss 10.4375 ± 0.0781
INFO:test2.py:Epoch 14/100	Loss 10.4282 ± 0.0786
INFO:test2.py:Epoch 15/100	Loss 10.4197 ± 0.0788
INFO:test2.py:Epoch 16/100	Loss 10.4118 ± 0.0786
INFO:test2.py:Epoch 17/100	Loss 10.4044 ± 0.0784
INFO:test2.py:Epoch 18/100	Loss 10.3976 ± 0.0786
INFO:test2.py:Epoch 19/100	Loss 10.3911 ± 0.0783
INFO:test2.py:Epoch 20/100	Loss 10.3851 ± 0.0793
INFO:test2.py:Epoch 21/100	Loss 10.3794 ± 0.0783
INFO:test2.py:Epoch 22/100	Loss 10.3740 ± 0.0785
INFO:test2.py:Epoch 23/100	Loss 10.3689 ± 0.0794
INFO:test2.py:Epoch 24/100	Loss 10.3641 ± 0.0793
INFO:test2.py:Epoch 25/100	Loss 10.3596 ± 0.0797
INFO:test2.py:Epoch 26/100	Loss 10.3552 ± 0.0788
INFO:test2.py:Epoch 27/100	Loss 10.3511 ± 0.0789
INFO:test2.py:Epoch 28/100	Loss 10.3471 ± 0.0793
INFO:test2.py:Epoch 29/100	Loss 10.3434 ± 0.0782
INFO:test2.py:Epoch 30/100	Loss 10.3398 ± 0.0790
INFO:test2.py:Epoch 31/100	Loss 10.3364 ± 0.0796
INFO:test2.py:Epoch 32/100	Loss 10.3331 ± 0.0782
INFO:test2.py:Epoch 33/100	Loss 10.3299 ± 0.0792
INFO:test2.py:Epoch 34/100	Loss 10.3269 ± 0.0787
INFO:test2.py:Epoch 35/100	Loss 10.3240 ± 0.0784
INFO:test2.py:Epoch 36/100	Loss 10.3212 ± 0.0789
INFO:test2.py:Epoch 37/100	Loss 10.3185 ± 0.0787
INFO:test2.py:Epoch 38/100	Loss 10.3159 ± 0.0790
INFO:test2.py:Epoch 39/100	Loss 10.3134 ± 0.0786
INFO:test2.py:Epoch 40/100	Loss 10.3110 ± 0.0794
INFO:test2.py:Epoch 41/100	Loss 10.3087 ± 0.0792
INFO:test2.py:Epoch 42/100	Loss 10.3064 ± 0.0791
INFO:test2.py:Epoch 43/100	Loss 10.3042 ± 0.0788
INFO:test2.py:Epoch 44/100	Loss 10.3021 ± 0.0798
INFO:test2.py:Epoch 45/100	Loss 10.3001 ± 0.0790
INFO:test2.py:Epoch 46/100	Loss 10.2981 ± 0.0791
INFO:test2.py:Epoch 47/100	Loss 10.2962 ± 0.0784
INFO:test2.py:Epoch 48/100	Loss 10.2944 ± 0.0788
INFO:test2.py:Epoch 49/100	Loss 10.2926 ± 0.0789
INFO:test2.py:Epoch 50/100	Loss 10.2908 ± 0.0788
INFO:test2.py:Epoch 51/100	Loss 10.2891 ± 0.0788
INFO:test2.py:Epoch 52/100	Loss 10.2875 ± 0.0791
INFO:test2.py:Epoch 53/100	Loss 10.2859 ± 0.0792
INFO:test2.py:Epoch 54/100	Loss 10.2843 ± 0.0795
INFO:test2.py:Epoch 55/100	Loss 10.2828 ± 0.0791
INFO:test2.py:Epoch 56/100	Loss 10.2813 ± 0.0808
INFO:test2.py:Epoch 57/100	Loss 10.2799 ± 0.0787
INFO:test2.py:Epoch 58/100	Loss 10.2785 ± 0.0793
INFO:test2.py:Epoch 59/100	Loss 10.2771 ± 0.0794
INFO:test2.py:Epoch 60/100	Loss 10.2758 ± 0.0791
INFO:test2.py:Epoch 61/100	Loss 10.2745 ± 0.0790
INFO:test2.py:Epoch 62/100	Loss 10.2732 ± 0.0788
INFO:test2.py:Epoch 63/100	Loss 10.2719 ± 0.0799
INFO:test2.py:Epoch 64/100	Loss 10.2707 ± 0.0795
INFO:test2.py:Epoch 65/100	Loss 10.2695 ± 0.0787
INFO:test2.py:Epoch 66/100	Loss 10.2684 ± 0.0791
INFO:test2.py:Epoch 67/100	Loss 10.2673 ± 0.0791
INFO:test2.py:Epoch 68/100	Loss 10.2661 ± 0.0786
INFO:test2.py:Epoch 69/100	Loss 10.2651 ± 0.0799
INFO:test2.py:Epoch 70/100	Loss 10.2640 ± 0.0792
INFO:test2.py:Epoch 71/100	Loss 10.2630 ± 0.0803
INFO:test2.py:Epoch 72/100	Loss 10.2619 ± 0.0790
INFO:test2.py:Epoch 73/100	Loss 10.2609 ± 0.0789
INFO:test2.py:Epoch 74/100	Loss 10.2600 ± 0.0794
INFO:test2.py:Epoch 75/100	Loss 10.2590 ± 0.0789
INFO:test2.py:Epoch 76/100	Loss 10.2581 ± 0.0794
INFO:test2.py:Epoch 77/100	Loss 10.2571 ± 0.0800
INFO:test2.py:Epoch 78/100	Loss 10.2562 ± 0.0790
INFO:test2.py:Epoch 79/100	Loss 10.2554 ± 0.0789
INFO:test2.py:Epoch 80/100	Loss 10.2545 ± 0.0786
INFO:test2.py:Epoch 81/100	Loss 10.2536 ± 0.0794
INFO:test2.py:Epoch 82/100	Loss 10.2528 ± 0.0794
INFO:test2.py:Epoch 83/100	Loss 10.2520 ± 0.0781
INFO:test2.py:Epoch 84/100	Loss 10.2512 ± 0.0797
INFO:test2.py:Epoch 85/100	Loss 10.2504 ± 0.0794
INFO:test2.py:Epoch 86/100	Loss 10.2496 ± 0.0789
INFO:test2.py:Epoch 87/100	Loss 10.2488 ± 0.0792
INFO:test2.py:Epoch 88/100	Loss 10.2481 ± 0.0797
INFO:test2.py:Epoch 89/100	Loss 10.2473 ± 0.0793
INFO:test2.py:Epoch 90/100	Loss 10.2466 ± 0.0783
INFO:test2.py:Epoch 91/100	Loss 10.2459 ± 0.0797
INFO:test2.py:Epoch 92/100	Loss 10.2452 ± 0.0798
INFO:test2.py:Epoch 93/100	Loss 10.2445 ± 0.0787
INFO:test2.py:Epoch 94/100	Loss 10.2438 ± 0.0799
INFO:test2.py:Epoch 95/100	Loss 10.2431 ± 0.0793
INFO:test2.py:Epoch 96/100	Loss 10.2425 ± 0.0785
INFO:test2.py:Epoch 97/100	Loss 10.2418 ± 0.0789
INFO:test2.py:Epoch 98/100	Loss 10.2412 ± 0.0791
INFO:test2.py:Epoch 99/100	Loss 10.2405 ± 0.0789
INFO:test2.py:Epoch 100/100	Loss 10.2399 ± 0.0787
INFO:test2.py:is bad performing False
INFO:test2.py:Done training
INFO:test2.py:in evalute for dataset: 	valid
INFO:test2.py:done
INFO:test2.py:done not filtered aucroc
INFO:test2.py:metrics done
INFO:test2.py:Error 	valid results	MRR 0.135972	H@1 0.056033	H@3 0.129622	H@10 0.294140	AU-ROC_raw -1.000000	AU-ROC_fil -1.000000
INFO:test2.py:in evalute for dataset: 	test
INFO:test2.py:done
INFO:test2.py:done not filtered aucroc
INFO:test2.py:metrics done
INFO:test2.py:Error 	test results	MRR 0.136274	H@1 0.056084	H@3 0.130190	H@10 0.294781	AU-ROC_raw -1.000000	AU-ROC_fil -1.000000
/home/acalvi/anaconda3/envs/libkge_new/lib/python3.7/site-packages/tensorflow/python/framework/dtypes.py:516: FutureWarning: Passing (type, 1) or '1type' as a synonym of type is deprecated; in a future version of numpy, it will be understood as (type, (1,)) / '(1,)type'.
  _np_qint8 = np.dtype([("qint8", np.int8, 1)])
/home/acalvi/anaconda3/envs/libkge_new/lib/python3.7/site-packages/tensorflow/python/framework/dtypes.py:517: FutureWarning: Passing (type, 1) or '1type' as a synonym of type is deprecated; in a future version of numpy, it will be understood as (type, (1,)) / '(1,)type'.
  _np_quint8 = np.dtype([("quint8", np.uint8, 1)])
/home/acalvi/anaconda3/envs/libkge_new/lib/python3.7/site-packages/tensorflow/python/framework/dtypes.py:518: FutureWarning: Passing (type, 1) or '1type' as a synonym of type is deprecated; in a future version of numpy, it will be understood as (type, (1,)) / '(1,)type'.
  _np_qint16 = np.dtype([("qint16", np.int16, 1)])
/home/acalvi/anaconda3/envs/libkge_new/lib/python3.7/site-packages/tensorflow/python/framework/dtypes.py:519: FutureWarning: Passing (type, 1) or '1type' as a synonym of type is deprecated; in a future version of numpy, it will be understood as (type, (1,)) / '(1,)type'.
  _np_quint16 = np.dtype([("quint16", np.uint16, 1)])
/home/acalvi/anaconda3/envs/libkge_new/lib/python3.7/site-packages/tensorflow/python/framework/dtypes.py:520: FutureWarning: Passing (type, 1) or '1type' as a synonym of type is deprecated; in a future version of numpy, it will be understood as (type, (1,)) / '(1,)type'.
  _np_qint32 = np.dtype([("qint32", np.int32, 1)])
/home/acalvi/anaconda3/envs/libkge_new/lib/python3.7/site-packages/tensorflow/python/framework/dtypes.py:525: FutureWarning: Passing (type, 1) or '1type' as a synonym of type is deprecated; in a future version of numpy, it will be understood as (type, (1,)) / '(1,)type'.
  np_resource = np.dtype([("resource", np.ubyte, 1)])
/home/acalvi/anaconda3/envs/libkge_new/lib/python3.7/site-packages/tensorboard/compat/tensorflow_stub/dtypes.py:541: FutureWarning: Passing (type, 1) or '1type' as a synonym of type is deprecated; in a future version of numpy, it will be understood as (type, (1,)) / '(1,)type'.
  _np_qint8 = np.dtype([("qint8", np.int8, 1)])
/home/acalvi/anaconda3/envs/libkge_new/lib/python3.7/site-packages/tensorboard/compat/tensorflow_stub/dtypes.py:542: FutureWarning: Passing (type, 1) or '1type' as a synonym of type is deprecated; in a future version of numpy, it will be understood as (type, (1,)) / '(1,)type'.
  _np_quint8 = np.dtype([("quint8", np.uint8, 1)])
/home/acalvi/anaconda3/envs/libkge_new/lib/python3.7/site-packages/tensorboard/compat/tensorflow_stub/dtypes.py:543: FutureWarning: Passing (type, 1) or '1type' as a synonym of type is deprecated; in a future version of numpy, it will be understood as (type, (1,)) / '(1,)type'.
  _np_qint16 = np.dtype([("qint16", np.int16, 1)])
/home/acalvi/anaconda3/envs/libkge_new/lib/python3.7/site-packages/tensorboard/compat/tensorflow_stub/dtypes.py:544: FutureWarning: Passing (type, 1) or '1type' as a synonym of type is deprecated; in a future version of numpy, it will be understood as (type, (1,)) / '(1,)type'.
  _np_quint16 = np.dtype([("quint16", np.uint16, 1)])
/home/acalvi/anaconda3/envs/libkge_new/lib/python3.7/site-packages/tensorboard/compat/tensorflow_stub/dtypes.py:545: FutureWarning: Passing (type, 1) or '1type' as a synonym of type is deprecated; in a future version of numpy, it will be understood as (type, (1,)) / '(1,)type'.
  _np_qint32 = np.dtype([("qint32", np.int32, 1)])
/home/acalvi/anaconda3/envs/libkge_new/lib/python3.7/site-packages/tensorboard/compat/tensorflow_stub/dtypes.py:550: FutureWarning: Passing (type, 1) or '1type' as a synonym of type is deprecated; in a future version of numpy, it will be understood as (type, (1,)) / '(1,)type'.
  np_resource = np.dtype([("resource", np.ubyte, 1)])
