./test2.py --data pse --mcl True --batch-size 512 --epochs 100 --embedding-size 50 --learning-rate 0.1 --regulariser n3 --reg-weight 0.001 --optimizer adagrad --valid --quiet
MCL True
INFO:test2.py:Valid: True
INFO:test2.py:Device: cuda
curr directory /home/acalvi/Dissertation/Aladdin/biolink
Importing dataset files ... 
<class 'biolink.embeddings.models_mc.ComplEx_MC'>
INFO:test2.py:is tucker False
INFO:test2.py:settin tucker to FALSE
INFO:test2.py:Device: cuda
INFO:test2.py:Epoch 1/100	Loss 10.7312 ± 0.3864
INFO:test2.py:Epoch 2/100	Loss 10.3416 ± 0.0674
INFO:test2.py:Epoch 3/100	Loss 10.2594 ± 0.0611
INFO:test2.py:Epoch 4/100	Loss 10.2228 ± 0.0611
INFO:test2.py:Epoch 5/100	Loss 10.2017 ± 0.0614
INFO:test2.py:Epoch 6/100	Loss 10.1875 ± 0.0606
INFO:test2.py:Epoch 7/100	Loss 10.1772 ± 0.0611
INFO:test2.py:Epoch 8/100	Loss 10.1692 ± 0.0604
INFO:test2.py:Epoch 9/100	Loss 10.1629 ± 0.0609
INFO:test2.py:Epoch 10/100	Loss 10.1576 ± 0.0612
INFO:test2.py:Epoch 11/100	Loss 10.1531 ± 0.0605
INFO:test2.py:Epoch 12/100	Loss 10.1492 ± 0.0604
INFO:test2.py:Epoch 13/100	Loss 10.1459 ± 0.0619
INFO:test2.py:Epoch 14/100	Loss 10.1429 ± 0.0598
INFO:test2.py:Epoch 15/100	Loss 10.1402 ± 0.0612
INFO:test2.py:Epoch 16/100	Loss 10.1378 ± 0.0613
INFO:test2.py:Epoch 17/100	Loss 10.1356 ± 0.0613
INFO:test2.py:Epoch 18/100	Loss 10.1337 ± 0.0611
INFO:test2.py:Epoch 19/100	Loss 10.1318 ± 0.0608
INFO:test2.py:Epoch 20/100	Loss 10.1301 ± 0.0608
INFO:test2.py:Epoch 21/100	Loss 10.1286 ± 0.0601
INFO:test2.py:Epoch 22/100	Loss 10.1271 ± 0.0609
INFO:test2.py:Epoch 23/100	Loss 10.1257 ± 0.0606
INFO:test2.py:Epoch 24/100	Loss 10.1244 ± 0.0613
INFO:test2.py:Epoch 25/100	Loss 10.1232 ± 0.0611
INFO:test2.py:Epoch 26/100	Loss 10.1220 ± 0.0607
INFO:test2.py:Epoch 27/100	Loss 10.1208 ± 0.0596
INFO:test2.py:Epoch 28/100	Loss 10.1199 ± 0.0606
INFO:test2.py:Epoch 29/100	Loss 10.1189 ± 0.0604
INFO:test2.py:Epoch 30/100	Loss 10.1179 ± 0.0605
INFO:test2.py:Epoch 31/100	Loss 10.1170 ± 0.0610
INFO:test2.py:Epoch 32/100	Loss 10.1161 ± 0.0602
INFO:test2.py:Epoch 33/100	Loss 10.1154 ± 0.0599
INFO:test2.py:Epoch 34/100	Loss 10.1146 ± 0.0609
INFO:test2.py:Epoch 35/100	Loss 10.1138 ± 0.0606
INFO:test2.py:Epoch 36/100	Loss 10.1131 ± 0.0597
INFO:test2.py:Epoch 37/100	Loss 10.1123 ± 0.0612
INFO:test2.py:Epoch 38/100	Loss 10.1117 ± 0.0594
INFO:test2.py:Epoch 39/100	Loss 10.1110 ± 0.0604
INFO:test2.py:Epoch 40/100	Loss 10.1104 ± 0.0615
INFO:test2.py:Epoch 41/100	Loss 10.1098 ± 0.0608
INFO:test2.py:Epoch 42/100	Loss 10.1092 ± 0.0613
INFO:test2.py:Epoch 43/100	Loss 10.1086 ± 0.0605
INFO:test2.py:Epoch 44/100	Loss 10.1081 ± 0.0605
INFO:test2.py:Epoch 45/100	Loss 10.1076 ± 0.0604
INFO:test2.py:Epoch 46/100	Loss 10.1071 ± 0.0611
INFO:test2.py:Epoch 47/100	Loss 10.1065 ± 0.0603
INFO:test2.py:Epoch 48/100	Loss 10.1060 ± 0.0610
INFO:test2.py:Epoch 49/100	Loss 10.1055 ± 0.0604
INFO:test2.py:Validating
INFO:test2.py:batch start 	320000
INFO:test2.py:done
INFO:test2.py:metrics done
INFO:test2.py:Epoch 50/100	Loss 10.1051 ± 0.0613
INFO:test2.py:Epoch 51/100	Loss 10.1046 ± 0.0599
INFO:test2.py:Epoch 52/100	Loss 10.1042 ± 0.0604
INFO:test2.py:Epoch 53/100	Loss 10.1038 ± 0.0606
INFO:test2.py:Epoch 54/100	Loss 10.1033 ± 0.0604
INFO:test2.py:Epoch 55/100	Loss 10.1029 ± 0.0615
INFO:test2.py:Epoch 56/100	Loss 10.1025 ± 0.0601
INFO:test2.py:Epoch 57/100	Loss 10.1021 ± 0.0600
INFO:test2.py:Epoch 58/100	Loss 10.1017 ± 0.0605
INFO:test2.py:Epoch 59/100	Loss 10.1014 ± 0.0607
INFO:test2.py:Epoch 60/100	Loss 10.1010 ± 0.0608
INFO:test2.py:Epoch 61/100	Loss 10.1007 ± 0.0609
INFO:test2.py:Epoch 62/100	Loss 10.1003 ± 0.0607
INFO:test2.py:Epoch 63/100	Loss 10.1000 ± 0.0603
INFO:test2.py:Epoch 64/100	Loss 10.0996 ± 0.0603
INFO:test2.py:Epoch 65/100	Loss 10.0993 ± 0.0600
INFO:test2.py:Epoch 66/100	Loss 10.0990 ± 0.0610
INFO:test2.py:Epoch 67/100	Loss 10.0987 ± 0.0607
INFO:test2.py:Epoch 68/100	Loss 10.0984 ± 0.0608
INFO:test2.py:Epoch 69/100	Loss 10.0981 ± 0.0607
INFO:test2.py:Epoch 70/100	Loss 10.0978 ± 0.0605
INFO:test2.py:Epoch 71/100	Loss 10.0975 ± 0.0608
INFO:test2.py:Epoch 72/100	Loss 10.0972 ± 0.0607
INFO:test2.py:Epoch 73/100	Loss 10.0970 ± 0.0605
INFO:test2.py:Epoch 74/100	Loss 10.0967 ± 0.0602
INFO:test2.py:Epoch 75/100	Loss 10.0964 ± 0.0595
INFO:test2.py:Epoch 76/100	Loss 10.0961 ± 0.0612
INFO:test2.py:Epoch 77/100	Loss 10.0958 ± 0.0602
INFO:test2.py:Epoch 78/100	Loss 10.0955 ± 0.0603
INFO:test2.py:Epoch 79/100	Loss 10.0953 ± 0.0600
INFO:test2.py:Epoch 80/100	Loss 10.0951 ± 0.0604
INFO:test2.py:Epoch 81/100	Loss 10.0948 ± 0.0610
INFO:test2.py:Epoch 82/100	Loss 10.0946 ± 0.0597
INFO:test2.py:Epoch 83/100	Loss 10.0944 ± 0.0615
INFO:test2.py:Epoch 84/100	Loss 10.0941 ± 0.0603
INFO:test2.py:Epoch 85/100	Loss 10.0939 ± 0.0611
INFO:test2.py:Epoch 86/100	Loss 10.0938 ± 0.0608
INFO:test2.py:Epoch 87/100	Loss 10.0935 ± 0.0600
INFO:test2.py:Epoch 88/100	Loss 10.0933 ± 0.0610
INFO:test2.py:Epoch 89/100	Loss 10.0931 ± 0.0607
INFO:test2.py:Epoch 90/100	Loss 10.0928 ± 0.0607
INFO:test2.py:Epoch 91/100	Loss 10.0926 ± 0.0603
INFO:test2.py:Epoch 92/100	Loss 10.0924 ± 0.0602
INFO:test2.py:Epoch 93/100	Loss 10.0922 ± 0.0598
INFO:test2.py:Epoch 94/100	Loss 10.0920 ± 0.0603
INFO:test2.py:Epoch 95/100	Loss 10.0918 ± 0.0593
INFO:test2.py:Epoch 96/100	Loss 10.0916 ± 0.0605
INFO:test2.py:Epoch 97/100	Loss 10.0914 ± 0.0605
INFO:test2.py:Epoch 98/100	Loss 10.0913 ± 0.0598
INFO:test2.py:Epoch 99/100	Loss 10.0910 ± 0.0594
INFO:test2.py:Epoch 100/100	Loss 10.0908 ± 0.0605
INFO:test2.py:is bad performing False
INFO:test2.py:Done training
INFO:test2.py:in evalute for dataset: 	valid
INFO:test2.py:batch start 	320000
INFO:test2.py:done
INFO:test2.py:metrics done
INFO:test2.py:Error 	valid results	MRR 0.125923	H@1 0.049025	H@3 0.117140	H@10 0.276237	AU-ROC_raw -1.000000	AU-ROC_fil -1.000000
INFO:test2.py:in evalute for dataset: 	test
INFO:test2.py:batch start 	320000
INFO:test2.py:done
INFO:test2.py:metrics done
INFO:test2.py:Error 	test results	MRR 0.126274	H@1 0.049096	H@3 0.117903	H@10 0.277201	AU-ROC_raw -1.000000	AU-ROC_fil -1.000000
/home/acalvi/anaconda3/envs/libkge_new/lib/python3.7/site-packages/tensorflow/python/framework/dtypes.py:516: FutureWarning: Passing (type, 1) or '1type' as a synonym of type is deprecated; in a future version of numpy, it will be understood as (type, (1,)) / '(1,)type'.
  _np_qint8 = np.dtype([("qint8", np.int8, 1)])
/home/acalvi/anaconda3/envs/libkge_new/lib/python3.7/site-packages/tensorflow/python/framework/dtypes.py:517: FutureWarning: Passing (type, 1) or '1type' as a synonym of type is deprecated; in a future version of numpy, it will be understood as (type, (1,)) / '(1,)type'.
  _np_quint8 = np.dtype([("quint8", np.uint8, 1)])
/home/acalvi/anaconda3/envs/libkge_new/lib/python3.7/site-packages/tensorflow/python/framework/dtypes.py:518: FutureWarning: Passing (type, 1) or '1type' as a synonym of type is deprecated; in a future version of numpy, it will be understood as (type, (1,)) / '(1,)type'.
  _np_qint16 = np.dtype([("qint16", np.int16, 1)])
/home/acalvi/anaconda3/envs/libkge_new/lib/python3.7/site-packages/tensorflow/python/framework/dtypes.py:519: FutureWarning: Passing (type, 1) or '1type' as a synonym of type is deprecated; in a future version of numpy, it will be understood as (type, (1,)) / '(1,)type'.
  _np_quint16 = np.dtype([("quint16", np.uint16, 1)])
/home/acalvi/anaconda3/envs/libkge_new/lib/python3.7/site-packages/tensorflow/python/framework/dtypes.py:520: FutureWarning: Passing (type, 1) or '1type' as a synonym of type is deprecated; in a future version of numpy, it will be understood as (type, (1,)) / '(1,)type'.
  _np_qint32 = np.dtype([("qint32", np.int32, 1)])
/home/acalvi/anaconda3/envs/libkge_new/lib/python3.7/site-packages/tensorflow/python/framework/dtypes.py:525: FutureWarning: Passing (type, 1) or '1type' as a synonym of type is deprecated; in a future version of numpy, it will be understood as (type, (1,)) / '(1,)type'.
  np_resource = np.dtype([("resource", np.ubyte, 1)])
/home/acalvi/anaconda3/envs/libkge_new/lib/python3.7/site-packages/tensorboard/compat/tensorflow_stub/dtypes.py:541: FutureWarning: Passing (type, 1) or '1type' as a synonym of type is deprecated; in a future version of numpy, it will be understood as (type, (1,)) / '(1,)type'.
  _np_qint8 = np.dtype([("qint8", np.int8, 1)])
/home/acalvi/anaconda3/envs/libkge_new/lib/python3.7/site-packages/tensorboard/compat/tensorflow_stub/dtypes.py:542: FutureWarning: Passing (type, 1) or '1type' as a synonym of type is deprecated; in a future version of numpy, it will be understood as (type, (1,)) / '(1,)type'.
  _np_quint8 = np.dtype([("quint8", np.uint8, 1)])
/home/acalvi/anaconda3/envs/libkge_new/lib/python3.7/site-packages/tensorboard/compat/tensorflow_stub/dtypes.py:543: FutureWarning: Passing (type, 1) or '1type' as a synonym of type is deprecated; in a future version of numpy, it will be understood as (type, (1,)) / '(1,)type'.
  _np_qint16 = np.dtype([("qint16", np.int16, 1)])
/home/acalvi/anaconda3/envs/libkge_new/lib/python3.7/site-packages/tensorboard/compat/tensorflow_stub/dtypes.py:544: FutureWarning: Passing (type, 1) or '1type' as a synonym of type is deprecated; in a future version of numpy, it will be understood as (type, (1,)) / '(1,)type'.
  _np_quint16 = np.dtype([("quint16", np.uint16, 1)])
/home/acalvi/anaconda3/envs/libkge_new/lib/python3.7/site-packages/tensorboard/compat/tensorflow_stub/dtypes.py:545: FutureWarning: Passing (type, 1) or '1type' as a synonym of type is deprecated; in a future version of numpy, it will be understood as (type, (1,)) / '(1,)type'.
  _np_qint32 = np.dtype([("qint32", np.int32, 1)])
/home/acalvi/anaconda3/envs/libkge_new/lib/python3.7/site-packages/tensorboard/compat/tensorflow_stub/dtypes.py:550: FutureWarning: Passing (type, 1) or '1type' as a synonym of type is deprecated; in a future version of numpy, it will be understood as (type, (1,)) / '(1,)type'.
  np_resource = np.dtype([("resource", np.ubyte, 1)])
