./test2.py --data pse --mcl True --batch-size 512 --epochs 100 --embedding-size 100 --learning-rate 0.01 --regulariser n3 --reg-weight 0.01 --optimizer adagrad --valid --quiet
MCL True
INFO:test2.py:Valid: True
INFO:test2.py:Device: cuda
curr directory /home/acalvi/Dissertation/Aladdin/biolink
Importing dataset files ... 
<class 'biolink.embeddings.models_mc.ComplEx_MC'>
INFO:test2.py:is tucker False
INFO:test2.py:settin tucker to FALSE
INFO:test2.py:Device: cuda
INFO:test2.py:Epoch 1/100	Loss 11.1488 ± 0.3889
INFO:test2.py:Epoch 2/100	Loss 10.8427 ± 0.0599
INFO:test2.py:Epoch 3/100	Loss 10.7883 ± 0.0568
INFO:test2.py:Epoch 4/100	Loss 10.7588 ± 0.0558
INFO:test2.py:Epoch 5/100	Loss 10.7385 ± 0.0557
INFO:test2.py:Epoch 6/100	Loss 10.7231 ± 0.0556
INFO:test2.py:Epoch 7/100	Loss 10.7106 ± 0.0557
INFO:test2.py:Epoch 8/100	Loss 10.7001 ± 0.0560
INFO:test2.py:Epoch 9/100	Loss 10.6910 ± 0.0561
INFO:test2.py:Epoch 10/100	Loss 10.6830 ± 0.0562
INFO:test2.py:Epoch 11/100	Loss 10.6758 ± 0.0564
INFO:test2.py:Epoch 12/100	Loss 10.6693 ± 0.0557
INFO:test2.py:Epoch 13/100	Loss 10.6634 ± 0.0563
INFO:test2.py:Epoch 14/100	Loss 10.6580 ± 0.0565
INFO:test2.py:Epoch 15/100	Loss 10.6529 ± 0.0555
INFO:test2.py:Epoch 16/100	Loss 10.6482 ± 0.0566
INFO:test2.py:Epoch 17/100	Loss 10.6438 ± 0.0552
INFO:test2.py:Epoch 18/100	Loss 10.6397 ± 0.0554
INFO:test2.py:Epoch 19/100	Loss 10.6358 ± 0.0555
INFO:test2.py:Epoch 20/100	Loss 10.6321 ± 0.0558
INFO:test2.py:Epoch 21/100	Loss 10.6286 ± 0.0560
INFO:test2.py:Epoch 22/100	Loss 10.6253 ± 0.0563
INFO:test2.py:Epoch 23/100	Loss 10.6222 ± 0.0550
INFO:test2.py:Epoch 24/100	Loss 10.6192 ± 0.0546
INFO:test2.py:Epoch 25/100	Loss 10.6163 ± 0.0560
INFO:test2.py:Epoch 26/100	Loss 10.6135 ± 0.0559
INFO:test2.py:Epoch 27/100	Loss 10.6109 ± 0.0553
INFO:test2.py:Epoch 28/100	Loss 10.6084 ± 0.0556
INFO:test2.py:Epoch 29/100	Loss 10.6059 ± 0.0551
INFO:test2.py:Epoch 30/100	Loss 10.6036 ± 0.0556
INFO:test2.py:Epoch 31/100	Loss 10.6014 ± 0.0559
INFO:test2.py:Epoch 32/100	Loss 10.5992 ± 0.0556
INFO:test2.py:Epoch 33/100	Loss 10.5971 ± 0.0557
INFO:test2.py:Epoch 34/100	Loss 10.5951 ± 0.0552
INFO:test2.py:Epoch 35/100	Loss 10.5931 ± 0.0558
INFO:test2.py:Epoch 36/100	Loss 10.5912 ± 0.0552
INFO:test2.py:Epoch 37/100	Loss 10.5893 ± 0.0560
INFO:test2.py:Epoch 38/100	Loss 10.5876 ± 0.0560
INFO:test2.py:Epoch 39/100	Loss 10.5859 ± 0.0551
INFO:test2.py:Epoch 40/100	Loss 10.5842 ± 0.0548
INFO:test2.py:Epoch 41/100	Loss 10.5826 ± 0.0560
INFO:test2.py:Epoch 42/100	Loss 10.5810 ± 0.0554
INFO:test2.py:Epoch 43/100	Loss 10.5795 ± 0.0554
INFO:test2.py:Epoch 44/100	Loss 10.5780 ± 0.0553
INFO:test2.py:Epoch 45/100	Loss 10.5766 ± 0.0554
INFO:test2.py:Epoch 46/100	Loss 10.5752 ± 0.0556
INFO:test2.py:Epoch 47/100	Loss 10.5738 ± 0.0548
INFO:test2.py:Epoch 48/100	Loss 10.5725 ± 0.0551
INFO:test2.py:Epoch 49/100	Loss 10.5713 ± 0.0561
INFO:test2.py:Validating
INFO:test2.py:batch start 	320000
INFO:test2.py:done
INFO:test2.py:metrics done
INFO:test2.py:Epoch 50/100	Loss 10.5700 ± 0.0552
INFO:test2.py:Epoch 51/100	Loss 10.5688 ± 0.0560
INFO:test2.py:Epoch 52/100	Loss 10.5676 ± 0.0558
INFO:test2.py:Epoch 53/100	Loss 10.5664 ± 0.0559
INFO:test2.py:Epoch 54/100	Loss 10.5653 ± 0.0553
INFO:test2.py:Epoch 55/100	Loss 10.5642 ± 0.0552
INFO:test2.py:Epoch 56/100	Loss 10.5631 ± 0.0557
INFO:test2.py:Epoch 57/100	Loss 10.5621 ± 0.0555
INFO:test2.py:Epoch 58/100	Loss 10.5610 ± 0.0554
INFO:test2.py:Epoch 59/100	Loss 10.5600 ± 0.0554
INFO:test2.py:Epoch 60/100	Loss 10.5590 ± 0.0556
INFO:test2.py:Epoch 61/100	Loss 10.5581 ± 0.0552
INFO:test2.py:Epoch 62/100	Loss 10.5571 ± 0.0559
INFO:test2.py:Epoch 63/100	Loss 10.5562 ± 0.0549
INFO:test2.py:Epoch 64/100	Loss 10.5553 ± 0.0557
INFO:test2.py:Epoch 65/100	Loss 10.5544 ± 0.0558
INFO:test2.py:Epoch 66/100	Loss 10.5535 ± 0.0559
INFO:test2.py:Epoch 67/100	Loss 10.5527 ± 0.0555
INFO:test2.py:Epoch 68/100	Loss 10.5519 ± 0.0559
INFO:test2.py:Epoch 69/100	Loss 10.5511 ± 0.0561
INFO:test2.py:Epoch 70/100	Loss 10.5503 ± 0.0550
INFO:test2.py:Epoch 71/100	Loss 10.5495 ± 0.0553
INFO:test2.py:Epoch 72/100	Loss 10.5488 ± 0.0557
INFO:test2.py:Epoch 73/100	Loss 10.5480 ± 0.0546
INFO:test2.py:Epoch 74/100	Loss 10.5473 ± 0.0564
INFO:test2.py:Epoch 75/100	Loss 10.5466 ± 0.0553
INFO:test2.py:Epoch 76/100	Loss 10.5458 ± 0.0566
INFO:test2.py:Epoch 77/100	Loss 10.5452 ± 0.0546
INFO:test2.py:Epoch 78/100	Loss 10.5445 ± 0.0563
INFO:test2.py:Epoch 79/100	Loss 10.5438 ± 0.0552
INFO:test2.py:Epoch 80/100	Loss 10.5432 ± 0.0549
INFO:test2.py:Epoch 81/100	Loss 10.5426 ± 0.0553
INFO:test2.py:Epoch 82/100	Loss 10.5420 ± 0.0558
INFO:test2.py:Epoch 83/100	Loss 10.5413 ± 0.0547
INFO:test2.py:Epoch 84/100	Loss 10.5407 ± 0.0558
INFO:test2.py:Epoch 85/100	Loss 10.5402 ± 0.0548
INFO:test2.py:Epoch 86/100	Loss 10.5395 ± 0.0551
INFO:test2.py:Epoch 87/100	Loss 10.5390 ± 0.0559
INFO:test2.py:Epoch 88/100	Loss 10.5384 ± 0.0551
INFO:test2.py:Epoch 89/100	Loss 10.5378 ± 0.0556
INFO:test2.py:Epoch 90/100	Loss 10.5373 ± 0.0550
INFO:test2.py:Epoch 91/100	Loss 10.5367 ± 0.0551
INFO:test2.py:Epoch 92/100	Loss 10.5362 ± 0.0548
INFO:test2.py:Epoch 93/100	Loss 10.5357 ± 0.0552
INFO:test2.py:Epoch 94/100	Loss 10.5352 ± 0.0549
INFO:test2.py:Epoch 95/100	Loss 10.5347 ± 0.0551
INFO:test2.py:Epoch 96/100	Loss 10.5342 ± 0.0547
INFO:test2.py:Epoch 97/100	Loss 10.5337 ± 0.0552
INFO:test2.py:Epoch 98/100	Loss 10.5332 ± 0.0549
INFO:test2.py:Epoch 99/100	Loss 10.5327 ± 0.0554
INFO:test2.py:Epoch 100/100	Loss 10.5322 ± 0.0557
INFO:test2.py:is bad performing False
INFO:test2.py:Done training
INFO:test2.py:in evalute for dataset: 	valid
INFO:test2.py:batch start 	320000
INFO:test2.py:done
INFO:test2.py:metrics done
INFO:test2.py:Error 	valid results	MRR 0.123632	H@1 0.048019	H@3 0.114764	H@10 0.271329	AU-ROC_raw -1.000000	AU-ROC_fil -1.000000
INFO:test2.py:in evalute for dataset: 	test
INFO:test2.py:batch start 	320000
INFO:test2.py:done
INFO:test2.py:metrics done
INFO:test2.py:Error 	test results	MRR 0.123998	H@1 0.048071	H@3 0.115402	H@10 0.272608	AU-ROC_raw -1.000000	AU-ROC_fil -1.000000
/home/acalvi/anaconda3/envs/libkge_new/lib/python3.7/site-packages/tensorflow/python/framework/dtypes.py:516: FutureWarning: Passing (type, 1) or '1type' as a synonym of type is deprecated; in a future version of numpy, it will be understood as (type, (1,)) / '(1,)type'.
  _np_qint8 = np.dtype([("qint8", np.int8, 1)])
/home/acalvi/anaconda3/envs/libkge_new/lib/python3.7/site-packages/tensorflow/python/framework/dtypes.py:517: FutureWarning: Passing (type, 1) or '1type' as a synonym of type is deprecated; in a future version of numpy, it will be understood as (type, (1,)) / '(1,)type'.
  _np_quint8 = np.dtype([("quint8", np.uint8, 1)])
/home/acalvi/anaconda3/envs/libkge_new/lib/python3.7/site-packages/tensorflow/python/framework/dtypes.py:518: FutureWarning: Passing (type, 1) or '1type' as a synonym of type is deprecated; in a future version of numpy, it will be understood as (type, (1,)) / '(1,)type'.
  _np_qint16 = np.dtype([("qint16", np.int16, 1)])
/home/acalvi/anaconda3/envs/libkge_new/lib/python3.7/site-packages/tensorflow/python/framework/dtypes.py:519: FutureWarning: Passing (type, 1) or '1type' as a synonym of type is deprecated; in a future version of numpy, it will be understood as (type, (1,)) / '(1,)type'.
  _np_quint16 = np.dtype([("quint16", np.uint16, 1)])
/home/acalvi/anaconda3/envs/libkge_new/lib/python3.7/site-packages/tensorflow/python/framework/dtypes.py:520: FutureWarning: Passing (type, 1) or '1type' as a synonym of type is deprecated; in a future version of numpy, it will be understood as (type, (1,)) / '(1,)type'.
  _np_qint32 = np.dtype([("qint32", np.int32, 1)])
/home/acalvi/anaconda3/envs/libkge_new/lib/python3.7/site-packages/tensorflow/python/framework/dtypes.py:525: FutureWarning: Passing (type, 1) or '1type' as a synonym of type is deprecated; in a future version of numpy, it will be understood as (type, (1,)) / '(1,)type'.
  np_resource = np.dtype([("resource", np.ubyte, 1)])
/home/acalvi/anaconda3/envs/libkge_new/lib/python3.7/site-packages/tensorboard/compat/tensorflow_stub/dtypes.py:541: FutureWarning: Passing (type, 1) or '1type' as a synonym of type is deprecated; in a future version of numpy, it will be understood as (type, (1,)) / '(1,)type'.
  _np_qint8 = np.dtype([("qint8", np.int8, 1)])
/home/acalvi/anaconda3/envs/libkge_new/lib/python3.7/site-packages/tensorboard/compat/tensorflow_stub/dtypes.py:542: FutureWarning: Passing (type, 1) or '1type' as a synonym of type is deprecated; in a future version of numpy, it will be understood as (type, (1,)) / '(1,)type'.
  _np_quint8 = np.dtype([("quint8", np.uint8, 1)])
/home/acalvi/anaconda3/envs/libkge_new/lib/python3.7/site-packages/tensorboard/compat/tensorflow_stub/dtypes.py:543: FutureWarning: Passing (type, 1) or '1type' as a synonym of type is deprecated; in a future version of numpy, it will be understood as (type, (1,)) / '(1,)type'.
  _np_qint16 = np.dtype([("qint16", np.int16, 1)])
/home/acalvi/anaconda3/envs/libkge_new/lib/python3.7/site-packages/tensorboard/compat/tensorflow_stub/dtypes.py:544: FutureWarning: Passing (type, 1) or '1type' as a synonym of type is deprecated; in a future version of numpy, it will be understood as (type, (1,)) / '(1,)type'.
  _np_quint16 = np.dtype([("quint16", np.uint16, 1)])
/home/acalvi/anaconda3/envs/libkge_new/lib/python3.7/site-packages/tensorboard/compat/tensorflow_stub/dtypes.py:545: FutureWarning: Passing (type, 1) or '1type' as a synonym of type is deprecated; in a future version of numpy, it will be understood as (type, (1,)) / '(1,)type'.
  _np_qint32 = np.dtype([("qint32", np.int32, 1)])
/home/acalvi/anaconda3/envs/libkge_new/lib/python3.7/site-packages/tensorboard/compat/tensorflow_stub/dtypes.py:550: FutureWarning: Passing (type, 1) or '1type' as a synonym of type is deprecated; in a future version of numpy, it will be understood as (type, (1,)) / '(1,)type'.
  np_resource = np.dtype([("resource", np.ubyte, 1)])
/home/acalvi/Dissertation/Aladdin/biolink/testing/experiment_ComplEx.py:184: FutureWarning: elementwise comparison failed; returning scalar instead, but in the future will perform elementwise comparison
  if data == 'pse':
