./test2.py --data pse --mcl True --batch-size 512 --epochs 100 --embedding-size 50 --learning-rate 0.1 --regulariser n3 --reg-weight 0.5 --optimizer adagrad --valid --quiet
MCL True
INFO:test2.py:Valid: True
INFO:test2.py:Device: cuda
curr directory /home/acalvi/Dissertation/Aladdin/biolink
Importing dataset files ... 
<class 'biolink.embeddings.models_mc.ComplEx_MC'>
INFO:test2.py:is tucker False
INFO:test2.py:settin tucker to FALSE
INFO:test2.py:Device: cuda
INFO:test2.py:Epoch 1/100	Loss 13.1565 ± 1.1297
INFO:test2.py:Epoch 2/100	Loss 13.0462 ± 0.7757
INFO:test2.py:Epoch 3/100	Loss 13.0151 ± 0.6490
INFO:test2.py:Epoch 4/100	Loss 12.9979 ± 0.5584
INFO:test2.py:Epoch 5/100	Loss 12.9865 ± 0.5044
INFO:test2.py:Epoch 6/100	Loss 12.9784 ± 0.4595
INFO:test2.py:Epoch 7/100	Loss 12.9725 ± 0.4272
INFO:test2.py:Epoch 8/100	Loss 12.9678 ± 0.4025
INFO:test2.py:Epoch 9/100	Loss 12.9641 ± 0.3790
INFO:test2.py:Epoch 10/100	Loss 12.9612 ± 0.3592
INFO:test2.py:Epoch 11/100	Loss 12.9587 ± 0.3427
INFO:test2.py:Epoch 12/100	Loss 12.9566 ± 0.3279
INFO:test2.py:Epoch 13/100	Loss 12.9549 ± 0.3157
INFO:test2.py:Epoch 14/100	Loss 12.9534 ± 0.3032
INFO:test2.py:Epoch 15/100	Loss 12.9521 ± 0.2927
INFO:test2.py:Epoch 16/100	Loss 12.9509 ± 0.2831
INFO:test2.py:Epoch 17/100	Loss 12.9499 ± 0.2744
INFO:test2.py:Epoch 18/100	Loss 12.9490 ± 0.2663
INFO:test2.py:Epoch 19/100	Loss 12.9482 ± 0.2584
INFO:test2.py:Epoch 20/100	Loss 12.9475 ± 0.2556
INFO:test2.py:Epoch 21/100	Loss 12.9469 ± 0.2449
INFO:test2.py:Epoch 22/100	Loss 12.9463 ± 0.2385
INFO:test2.py:Epoch 23/100	Loss 12.9458 ± 0.2327
INFO:test2.py:Epoch 24/100	Loss 12.9453 ± 0.2277
INFO:test2.py:Epoch 25/100	Loss 12.9449 ± 0.2223
INFO:test2.py:Epoch 26/100	Loss 12.9445 ± 0.2171
INFO:test2.py:Epoch 27/100	Loss 12.9441 ± 0.2124
INFO:test2.py:Epoch 28/100	Loss 12.9437 ± 0.2080
INFO:test2.py:Epoch 29/100	Loss 12.9434 ± 0.2040
INFO:test2.py:Epoch 30/100	Loss 12.9431 ± 0.2019
INFO:test2.py:Epoch 31/100	Loss 12.9428 ± 0.1960
INFO:test2.py:Epoch 32/100	Loss 12.9426 ± 0.1925
INFO:test2.py:Epoch 33/100	Loss 12.9424 ± 0.1889
INFO:test2.py:Epoch 34/100	Loss 12.9421 ± 0.1872
INFO:test2.py:Epoch 35/100	Loss 12.9419 ± 0.1827
INFO:test2.py:Epoch 36/100	Loss 12.9417 ± 0.1798
INFO:test2.py:Epoch 37/100	Loss 12.9415 ± 0.1759
INFO:test2.py:Epoch 38/100	Loss 12.9414 ± 0.1730
INFO:test2.py:Epoch 39/100	Loss 12.9412 ± 0.1706
INFO:test2.py:Epoch 40/100	Loss 12.9410 ± 0.1678
INFO:test2.py:Epoch 41/100	Loss 12.9409 ± 0.1652
INFO:test2.py:Epoch 42/100	Loss 12.9407 ± 0.1626
INFO:test2.py:Epoch 43/100	Loss 12.9406 ± 0.1601
INFO:test2.py:Epoch 44/100	Loss 12.9405 ± 0.1579
INFO:test2.py:Epoch 45/100	Loss 12.9404 ± 0.1558
INFO:test2.py:Epoch 46/100	Loss 12.9402 ± 0.1537
INFO:test2.py:Epoch 47/100	Loss 12.9401 ± 0.1517
INFO:test2.py:Epoch 48/100	Loss 12.9400 ± 0.1494
INFO:test2.py:Epoch 49/100	Loss 12.9399 ± 0.1476
INFO:test2.py:Validating
INFO:test2.py:batch start 	320000
INFO:test2.py:done
INFO:test2.py:metrics done
/home/acalvi/anaconda3/envs/libkge_new/lib/python3.7/site-packages/tensorflow/python/framework/dtypes.py:516: FutureWarning: Passing (type, 1) or '1type' as a synonym of type is deprecated; in a future version of numpy, it will be understood as (type, (1,)) / '(1,)type'.
  _np_qint8 = np.dtype([("qint8", np.int8, 1)])
/home/acalvi/anaconda3/envs/libkge_new/lib/python3.7/site-packages/tensorflow/python/framework/dtypes.py:517: FutureWarning: Passing (type, 1) or '1type' as a synonym of type is deprecated; in a future version of numpy, it will be understood as (type, (1,)) / '(1,)type'.
  _np_quint8 = np.dtype([("quint8", np.uint8, 1)])
/home/acalvi/anaconda3/envs/libkge_new/lib/python3.7/site-packages/tensorflow/python/framework/dtypes.py:518: FutureWarning: Passing (type, 1) or '1type' as a synonym of type is deprecated; in a future version of numpy, it will be understood as (type, (1,)) / '(1,)type'.
  _np_qint16 = np.dtype([("qint16", np.int16, 1)])
/home/acalvi/anaconda3/envs/libkge_new/lib/python3.7/site-packages/tensorflow/python/framework/dtypes.py:519: FutureWarning: Passing (type, 1) or '1type' as a synonym of type is deprecated; in a future version of numpy, it will be understood as (type, (1,)) / '(1,)type'.
  _np_quint16 = np.dtype([("quint16", np.uint16, 1)])
/home/acalvi/anaconda3/envs/libkge_new/lib/python3.7/site-packages/tensorflow/python/framework/dtypes.py:520: FutureWarning: Passing (type, 1) or '1type' as a synonym of type is deprecated; in a future version of numpy, it will be understood as (type, (1,)) / '(1,)type'.
  _np_qint32 = np.dtype([("qint32", np.int32, 1)])
/home/acalvi/anaconda3/envs/libkge_new/lib/python3.7/site-packages/tensorflow/python/framework/dtypes.py:525: FutureWarning: Passing (type, 1) or '1type' as a synonym of type is deprecated; in a future version of numpy, it will be understood as (type, (1,)) / '(1,)type'.
  np_resource = np.dtype([("resource", np.ubyte, 1)])
/home/acalvi/anaconda3/envs/libkge_new/lib/python3.7/site-packages/tensorboard/compat/tensorflow_stub/dtypes.py:541: FutureWarning: Passing (type, 1) or '1type' as a synonym of type is deprecated; in a future version of numpy, it will be understood as (type, (1,)) / '(1,)type'.
  _np_qint8 = np.dtype([("qint8", np.int8, 1)])
/home/acalvi/anaconda3/envs/libkge_new/lib/python3.7/site-packages/tensorboard/compat/tensorflow_stub/dtypes.py:542: FutureWarning: Passing (type, 1) or '1type' as a synonym of type is deprecated; in a future version of numpy, it will be understood as (type, (1,)) / '(1,)type'.
  _np_quint8 = np.dtype([("quint8", np.uint8, 1)])
/home/acalvi/anaconda3/envs/libkge_new/lib/python3.7/site-packages/tensorboard/compat/tensorflow_stub/dtypes.py:543: FutureWarning: Passing (type, 1) or '1type' as a synonym of type is deprecated; in a future version of numpy, it will be understood as (type, (1,)) / '(1,)type'.
  _np_qint16 = np.dtype([("qint16", np.int16, 1)])
/home/acalvi/anaconda3/envs/libkge_new/lib/python3.7/site-packages/tensorboard/compat/tensorflow_stub/dtypes.py:544: FutureWarning: Passing (type, 1) or '1type' as a synonym of type is deprecated; in a future version of numpy, it will be understood as (type, (1,)) / '(1,)type'.
  _np_quint16 = np.dtype([("quint16", np.uint16, 1)])
/home/acalvi/anaconda3/envs/libkge_new/lib/python3.7/site-packages/tensorboard/compat/tensorflow_stub/dtypes.py:545: FutureWarning: Passing (type, 1) or '1type' as a synonym of type is deprecated; in a future version of numpy, it will be understood as (type, (1,)) / '(1,)type'.
  _np_qint32 = np.dtype([("qint32", np.int32, 1)])
/home/acalvi/anaconda3/envs/libkge_new/lib/python3.7/site-packages/tensorboard/compat/tensorflow_stub/dtypes.py:550: FutureWarning: Passing (type, 1) or '1type' as a synonym of type is deprecated; in a future version of numpy, it will be understood as (type, (1,)) / '(1,)type'.
  np_resource = np.dtype([("resource", np.ubyte, 1)])
Traceback (most recent call last):
  File "./test2.py", line 15, in <module>
    main(sys.argv[1:])
  File "./test2.py", line 10, in main
    experiment_ComplEx.main(argv)
  File "/home/acalvi/Dissertation/Aladdin/biolink/testing/experiment_ComplEx.py", line 171, in main
    train.train(model, regulariser, optimizer, train_data, valid_data, bench_idx_data, args, scheduler=scheduler)
  File "/home/acalvi/Dissertation/Aladdin/biolink/utility/train.py", line 40, in train
    train_mc(model, regulariser, optimiser, data, valid_data, all_data, args, scheduler=scheduler)
  File "/home/acalvi/Dissertation/Aladdin/biolink/utility/train.py", line 243, in train_mc
    logger.info(f'Applying old dog tricks, ending training. MRR is {best_val_mrr}')
NameError: name 'best_val_mrr' is not defined
