./test2.py --data pse --mcl True --batch-size 268 --epochs 100 --embedding-size 150 --learning-rate 0.01 --regulariser n3 --reg-weight 0.5 --optimizer adagrad --valid --quiet
MCL True
INFO:test2.py:Valid: True
INFO:test2.py:Device: cuda
curr directory /home/acalvi/Dissertation/Aladdin/biolink
Importing dataset files ... 
<class 'biolink.embeddings.models_mc.ComplEx_MC'>
INFO:test2.py:is tucker False
INFO:test2.py:settin tucker to FALSE
INFO:test2.py:Device: cuda
INFO:test2.py:Epoch 1/100	Loss 12.9401 ± 0.0992
INFO:test2.py:Epoch 2/100	Loss 12.9385 ± 0.0943
INFO:test2.py:Epoch 3/100	Loss 12.9382 ± 0.0914
INFO:test2.py:Epoch 4/100	Loss 12.9381 ± 0.0890
INFO:test2.py:Epoch 5/100	Loss 12.9379 ± 0.0875
INFO:test2.py:Epoch 6/100	Loss 12.9322 ± 0.0869
INFO:test2.py:Epoch 7/100	Loss 12.9238 ± 0.0865
INFO:test2.py:Epoch 8/100	Loss 12.9204 ± 0.0868
INFO:test2.py:Epoch 9/100	Loss 12.9186 ± 0.0851
INFO:test2.py:Epoch 10/100	Loss 12.9175 ± 0.0846
INFO:test2.py:Epoch 11/100	Loss 12.9168 ± 0.0839
INFO:test2.py:Epoch 12/100	Loss 12.9162 ± 0.0833
INFO:test2.py:Epoch 13/100	Loss 12.9158 ± 0.0825
INFO:test2.py:Epoch 14/100	Loss 12.9154 ± 0.0822
INFO:test2.py:Epoch 15/100	Loss 12.9151 ± 0.0813
INFO:test2.py:Epoch 16/100	Loss 12.9149 ± 0.0808
INFO:test2.py:Epoch 17/100	Loss 12.9147 ± 0.0803
INFO:test2.py:Epoch 18/100	Loss 12.9145 ± 0.0794
INFO:test2.py:Epoch 19/100	Loss 12.9143 ± 0.0827
INFO:test2.py:Epoch 20/100	Loss 12.9141 ± 0.0781
INFO:test2.py:Epoch 21/100	Loss 12.9140 ± 0.0778
INFO:test2.py:Epoch 22/100	Loss 12.9139 ± 0.0774
INFO:test2.py:Epoch 23/100	Loss 12.9138 ± 0.0766
INFO:test2.py:Epoch 24/100	Loss 12.9137 ± 0.0760
INFO:test2.py:Epoch 25/100	Loss 12.9136 ± 0.0758
INFO:test2.py:Epoch 26/100	Loss 12.9135 ± 0.0749
INFO:test2.py:Epoch 27/100	Loss 12.9134 ± 0.0746
INFO:test2.py:Epoch 28/100	Loss 12.9133 ± 0.0740
INFO:test2.py:Epoch 29/100	Loss 12.9133 ± 0.0736
INFO:test2.py:Epoch 30/100	Loss 12.9132 ± 0.0731
INFO:test2.py:Epoch 31/100	Loss 12.9131 ± 0.0726
INFO:test2.py:Epoch 32/100	Loss 12.9131 ± 0.0725
INFO:test2.py:Epoch 33/100	Loss 12.9130 ± 0.0719
INFO:test2.py:Epoch 34/100	Loss 12.9130 ± 0.0712
INFO:test2.py:Epoch 35/100	Loss 12.9129 ± 0.0709
INFO:test2.py:Epoch 36/100	Loss 12.9129 ± 0.0707
INFO:test2.py:Epoch 37/100	Loss 12.9128 ± 0.0705
INFO:test2.py:Epoch 38/100	Loss 12.9128 ± 0.0700
INFO:test2.py:Epoch 39/100	Loss 12.9127 ± 0.0697
INFO:test2.py:Epoch 40/100	Loss 12.9127 ± 0.0688
INFO:test2.py:Epoch 41/100	Loss 12.9127 ± 0.0687
INFO:test2.py:Epoch 42/100	Loss 12.9126 ± 0.0683
INFO:test2.py:Epoch 43/100	Loss 12.9126 ± 0.0684
INFO:test2.py:Epoch 44/100	Loss 12.9126 ± 0.0680
INFO:test2.py:Epoch 45/100	Loss 12.9125 ± 0.0672
INFO:test2.py:Epoch 46/100	Loss 12.9125 ± 0.0669
INFO:test2.py:Epoch 47/100	Loss 12.9125 ± 0.0670
INFO:test2.py:Epoch 48/100	Loss 12.9124 ± 0.0665
INFO:test2.py:Epoch 49/100	Loss 12.9124 ± 0.0663
INFO:test2.py:Validating
INFO:test2.py:done
INFO:test2.py:metrics done
INFO:test2.py:Applying old dog tricks, ending training. MRR is 0.059536568351380235
INFO:test2.py:is bad performing True
INFO:test2.py:Done training
INFO:test2.py:Not checking test, since interrupted
/home/acalvi/anaconda3/envs/libkge_new/lib/python3.7/site-packages/tensorflow/python/framework/dtypes.py:516: FutureWarning: Passing (type, 1) or '1type' as a synonym of type is deprecated; in a future version of numpy, it will be understood as (type, (1,)) / '(1,)type'.
  _np_qint8 = np.dtype([("qint8", np.int8, 1)])
/home/acalvi/anaconda3/envs/libkge_new/lib/python3.7/site-packages/tensorflow/python/framework/dtypes.py:517: FutureWarning: Passing (type, 1) or '1type' as a synonym of type is deprecated; in a future version of numpy, it will be understood as (type, (1,)) / '(1,)type'.
  _np_quint8 = np.dtype([("quint8", np.uint8, 1)])
/home/acalvi/anaconda3/envs/libkge_new/lib/python3.7/site-packages/tensorflow/python/framework/dtypes.py:518: FutureWarning: Passing (type, 1) or '1type' as a synonym of type is deprecated; in a future version of numpy, it will be understood as (type, (1,)) / '(1,)type'.
  _np_qint16 = np.dtype([("qint16", np.int16, 1)])
/home/acalvi/anaconda3/envs/libkge_new/lib/python3.7/site-packages/tensorflow/python/framework/dtypes.py:519: FutureWarning: Passing (type, 1) or '1type' as a synonym of type is deprecated; in a future version of numpy, it will be understood as (type, (1,)) / '(1,)type'.
  _np_quint16 = np.dtype([("quint16", np.uint16, 1)])
/home/acalvi/anaconda3/envs/libkge_new/lib/python3.7/site-packages/tensorflow/python/framework/dtypes.py:520: FutureWarning: Passing (type, 1) or '1type' as a synonym of type is deprecated; in a future version of numpy, it will be understood as (type, (1,)) / '(1,)type'.
  _np_qint32 = np.dtype([("qint32", np.int32, 1)])
/home/acalvi/anaconda3/envs/libkge_new/lib/python3.7/site-packages/tensorflow/python/framework/dtypes.py:525: FutureWarning: Passing (type, 1) or '1type' as a synonym of type is deprecated; in a future version of numpy, it will be understood as (type, (1,)) / '(1,)type'.
  np_resource = np.dtype([("resource", np.ubyte, 1)])
/home/acalvi/anaconda3/envs/libkge_new/lib/python3.7/site-packages/tensorboard/compat/tensorflow_stub/dtypes.py:541: FutureWarning: Passing (type, 1) or '1type' as a synonym of type is deprecated; in a future version of numpy, it will be understood as (type, (1,)) / '(1,)type'.
  _np_qint8 = np.dtype([("qint8", np.int8, 1)])
/home/acalvi/anaconda3/envs/libkge_new/lib/python3.7/site-packages/tensorboard/compat/tensorflow_stub/dtypes.py:542: FutureWarning: Passing (type, 1) or '1type' as a synonym of type is deprecated; in a future version of numpy, it will be understood as (type, (1,)) / '(1,)type'.
  _np_quint8 = np.dtype([("quint8", np.uint8, 1)])
/home/acalvi/anaconda3/envs/libkge_new/lib/python3.7/site-packages/tensorboard/compat/tensorflow_stub/dtypes.py:543: FutureWarning: Passing (type, 1) or '1type' as a synonym of type is deprecated; in a future version of numpy, it will be understood as (type, (1,)) / '(1,)type'.
  _np_qint16 = np.dtype([("qint16", np.int16, 1)])
/home/acalvi/anaconda3/envs/libkge_new/lib/python3.7/site-packages/tensorboard/compat/tensorflow_stub/dtypes.py:544: FutureWarning: Passing (type, 1) or '1type' as a synonym of type is deprecated; in a future version of numpy, it will be understood as (type, (1,)) / '(1,)type'.
  _np_quint16 = np.dtype([("quint16", np.uint16, 1)])
/home/acalvi/anaconda3/envs/libkge_new/lib/python3.7/site-packages/tensorboard/compat/tensorflow_stub/dtypes.py:545: FutureWarning: Passing (type, 1) or '1type' as a synonym of type is deprecated; in a future version of numpy, it will be understood as (type, (1,)) / '(1,)type'.
  _np_qint32 = np.dtype([("qint32", np.int32, 1)])
/home/acalvi/anaconda3/envs/libkge_new/lib/python3.7/site-packages/tensorboard/compat/tensorflow_stub/dtypes.py:550: FutureWarning: Passing (type, 1) or '1type' as a synonym of type is deprecated; in a future version of numpy, it will be understood as (type, (1,)) / '(1,)type'.
  np_resource = np.dtype([("resource", np.ubyte, 1)])
