./test2.py --data pse --mcl True --batch-size 268 --epochs 100 --embedding-size 200 --learning-rate 0.1 --regulariser n3 --reg-weight 0.05 --optimizer adagrad --valid --quiet
MCL True
INFO:test2.py:Valid: True
INFO:test2.py:Device: cuda
curr directory /home/acalvi/Dissertation/Aladdin/biolink
Importing dataset files ... 
<class 'biolink.embeddings.models_mc.ComplEx_MC'>
INFO:test2.py:is tucker False
INFO:test2.py:settin tucker to FALSE
INFO:test2.py:Device: cuda
INFO:test2.py:Epoch 1/100	Loss 11.5117 ± 0.1927
INFO:test2.py:Epoch 2/100	Loss 11.4065 ± 0.0689
INFO:test2.py:Epoch 3/100	Loss 11.3979 ± 0.0679
INFO:test2.py:Epoch 4/100	Loss 11.3947 ± 0.0672
INFO:test2.py:Epoch 5/100	Loss 11.3927 ± 0.0674
INFO:test2.py:Epoch 6/100	Loss 11.3914 ± 0.0675
INFO:test2.py:Epoch 7/100	Loss 11.3901 ± 0.0673
INFO:test2.py:Epoch 8/100	Loss 11.3884 ± 0.0675
INFO:test2.py:Epoch 9/100	Loss 11.3872 ± 0.0676
INFO:test2.py:Epoch 10/100	Loss 11.3866 ± 0.0669
INFO:test2.py:Epoch 11/100	Loss 11.3859 ± 0.0675
INFO:test2.py:Epoch 12/100	Loss 11.3855 ± 0.0674
INFO:test2.py:Epoch 13/100	Loss 11.3850 ± 0.0667
INFO:test2.py:Epoch 14/100	Loss 11.3846 ± 0.0672
INFO:test2.py:Epoch 15/100	Loss 11.3843 ± 0.0668
INFO:test2.py:Epoch 16/100	Loss 11.3840 ± 0.0667
INFO:test2.py:Epoch 17/100	Loss 11.3837 ± 0.0664
INFO:test2.py:Epoch 18/100	Loss 11.3834 ± 0.0664
INFO:test2.py:Epoch 19/100	Loss 11.3832 ± 0.0668
INFO:test2.py:Epoch 20/100	Loss 11.3830 ± 0.0668
INFO:test2.py:Epoch 21/100	Loss 11.3828 ± 0.0665
INFO:test2.py:Epoch 22/100	Loss 11.3826 ± 0.0664
INFO:test2.py:Epoch 23/100	Loss 11.3825 ± 0.0673
INFO:test2.py:Epoch 24/100	Loss 11.3824 ± 0.0670
INFO:test2.py:Epoch 25/100	Loss 11.3822 ± 0.0670
INFO:test2.py:Epoch 26/100	Loss 11.3821 ± 0.0666
INFO:test2.py:Epoch 27/100	Loss 11.3820 ± 0.0669
INFO:test2.py:Epoch 28/100	Loss 11.3818 ± 0.0670
INFO:test2.py:Epoch 29/100	Loss 11.3816 ± 0.0661
INFO:test2.py:Epoch 30/100	Loss 11.3814 ± 0.0671
INFO:test2.py:Epoch 31/100	Loss 11.3813 ± 0.0675
INFO:test2.py:Epoch 32/100	Loss 11.3811 ± 0.0669
INFO:test2.py:Epoch 33/100	Loss 11.3809 ± 0.0675
INFO:test2.py:Epoch 34/100	Loss 11.3808 ± 0.0665
INFO:test2.py:Epoch 35/100	Loss 11.3807 ± 0.0668
INFO:test2.py:Epoch 36/100	Loss 11.3805 ± 0.0660
INFO:test2.py:Epoch 37/100	Loss 11.3804 ± 0.0668
INFO:test2.py:Epoch 38/100	Loss 11.3803 ± 0.0667
INFO:test2.py:Epoch 39/100	Loss 11.3802 ± 0.0671
INFO:test2.py:Epoch 40/100	Loss 11.3801 ± 0.0672
INFO:test2.py:Epoch 41/100	Loss 11.3800 ± 0.0668
INFO:test2.py:Epoch 42/100	Loss 11.3799 ± 0.0671
INFO:test2.py:Epoch 43/100	Loss 11.3798 ± 0.0665
INFO:test2.py:Epoch 44/100	Loss 11.3798 ± 0.0665
INFO:test2.py:Epoch 45/100	Loss 11.3797 ± 0.0667
INFO:test2.py:Epoch 46/100	Loss 11.3796 ± 0.0669
INFO:test2.py:Epoch 47/100	Loss 11.3795 ± 0.0664
INFO:test2.py:Epoch 48/100	Loss 11.3794 ± 0.0665
INFO:test2.py:Epoch 49/100	Loss 11.3792 ± 0.0669
INFO:test2.py:Validating
INFO:test2.py:done
INFO:test2.py:metrics done
INFO:test2.py:Epoch 50/100	Loss 11.3791 ± 0.0667
INFO:test2.py:Epoch 51/100	Loss 11.3790 ± 0.0672
INFO:test2.py:Epoch 52/100	Loss 11.3789 ± 0.0666
INFO:test2.py:Epoch 53/100	Loss 11.3789 ± 0.0662
INFO:test2.py:Epoch 54/100	Loss 11.3788 ± 0.0672
INFO:test2.py:Epoch 55/100	Loss 11.3787 ± 0.0667
INFO:test2.py:Epoch 56/100	Loss 11.3786 ± 0.0677
INFO:test2.py:Epoch 57/100	Loss 11.3786 ± 0.0664
INFO:test2.py:Epoch 58/100	Loss 11.3785 ± 0.0667
INFO:test2.py:Epoch 59/100	Loss 11.3784 ± 0.0670
INFO:test2.py:Epoch 60/100	Loss 11.3784 ± 0.0671
INFO:test2.py:Epoch 61/100	Loss 11.3783 ± 0.0665
INFO:test2.py:Epoch 62/100	Loss 11.3783 ± 0.0665
INFO:test2.py:Epoch 63/100	Loss 11.3782 ± 0.0670
INFO:test2.py:Epoch 64/100	Loss 11.3781 ± 0.0670
INFO:test2.py:Epoch 65/100	Loss 11.3781 ± 0.0662
INFO:test2.py:Epoch 66/100	Loss 11.3781 ± 0.0670
INFO:test2.py:Epoch 67/100	Loss 11.3780 ± 0.0662
INFO:test2.py:Epoch 68/100	Loss 11.3779 ± 0.0667
INFO:test2.py:Epoch 69/100	Loss 11.3779 ± 0.0667
INFO:test2.py:Epoch 70/100	Loss 11.3778 ± 0.0670
INFO:test2.py:Epoch 71/100	Loss 11.3778 ± 0.0674
INFO:test2.py:Epoch 72/100	Loss 11.3778 ± 0.0668
INFO:test2.py:Epoch 73/100	Loss 11.3777 ± 0.0664
INFO:test2.py:Epoch 74/100	Loss 11.3777 ± 0.0665
INFO:test2.py:Epoch 75/100	Loss 11.3777 ± 0.0665
INFO:test2.py:Epoch 76/100	Loss 11.3776 ± 0.0666
INFO:test2.py:Epoch 77/100	Loss 11.3776 ± 0.0674
INFO:test2.py:Epoch 78/100	Loss 11.3776 ± 0.0667
INFO:test2.py:Epoch 79/100	Loss 11.3775 ± 0.0662
INFO:test2.py:Epoch 80/100	Loss 11.3775 ± 0.0663
INFO:test2.py:Epoch 81/100	Loss 11.3775 ± 0.0665
INFO:test2.py:Epoch 82/100	Loss 11.3774 ± 0.0667
INFO:test2.py:Epoch 83/100	Loss 11.3774 ± 0.0663
INFO:test2.py:Epoch 84/100	Loss 11.3774 ± 0.0670
INFO:test2.py:Epoch 85/100	Loss 11.3774 ± 0.0669
INFO:test2.py:Epoch 86/100	Loss 11.3773 ± 0.0671
INFO:test2.py:Epoch 87/100	Loss 11.3773 ± 0.0658
INFO:test2.py:Epoch 88/100	Loss 11.3773 ± 0.0665
INFO:test2.py:Epoch 89/100	Loss 11.3772 ± 0.0673
INFO:test2.py:Epoch 90/100	Loss 11.3772 ± 0.0663
INFO:test2.py:Epoch 91/100	Loss 11.3772 ± 0.0670
INFO:test2.py:Epoch 92/100	Loss 11.3772 ± 0.0666
INFO:test2.py:Epoch 93/100	Loss 11.3771 ± 0.0665
INFO:test2.py:Epoch 94/100	Loss 11.3771 ± 0.0670
INFO:test2.py:Epoch 95/100	Loss 11.3771 ± 0.0665
INFO:test2.py:Epoch 96/100	Loss 11.3771 ± 0.0658
INFO:test2.py:Epoch 97/100	Loss 11.3771 ± 0.0674
INFO:test2.py:Epoch 98/100	Loss 11.3771 ± 0.0667
INFO:test2.py:Epoch 99/100	Loss 11.3770 ± 0.0665
INFO:test2.py:Epoch 100/100	Loss 11.3770 ± 0.0663
INFO:test2.py:is bad performing False
INFO:test2.py:Done training
INFO:test2.py:in evalute for dataset: 	valid
INFO:test2.py:done
INFO:test2.py:metrics done
INFO:test2.py:Error 	valid results	MRR 0.102146	H@1 0.035091	H@3 0.089985	H@10 0.227904	AU-ROC_raw -1.000000	AU-ROC_fil -1.000000
INFO:test2.py:in evalute for dataset: 	test
INFO:test2.py:done
INFO:test2.py:metrics done
INFO:test2.py:Error 	test results	MRR 0.102196	H@1 0.035180	H@3 0.089879	H@10 0.227994	AU-ROC_raw -1.000000	AU-ROC_fil -1.000000
/home/acalvi/anaconda3/envs/libkge_new/lib/python3.7/site-packages/tensorflow/python/framework/dtypes.py:516: FutureWarning: Passing (type, 1) or '1type' as a synonym of type is deprecated; in a future version of numpy, it will be understood as (type, (1,)) / '(1,)type'.
  _np_qint8 = np.dtype([("qint8", np.int8, 1)])
/home/acalvi/anaconda3/envs/libkge_new/lib/python3.7/site-packages/tensorflow/python/framework/dtypes.py:517: FutureWarning: Passing (type, 1) or '1type' as a synonym of type is deprecated; in a future version of numpy, it will be understood as (type, (1,)) / '(1,)type'.
  _np_quint8 = np.dtype([("quint8", np.uint8, 1)])
/home/acalvi/anaconda3/envs/libkge_new/lib/python3.7/site-packages/tensorflow/python/framework/dtypes.py:518: FutureWarning: Passing (type, 1) or '1type' as a synonym of type is deprecated; in a future version of numpy, it will be understood as (type, (1,)) / '(1,)type'.
  _np_qint16 = np.dtype([("qint16", np.int16, 1)])
/home/acalvi/anaconda3/envs/libkge_new/lib/python3.7/site-packages/tensorflow/python/framework/dtypes.py:519: FutureWarning: Passing (type, 1) or '1type' as a synonym of type is deprecated; in a future version of numpy, it will be understood as (type, (1,)) / '(1,)type'.
  _np_quint16 = np.dtype([("quint16", np.uint16, 1)])
/home/acalvi/anaconda3/envs/libkge_new/lib/python3.7/site-packages/tensorflow/python/framework/dtypes.py:520: FutureWarning: Passing (type, 1) or '1type' as a synonym of type is deprecated; in a future version of numpy, it will be understood as (type, (1,)) / '(1,)type'.
  _np_qint32 = np.dtype([("qint32", np.int32, 1)])
/home/acalvi/anaconda3/envs/libkge_new/lib/python3.7/site-packages/tensorflow/python/framework/dtypes.py:525: FutureWarning: Passing (type, 1) or '1type' as a synonym of type is deprecated; in a future version of numpy, it will be understood as (type, (1,)) / '(1,)type'.
  np_resource = np.dtype([("resource", np.ubyte, 1)])
/home/acalvi/anaconda3/envs/libkge_new/lib/python3.7/site-packages/tensorboard/compat/tensorflow_stub/dtypes.py:541: FutureWarning: Passing (type, 1) or '1type' as a synonym of type is deprecated; in a future version of numpy, it will be understood as (type, (1,)) / '(1,)type'.
  _np_qint8 = np.dtype([("qint8", np.int8, 1)])
/home/acalvi/anaconda3/envs/libkge_new/lib/python3.7/site-packages/tensorboard/compat/tensorflow_stub/dtypes.py:542: FutureWarning: Passing (type, 1) or '1type' as a synonym of type is deprecated; in a future version of numpy, it will be understood as (type, (1,)) / '(1,)type'.
  _np_quint8 = np.dtype([("quint8", np.uint8, 1)])
/home/acalvi/anaconda3/envs/libkge_new/lib/python3.7/site-packages/tensorboard/compat/tensorflow_stub/dtypes.py:543: FutureWarning: Passing (type, 1) or '1type' as a synonym of type is deprecated; in a future version of numpy, it will be understood as (type, (1,)) / '(1,)type'.
  _np_qint16 = np.dtype([("qint16", np.int16, 1)])
/home/acalvi/anaconda3/envs/libkge_new/lib/python3.7/site-packages/tensorboard/compat/tensorflow_stub/dtypes.py:544: FutureWarning: Passing (type, 1) or '1type' as a synonym of type is deprecated; in a future version of numpy, it will be understood as (type, (1,)) / '(1,)type'.
  _np_quint16 = np.dtype([("quint16", np.uint16, 1)])
/home/acalvi/anaconda3/envs/libkge_new/lib/python3.7/site-packages/tensorboard/compat/tensorflow_stub/dtypes.py:545: FutureWarning: Passing (type, 1) or '1type' as a synonym of type is deprecated; in a future version of numpy, it will be understood as (type, (1,)) / '(1,)type'.
  _np_qint32 = np.dtype([("qint32", np.int32, 1)])
/home/acalvi/anaconda3/envs/libkge_new/lib/python3.7/site-packages/tensorboard/compat/tensorflow_stub/dtypes.py:550: FutureWarning: Passing (type, 1) or '1type' as a synonym of type is deprecated; in a future version of numpy, it will be understood as (type, (1,)) / '(1,)type'.
  np_resource = np.dtype([("resource", np.ubyte, 1)])
