./test2.py --data pse --mcl True --batch-size 268 --epochs 100 --embedding-size 150 --learning-rate 0.01 --regulariser n3 --reg-weight 0.1 --optimizer adagrad --valid --quiet
MCL True
INFO:test2.py:Valid: True
INFO:test2.py:Device: cuda
curr directory /home/acalvi/Dissertation/Aladdin/biolink
Importing dataset files ... 
<class 'biolink.embeddings.models_mc.ComplEx_MC'>
INFO:test2.py:is tucker False
INFO:test2.py:settin tucker to FALSE
INFO:test2.py:Device: cuda
INFO:test2.py:Epoch 1/100	Loss 12.1342 ± 0.1678
INFO:test2.py:Epoch 2/100	Loss 11.9956 ± 0.0655
INFO:test2.py:Epoch 3/100	Loss 11.9752 ± 0.0652
INFO:test2.py:Epoch 4/100	Loss 11.9640 ± 0.0642
INFO:test2.py:Epoch 5/100	Loss 11.9568 ± 0.0644
INFO:test2.py:Epoch 6/100	Loss 11.9519 ± 0.0647
INFO:test2.py:Epoch 7/100	Loss 11.9484 ± 0.0640
INFO:test2.py:Epoch 8/100	Loss 11.9458 ± 0.0640
INFO:test2.py:Epoch 9/100	Loss 11.9438 ± 0.0644
INFO:test2.py:Epoch 10/100	Loss 11.9423 ± 0.0646
INFO:test2.py:Epoch 11/100	Loss 11.9410 ± 0.0647
INFO:test2.py:Epoch 12/100	Loss 11.9400 ± 0.0644
INFO:test2.py:Epoch 13/100	Loss 11.9392 ± 0.0646
INFO:test2.py:Epoch 14/100	Loss 11.9385 ± 0.0648
INFO:test2.py:Epoch 15/100	Loss 11.9379 ± 0.0646
INFO:test2.py:Epoch 16/100	Loss 11.9373 ± 0.0643
INFO:test2.py:Epoch 17/100	Loss 11.9369 ± 0.0638
INFO:test2.py:Epoch 18/100	Loss 11.9365 ± 0.0647
INFO:test2.py:Epoch 19/100	Loss 11.9361 ± 0.0642
INFO:test2.py:Epoch 20/100	Loss 11.9357 ± 0.0644
INFO:test2.py:Epoch 21/100	Loss 11.9354 ± 0.0643
INFO:test2.py:Epoch 22/100	Loss 11.9351 ± 0.0646
INFO:test2.py:Epoch 23/100	Loss 11.9348 ± 0.0643
INFO:test2.py:Epoch 24/100	Loss 11.9345 ± 0.0652
INFO:test2.py:Epoch 25/100	Loss 11.9343 ± 0.0645
INFO:test2.py:Epoch 26/100	Loss 11.9340 ± 0.0641
INFO:test2.py:Epoch 27/100	Loss 11.9338 ± 0.0645
INFO:test2.py:Epoch 28/100	Loss 11.9335 ± 0.0648
INFO:test2.py:Epoch 29/100	Loss 11.9333 ± 0.0647
INFO:test2.py:Epoch 30/100	Loss 11.9330 ± 0.0647
INFO:test2.py:Epoch 31/100	Loss 11.9328 ± 0.0642
INFO:test2.py:Epoch 32/100	Loss 11.9326 ± 0.0646
INFO:test2.py:Epoch 33/100	Loss 11.9323 ± 0.0635
INFO:test2.py:Epoch 34/100	Loss 11.9321 ± 0.0640
INFO:test2.py:Epoch 35/100	Loss 11.9318 ± 0.0644
INFO:test2.py:Epoch 36/100	Loss 11.9316 ± 0.0647
INFO:test2.py:Epoch 37/100	Loss 11.9314 ± 0.0640
INFO:test2.py:Epoch 38/100	Loss 11.9312 ± 0.0639
INFO:test2.py:Epoch 39/100	Loss 11.9309 ± 0.0638
INFO:test2.py:Epoch 40/100	Loss 11.9307 ± 0.0642
INFO:test2.py:Epoch 41/100	Loss 11.9305 ± 0.0646
INFO:test2.py:Epoch 42/100	Loss 11.9302 ± 0.0640
INFO:test2.py:Epoch 43/100	Loss 11.9300 ± 0.0649
INFO:test2.py:Epoch 44/100	Loss 11.9298 ± 0.0642
INFO:test2.py:Epoch 45/100	Loss 11.9296 ± 0.0637
INFO:test2.py:Epoch 46/100	Loss 11.9293 ± 0.0638
INFO:test2.py:Epoch 47/100	Loss 11.9291 ± 0.0648
INFO:test2.py:Epoch 48/100	Loss 11.9289 ± 0.0644
INFO:test2.py:Epoch 49/100	Loss 11.9287 ± 0.0646
INFO:test2.py:Validating
INFO:test2.py:done
INFO:test2.py:metrics done
INFO:test2.py:Epoch 50/100	Loss 11.9285 ± 0.0638
INFO:test2.py:Epoch 51/100	Loss 11.9283 ± 0.0645
INFO:test2.py:Epoch 52/100	Loss 11.9281 ± 0.0643
INFO:test2.py:Epoch 53/100	Loss 11.9278 ± 0.0642
INFO:test2.py:Epoch 54/100	Loss 11.9277 ± 0.0643
INFO:test2.py:Epoch 55/100	Loss 11.9275 ± 0.0639
INFO:test2.py:Epoch 56/100	Loss 11.9273 ± 0.0637
INFO:test2.py:Epoch 57/100	Loss 11.9271 ± 0.0642
INFO:test2.py:Epoch 58/100	Loss 11.9269 ± 0.0641
INFO:test2.py:Epoch 59/100	Loss 11.9267 ± 0.0637
INFO:test2.py:Epoch 60/100	Loss 11.9265 ± 0.0649
INFO:test2.py:Epoch 61/100	Loss 11.9264 ± 0.0644
INFO:test2.py:Epoch 62/100	Loss 11.9262 ± 0.0645
INFO:test2.py:Epoch 63/100	Loss 11.9260 ± 0.0641
INFO:test2.py:Epoch 64/100	Loss 11.9259 ± 0.0641
INFO:test2.py:Epoch 65/100	Loss 11.9257 ± 0.0629
INFO:test2.py:Epoch 66/100	Loss 11.9256 ± 0.0640
INFO:test2.py:Epoch 67/100	Loss 11.9254 ± 0.0641
INFO:test2.py:Epoch 68/100	Loss 11.9253 ± 0.0643
INFO:test2.py:Epoch 69/100	Loss 11.9252 ± 0.0645
INFO:test2.py:Epoch 70/100	Loss 11.9250 ± 0.0642
INFO:test2.py:Epoch 71/100	Loss 11.9249 ± 0.0635
INFO:test2.py:Epoch 72/100	Loss 11.9248 ± 0.0645
INFO:test2.py:Epoch 73/100	Loss 11.9247 ± 0.0639
INFO:test2.py:Epoch 74/100	Loss 11.9246 ± 0.0634
INFO:test2.py:Epoch 75/100	Loss 11.9245 ± 0.0635
INFO:test2.py:Epoch 76/100	Loss 11.9244 ± 0.0643
INFO:test2.py:Epoch 77/100	Loss 11.9243 ± 0.0648
INFO:test2.py:Epoch 78/100	Loss 11.9242 ± 0.0639
INFO:test2.py:Epoch 79/100	Loss 11.9241 ± 0.0632
INFO:test2.py:Epoch 80/100	Loss 11.9240 ± 0.0638
INFO:test2.py:Epoch 81/100	Loss 11.9239 ± 0.0644
INFO:test2.py:Epoch 82/100	Loss 11.9238 ± 0.0640
INFO:test2.py:Epoch 83/100	Loss 11.9237 ± 0.0641
INFO:test2.py:Epoch 84/100	Loss 11.9236 ± 0.0637
INFO:test2.py:Epoch 85/100	Loss 11.9236 ± 0.0637
INFO:test2.py:Epoch 86/100	Loss 11.9235 ± 0.0636
INFO:test2.py:Epoch 87/100	Loss 11.9234 ± 0.0639
INFO:test2.py:Epoch 88/100	Loss 11.9233 ± 0.0633
INFO:test2.py:Epoch 89/100	Loss 11.9233 ± 0.0640
INFO:test2.py:Epoch 90/100	Loss 11.9232 ± 0.0639
INFO:test2.py:Epoch 91/100	Loss 11.9232 ± 0.0636
INFO:test2.py:Epoch 92/100	Loss 11.9231 ± 0.0632
INFO:test2.py:Epoch 93/100	Loss 11.9230 ± 0.0636
INFO:test2.py:Epoch 94/100	Loss 11.9230 ± 0.0637
INFO:test2.py:Epoch 95/100	Loss 11.9229 ± 0.0640
INFO:test2.py:Epoch 96/100	Loss 11.9229 ± 0.0639
INFO:test2.py:Epoch 97/100	Loss 11.9228 ± 0.0634
INFO:test2.py:Epoch 98/100	Loss 11.9228 ± 0.0633
INFO:test2.py:Epoch 99/100	Loss 11.9227 ± 0.0639
INFO:test2.py:Epoch 100/100	Loss 11.9227 ± 0.0639
INFO:test2.py:is bad performing False
INFO:test2.py:Done training
INFO:test2.py:in evalute for dataset: 	valid
INFO:test2.py:done
INFO:test2.py:metrics done
INFO:test2.py:Error 	valid results	MRR 0.085899	H@1 0.027451	H@3 0.072061	H@10 0.190013	AU-ROC_raw -1.000000	AU-ROC_fil -1.000000
INFO:test2.py:in evalute for dataset: 	test
INFO:test2.py:done
INFO:test2.py:metrics done
INFO:test2.py:Error 	test results	MRR 0.085785	H@1 0.027360	H@3 0.072065	H@10 0.189593	AU-ROC_raw -1.000000	AU-ROC_fil -1.000000
/home/acalvi/anaconda3/envs/libkge_new/lib/python3.7/site-packages/tensorflow/python/framework/dtypes.py:516: FutureWarning: Passing (type, 1) or '1type' as a synonym of type is deprecated; in a future version of numpy, it will be understood as (type, (1,)) / '(1,)type'.
  _np_qint8 = np.dtype([("qint8", np.int8, 1)])
/home/acalvi/anaconda3/envs/libkge_new/lib/python3.7/site-packages/tensorflow/python/framework/dtypes.py:517: FutureWarning: Passing (type, 1) or '1type' as a synonym of type is deprecated; in a future version of numpy, it will be understood as (type, (1,)) / '(1,)type'.
  _np_quint8 = np.dtype([("quint8", np.uint8, 1)])
/home/acalvi/anaconda3/envs/libkge_new/lib/python3.7/site-packages/tensorflow/python/framework/dtypes.py:518: FutureWarning: Passing (type, 1) or '1type' as a synonym of type is deprecated; in a future version of numpy, it will be understood as (type, (1,)) / '(1,)type'.
  _np_qint16 = np.dtype([("qint16", np.int16, 1)])
/home/acalvi/anaconda3/envs/libkge_new/lib/python3.7/site-packages/tensorflow/python/framework/dtypes.py:519: FutureWarning: Passing (type, 1) or '1type' as a synonym of type is deprecated; in a future version of numpy, it will be understood as (type, (1,)) / '(1,)type'.
  _np_quint16 = np.dtype([("quint16", np.uint16, 1)])
/home/acalvi/anaconda3/envs/libkge_new/lib/python3.7/site-packages/tensorflow/python/framework/dtypes.py:520: FutureWarning: Passing (type, 1) or '1type' as a synonym of type is deprecated; in a future version of numpy, it will be understood as (type, (1,)) / '(1,)type'.
  _np_qint32 = np.dtype([("qint32", np.int32, 1)])
/home/acalvi/anaconda3/envs/libkge_new/lib/python3.7/site-packages/tensorflow/python/framework/dtypes.py:525: FutureWarning: Passing (type, 1) or '1type' as a synonym of type is deprecated; in a future version of numpy, it will be understood as (type, (1,)) / '(1,)type'.
  np_resource = np.dtype([("resource", np.ubyte, 1)])
/home/acalvi/anaconda3/envs/libkge_new/lib/python3.7/site-packages/tensorboard/compat/tensorflow_stub/dtypes.py:541: FutureWarning: Passing (type, 1) or '1type' as a synonym of type is deprecated; in a future version of numpy, it will be understood as (type, (1,)) / '(1,)type'.
  _np_qint8 = np.dtype([("qint8", np.int8, 1)])
/home/acalvi/anaconda3/envs/libkge_new/lib/python3.7/site-packages/tensorboard/compat/tensorflow_stub/dtypes.py:542: FutureWarning: Passing (type, 1) or '1type' as a synonym of type is deprecated; in a future version of numpy, it will be understood as (type, (1,)) / '(1,)type'.
  _np_quint8 = np.dtype([("quint8", np.uint8, 1)])
/home/acalvi/anaconda3/envs/libkge_new/lib/python3.7/site-packages/tensorboard/compat/tensorflow_stub/dtypes.py:543: FutureWarning: Passing (type, 1) or '1type' as a synonym of type is deprecated; in a future version of numpy, it will be understood as (type, (1,)) / '(1,)type'.
  _np_qint16 = np.dtype([("qint16", np.int16, 1)])
/home/acalvi/anaconda3/envs/libkge_new/lib/python3.7/site-packages/tensorboard/compat/tensorflow_stub/dtypes.py:544: FutureWarning: Passing (type, 1) or '1type' as a synonym of type is deprecated; in a future version of numpy, it will be understood as (type, (1,)) / '(1,)type'.
  _np_quint16 = np.dtype([("quint16", np.uint16, 1)])
/home/acalvi/anaconda3/envs/libkge_new/lib/python3.7/site-packages/tensorboard/compat/tensorflow_stub/dtypes.py:545: FutureWarning: Passing (type, 1) or '1type' as a synonym of type is deprecated; in a future version of numpy, it will be understood as (type, (1,)) / '(1,)type'.
  _np_qint32 = np.dtype([("qint32", np.int32, 1)])
/home/acalvi/anaconda3/envs/libkge_new/lib/python3.7/site-packages/tensorboard/compat/tensorflow_stub/dtypes.py:550: FutureWarning: Passing (type, 1) or '1type' as a synonym of type is deprecated; in a future version of numpy, it will be understood as (type, (1,)) / '(1,)type'.
  np_resource = np.dtype([("resource", np.ubyte, 1)])
/home/acalvi/Dissertation/Aladdin/biolink/testing/experiment_ComplEx.py:184: FutureWarning: elementwise comparison failed; returning scalar instead, but in the future will perform elementwise comparison
  if data == 'pse':
