./test2.py --data pse --mcl True --batch-size 512 --epochs 100 --embedding-size 200 --learning-rate 0.1 --regulariser n3 --reg-weight 0.001 --optimizer adagrad --valid --quiet
MCL True
INFO:test2.py:Valid: True
INFO:test2.py:Device: cuda
curr directory /home/acalvi/Dissertation/Aladdin/biolink
Importing dataset files ... 
<class 'biolink.embeddings.models_mc.ComplEx_MC'>
INFO:test2.py:is tucker False
INFO:test2.py:settin tucker to FALSE
INFO:test2.py:Device: cuda
INFO:test2.py:Epoch 1/100	Loss 10.6287 ± 0.3959
INFO:test2.py:Epoch 2/100	Loss 10.1877 ± 0.0645
INFO:test2.py:Epoch 3/100	Loss 10.0697 ± 0.0639
INFO:test2.py:Epoch 4/100	Loss 10.0065 ± 0.0652
INFO:test2.py:Epoch 5/100	Loss 9.9669 ± 0.0676
INFO:test2.py:Epoch 6/100	Loss 9.9395 ± 0.0672
INFO:test2.py:Epoch 7/100	Loss 9.9191 ± 0.0673
INFO:test2.py:Epoch 8/100	Loss 9.9031 ± 0.0685
INFO:test2.py:Epoch 9/100	Loss 9.8900 ± 0.0673
INFO:test2.py:Epoch 10/100	Loss 9.8794 ± 0.0681
INFO:test2.py:Epoch 11/100	Loss 9.8701 ± 0.0682
INFO:test2.py:Epoch 12/100	Loss 9.8622 ± 0.0687
INFO:test2.py:Epoch 13/100	Loss 9.8552 ± 0.0670
INFO:test2.py:Epoch 14/100	Loss 9.8489 ± 0.0677
INFO:test2.py:Epoch 15/100	Loss 9.8434 ± 0.0698
INFO:test2.py:Epoch 16/100	Loss 9.8383 ± 0.0682
INFO:test2.py:Epoch 17/100	Loss 9.8337 ± 0.0688
INFO:test2.py:Epoch 18/100	Loss 9.8296 ± 0.0688
INFO:test2.py:Epoch 19/100	Loss 9.8257 ± 0.0681
INFO:test2.py:Epoch 20/100	Loss 9.8221 ± 0.0680
INFO:test2.py:Epoch 21/100	Loss 9.8188 ± 0.0689
INFO:test2.py:Epoch 22/100	Loss 9.8157 ± 0.0689
INFO:test2.py:Epoch 23/100	Loss 9.8129 ± 0.0691
INFO:test2.py:Epoch 24/100	Loss 9.8102 ± 0.0684
INFO:test2.py:Epoch 25/100	Loss 9.8076 ± 0.0693
INFO:test2.py:Epoch 26/100	Loss 9.8051 ± 0.0695
INFO:test2.py:Epoch 27/100	Loss 9.8029 ± 0.0682
INFO:test2.py:Epoch 28/100	Loss 9.8008 ± 0.0684
INFO:test2.py:Epoch 29/100	Loss 9.7987 ± 0.0680
INFO:test2.py:Epoch 30/100	Loss 9.7968 ± 0.0690
INFO:test2.py:Epoch 31/100	Loss 9.7949 ± 0.0692
INFO:test2.py:Epoch 32/100	Loss 9.7932 ± 0.0680
INFO:test2.py:Epoch 33/100	Loss 9.7915 ± 0.0681
INFO:test2.py:Epoch 34/100	Loss 9.7899 ± 0.0684
INFO:test2.py:Epoch 35/100	Loss 9.7883 ± 0.0685
INFO:test2.py:Epoch 36/100	Loss 9.7869 ± 0.0689
INFO:test2.py:Epoch 37/100	Loss 9.7854 ± 0.0681
INFO:test2.py:Epoch 38/100	Loss 9.7840 ± 0.0689
INFO:test2.py:Epoch 39/100	Loss 9.7827 ± 0.0692
INFO:test2.py:Epoch 40/100	Loss 9.7814 ± 0.0697
INFO:test2.py:Epoch 41/100	Loss 9.7802 ± 0.0690
INFO:test2.py:Epoch 42/100	Loss 9.7790 ± 0.0687
INFO:test2.py:Epoch 43/100	Loss 9.7779 ± 0.0697
INFO:test2.py:Epoch 44/100	Loss 9.7767 ± 0.0688
INFO:test2.py:Epoch 45/100	Loss 9.7756 ± 0.0693
INFO:test2.py:Epoch 46/100	Loss 9.7746 ± 0.0679
INFO:test2.py:Epoch 47/100	Loss 9.7736 ± 0.0688
INFO:test2.py:Epoch 48/100	Loss 9.7726 ± 0.0688
INFO:test2.py:Epoch 49/100	Loss 9.7717 ± 0.0683
INFO:test2.py:Validating
INFO:test2.py:batch start 	320000
INFO:test2.py:done
INFO:test2.py:metrics done
INFO:test2.py:Epoch 50/100	Loss 9.7707 ± 0.0684
INFO:test2.py:Epoch 51/100	Loss 9.7698 ± 0.0687
INFO:test2.py:Epoch 52/100	Loss 9.7689 ± 0.0689
INFO:test2.py:Epoch 53/100	Loss 9.7681 ± 0.0694
INFO:test2.py:Epoch 54/100	Loss 9.7672 ± 0.0696
INFO:test2.py:Epoch 55/100	Loss 9.7664 ± 0.0690
INFO:test2.py:Epoch 56/100	Loss 9.7656 ± 0.0695
INFO:test2.py:Epoch 57/100	Loss 9.7648 ± 0.0684
INFO:test2.py:Epoch 58/100	Loss 9.7641 ± 0.0684
INFO:test2.py:Epoch 59/100	Loss 9.7634 ± 0.0682
INFO:test2.py:Epoch 60/100	Loss 9.7626 ± 0.0686
INFO:test2.py:Epoch 61/100	Loss 9.7619 ± 0.0690
INFO:test2.py:Epoch 62/100	Loss 9.7612 ± 0.0687
INFO:test2.py:Epoch 63/100	Loss 9.7606 ± 0.0696
INFO:test2.py:Epoch 64/100	Loss 9.7599 ± 0.0686
INFO:test2.py:Epoch 65/100	Loss 9.7593 ± 0.0682
INFO:test2.py:Epoch 66/100	Loss 9.7586 ± 0.0684
INFO:test2.py:Epoch 67/100	Loss 9.7580 ± 0.0689
INFO:test2.py:Epoch 68/100	Loss 9.7574 ± 0.0688
INFO:test2.py:Epoch 69/100	Loss 9.7568 ± 0.0696
INFO:test2.py:Epoch 70/100	Loss 9.7562 ± 0.0698
INFO:test2.py:Epoch 71/100	Loss 9.7557 ± 0.0700
INFO:test2.py:Epoch 72/100	Loss 9.7551 ± 0.0688
INFO:test2.py:Epoch 73/100	Loss 9.7546 ± 0.0690
INFO:test2.py:Epoch 74/100	Loss 9.7541 ± 0.0692
INFO:test2.py:Epoch 75/100	Loss 9.7535 ± 0.0684
INFO:test2.py:Epoch 76/100	Loss 9.7530 ± 0.0692
INFO:test2.py:Epoch 77/100	Loss 9.7524 ± 0.0691
INFO:test2.py:Epoch 78/100	Loss 9.7519 ± 0.0693
INFO:test2.py:Epoch 79/100	Loss 9.7515 ± 0.0687
INFO:test2.py:Epoch 80/100	Loss 9.7510 ± 0.0691
INFO:test2.py:Epoch 81/100	Loss 9.7505 ± 0.0689
INFO:test2.py:Epoch 82/100	Loss 9.7501 ± 0.0694
INFO:test2.py:Epoch 83/100	Loss 9.7496 ± 0.0690
INFO:test2.py:Epoch 84/100	Loss 9.7491 ± 0.0694
INFO:test2.py:Epoch 85/100	Loss 9.7487 ± 0.0689
INFO:test2.py:Epoch 86/100	Loss 9.7483 ± 0.0682
INFO:test2.py:Epoch 87/100	Loss 9.7478 ± 0.0712
INFO:test2.py:Epoch 88/100	Loss 9.7474 ± 0.0689
INFO:test2.py:Epoch 89/100	Loss 9.7470 ± 0.0697
INFO:test2.py:Epoch 90/100	Loss 9.7466 ± 0.0699
INFO:test2.py:Epoch 91/100	Loss 9.7461 ± 0.0687
INFO:test2.py:Epoch 92/100	Loss 9.7458 ± 0.0689
INFO:test2.py:Epoch 93/100	Loss 9.7453 ± 0.0697
INFO:test2.py:Epoch 94/100	Loss 9.7450 ± 0.0687
INFO:test2.py:Epoch 95/100	Loss 9.7446 ± 0.0699
INFO:test2.py:Epoch 96/100	Loss 9.7442 ± 0.0681
INFO:test2.py:Epoch 97/100	Loss 9.7439 ± 0.0696
INFO:test2.py:Epoch 98/100	Loss 9.7434 ± 0.0689
INFO:test2.py:Epoch 99/100	Loss 9.7431 ± 0.0698
INFO:test2.py:Epoch 100/100	Loss 9.7428 ± 0.0681
INFO:test2.py:is bad performing False
INFO:test2.py:Done training
INFO:test2.py:in evalute for dataset: 	valid
INFO:test2.py:batch start 	320000
INFO:test2.py:done
INFO:test2.py:metrics done
INFO:test2.py:Error 	valid results	MRR 0.161014	H@1 0.076829	H@3 0.158777	H@10 0.328007	AU-ROC_raw -1.000000	AU-ROC_fil -1.000000
INFO:test2.py:in evalute for dataset: 	test
INFO:test2.py:batch start 	320000
INFO:test2.py:done
INFO:test2.py:metrics done
INFO:test2.py:Error 	test results	MRR 0.160938	H@1 0.076683	H@3 0.158939	H@10 0.328366	AU-ROC_raw -1.000000	AU-ROC_fil -1.000000
/home/acalvi/anaconda3/envs/libkge_new/lib/python3.7/site-packages/tensorflow/python/framework/dtypes.py:516: FutureWarning: Passing (type, 1) or '1type' as a synonym of type is deprecated; in a future version of numpy, it will be understood as (type, (1,)) / '(1,)type'.
  _np_qint8 = np.dtype([("qint8", np.int8, 1)])
/home/acalvi/anaconda3/envs/libkge_new/lib/python3.7/site-packages/tensorflow/python/framework/dtypes.py:517: FutureWarning: Passing (type, 1) or '1type' as a synonym of type is deprecated; in a future version of numpy, it will be understood as (type, (1,)) / '(1,)type'.
  _np_quint8 = np.dtype([("quint8", np.uint8, 1)])
/home/acalvi/anaconda3/envs/libkge_new/lib/python3.7/site-packages/tensorflow/python/framework/dtypes.py:518: FutureWarning: Passing (type, 1) or '1type' as a synonym of type is deprecated; in a future version of numpy, it will be understood as (type, (1,)) / '(1,)type'.
  _np_qint16 = np.dtype([("qint16", np.int16, 1)])
/home/acalvi/anaconda3/envs/libkge_new/lib/python3.7/site-packages/tensorflow/python/framework/dtypes.py:519: FutureWarning: Passing (type, 1) or '1type' as a synonym of type is deprecated; in a future version of numpy, it will be understood as (type, (1,)) / '(1,)type'.
  _np_quint16 = np.dtype([("quint16", np.uint16, 1)])
/home/acalvi/anaconda3/envs/libkge_new/lib/python3.7/site-packages/tensorflow/python/framework/dtypes.py:520: FutureWarning: Passing (type, 1) or '1type' as a synonym of type is deprecated; in a future version of numpy, it will be understood as (type, (1,)) / '(1,)type'.
  _np_qint32 = np.dtype([("qint32", np.int32, 1)])
/home/acalvi/anaconda3/envs/libkge_new/lib/python3.7/site-packages/tensorflow/python/framework/dtypes.py:525: FutureWarning: Passing (type, 1) or '1type' as a synonym of type is deprecated; in a future version of numpy, it will be understood as (type, (1,)) / '(1,)type'.
  np_resource = np.dtype([("resource", np.ubyte, 1)])
/home/acalvi/anaconda3/envs/libkge_new/lib/python3.7/site-packages/tensorboard/compat/tensorflow_stub/dtypes.py:541: FutureWarning: Passing (type, 1) or '1type' as a synonym of type is deprecated; in a future version of numpy, it will be understood as (type, (1,)) / '(1,)type'.
  _np_qint8 = np.dtype([("qint8", np.int8, 1)])
/home/acalvi/anaconda3/envs/libkge_new/lib/python3.7/site-packages/tensorboard/compat/tensorflow_stub/dtypes.py:542: FutureWarning: Passing (type, 1) or '1type' as a synonym of type is deprecated; in a future version of numpy, it will be understood as (type, (1,)) / '(1,)type'.
  _np_quint8 = np.dtype([("quint8", np.uint8, 1)])
/home/acalvi/anaconda3/envs/libkge_new/lib/python3.7/site-packages/tensorboard/compat/tensorflow_stub/dtypes.py:543: FutureWarning: Passing (type, 1) or '1type' as a synonym of type is deprecated; in a future version of numpy, it will be understood as (type, (1,)) / '(1,)type'.
  _np_qint16 = np.dtype([("qint16", np.int16, 1)])
/home/acalvi/anaconda3/envs/libkge_new/lib/python3.7/site-packages/tensorboard/compat/tensorflow_stub/dtypes.py:544: FutureWarning: Passing (type, 1) or '1type' as a synonym of type is deprecated; in a future version of numpy, it will be understood as (type, (1,)) / '(1,)type'.
  _np_quint16 = np.dtype([("quint16", np.uint16, 1)])
/home/acalvi/anaconda3/envs/libkge_new/lib/python3.7/site-packages/tensorboard/compat/tensorflow_stub/dtypes.py:545: FutureWarning: Passing (type, 1) or '1type' as a synonym of type is deprecated; in a future version of numpy, it will be understood as (type, (1,)) / '(1,)type'.
  _np_qint32 = np.dtype([("qint32", np.int32, 1)])
/home/acalvi/anaconda3/envs/libkge_new/lib/python3.7/site-packages/tensorboard/compat/tensorflow_stub/dtypes.py:550: FutureWarning: Passing (type, 1) or '1type' as a synonym of type is deprecated; in a future version of numpy, it will be understood as (type, (1,)) / '(1,)type'.
  np_resource = np.dtype([("resource", np.ubyte, 1)])
/home/acalvi/Dissertation/Aladdin/biolink/testing/experiment_ComplEx.py:184: FutureWarning: elementwise comparison failed; returning scalar instead, but in the future will perform elementwise comparison
  if data == 'pse':
