./test2.py --data pse --mcl True --batch-size 128 --epochs 100 --embedding-size 100 --learning-rate 0.01 --regulariser n3 --reg-weight 0.1 --optimizer adagrad --valid --quiet
MCL True
INFO:test2.py:Valid: True
INFO:test2.py:Device: cuda
curr directory /home/acalvi/Dissertation/Aladdin/biolink
Importing dataset files ... 
<class 'biolink.embeddings.models_mc.ComplEx_MC'>
INFO:test2.py:is tucker False
INFO:test2.py:settin tucker to FALSE
INFO:test2.py:Device: cuda
INFO:test2.py:Epoch 1/100	Loss 12.1021 ± 0.1660
INFO:test2.py:Epoch 2/100	Loss 11.9891 ± 0.0942
INFO:test2.py:Epoch 3/100	Loss 11.9696 ± 0.0915
INFO:test2.py:Epoch 4/100	Loss 11.9601 ± 0.0906
INFO:test2.py:Epoch 5/100	Loss 11.9546 ± 0.0912
INFO:test2.py:Epoch 6/100	Loss 11.9508 ± 0.0903
INFO:test2.py:Epoch 7/100	Loss 11.9480 ± 0.0901
INFO:test2.py:Epoch 8/100	Loss 11.9458 ± 0.0904
INFO:test2.py:Epoch 9/100	Loss 11.9440 ± 0.0904
INFO:test2.py:Epoch 10/100	Loss 11.9424 ± 0.0906
INFO:test2.py:Epoch 11/100	Loss 11.9410 ± 0.0904
INFO:test2.py:Epoch 12/100	Loss 11.9397 ± 0.0909
INFO:test2.py:Epoch 13/100	Loss 11.9386 ± 0.0900
INFO:test2.py:Epoch 14/100	Loss 11.9375 ± 0.0905
INFO:test2.py:Epoch 15/100	Loss 11.9366 ± 0.0896
INFO:test2.py:Epoch 16/100	Loss 11.9357 ± 0.0901
INFO:test2.py:Epoch 17/100	Loss 11.9348 ± 0.0897
INFO:test2.py:Epoch 18/100	Loss 11.9341 ± 0.0902
INFO:test2.py:Epoch 19/100	Loss 11.9333 ± 0.0900
INFO:test2.py:Epoch 20/100	Loss 11.9326 ± 0.0903
INFO:test2.py:Epoch 21/100	Loss 11.9320 ± 0.0899
INFO:test2.py:Epoch 22/100	Loss 11.9314 ± 0.0899
INFO:test2.py:Epoch 23/100	Loss 11.9308 ± 0.0904
INFO:test2.py:Epoch 24/100	Loss 11.9302 ± 0.0901
INFO:test2.py:Epoch 25/100	Loss 11.9297 ± 0.0905
INFO:test2.py:Epoch 26/100	Loss 11.9292 ± 0.0900
INFO:test2.py:Epoch 27/100	Loss 11.9287 ± 0.0905
INFO:test2.py:Epoch 28/100	Loss 11.9283 ± 0.0910
INFO:test2.py:Epoch 29/100	Loss 11.9278 ± 0.0898
INFO:test2.py:Epoch 30/100	Loss 11.9274 ± 0.0903
INFO:test2.py:Epoch 31/100	Loss 11.9270 ± 0.0908
INFO:test2.py:Epoch 32/100	Loss 11.9267 ± 0.0904
INFO:test2.py:Epoch 33/100	Loss 11.9263 ± 0.0907
INFO:test2.py:Epoch 34/100	Loss 11.9260 ± 0.0911
INFO:test2.py:Epoch 35/100	Loss 11.9256 ± 0.0902
INFO:test2.py:Epoch 36/100	Loss 11.9253 ± 0.0909
INFO:test2.py:Epoch 37/100	Loss 11.9250 ± 0.0900
INFO:test2.py:Epoch 38/100	Loss 11.9247 ± 0.0906
INFO:test2.py:Epoch 39/100	Loss 11.9244 ± 0.0898
INFO:test2.py:Epoch 40/100	Loss 11.9242 ± 0.0903
INFO:test2.py:Epoch 41/100	Loss 11.9239 ± 0.0902
INFO:test2.py:Epoch 42/100	Loss 11.9237 ± 0.0902
INFO:test2.py:Epoch 43/100	Loss 11.9235 ± 0.0909
INFO:test2.py:Epoch 44/100	Loss 11.9232 ± 0.0909
INFO:test2.py:Epoch 45/100	Loss 11.9230 ± 0.0903
INFO:test2.py:Epoch 46/100	Loss 11.9228 ± 0.0905
INFO:test2.py:Epoch 47/100	Loss 11.9226 ± 0.0910
INFO:test2.py:Epoch 48/100	Loss 11.9224 ± 0.0905
INFO:test2.py:Epoch 49/100	Loss 11.9223 ± 0.0913
INFO:test2.py:Validating
INFO:test2.py:batch start 	80000
INFO:test2.py:batch start 	160000
INFO:test2.py:batch start 	240000
INFO:test2.py:batch start 	320000
INFO:test2.py:batch start 	400000
INFO:test2.py:done
INFO:test2.py:metrics done
INFO:test2.py:Epoch 50/100	Loss 11.9221 ± 0.0909
INFO:test2.py:Epoch 51/100	Loss 11.9219 ± 0.0910
INFO:test2.py:Epoch 52/100	Loss 11.9218 ± 0.0906
INFO:test2.py:Epoch 53/100	Loss 11.9216 ± 0.0917
INFO:test2.py:Epoch 54/100	Loss 11.9215 ± 0.0914
INFO:test2.py:Epoch 55/100	Loss 11.9213 ± 0.0905
INFO:test2.py:Epoch 56/100	Loss 11.9212 ± 0.0911
INFO:test2.py:Epoch 57/100	Loss 11.9211 ± 0.0904
INFO:test2.py:Epoch 58/100	Loss 11.9209 ± 0.0901
INFO:test2.py:Epoch 59/100	Loss 11.9208 ± 0.0909
INFO:test2.py:Epoch 60/100	Loss 11.9207 ± 0.0909
INFO:test2.py:Epoch 61/100	Loss 11.9206 ± 0.0906
INFO:test2.py:Epoch 62/100	Loss 11.9205 ± 0.0901
INFO:test2.py:Epoch 63/100	Loss 11.9204 ± 0.0910
INFO:test2.py:Epoch 64/100	Loss 11.9203 ± 0.0906
INFO:test2.py:Epoch 65/100	Loss 11.9202 ± 0.0909
INFO:test2.py:Epoch 66/100	Loss 11.9201 ± 0.0905
INFO:test2.py:Epoch 67/100	Loss 11.9200 ± 0.0906
INFO:test2.py:Epoch 68/100	Loss 11.9199 ± 0.0905
INFO:test2.py:Epoch 69/100	Loss 11.9198 ± 0.0906
INFO:test2.py:Epoch 70/100	Loss 11.9197 ± 0.0912
INFO:test2.py:Epoch 71/100	Loss 11.9196 ± 0.0908
INFO:test2.py:Epoch 72/100	Loss 11.9195 ± 0.0911
INFO:test2.py:Epoch 73/100	Loss 11.9195 ± 0.0910
INFO:test2.py:Epoch 74/100	Loss 11.9194 ± 0.0910
INFO:test2.py:Epoch 75/100	Loss 11.9193 ± 0.0906
INFO:test2.py:Epoch 76/100	Loss 11.9192 ± 0.0908
INFO:test2.py:Epoch 77/100	Loss 11.9192 ± 0.0904
INFO:test2.py:Epoch 78/100	Loss 11.9191 ± 0.0911
INFO:test2.py:Epoch 79/100	Loss 11.9190 ± 0.0909
INFO:test2.py:Epoch 80/100	Loss 11.9190 ± 0.0911
INFO:test2.py:Epoch 81/100	Loss 11.9189 ± 0.0912
INFO:test2.py:Epoch 82/100	Loss 11.9188 ± 0.0908
INFO:test2.py:Epoch 83/100	Loss 11.9188 ± 0.0908
INFO:test2.py:Epoch 84/100	Loss 11.9187 ± 0.0914
INFO:test2.py:Epoch 85/100	Loss 11.9187 ± 0.0901
INFO:test2.py:Epoch 86/100	Loss 11.9186 ± 0.0911
INFO:test2.py:Epoch 87/100	Loss 11.9186 ± 0.0910
INFO:test2.py:Epoch 88/100	Loss 11.9185 ± 0.0908
INFO:test2.py:Epoch 89/100	Loss 11.9185 ± 0.0908
INFO:test2.py:Epoch 90/100	Loss 11.9184 ± 0.0905
INFO:test2.py:Epoch 91/100	Loss 11.9184 ± 0.0911
INFO:test2.py:Epoch 92/100	Loss 11.9183 ± 0.0905
INFO:test2.py:Epoch 93/100	Loss 11.9183 ± 0.0904
INFO:test2.py:Epoch 94/100	Loss 11.9182 ± 0.0909
INFO:test2.py:Epoch 95/100	Loss 11.9182 ± 0.0914
INFO:test2.py:Epoch 96/100	Loss 11.9181 ± 0.0910
INFO:test2.py:Epoch 97/100	Loss 11.9181 ± 0.0907
INFO:test2.py:Epoch 98/100	Loss 11.9180 ± 0.0909
INFO:test2.py:Epoch 99/100	Loss 11.9180 ± 0.0902
INFO:test2.py:Epoch 100/100	Loss 11.9179 ± 0.0918
INFO:test2.py:is bad performing False
INFO:test2.py:Done training
INFO:test2.py:in evalute for dataset: 	valid
INFO:test2.py:batch start 	80000
INFO:test2.py:batch start 	160000
INFO:test2.py:batch start 	240000
INFO:test2.py:batch start 	320000
INFO:test2.py:batch start 	400000
INFO:test2.py:done
INFO:test2.py:metrics done
INFO:test2.py:Error 	valid results	MRR 0.087581	H@1 0.027926	H@3 0.073844	H@10 0.195103	AU-ROC_raw -1.000000	AU-ROC_fil -1.000000
INFO:test2.py:in evalute for dataset: 	test
INFO:test2.py:batch start 	80000
INFO:test2.py:batch start 	160000
INFO:test2.py:batch start 	240000
INFO:test2.py:batch start 	320000
INFO:test2.py:batch start 	400000
INFO:test2.py:done
INFO:test2.py:metrics done
INFO:test2.py:Error 	test results	MRR 0.087600	H@1 0.028022	H@3 0.073729	H@10 0.194571	AU-ROC_raw -1.000000	AU-ROC_fil -1.000000
/home/acalvi/anaconda3/envs/libkge_new/lib/python3.7/site-packages/tensorflow/python/framework/dtypes.py:516: FutureWarning: Passing (type, 1) or '1type' as a synonym of type is deprecated; in a future version of numpy, it will be understood as (type, (1,)) / '(1,)type'.
  _np_qint8 = np.dtype([("qint8", np.int8, 1)])
/home/acalvi/anaconda3/envs/libkge_new/lib/python3.7/site-packages/tensorflow/python/framework/dtypes.py:517: FutureWarning: Passing (type, 1) or '1type' as a synonym of type is deprecated; in a future version of numpy, it will be understood as (type, (1,)) / '(1,)type'.
  _np_quint8 = np.dtype([("quint8", np.uint8, 1)])
/home/acalvi/anaconda3/envs/libkge_new/lib/python3.7/site-packages/tensorflow/python/framework/dtypes.py:518: FutureWarning: Passing (type, 1) or '1type' as a synonym of type is deprecated; in a future version of numpy, it will be understood as (type, (1,)) / '(1,)type'.
  _np_qint16 = np.dtype([("qint16", np.int16, 1)])
/home/acalvi/anaconda3/envs/libkge_new/lib/python3.7/site-packages/tensorflow/python/framework/dtypes.py:519: FutureWarning: Passing (type, 1) or '1type' as a synonym of type is deprecated; in a future version of numpy, it will be understood as (type, (1,)) / '(1,)type'.
  _np_quint16 = np.dtype([("quint16", np.uint16, 1)])
/home/acalvi/anaconda3/envs/libkge_new/lib/python3.7/site-packages/tensorflow/python/framework/dtypes.py:520: FutureWarning: Passing (type, 1) or '1type' as a synonym of type is deprecated; in a future version of numpy, it will be understood as (type, (1,)) / '(1,)type'.
  _np_qint32 = np.dtype([("qint32", np.int32, 1)])
/home/acalvi/anaconda3/envs/libkge_new/lib/python3.7/site-packages/tensorflow/python/framework/dtypes.py:525: FutureWarning: Passing (type, 1) or '1type' as a synonym of type is deprecated; in a future version of numpy, it will be understood as (type, (1,)) / '(1,)type'.
  np_resource = np.dtype([("resource", np.ubyte, 1)])
/home/acalvi/anaconda3/envs/libkge_new/lib/python3.7/site-packages/tensorboard/compat/tensorflow_stub/dtypes.py:541: FutureWarning: Passing (type, 1) or '1type' as a synonym of type is deprecated; in a future version of numpy, it will be understood as (type, (1,)) / '(1,)type'.
  _np_qint8 = np.dtype([("qint8", np.int8, 1)])
/home/acalvi/anaconda3/envs/libkge_new/lib/python3.7/site-packages/tensorboard/compat/tensorflow_stub/dtypes.py:542: FutureWarning: Passing (type, 1) or '1type' as a synonym of type is deprecated; in a future version of numpy, it will be understood as (type, (1,)) / '(1,)type'.
  _np_quint8 = np.dtype([("quint8", np.uint8, 1)])
/home/acalvi/anaconda3/envs/libkge_new/lib/python3.7/site-packages/tensorboard/compat/tensorflow_stub/dtypes.py:543: FutureWarning: Passing (type, 1) or '1type' as a synonym of type is deprecated; in a future version of numpy, it will be understood as (type, (1,)) / '(1,)type'.
  _np_qint16 = np.dtype([("qint16", np.int16, 1)])
/home/acalvi/anaconda3/envs/libkge_new/lib/python3.7/site-packages/tensorboard/compat/tensorflow_stub/dtypes.py:544: FutureWarning: Passing (type, 1) or '1type' as a synonym of type is deprecated; in a future version of numpy, it will be understood as (type, (1,)) / '(1,)type'.
  _np_quint16 = np.dtype([("quint16", np.uint16, 1)])
/home/acalvi/anaconda3/envs/libkge_new/lib/python3.7/site-packages/tensorboard/compat/tensorflow_stub/dtypes.py:545: FutureWarning: Passing (type, 1) or '1type' as a synonym of type is deprecated; in a future version of numpy, it will be understood as (type, (1,)) / '(1,)type'.
  _np_qint32 = np.dtype([("qint32", np.int32, 1)])
/home/acalvi/anaconda3/envs/libkge_new/lib/python3.7/site-packages/tensorboard/compat/tensorflow_stub/dtypes.py:550: FutureWarning: Passing (type, 1) or '1type' as a synonym of type is deprecated; in a future version of numpy, it will be understood as (type, (1,)) / '(1,)type'.
  np_resource = np.dtype([("resource", np.ubyte, 1)])
