./test2.py --data pse --mcl True --batch-size 268 --epochs 100 --embedding-size 50 --learning-rate 0.01 --regulariser n3 --reg-weight 0.01 --optimizer adagrad --valid --quiet
MCL True
INFO:test2.py:Valid: True
INFO:test2.py:Device: cuda
curr directory /home/acalvi/Dissertation/Aladdin/biolink
Importing dataset files ... 
<class 'biolink.embeddings.models_mc.ComplEx_MC'>
INFO:test2.py:is tucker False
INFO:test2.py:settin tucker to FALSE
INFO:test2.py:Device: cuda
INFO:test2.py:Epoch 1/100	Loss 11.3033 ± 0.3362
INFO:test2.py:Epoch 2/100	Loss 11.0397 ± 0.0835
INFO:test2.py:Epoch 3/100	Loss 10.9722 ± 0.0793
INFO:test2.py:Epoch 4/100	Loss 10.9315 ± 0.0784
INFO:test2.py:Epoch 5/100	Loss 10.9044 ± 0.0795
INFO:test2.py:Epoch 6/100	Loss 10.8846 ± 0.0788
INFO:test2.py:Epoch 7/100	Loss 10.8691 ± 0.0789
INFO:test2.py:Epoch 8/100	Loss 10.8564 ± 0.0788
INFO:test2.py:Epoch 9/100	Loss 10.8455 ± 0.0791
INFO:test2.py:Epoch 10/100	Loss 10.8361 ± 0.0782
INFO:test2.py:Epoch 11/100	Loss 10.8276 ± 0.0780
INFO:test2.py:Epoch 12/100	Loss 10.8199 ± 0.0791
INFO:test2.py:Epoch 13/100	Loss 10.8129 ± 0.0789
INFO:test2.py:Epoch 14/100	Loss 10.8063 ± 0.0775
INFO:test2.py:Epoch 15/100	Loss 10.8002 ± 0.0791
INFO:test2.py:Epoch 16/100	Loss 10.7944 ± 0.0782
INFO:test2.py:Epoch 17/100	Loss 10.7888 ± 0.0774
INFO:test2.py:Epoch 18/100	Loss 10.7836 ± 0.0786
INFO:test2.py:Epoch 19/100	Loss 10.7786 ± 0.0777
INFO:test2.py:Epoch 20/100	Loss 10.7737 ± 0.0785
INFO:test2.py:Epoch 21/100	Loss 10.7691 ± 0.0772
INFO:test2.py:Epoch 22/100	Loss 10.7647 ± 0.0778
INFO:test2.py:Epoch 23/100	Loss 10.7604 ± 0.0777
INFO:test2.py:Epoch 24/100	Loss 10.7563 ± 0.0787
INFO:test2.py:Epoch 25/100	Loss 10.7524 ± 0.0779
INFO:test2.py:Epoch 26/100	Loss 10.7486 ± 0.0778
INFO:test2.py:Epoch 27/100	Loss 10.7449 ± 0.0775
INFO:test2.py:Epoch 28/100	Loss 10.7414 ± 0.0772
INFO:test2.py:Epoch 29/100	Loss 10.7380 ± 0.0774
INFO:test2.py:Epoch 30/100	Loss 10.7347 ± 0.0782
INFO:test2.py:Epoch 31/100	Loss 10.7315 ± 0.0780
INFO:test2.py:Epoch 32/100	Loss 10.7285 ± 0.0781
INFO:test2.py:Epoch 33/100	Loss 10.7255 ± 0.0770
INFO:test2.py:Epoch 34/100	Loss 10.7226 ± 0.0776
INFO:test2.py:Epoch 35/100	Loss 10.7199 ± 0.0776
INFO:test2.py:Epoch 36/100	Loss 10.7172 ± 0.0771
INFO:test2.py:Epoch 37/100	Loss 10.7146 ± 0.0781
INFO:test2.py:Epoch 38/100	Loss 10.7121 ± 0.0771
INFO:test2.py:Epoch 39/100	Loss 10.7097 ± 0.0781
INFO:test2.py:Epoch 40/100	Loss 10.7074 ± 0.0770
INFO:test2.py:Epoch 41/100	Loss 10.7051 ± 0.0777
INFO:test2.py:Epoch 42/100	Loss 10.7029 ± 0.0777
INFO:test2.py:Epoch 43/100	Loss 10.7008 ± 0.0758
INFO:test2.py:Epoch 44/100	Loss 10.6987 ± 0.0776
INFO:test2.py:Epoch 45/100	Loss 10.6967 ± 0.0781
INFO:test2.py:Epoch 46/100	Loss 10.6947 ± 0.0786
INFO:test2.py:Epoch 47/100	Loss 10.6928 ± 0.0776
INFO:test2.py:Epoch 48/100	Loss 10.6910 ± 0.0777
INFO:test2.py:Epoch 49/100	Loss 10.6892 ± 0.0763
INFO:test2.py:Validating
INFO:test2.py:done
INFO:test2.py:metrics done
INFO:test2.py:Epoch 50/100	Loss 10.6874 ± 0.0780
INFO:test2.py:Epoch 51/100	Loss 10.6857 ± 0.0767
INFO:test2.py:Epoch 52/100	Loss 10.6841 ± 0.0769
INFO:test2.py:Epoch 53/100	Loss 10.6825 ± 0.0779
INFO:test2.py:Epoch 54/100	Loss 10.6809 ± 0.0775
INFO:test2.py:Epoch 55/100	Loss 10.6794 ± 0.0769
INFO:test2.py:Epoch 56/100	Loss 10.6779 ± 0.0772
INFO:test2.py:Epoch 57/100	Loss 10.6764 ± 0.0768
INFO:test2.py:Epoch 58/100	Loss 10.6750 ± 0.0769
INFO:test2.py:Epoch 59/100	Loss 10.6736 ± 0.0773
INFO:test2.py:Epoch 60/100	Loss 10.6723 ± 0.0776
INFO:test2.py:Epoch 61/100	Loss 10.6710 ± 0.0768
INFO:test2.py:Epoch 62/100	Loss 10.6697 ± 0.0777
INFO:test2.py:Epoch 63/100	Loss 10.6684 ± 0.0779
INFO:test2.py:Epoch 64/100	Loss 10.6672 ± 0.0759
INFO:test2.py:Epoch 65/100	Loss 10.6660 ± 0.0772
INFO:test2.py:Epoch 66/100	Loss 10.6648 ± 0.0776
INFO:test2.py:Epoch 67/100	Loss 10.6637 ± 0.0769
INFO:test2.py:Epoch 68/100	Loss 10.6625 ± 0.0778
INFO:test2.py:Epoch 69/100	Loss 10.6614 ± 0.0782
INFO:test2.py:Epoch 70/100	Loss 10.6604 ± 0.0776
INFO:test2.py:Epoch 71/100	Loss 10.6593 ± 0.0769
INFO:test2.py:Epoch 72/100	Loss 10.6583 ± 0.0773
INFO:test2.py:Epoch 73/100	Loss 10.6573 ± 0.0763
INFO:test2.py:Epoch 74/100	Loss 10.6563 ± 0.0767
INFO:test2.py:Epoch 75/100	Loss 10.6553 ± 0.0761
INFO:test2.py:Epoch 76/100	Loss 10.6543 ± 0.0773
INFO:test2.py:Epoch 77/100	Loss 10.6534 ± 0.0768
INFO:test2.py:Epoch 78/100	Loss 10.6525 ± 0.0766
INFO:test2.py:Epoch 79/100	Loss 10.6516 ± 0.0770
INFO:test2.py:Epoch 80/100	Loss 10.6507 ± 0.0773
INFO:test2.py:Epoch 81/100	Loss 10.6498 ± 0.0770
INFO:test2.py:Epoch 82/100	Loss 10.6490 ± 0.0775
INFO:test2.py:Epoch 83/100	Loss 10.6481 ± 0.0778
INFO:test2.py:Epoch 84/100	Loss 10.6473 ± 0.0767
INFO:test2.py:Epoch 85/100	Loss 10.6465 ± 0.0772
INFO:test2.py:Epoch 86/100	Loss 10.6457 ± 0.0768
INFO:test2.py:Epoch 87/100	Loss 10.6449 ± 0.0767
INFO:test2.py:Epoch 88/100	Loss 10.6442 ± 0.0777
INFO:test2.py:Epoch 89/100	Loss 10.6434 ± 0.0774
INFO:test2.py:Epoch 90/100	Loss 10.6427 ± 0.0772
INFO:test2.py:Epoch 91/100	Loss 10.6419 ± 0.0770
INFO:test2.py:Epoch 92/100	Loss 10.6412 ± 0.0762
INFO:test2.py:Epoch 93/100	Loss 10.6405 ± 0.0769
INFO:test2.py:Epoch 94/100	Loss 10.6398 ± 0.0769
INFO:test2.py:Epoch 95/100	Loss 10.6391 ± 0.0762
INFO:test2.py:Epoch 96/100	Loss 10.6385 ± 0.0772
INFO:test2.py:Epoch 97/100	Loss 10.6378 ± 0.0778
INFO:test2.py:Epoch 98/100	Loss 10.6371 ± 0.0765
INFO:test2.py:Epoch 99/100	Loss 10.6365 ± 0.0763
INFO:test2.py:Epoch 100/100	Loss 10.6359 ± 0.0763
INFO:test2.py:is bad performing False
INFO:test2.py:Done training
INFO:test2.py:in evalute for dataset: 	valid
INFO:test2.py:done
INFO:test2.py:metrics done
INFO:test2.py:Error 	valid results	MRR 0.112887	H@1 0.041362	H@3 0.102219	H@10 0.250460	AU-ROC_raw -1.000000	AU-ROC_fil -1.000000
INFO:test2.py:in evalute for dataset: 	test
INFO:test2.py:done
INFO:test2.py:metrics done
INFO:test2.py:Error 	test results	MRR 0.113418	H@1 0.041768	H@3 0.103088	H@10 0.250974	AU-ROC_raw -1.000000	AU-ROC_fil -1.000000
/home/acalvi/anaconda3/envs/libkge_new/lib/python3.7/site-packages/tensorflow/python/framework/dtypes.py:516: FutureWarning: Passing (type, 1) or '1type' as a synonym of type is deprecated; in a future version of numpy, it will be understood as (type, (1,)) / '(1,)type'.
  _np_qint8 = np.dtype([("qint8", np.int8, 1)])
/home/acalvi/anaconda3/envs/libkge_new/lib/python3.7/site-packages/tensorflow/python/framework/dtypes.py:517: FutureWarning: Passing (type, 1) or '1type' as a synonym of type is deprecated; in a future version of numpy, it will be understood as (type, (1,)) / '(1,)type'.
  _np_quint8 = np.dtype([("quint8", np.uint8, 1)])
/home/acalvi/anaconda3/envs/libkge_new/lib/python3.7/site-packages/tensorflow/python/framework/dtypes.py:518: FutureWarning: Passing (type, 1) or '1type' as a synonym of type is deprecated; in a future version of numpy, it will be understood as (type, (1,)) / '(1,)type'.
  _np_qint16 = np.dtype([("qint16", np.int16, 1)])
/home/acalvi/anaconda3/envs/libkge_new/lib/python3.7/site-packages/tensorflow/python/framework/dtypes.py:519: FutureWarning: Passing (type, 1) or '1type' as a synonym of type is deprecated; in a future version of numpy, it will be understood as (type, (1,)) / '(1,)type'.
  _np_quint16 = np.dtype([("quint16", np.uint16, 1)])
/home/acalvi/anaconda3/envs/libkge_new/lib/python3.7/site-packages/tensorflow/python/framework/dtypes.py:520: FutureWarning: Passing (type, 1) or '1type' as a synonym of type is deprecated; in a future version of numpy, it will be understood as (type, (1,)) / '(1,)type'.
  _np_qint32 = np.dtype([("qint32", np.int32, 1)])
/home/acalvi/anaconda3/envs/libkge_new/lib/python3.7/site-packages/tensorflow/python/framework/dtypes.py:525: FutureWarning: Passing (type, 1) or '1type' as a synonym of type is deprecated; in a future version of numpy, it will be understood as (type, (1,)) / '(1,)type'.
  np_resource = np.dtype([("resource", np.ubyte, 1)])
/home/acalvi/anaconda3/envs/libkge_new/lib/python3.7/site-packages/tensorboard/compat/tensorflow_stub/dtypes.py:541: FutureWarning: Passing (type, 1) or '1type' as a synonym of type is deprecated; in a future version of numpy, it will be understood as (type, (1,)) / '(1,)type'.
  _np_qint8 = np.dtype([("qint8", np.int8, 1)])
/home/acalvi/anaconda3/envs/libkge_new/lib/python3.7/site-packages/tensorboard/compat/tensorflow_stub/dtypes.py:542: FutureWarning: Passing (type, 1) or '1type' as a synonym of type is deprecated; in a future version of numpy, it will be understood as (type, (1,)) / '(1,)type'.
  _np_quint8 = np.dtype([("quint8", np.uint8, 1)])
/home/acalvi/anaconda3/envs/libkge_new/lib/python3.7/site-packages/tensorboard/compat/tensorflow_stub/dtypes.py:543: FutureWarning: Passing (type, 1) or '1type' as a synonym of type is deprecated; in a future version of numpy, it will be understood as (type, (1,)) / '(1,)type'.
  _np_qint16 = np.dtype([("qint16", np.int16, 1)])
/home/acalvi/anaconda3/envs/libkge_new/lib/python3.7/site-packages/tensorboard/compat/tensorflow_stub/dtypes.py:544: FutureWarning: Passing (type, 1) or '1type' as a synonym of type is deprecated; in a future version of numpy, it will be understood as (type, (1,)) / '(1,)type'.
  _np_quint16 = np.dtype([("quint16", np.uint16, 1)])
/home/acalvi/anaconda3/envs/libkge_new/lib/python3.7/site-packages/tensorboard/compat/tensorflow_stub/dtypes.py:545: FutureWarning: Passing (type, 1) or '1type' as a synonym of type is deprecated; in a future version of numpy, it will be understood as (type, (1,)) / '(1,)type'.
  _np_qint32 = np.dtype([("qint32", np.int32, 1)])
/home/acalvi/anaconda3/envs/libkge_new/lib/python3.7/site-packages/tensorboard/compat/tensorflow_stub/dtypes.py:550: FutureWarning: Passing (type, 1) or '1type' as a synonym of type is deprecated; in a future version of numpy, it will be understood as (type, (1,)) / '(1,)type'.
  np_resource = np.dtype([("resource", np.ubyte, 1)])
