./test2.py --data pse --mcl True --batch-size 268 --epochs 100 --embedding-size 150 --learning-rate 0.01 --regulariser n3 --reg-weight 0.01 --optimizer adagrad --valid --quiet
MCL True
INFO:test2.py:Valid: True
INFO:test2.py:Device: cuda
curr directory /home/acalvi/Dissertation/Aladdin/biolink
Importing dataset files ... 
<class 'biolink.embeddings.models_mc.ComplEx_MC'>
INFO:test2.py:is tucker False
INFO:test2.py:settin tucker to FALSE
INFO:test2.py:Device: cuda
INFO:test2.py:Epoch 1/100	Loss 11.2392 ± 0.3424
INFO:test2.py:Epoch 2/100	Loss 10.9032 ± 0.0822
INFO:test2.py:Epoch 3/100	Loss 10.8239 ± 0.0783
INFO:test2.py:Epoch 4/100	Loss 10.7827 ± 0.0776
INFO:test2.py:Epoch 5/100	Loss 10.7564 ± 0.0773
INFO:test2.py:Epoch 6/100	Loss 10.7370 ± 0.0779
INFO:test2.py:Epoch 7/100	Loss 10.7216 ± 0.0767
INFO:test2.py:Epoch 8/100	Loss 10.7089 ± 0.0773
INFO:test2.py:Epoch 9/100	Loss 10.6981 ± 0.0767
INFO:test2.py:Epoch 10/100	Loss 10.6887 ± 0.0773
INFO:test2.py:Epoch 11/100	Loss 10.6803 ± 0.0772
INFO:test2.py:Epoch 12/100	Loss 10.6727 ± 0.0767
INFO:test2.py:Epoch 13/100	Loss 10.6659 ± 0.0771
INFO:test2.py:Epoch 14/100	Loss 10.6596 ± 0.0773
INFO:test2.py:Epoch 15/100	Loss 10.6537 ± 0.0767
INFO:test2.py:Epoch 16/100	Loss 10.6483 ± 0.0771
INFO:test2.py:Epoch 17/100	Loss 10.6433 ± 0.0762
INFO:test2.py:Epoch 18/100	Loss 10.6385 ± 0.0763
INFO:test2.py:Epoch 19/100	Loss 10.6341 ± 0.0759
INFO:test2.py:Epoch 20/100	Loss 10.6299 ± 0.0761
INFO:test2.py:Epoch 21/100	Loss 10.6259 ± 0.0759
INFO:test2.py:Epoch 22/100	Loss 10.6221 ± 0.0764
INFO:test2.py:Epoch 23/100	Loss 10.6185 ± 0.0766
INFO:test2.py:Epoch 24/100	Loss 10.6151 ± 0.0763
INFO:test2.py:Epoch 25/100	Loss 10.6118 ± 0.0768
INFO:test2.py:Epoch 26/100	Loss 10.6087 ± 0.0760
INFO:test2.py:Epoch 27/100	Loss 10.6057 ± 0.0758
INFO:test2.py:Epoch 28/100	Loss 10.6029 ± 0.0767
INFO:test2.py:Epoch 29/100	Loss 10.6001 ± 0.0751
INFO:test2.py:Epoch 30/100	Loss 10.5975 ± 0.0763
INFO:test2.py:Epoch 31/100	Loss 10.5950 ± 0.0758
INFO:test2.py:Epoch 32/100	Loss 10.5926 ± 0.0766
INFO:test2.py:Epoch 33/100	Loss 10.5902 ± 0.0756
INFO:test2.py:Epoch 34/100	Loss 10.5880 ± 0.0757
INFO:test2.py:Epoch 35/100	Loss 10.5858 ± 0.0757
INFO:test2.py:Epoch 36/100	Loss 10.5837 ± 0.0761
INFO:test2.py:Epoch 37/100	Loss 10.5817 ± 0.0755
INFO:test2.py:Epoch 38/100	Loss 10.5797 ± 0.0756
INFO:test2.py:Epoch 39/100	Loss 10.5778 ± 0.0758
INFO:test2.py:Epoch 40/100	Loss 10.5760 ± 0.0758
INFO:test2.py:Epoch 41/100	Loss 10.5742 ± 0.0764
INFO:test2.py:Epoch 42/100	Loss 10.5725 ± 0.0760
INFO:test2.py:Epoch 43/100	Loss 10.5708 ± 0.0763
INFO:test2.py:Epoch 44/100	Loss 10.5692 ± 0.0746
INFO:test2.py:Epoch 45/100	Loss 10.5676 ± 0.0751
INFO:test2.py:Epoch 46/100	Loss 10.5661 ± 0.0755
INFO:test2.py:Epoch 47/100	Loss 10.5646 ± 0.0760
INFO:test2.py:Epoch 48/100	Loss 10.5631 ± 0.0767
INFO:test2.py:Epoch 49/100	Loss 10.5617 ± 0.0755
INFO:test2.py:Validating
INFO:test2.py:done
INFO:test2.py:metrics done
INFO:test2.py:Epoch 50/100	Loss 10.5603 ± 0.0747
INFO:test2.py:Epoch 51/100	Loss 10.5590 ± 0.0760
INFO:test2.py:Epoch 52/100	Loss 10.5577 ± 0.0752
INFO:test2.py:Epoch 53/100	Loss 10.5564 ± 0.0750
INFO:test2.py:Epoch 54/100	Loss 10.5552 ± 0.0760
INFO:test2.py:Epoch 55/100	Loss 10.5540 ± 0.0756
INFO:test2.py:Epoch 56/100	Loss 10.5528 ± 0.0756
INFO:test2.py:Epoch 57/100	Loss 10.5517 ± 0.0759
INFO:test2.py:Epoch 58/100	Loss 10.5505 ± 0.0753
INFO:test2.py:Epoch 59/100	Loss 10.5494 ± 0.0758
INFO:test2.py:Epoch 60/100	Loss 10.5484 ± 0.0765
INFO:test2.py:Epoch 61/100	Loss 10.5473 ± 0.0765
INFO:test2.py:Epoch 62/100	Loss 10.5463 ± 0.0755
INFO:test2.py:Epoch 63/100	Loss 10.5453 ± 0.0751
INFO:test2.py:Epoch 64/100	Loss 10.5443 ± 0.0763
INFO:test2.py:Epoch 65/100	Loss 10.5434 ± 0.0748
INFO:test2.py:Epoch 66/100	Loss 10.5424 ± 0.0753
INFO:test2.py:Epoch 67/100	Loss 10.5415 ± 0.0759
INFO:test2.py:Epoch 68/100	Loss 10.5406 ± 0.0755
INFO:test2.py:Epoch 69/100	Loss 10.5397 ± 0.0764
INFO:test2.py:Epoch 70/100	Loss 10.5389 ± 0.0754
INFO:test2.py:Epoch 71/100	Loss 10.5380 ± 0.0754
INFO:test2.py:Epoch 72/100	Loss 10.5372 ± 0.0749
INFO:test2.py:Epoch 73/100	Loss 10.5364 ± 0.0752
INFO:test2.py:Epoch 74/100	Loss 10.5356 ± 0.0754
INFO:test2.py:Epoch 75/100	Loss 10.5348 ± 0.0752
INFO:test2.py:Epoch 76/100	Loss 10.5340 ± 0.0759
INFO:test2.py:Epoch 77/100	Loss 10.5333 ± 0.0754
INFO:test2.py:Epoch 78/100	Loss 10.5326 ± 0.0748
INFO:test2.py:Epoch 79/100	Loss 10.5318 ± 0.0764
INFO:test2.py:Epoch 80/100	Loss 10.5311 ± 0.0756
INFO:test2.py:Epoch 81/100	Loss 10.5304 ± 0.0762
INFO:test2.py:Epoch 82/100	Loss 10.5297 ± 0.0752
INFO:test2.py:Epoch 83/100	Loss 10.5290 ± 0.0767
INFO:test2.py:Epoch 84/100	Loss 10.5284 ± 0.0753
INFO:test2.py:Epoch 85/100	Loss 10.5277 ± 0.0749
INFO:test2.py:Epoch 86/100	Loss 10.5271 ± 0.0758
INFO:test2.py:Epoch 87/100	Loss 10.5265 ± 0.0759
INFO:test2.py:Epoch 88/100	Loss 10.5258 ± 0.0752
INFO:test2.py:Epoch 89/100	Loss 10.5252 ± 0.0746
INFO:test2.py:Epoch 90/100	Loss 10.5246 ± 0.0757
INFO:test2.py:Epoch 91/100	Loss 10.5240 ± 0.0756
INFO:test2.py:Epoch 92/100	Loss 10.5235 ± 0.0749
INFO:test2.py:Epoch 93/100	Loss 10.5229 ± 0.0751
INFO:test2.py:Epoch 94/100	Loss 10.5223 ± 0.0754
INFO:test2.py:Epoch 95/100	Loss 10.5218 ± 0.0753
INFO:test2.py:Epoch 96/100	Loss 10.5212 ± 0.0753
INFO:test2.py:Epoch 97/100	Loss 10.5207 ± 0.0754
INFO:test2.py:Epoch 98/100	Loss 10.5201 ± 0.0750
INFO:test2.py:Epoch 99/100	Loss 10.5196 ± 0.0754
INFO:test2.py:Epoch 100/100	Loss 10.5191 ± 0.0746
INFO:test2.py:is bad performing False
INFO:test2.py:Done training
INFO:test2.py:in evalute for dataset: 	valid
INFO:test2.py:done
INFO:test2.py:metrics done
INFO:test2.py:Error 	valid results	MRR 0.127221	H@1 0.050092	H@3 0.119787	H@10 0.277779	AU-ROC_raw -1.000000	AU-ROC_fil -1.000000
INFO:test2.py:in evalute for dataset: 	test
INFO:test2.py:done
INFO:test2.py:metrics done
INFO:test2.py:Error 	test results	MRR 0.127649	H@1 0.050536	H@3 0.119886	H@10 0.278937	AU-ROC_raw -1.000000	AU-ROC_fil -1.000000
/home/acalvi/anaconda3/envs/libkge_new/lib/python3.7/site-packages/tensorflow/python/framework/dtypes.py:516: FutureWarning: Passing (type, 1) or '1type' as a synonym of type is deprecated; in a future version of numpy, it will be understood as (type, (1,)) / '(1,)type'.
  _np_qint8 = np.dtype([("qint8", np.int8, 1)])
/home/acalvi/anaconda3/envs/libkge_new/lib/python3.7/site-packages/tensorflow/python/framework/dtypes.py:517: FutureWarning: Passing (type, 1) or '1type' as a synonym of type is deprecated; in a future version of numpy, it will be understood as (type, (1,)) / '(1,)type'.
  _np_quint8 = np.dtype([("quint8", np.uint8, 1)])
/home/acalvi/anaconda3/envs/libkge_new/lib/python3.7/site-packages/tensorflow/python/framework/dtypes.py:518: FutureWarning: Passing (type, 1) or '1type' as a synonym of type is deprecated; in a future version of numpy, it will be understood as (type, (1,)) / '(1,)type'.
  _np_qint16 = np.dtype([("qint16", np.int16, 1)])
/home/acalvi/anaconda3/envs/libkge_new/lib/python3.7/site-packages/tensorflow/python/framework/dtypes.py:519: FutureWarning: Passing (type, 1) or '1type' as a synonym of type is deprecated; in a future version of numpy, it will be understood as (type, (1,)) / '(1,)type'.
  _np_quint16 = np.dtype([("quint16", np.uint16, 1)])
/home/acalvi/anaconda3/envs/libkge_new/lib/python3.7/site-packages/tensorflow/python/framework/dtypes.py:520: FutureWarning: Passing (type, 1) or '1type' as a synonym of type is deprecated; in a future version of numpy, it will be understood as (type, (1,)) / '(1,)type'.
  _np_qint32 = np.dtype([("qint32", np.int32, 1)])
/home/acalvi/anaconda3/envs/libkge_new/lib/python3.7/site-packages/tensorflow/python/framework/dtypes.py:525: FutureWarning: Passing (type, 1) or '1type' as a synonym of type is deprecated; in a future version of numpy, it will be understood as (type, (1,)) / '(1,)type'.
  np_resource = np.dtype([("resource", np.ubyte, 1)])
/home/acalvi/anaconda3/envs/libkge_new/lib/python3.7/site-packages/tensorboard/compat/tensorflow_stub/dtypes.py:541: FutureWarning: Passing (type, 1) or '1type' as a synonym of type is deprecated; in a future version of numpy, it will be understood as (type, (1,)) / '(1,)type'.
  _np_qint8 = np.dtype([("qint8", np.int8, 1)])
/home/acalvi/anaconda3/envs/libkge_new/lib/python3.7/site-packages/tensorboard/compat/tensorflow_stub/dtypes.py:542: FutureWarning: Passing (type, 1) or '1type' as a synonym of type is deprecated; in a future version of numpy, it will be understood as (type, (1,)) / '(1,)type'.
  _np_quint8 = np.dtype([("quint8", np.uint8, 1)])
/home/acalvi/anaconda3/envs/libkge_new/lib/python3.7/site-packages/tensorboard/compat/tensorflow_stub/dtypes.py:543: FutureWarning: Passing (type, 1) or '1type' as a synonym of type is deprecated; in a future version of numpy, it will be understood as (type, (1,)) / '(1,)type'.
  _np_qint16 = np.dtype([("qint16", np.int16, 1)])
/home/acalvi/anaconda3/envs/libkge_new/lib/python3.7/site-packages/tensorboard/compat/tensorflow_stub/dtypes.py:544: FutureWarning: Passing (type, 1) or '1type' as a synonym of type is deprecated; in a future version of numpy, it will be understood as (type, (1,)) / '(1,)type'.
  _np_quint16 = np.dtype([("quint16", np.uint16, 1)])
/home/acalvi/anaconda3/envs/libkge_new/lib/python3.7/site-packages/tensorboard/compat/tensorflow_stub/dtypes.py:545: FutureWarning: Passing (type, 1) or '1type' as a synonym of type is deprecated; in a future version of numpy, it will be understood as (type, (1,)) / '(1,)type'.
  _np_qint32 = np.dtype([("qint32", np.int32, 1)])
/home/acalvi/anaconda3/envs/libkge_new/lib/python3.7/site-packages/tensorboard/compat/tensorflow_stub/dtypes.py:550: FutureWarning: Passing (type, 1) or '1type' as a synonym of type is deprecated; in a future version of numpy, it will be understood as (type, (1,)) / '(1,)type'.
  np_resource = np.dtype([("resource", np.ubyte, 1)])
