./test2.py --data pse --mcl True --batch-size 268 --epochs 100 --embedding-size 100 --learning-rate 0.1 --regulariser n3 --reg-weight 0.5 --optimizer adagrad --valid --quiet
MCL True
INFO:test2.py:Valid: True
INFO:test2.py:Device: cuda
curr directory /home/acalvi/Dissertation/Aladdin/biolink
Importing dataset files ... 
<class 'biolink.embeddings.models_mc.ComplEx_MC'>
INFO:test2.py:is tucker False
INFO:test2.py:Device: cuda
INFO:test2.py:Epoch 1/100	Loss 13.4345 ± 3.6155
INFO:test2.py:Epoch 2/100	Loss 13.1017 ± 3.1323
INFO:test2.py:Epoch 3/100	Loss 13.0545 ± 2.9416
INFO:test2.py:Epoch 4/100	Loss 13.0332 ± 2.8085
INFO:test2.py:Epoch 5/100	Loss 13.0205 ± 2.7046
INFO:test2.py:Epoch 6/100	Loss 13.0118 ± 2.6157
INFO:test2.py:Epoch 7/100	Loss 13.0054 ± 2.5401
INFO:test2.py:Epoch 8/100	Loss 13.0003 ± 2.4730
INFO:test2.py:Epoch 9/100	Loss 12.9962 ± 2.4131
INFO:test2.py:Epoch 10/100	Loss 12.9928 ± 2.3584
INFO:test2.py:Epoch 11/100	Loss 12.9899 ± 2.3084
INFO:test2.py:Epoch 12/100	Loss 12.9874 ± 2.2627
INFO:test2.py:Epoch 13/100	Loss 12.9852 ± 2.2189
INFO:test2.py:Epoch 14/100	Loss 12.9832 ± 2.1796
INFO:test2.py:Epoch 15/100	Loss 12.9814 ± 2.1421
INFO:test2.py:Epoch 16/100	Loss 12.9798 ± 2.1049
INFO:test2.py:Epoch 17/100	Loss 12.9784 ± 2.0721
INFO:test2.py:Epoch 18/100	Loss 12.9771 ± 2.0387
INFO:test2.py:Epoch 19/100	Loss 12.9758 ± 2.0080
INFO:test2.py:Epoch 20/100	Loss 12.9747 ± 1.9787
INFO:test2.py:Epoch 21/100	Loss 12.9737 ± 1.9504
INFO:test2.py:Epoch 22/100	Loss 12.9727 ± 1.9235
INFO:test2.py:Epoch 23/100	Loss 12.9718 ± 1.8976
INFO:test2.py:Epoch 24/100	Loss 12.9709 ± 1.8727
INFO:test2.py:Epoch 25/100	Loss 12.9701 ± 1.8490
INFO:test2.py:Epoch 26/100	Loss 12.9694 ± 1.8256
INFO:test2.py:Epoch 27/100	Loss 12.9687 ± 1.8032
INFO:test2.py:Epoch 28/100	Loss 12.9680 ± 1.7815
INFO:test2.py:Epoch 29/100	Loss 12.9673 ± 1.7606
INFO:test2.py:Epoch 30/100	Loss 12.9667 ± 1.7405
INFO:test2.py:Epoch 31/100	Loss 12.9625 ± 1.7371
INFO:test2.py:Epoch 32/100	Loss 12.9463 ± 1.7485
INFO:test2.py:Epoch 33/100	Loss 12.9444 ± 1.7268
INFO:test2.py:Epoch 34/100	Loss 12.9434 ± 1.7070
INFO:test2.py:Epoch 35/100	Loss 12.9426 ± 1.6882
INFO:test2.py:Epoch 36/100	Loss 12.9419 ± 1.6698
INFO:test2.py:Epoch 37/100	Loss 12.9412 ± 1.6520
INFO:test2.py:Epoch 38/100	Loss 12.9406 ± 1.6349
INFO:test2.py:Epoch 39/100	Loss 12.9401 ± 1.6179
INFO:test2.py:Epoch 40/100	Loss 12.9396 ± 1.6017
INFO:test2.py:Epoch 41/100	Loss 12.9391 ± 1.5857
INFO:test2.py:Epoch 42/100	Loss 12.9386 ± 1.5704
INFO:test2.py:Epoch 43/100	Loss 12.9382 ± 1.5549
INFO:test2.py:Epoch 44/100	Loss 12.9377 ± 1.5404
INFO:test2.py:Epoch 45/100	Loss 12.9373 ± 1.5259
INFO:test2.py:Epoch 46/100	Loss 12.9369 ± 1.5118
INFO:test2.py:Epoch 47/100	Loss 12.9366 ± 1.4980
INFO:test2.py:Epoch 48/100	Loss 12.9362 ± 1.4852
INFO:test2.py:Epoch 49/100	Loss 12.9359 ± 1.4709
INFO:test2.py:Epoch 50/100	Loss 12.9355 ± 1.4584
INFO:test2.py:Epoch 51/100	Loss 12.9352 ± 1.4454
INFO:test2.py:Epoch 52/100	Loss 12.9349 ± 1.4334
INFO:test2.py:Epoch 53/100	Loss 12.9346 ± 1.4219
INFO:test2.py:Epoch 54/100	Loss 12.9343 ± 1.4089
INFO:test2.py:Epoch 55/100	Loss 12.9340 ± 1.3972
INFO:test2.py:Epoch 56/100	Loss 12.9337 ± 1.3857
INFO:test2.py:Epoch 57/100	Loss 12.9334 ± 1.3748
INFO:test2.py:Epoch 58/100	Loss 12.9332 ± 1.3631
INFO:test2.py:Epoch 59/100	Loss 12.9329 ± 1.3523
INFO:test2.py:Epoch 60/100	Loss 12.9327 ± 1.3415
INFO:test2.py:Epoch 61/100	Loss 12.9324 ± 1.3310
INFO:test2.py:Epoch 62/100	Loss 12.9322 ± 1.3203
INFO:test2.py:Epoch 63/100	Loss 12.9320 ± 1.3105
INFO:test2.py:Epoch 64/100	Loss 12.9317 ± 1.3001
INFO:test2.py:Epoch 65/100	Loss 12.9315 ± 1.2903
INFO:test2.py:Epoch 66/100	Loss 12.9313 ± 1.2809
INFO:test2.py:Epoch 67/100	Loss 12.9311 ± 1.2713
INFO:test2.py:Epoch 68/100	Loss 12.9309 ± 1.2615
INFO:test2.py:Epoch 69/100	Loss 12.9307 ± 1.2523
INFO:test2.py:Epoch 70/100	Loss 12.9305 ± 1.2431
INFO:test2.py:Epoch 71/100	Loss 12.9303 ± 1.2343
INFO:test2.py:Epoch 72/100	Loss 12.9301 ± 1.2254
INFO:test2.py:Epoch 73/100	Loss 12.9299 ± 1.2167
INFO:test2.py:Epoch 74/100	Loss 12.9297 ± 1.2080
INFO:test2.py:Epoch 75/100	Loss 12.9296 ± 1.1994
INFO:test2.py:Epoch 76/100	Loss 12.9294 ± 1.1913
INFO:test2.py:Epoch 77/100	Loss 12.9292 ± 1.1834
INFO:test2.py:Epoch 78/100	Loss 12.9291 ± 1.1751
INFO:test2.py:Epoch 79/100	Loss 12.9289 ± 1.1671
INFO:test2.py:Epoch 80/100	Loss 12.9287 ± 1.1588
INFO:test2.py:Epoch 81/100	Loss 12.9286 ± 1.1508
INFO:test2.py:Epoch 82/100	Loss 12.9284 ± 1.1432
INFO:test2.py:Epoch 83/100	Loss 12.9283 ± 1.1359
INFO:test2.py:Epoch 84/100	Loss 12.9281 ± 1.1284
INFO:test2.py:Epoch 85/100	Loss 12.9280 ± 1.1212
INFO:test2.py:Epoch 86/100	Loss 12.9278 ± 1.1134
INFO:test2.py:Epoch 87/100	Loss 12.9277 ± 1.1062
INFO:test2.py:Epoch 88/100	Loss 12.9276 ± 1.0995
INFO:test2.py:Epoch 89/100	Loss 12.9274 ± 1.0919
INFO:test2.py:Epoch 90/100	Loss 12.9273 ± 1.0854
INFO:test2.py:Epoch 91/100	Loss 12.9272 ± 1.0783
INFO:test2.py:Epoch 92/100	Loss 12.9270 ± 1.0713
INFO:test2.py:Epoch 93/100	Loss 12.9269 ± 1.0650
INFO:test2.py:Epoch 94/100	Loss 12.9268 ± 1.0581
INFO:test2.py:Epoch 95/100	Loss 12.9267 ± 1.0515
INFO:test2.py:Epoch 96/100	Loss 12.9265 ± 1.0452
INFO:test2.py:Epoch 97/100	Loss 12.9264 ± 1.0386
INFO:test2.py:Epoch 98/100	Loss 12.9263 ± 1.0326
INFO:test2.py:Epoch 99/100	Loss 12.9262 ± 1.0263
INFO:test2.py:Epoch 100/100	Loss 12.9261 ± 1.0202
INFO:test2.py:is bad performing False
INFO:test2.py:Done training
INFO:test2.py:in evalute for dataset: 	valid
INFO:test2.py:done
INFO:test2.py:done not filtered aucroc
INFO:test2.py:metrics done
INFO:test2.py:Error 	valid results	MRR 0.059800	H@1 0.016165	H@3 0.044894	H@10 0.126831	AU-ROC_raw -1.000000	AU-ROC_fil -1.000000
INFO:test2.py:in evalute for dataset: 	test
INFO:test2.py:done
INFO:test2.py:done not filtered aucroc
INFO:test2.py:metrics done
INFO:test2.py:Error 	test results	MRR 0.059714	H@1 0.016097	H@3 0.044680	H@10 0.126847	AU-ROC_raw -1.000000	AU-ROC_fil -1.000000
/home/acalvi/anaconda3/envs/libkge_new/lib/python3.7/site-packages/tensorflow/python/framework/dtypes.py:516: FutureWarning: Passing (type, 1) or '1type' as a synonym of type is deprecated; in a future version of numpy, it will be understood as (type, (1,)) / '(1,)type'.
  _np_qint8 = np.dtype([("qint8", np.int8, 1)])
/home/acalvi/anaconda3/envs/libkge_new/lib/python3.7/site-packages/tensorflow/python/framework/dtypes.py:517: FutureWarning: Passing (type, 1) or '1type' as a synonym of type is deprecated; in a future version of numpy, it will be understood as (type, (1,)) / '(1,)type'.
  _np_quint8 = np.dtype([("quint8", np.uint8, 1)])
/home/acalvi/anaconda3/envs/libkge_new/lib/python3.7/site-packages/tensorflow/python/framework/dtypes.py:518: FutureWarning: Passing (type, 1) or '1type' as a synonym of type is deprecated; in a future version of numpy, it will be understood as (type, (1,)) / '(1,)type'.
  _np_qint16 = np.dtype([("qint16", np.int16, 1)])
/home/acalvi/anaconda3/envs/libkge_new/lib/python3.7/site-packages/tensorflow/python/framework/dtypes.py:519: FutureWarning: Passing (type, 1) or '1type' as a synonym of type is deprecated; in a future version of numpy, it will be understood as (type, (1,)) / '(1,)type'.
  _np_quint16 = np.dtype([("quint16", np.uint16, 1)])
/home/acalvi/anaconda3/envs/libkge_new/lib/python3.7/site-packages/tensorflow/python/framework/dtypes.py:520: FutureWarning: Passing (type, 1) or '1type' as a synonym of type is deprecated; in a future version of numpy, it will be understood as (type, (1,)) / '(1,)type'.
  _np_qint32 = np.dtype([("qint32", np.int32, 1)])
/home/acalvi/anaconda3/envs/libkge_new/lib/python3.7/site-packages/tensorflow/python/framework/dtypes.py:525: FutureWarning: Passing (type, 1) or '1type' as a synonym of type is deprecated; in a future version of numpy, it will be understood as (type, (1,)) / '(1,)type'.
  np_resource = np.dtype([("resource", np.ubyte, 1)])
/home/acalvi/anaconda3/envs/libkge_new/lib/python3.7/site-packages/tensorboard/compat/tensorflow_stub/dtypes.py:541: FutureWarning: Passing (type, 1) or '1type' as a synonym of type is deprecated; in a future version of numpy, it will be understood as (type, (1,)) / '(1,)type'.
  _np_qint8 = np.dtype([("qint8", np.int8, 1)])
/home/acalvi/anaconda3/envs/libkge_new/lib/python3.7/site-packages/tensorboard/compat/tensorflow_stub/dtypes.py:542: FutureWarning: Passing (type, 1) or '1type' as a synonym of type is deprecated; in a future version of numpy, it will be understood as (type, (1,)) / '(1,)type'.
  _np_quint8 = np.dtype([("quint8", np.uint8, 1)])
/home/acalvi/anaconda3/envs/libkge_new/lib/python3.7/site-packages/tensorboard/compat/tensorflow_stub/dtypes.py:543: FutureWarning: Passing (type, 1) or '1type' as a synonym of type is deprecated; in a future version of numpy, it will be understood as (type, (1,)) / '(1,)type'.
  _np_qint16 = np.dtype([("qint16", np.int16, 1)])
/home/acalvi/anaconda3/envs/libkge_new/lib/python3.7/site-packages/tensorboard/compat/tensorflow_stub/dtypes.py:544: FutureWarning: Passing (type, 1) or '1type' as a synonym of type is deprecated; in a future version of numpy, it will be understood as (type, (1,)) / '(1,)type'.
  _np_quint16 = np.dtype([("quint16", np.uint16, 1)])
/home/acalvi/anaconda3/envs/libkge_new/lib/python3.7/site-packages/tensorboard/compat/tensorflow_stub/dtypes.py:545: FutureWarning: Passing (type, 1) or '1type' as a synonym of type is deprecated; in a future version of numpy, it will be understood as (type, (1,)) / '(1,)type'.
  _np_qint32 = np.dtype([("qint32", np.int32, 1)])
/home/acalvi/anaconda3/envs/libkge_new/lib/python3.7/site-packages/tensorboard/compat/tensorflow_stub/dtypes.py:550: FutureWarning: Passing (type, 1) or '1type' as a synonym of type is deprecated; in a future version of numpy, it will be understood as (type, (1,)) / '(1,)type'.
  np_resource = np.dtype([("resource", np.ubyte, 1)])
