./test2.py --data pse --mcl True --batch-size 512 --epochs 100 --embedding-size 100 --learning-rate 0.01 --regulariser n3 --reg-weight 0.001 --optimizer adagrad --valid --quiet
MCL True
INFO:test2.py:Valid: True
INFO:test2.py:Device: cuda
curr directory /home/acalvi/Dissertation/Aladdin/biolink
Importing dataset files ... 
<class 'biolink.embeddings.models_mc.ComplEx_MC'>
INFO:test2.py:is tucker False
INFO:test2.py:Device: cuda
INFO:test2.py:Epoch 1/100	Loss 11.0451 ± 0.4491
INFO:test2.py:Epoch 2/100	Loss 10.6443 ± 0.0690
INFO:test2.py:Epoch 3/100	Loss 10.5460 ± 0.0622
INFO:test2.py:Epoch 4/100	Loss 10.4871 ± 0.0595
INFO:test2.py:Epoch 5/100	Loss 10.4466 ± 0.0590
INFO:test2.py:Epoch 6/100	Loss 10.4161 ± 0.0590
INFO:test2.py:Epoch 7/100	Loss 10.3917 ± 0.0593
INFO:test2.py:Epoch 8/100	Loss 10.3713 ± 0.0595
INFO:test2.py:Epoch 9/100	Loss 10.3538 ± 0.0597
INFO:test2.py:Epoch 10/100	Loss 10.3384 ± 0.0602
INFO:test2.py:Epoch 11/100	Loss 10.3248 ± 0.0600
INFO:test2.py:Epoch 12/100	Loss 10.3124 ± 0.0594
INFO:test2.py:Epoch 13/100	Loss 10.3011 ± 0.0597
INFO:test2.py:Epoch 14/100	Loss 10.2908 ± 0.0597
INFO:test2.py:Epoch 15/100	Loss 10.2812 ± 0.0592
INFO:test2.py:Epoch 16/100	Loss 10.2723 ± 0.0609
INFO:test2.py:Epoch 17/100	Loss 10.2641 ± 0.0595
INFO:test2.py:Epoch 18/100	Loss 10.2563 ± 0.0601
INFO:test2.py:Epoch 19/100	Loss 10.2491 ± 0.0603
INFO:test2.py:Epoch 20/100	Loss 10.2423 ± 0.0601
INFO:test2.py:Epoch 21/100	Loss 10.2358 ± 0.0606
INFO:test2.py:Epoch 22/100	Loss 10.2297 ± 0.0610
INFO:test2.py:Epoch 23/100	Loss 10.2239 ± 0.0593
INFO:test2.py:Epoch 24/100	Loss 10.2185 ± 0.0590
INFO:test2.py:Epoch 25/100	Loss 10.2133 ± 0.0605
INFO:test2.py:Epoch 26/100	Loss 10.2083 ± 0.0604
INFO:test2.py:Epoch 27/100	Loss 10.2036 ± 0.0605
INFO:test2.py:Epoch 28/100	Loss 10.1991 ± 0.0607
INFO:test2.py:Epoch 29/100	Loss 10.1948 ± 0.0597
INFO:test2.py:Epoch 30/100	Loss 10.1906 ± 0.0602
INFO:test2.py:Epoch 31/100	Loss 10.1867 ± 0.0608
INFO:test2.py:Epoch 32/100	Loss 10.1829 ± 0.0600
INFO:test2.py:Epoch 33/100	Loss 10.1793 ± 0.0602
INFO:test2.py:Epoch 34/100	Loss 10.1758 ± 0.0598
INFO:test2.py:Epoch 35/100	Loss 10.1724 ± 0.0611
INFO:test2.py:Epoch 36/100	Loss 10.1691 ± 0.0605
INFO:test2.py:Epoch 37/100	Loss 10.1660 ± 0.0608
INFO:test2.py:Epoch 38/100	Loss 10.1630 ± 0.0609
INFO:test2.py:Epoch 39/100	Loss 10.1601 ± 0.0595
INFO:test2.py:Epoch 40/100	Loss 10.1573 ± 0.0596
INFO:test2.py:Epoch 41/100	Loss 10.1546 ± 0.0614
INFO:test2.py:Epoch 42/100	Loss 10.1520 ± 0.0602
INFO:test2.py:Epoch 43/100	Loss 10.1494 ± 0.0601
INFO:test2.py:Epoch 44/100	Loss 10.1470 ± 0.0607
INFO:test2.py:Epoch 45/100	Loss 10.1446 ± 0.0606
INFO:test2.py:Epoch 46/100	Loss 10.1423 ± 0.0610
INFO:test2.py:Epoch 47/100	Loss 10.1400 ± 0.0601
INFO:test2.py:Epoch 48/100	Loss 10.1378 ± 0.0604
INFO:test2.py:Epoch 49/100	Loss 10.1358 ± 0.0613
INFO:test2.py:Epoch 50/100	Loss 10.1337 ± 0.0610
INFO:test2.py:Epoch 51/100	Loss 10.1317 ± 0.0608
INFO:test2.py:Epoch 52/100	Loss 10.1298 ± 0.0615
INFO:test2.py:Epoch 53/100	Loss 10.1279 ± 0.0612
INFO:test2.py:Epoch 54/100	Loss 10.1260 ± 0.0606
INFO:test2.py:Epoch 55/100	Loss 10.1242 ± 0.0604
INFO:test2.py:Epoch 56/100	Loss 10.1225 ± 0.0612
INFO:test2.py:Epoch 57/100	Loss 10.1208 ± 0.0614
INFO:test2.py:Epoch 58/100	Loss 10.1191 ± 0.0611
INFO:test2.py:Epoch 59/100	Loss 10.1175 ± 0.0611
INFO:test2.py:Epoch 60/100	Loss 10.1159 ± 0.0614
INFO:test2.py:Epoch 61/100	Loss 10.1144 ± 0.0609
INFO:test2.py:Epoch 62/100	Loss 10.1128 ± 0.0616
INFO:test2.py:Epoch 63/100	Loss 10.1114 ± 0.0602
INFO:test2.py:Epoch 64/100	Loss 10.1099 ± 0.0615
INFO:test2.py:Epoch 65/100	Loss 10.1085 ± 0.0613
INFO:test2.py:Epoch 66/100	Loss 10.1071 ± 0.0614
INFO:test2.py:Epoch 67/100	Loss 10.1058 ± 0.0619
INFO:test2.py:Epoch 68/100	Loss 10.1045 ± 0.0615
INFO:test2.py:Epoch 69/100	Loss 10.1032 ± 0.0611
INFO:test2.py:Epoch 70/100	Loss 10.1019 ± 0.0608
INFO:test2.py:Epoch 71/100	Loss 10.1007 ± 0.0605
INFO:test2.py:Epoch 72/100	Loss 10.0995 ± 0.0615
INFO:test2.py:Epoch 73/100	Loss 10.0983 ± 0.0606
INFO:test2.py:Epoch 74/100	Loss 10.0971 ± 0.0626
INFO:test2.py:Epoch 75/100	Loss 10.0960 ± 0.0615
INFO:test2.py:Epoch 76/100	Loss 10.0948 ± 0.0625
INFO:test2.py:Epoch 77/100	Loss 10.0938 ± 0.0604
INFO:test2.py:Epoch 78/100	Loss 10.0927 ± 0.0622
INFO:test2.py:Epoch 79/100	Loss 10.0916 ± 0.0608
INFO:test2.py:Epoch 80/100	Loss 10.0906 ± 0.0613
INFO:test2.py:Epoch 81/100	Loss 10.0895 ± 0.0611
INFO:test2.py:Epoch 82/100	Loss 10.0886 ± 0.0621
INFO:test2.py:Epoch 83/100	Loss 10.0876 ± 0.0608
INFO:test2.py:Epoch 84/100	Loss 10.0866 ± 0.0615
INFO:test2.py:Epoch 85/100	Loss 10.0857 ± 0.0612
INFO:test2.py:Epoch 86/100	Loss 10.0847 ± 0.0608
INFO:test2.py:Epoch 87/100	Loss 10.0838 ± 0.0616
INFO:test2.py:Epoch 88/100	Loss 10.0829 ± 0.0609
INFO:test2.py:Epoch 89/100	Loss 10.0820 ± 0.0620
INFO:test2.py:Epoch 90/100	Loss 10.0811 ± 0.0610
INFO:test2.py:Epoch 91/100	Loss 10.0803 ± 0.0621
INFO:test2.py:Epoch 92/100	Loss 10.0794 ± 0.0612
INFO:test2.py:Epoch 93/100	Loss 10.0786 ± 0.0619
INFO:test2.py:Epoch 94/100	Loss 10.0778 ± 0.0608
INFO:test2.py:Epoch 95/100	Loss 10.0770 ± 0.0622
INFO:test2.py:Epoch 96/100	Loss 10.0762 ± 0.0613
INFO:test2.py:Epoch 97/100	Loss 10.0754 ± 0.0618
INFO:test2.py:Epoch 98/100	Loss 10.0746 ± 0.0613
INFO:test2.py:Epoch 99/100	Loss 10.0739 ± 0.0613
INFO:test2.py:Epoch 100/100	Loss 10.0731 ± 0.0616
INFO:test2.py:is bad performing False
INFO:test2.py:Done training
INFO:test2.py:in evalute for dataset: 	valid
INFO:test2.py:batch start 	320000
INFO:test2.py:done
INFO:test2.py:done not filtered aucroc
INFO:test2.py:metrics done
INFO:test2.py:Error 	valid results	MRR 0.127622	H@1 0.049932	H@3 0.119092	H@10 0.280671	AU-ROC_raw -1.000000	AU-ROC_fil -1.000000
INFO:test2.py:in evalute for dataset: 	test
INFO:test2.py:batch start 	320000
INFO:test2.py:done
INFO:test2.py:done not filtered aucroc
INFO:test2.py:metrics done
INFO:test2.py:Error 	test results	MRR 0.127801	H@1 0.050016	H@3 0.119626	H@10 0.280920	AU-ROC_raw -1.000000	AU-ROC_fil -1.000000
/home/acalvi/anaconda3/envs/libkge_new/lib/python3.7/site-packages/tensorflow/python/framework/dtypes.py:516: FutureWarning: Passing (type, 1) or '1type' as a synonym of type is deprecated; in a future version of numpy, it will be understood as (type, (1,)) / '(1,)type'.
  _np_qint8 = np.dtype([("qint8", np.int8, 1)])
/home/acalvi/anaconda3/envs/libkge_new/lib/python3.7/site-packages/tensorflow/python/framework/dtypes.py:517: FutureWarning: Passing (type, 1) or '1type' as a synonym of type is deprecated; in a future version of numpy, it will be understood as (type, (1,)) / '(1,)type'.
  _np_quint8 = np.dtype([("quint8", np.uint8, 1)])
/home/acalvi/anaconda3/envs/libkge_new/lib/python3.7/site-packages/tensorflow/python/framework/dtypes.py:518: FutureWarning: Passing (type, 1) or '1type' as a synonym of type is deprecated; in a future version of numpy, it will be understood as (type, (1,)) / '(1,)type'.
  _np_qint16 = np.dtype([("qint16", np.int16, 1)])
/home/acalvi/anaconda3/envs/libkge_new/lib/python3.7/site-packages/tensorflow/python/framework/dtypes.py:519: FutureWarning: Passing (type, 1) or '1type' as a synonym of type is deprecated; in a future version of numpy, it will be understood as (type, (1,)) / '(1,)type'.
  _np_quint16 = np.dtype([("quint16", np.uint16, 1)])
/home/acalvi/anaconda3/envs/libkge_new/lib/python3.7/site-packages/tensorflow/python/framework/dtypes.py:520: FutureWarning: Passing (type, 1) or '1type' as a synonym of type is deprecated; in a future version of numpy, it will be understood as (type, (1,)) / '(1,)type'.
  _np_qint32 = np.dtype([("qint32", np.int32, 1)])
/home/acalvi/anaconda3/envs/libkge_new/lib/python3.7/site-packages/tensorflow/python/framework/dtypes.py:525: FutureWarning: Passing (type, 1) or '1type' as a synonym of type is deprecated; in a future version of numpy, it will be understood as (type, (1,)) / '(1,)type'.
  np_resource = np.dtype([("resource", np.ubyte, 1)])
/home/acalvi/anaconda3/envs/libkge_new/lib/python3.7/site-packages/tensorboard/compat/tensorflow_stub/dtypes.py:541: FutureWarning: Passing (type, 1) or '1type' as a synonym of type is deprecated; in a future version of numpy, it will be understood as (type, (1,)) / '(1,)type'.
  _np_qint8 = np.dtype([("qint8", np.int8, 1)])
/home/acalvi/anaconda3/envs/libkge_new/lib/python3.7/site-packages/tensorboard/compat/tensorflow_stub/dtypes.py:542: FutureWarning: Passing (type, 1) or '1type' as a synonym of type is deprecated; in a future version of numpy, it will be understood as (type, (1,)) / '(1,)type'.
  _np_quint8 = np.dtype([("quint8", np.uint8, 1)])
/home/acalvi/anaconda3/envs/libkge_new/lib/python3.7/site-packages/tensorboard/compat/tensorflow_stub/dtypes.py:543: FutureWarning: Passing (type, 1) or '1type' as a synonym of type is deprecated; in a future version of numpy, it will be understood as (type, (1,)) / '(1,)type'.
  _np_qint16 = np.dtype([("qint16", np.int16, 1)])
/home/acalvi/anaconda3/envs/libkge_new/lib/python3.7/site-packages/tensorboard/compat/tensorflow_stub/dtypes.py:544: FutureWarning: Passing (type, 1) or '1type' as a synonym of type is deprecated; in a future version of numpy, it will be understood as (type, (1,)) / '(1,)type'.
  _np_quint16 = np.dtype([("quint16", np.uint16, 1)])
/home/acalvi/anaconda3/envs/libkge_new/lib/python3.7/site-packages/tensorboard/compat/tensorflow_stub/dtypes.py:545: FutureWarning: Passing (type, 1) or '1type' as a synonym of type is deprecated; in a future version of numpy, it will be understood as (type, (1,)) / '(1,)type'.
  _np_qint32 = np.dtype([("qint32", np.int32, 1)])
/home/acalvi/anaconda3/envs/libkge_new/lib/python3.7/site-packages/tensorboard/compat/tensorflow_stub/dtypes.py:550: FutureWarning: Passing (type, 1) or '1type' as a synonym of type is deprecated; in a future version of numpy, it will be understood as (type, (1,)) / '(1,)type'.
  np_resource = np.dtype([("resource", np.ubyte, 1)])
