./test2.py --data pse --mcl True --batch-size 268 --epochs 100 --embedding-size 150 --learning-rate 0.1 --regulariser n3 --reg-weight 0.001 --optimizer adagrad --valid --quiet
MCL True
INFO:test2.py:Valid: True
INFO:test2.py:Device: cuda
curr directory /home/acalvi/Dissertation/Aladdin/biolink
Importing dataset files ... 
<class 'biolink.embeddings.models_mc.ComplEx_MC'>
INFO:test2.py:is tucker False
INFO:test2.py:settin tucker to FALSE
INFO:test2.py:Device: cuda
INFO:test2.py:Epoch 1/100	Loss 10.6209 ± 0.3429
INFO:test2.py:Epoch 2/100	Loss 10.1905 ± 0.0864
INFO:test2.py:Epoch 3/100	Loss 10.0852 ± 0.0848
INFO:test2.py:Epoch 4/100	Loss 10.0328 ± 0.0881
INFO:test2.py:Epoch 5/100	Loss 10.0007 ± 0.0893
INFO:test2.py:Epoch 6/100	Loss 9.9786 ± 0.0881
INFO:test2.py:Epoch 7/100	Loss 9.9622 ± 0.0894
INFO:test2.py:Epoch 8/100	Loss 9.9493 ± 0.0899
INFO:test2.py:Epoch 9/100	Loss 9.9389 ± 0.0896
INFO:test2.py:Epoch 10/100	Loss 9.9302 ± 0.0903
INFO:test2.py:Epoch 11/100	Loss 9.9228 ± 0.0894
INFO:test2.py:Epoch 12/100	Loss 9.9164 ± 0.0901
INFO:test2.py:Epoch 13/100	Loss 9.9108 ± 0.0894
INFO:test2.py:Epoch 14/100	Loss 9.9058 ± 0.0907
INFO:test2.py:Epoch 15/100	Loss 9.9013 ± 0.0901
INFO:test2.py:Epoch 16/100	Loss 9.8973 ± 0.0909
INFO:test2.py:Epoch 17/100	Loss 9.8936 ± 0.0897
INFO:test2.py:Epoch 18/100	Loss 9.8902 ± 0.0900
INFO:test2.py:Epoch 19/100	Loss 9.8871 ± 0.0905
INFO:test2.py:Epoch 20/100	Loss 9.8842 ± 0.0908
INFO:test2.py:Epoch 21/100	Loss 9.8816 ± 0.0908
INFO:test2.py:Epoch 22/100	Loss 9.8791 ± 0.0901
INFO:test2.py:Epoch 23/100	Loss 9.8768 ± 0.0897
INFO:test2.py:Epoch 24/100	Loss 9.8746 ± 0.0894
INFO:test2.py:Epoch 25/100	Loss 9.8725 ± 0.0905
INFO:test2.py:Epoch 26/100	Loss 9.8706 ± 0.0903
INFO:test2.py:Epoch 27/100	Loss 9.8688 ± 0.0895
INFO:test2.py:Epoch 28/100	Loss 9.8671 ± 0.0907
INFO:test2.py:Epoch 29/100	Loss 9.8654 ± 0.0903
INFO:test2.py:Epoch 30/100	Loss 9.8639 ± 0.0917
INFO:test2.py:Epoch 31/100	Loss 9.8624 ± 0.0902
INFO:test2.py:Epoch 32/100	Loss 9.8610 ± 0.0922
INFO:test2.py:Epoch 33/100	Loss 9.8596 ± 0.0916
INFO:test2.py:Epoch 34/100	Loss 9.8583 ± 0.0905
INFO:test2.py:Epoch 35/100	Loss 9.8570 ± 0.0893
INFO:test2.py:Epoch 36/100	Loss 9.8558 ± 0.0905
INFO:test2.py:Epoch 37/100	Loss 9.8547 ± 0.0900
INFO:test2.py:Epoch 38/100	Loss 9.8536 ± 0.0907
INFO:test2.py:Epoch 39/100	Loss 9.8525 ± 0.0904
INFO:test2.py:Epoch 40/100	Loss 9.8515 ± 0.0910
INFO:test2.py:Epoch 41/100	Loss 9.8505 ± 0.0912
INFO:test2.py:Epoch 42/100	Loss 9.8495 ± 0.0904
INFO:test2.py:Epoch 43/100	Loss 9.8486 ± 0.0913
INFO:test2.py:Epoch 44/100	Loss 9.8477 ± 0.0904
INFO:test2.py:Epoch 45/100	Loss 9.8468 ± 0.0901
INFO:test2.py:Epoch 46/100	Loss 9.8460 ± 0.0910
INFO:test2.py:Epoch 47/100	Loss 9.8452 ± 0.0917
INFO:test2.py:Epoch 48/100	Loss 9.8444 ± 0.0909
INFO:test2.py:Epoch 49/100	Loss 9.8436 ± 0.0904
INFO:test2.py:Validating
INFO:test2.py:done
INFO:test2.py:metrics done
INFO:test2.py:Epoch 50/100	Loss 9.8429 ± 0.0895
INFO:test2.py:Epoch 51/100	Loss 9.8422 ± 0.0908
INFO:test2.py:Epoch 52/100	Loss 9.8415 ± 0.0906
INFO:test2.py:Epoch 53/100	Loss 9.8408 ± 0.0901
INFO:test2.py:Epoch 54/100	Loss 9.8401 ± 0.0906
INFO:test2.py:Epoch 55/100	Loss 9.8394 ± 0.0918
INFO:test2.py:Epoch 56/100	Loss 9.8388 ± 0.0906
INFO:test2.py:Epoch 57/100	Loss 9.8382 ± 0.0914
INFO:test2.py:Epoch 58/100	Loss 9.8376 ± 0.0900
INFO:test2.py:Epoch 59/100	Loss 9.8370 ± 0.0915
INFO:test2.py:Epoch 60/100	Loss 9.8364 ± 0.0910
INFO:test2.py:Epoch 61/100	Loss 9.8359 ± 0.0908
INFO:test2.py:Epoch 62/100	Loss 9.8353 ± 0.0912
INFO:test2.py:Epoch 63/100	Loss 9.8348 ± 0.0909
INFO:test2.py:Epoch 64/100	Loss 9.8342 ± 0.0918
INFO:test2.py:Epoch 65/100	Loss 9.8337 ± 0.0903
INFO:test2.py:Epoch 66/100	Loss 9.8332 ± 0.0905
INFO:test2.py:Epoch 67/100	Loss 9.8327 ± 0.0911
INFO:test2.py:Epoch 68/100	Loss 9.8322 ± 0.0911
INFO:test2.py:Epoch 69/100	Loss 9.8318 ± 0.0913
INFO:test2.py:Epoch 70/100	Loss 9.8313 ± 0.0908
INFO:test2.py:Epoch 71/100	Loss 9.8309 ± 0.0913
INFO:test2.py:Epoch 72/100	Loss 9.8304 ± 0.0908
INFO:test2.py:Epoch 73/100	Loss 9.8300 ± 0.0902
INFO:test2.py:Epoch 74/100	Loss 9.8296 ± 0.0920
INFO:test2.py:Epoch 75/100	Loss 9.8291 ± 0.0913
INFO:test2.py:Epoch 76/100	Loss 9.8287 ± 0.0910
INFO:test2.py:Epoch 77/100	Loss 9.8283 ± 0.0916
INFO:test2.py:Epoch 78/100	Loss 9.8279 ± 0.0909
INFO:test2.py:Epoch 79/100	Loss 9.8275 ± 0.0915
INFO:test2.py:Epoch 80/100	Loss 9.8271 ± 0.0917
INFO:test2.py:Epoch 81/100	Loss 9.8267 ± 0.0914
INFO:test2.py:Epoch 82/100	Loss 9.8264 ± 0.0915
INFO:test2.py:Epoch 83/100	Loss 9.8260 ± 0.0922
INFO:test2.py:Epoch 84/100	Loss 9.8256 ± 0.0905
INFO:test2.py:Epoch 85/100	Loss 9.8253 ± 0.0904
INFO:test2.py:Epoch 86/100	Loss 9.8249 ± 0.0917
INFO:test2.py:Epoch 87/100	Loss 9.8246 ± 0.0919
INFO:test2.py:Epoch 88/100	Loss 9.8242 ± 0.0921
INFO:test2.py:Epoch 89/100	Loss 9.8239 ± 0.0914
INFO:test2.py:Epoch 90/100	Loss 9.8236 ± 0.0911
INFO:test2.py:Epoch 91/100	Loss 9.8233 ± 0.0907
INFO:test2.py:Epoch 92/100	Loss 9.8229 ± 0.0907
INFO:test2.py:Epoch 93/100	Loss 9.8226 ± 0.0915
INFO:test2.py:Epoch 94/100	Loss 9.8223 ± 0.0904
INFO:test2.py:Epoch 95/100	Loss 9.8220 ± 0.0899
INFO:test2.py:Epoch 96/100	Loss 9.8217 ± 0.0912
INFO:test2.py:Epoch 97/100	Loss 9.8214 ± 0.0913
INFO:test2.py:Epoch 98/100	Loss 9.8211 ± 0.0910
INFO:test2.py:Epoch 99/100	Loss 9.8208 ± 0.0912
INFO:test2.py:Epoch 100/100	Loss 9.8205 ± 0.0918
INFO:test2.py:is bad performing False
INFO:test2.py:Done training
INFO:test2.py:in evalute for dataset: 	valid
INFO:test2.py:done
INFO:test2.py:metrics done
INFO:test2.py:Error 	valid results	MRR 0.157309	H@1 0.073808	H@3 0.154552	H@10 0.323097	AU-ROC_raw -1.000000	AU-ROC_fil -1.000000
INFO:test2.py:in evalute for dataset: 	test
INFO:test2.py:done
INFO:test2.py:metrics done
INFO:test2.py:Error 	test results	MRR 0.157471	H@1 0.074173	H@3 0.154926	H@10 0.322334	AU-ROC_raw -1.000000	AU-ROC_fil -1.000000
/home/acalvi/anaconda3/envs/libkge_new/lib/python3.7/site-packages/tensorflow/python/framework/dtypes.py:516: FutureWarning: Passing (type, 1) or '1type' as a synonym of type is deprecated; in a future version of numpy, it will be understood as (type, (1,)) / '(1,)type'.
  _np_qint8 = np.dtype([("qint8", np.int8, 1)])
/home/acalvi/anaconda3/envs/libkge_new/lib/python3.7/site-packages/tensorflow/python/framework/dtypes.py:517: FutureWarning: Passing (type, 1) or '1type' as a synonym of type is deprecated; in a future version of numpy, it will be understood as (type, (1,)) / '(1,)type'.
  _np_quint8 = np.dtype([("quint8", np.uint8, 1)])
/home/acalvi/anaconda3/envs/libkge_new/lib/python3.7/site-packages/tensorflow/python/framework/dtypes.py:518: FutureWarning: Passing (type, 1) or '1type' as a synonym of type is deprecated; in a future version of numpy, it will be understood as (type, (1,)) / '(1,)type'.
  _np_qint16 = np.dtype([("qint16", np.int16, 1)])
/home/acalvi/anaconda3/envs/libkge_new/lib/python3.7/site-packages/tensorflow/python/framework/dtypes.py:519: FutureWarning: Passing (type, 1) or '1type' as a synonym of type is deprecated; in a future version of numpy, it will be understood as (type, (1,)) / '(1,)type'.
  _np_quint16 = np.dtype([("quint16", np.uint16, 1)])
/home/acalvi/anaconda3/envs/libkge_new/lib/python3.7/site-packages/tensorflow/python/framework/dtypes.py:520: FutureWarning: Passing (type, 1) or '1type' as a synonym of type is deprecated; in a future version of numpy, it will be understood as (type, (1,)) / '(1,)type'.
  _np_qint32 = np.dtype([("qint32", np.int32, 1)])
/home/acalvi/anaconda3/envs/libkge_new/lib/python3.7/site-packages/tensorflow/python/framework/dtypes.py:525: FutureWarning: Passing (type, 1) or '1type' as a synonym of type is deprecated; in a future version of numpy, it will be understood as (type, (1,)) / '(1,)type'.
  np_resource = np.dtype([("resource", np.ubyte, 1)])
/home/acalvi/anaconda3/envs/libkge_new/lib/python3.7/site-packages/tensorboard/compat/tensorflow_stub/dtypes.py:541: FutureWarning: Passing (type, 1) or '1type' as a synonym of type is deprecated; in a future version of numpy, it will be understood as (type, (1,)) / '(1,)type'.
  _np_qint8 = np.dtype([("qint8", np.int8, 1)])
/home/acalvi/anaconda3/envs/libkge_new/lib/python3.7/site-packages/tensorboard/compat/tensorflow_stub/dtypes.py:542: FutureWarning: Passing (type, 1) or '1type' as a synonym of type is deprecated; in a future version of numpy, it will be understood as (type, (1,)) / '(1,)type'.
  _np_quint8 = np.dtype([("quint8", np.uint8, 1)])
/home/acalvi/anaconda3/envs/libkge_new/lib/python3.7/site-packages/tensorboard/compat/tensorflow_stub/dtypes.py:543: FutureWarning: Passing (type, 1) or '1type' as a synonym of type is deprecated; in a future version of numpy, it will be understood as (type, (1,)) / '(1,)type'.
  _np_qint16 = np.dtype([("qint16", np.int16, 1)])
/home/acalvi/anaconda3/envs/libkge_new/lib/python3.7/site-packages/tensorboard/compat/tensorflow_stub/dtypes.py:544: FutureWarning: Passing (type, 1) or '1type' as a synonym of type is deprecated; in a future version of numpy, it will be understood as (type, (1,)) / '(1,)type'.
  _np_quint16 = np.dtype([("quint16", np.uint16, 1)])
/home/acalvi/anaconda3/envs/libkge_new/lib/python3.7/site-packages/tensorboard/compat/tensorflow_stub/dtypes.py:545: FutureWarning: Passing (type, 1) or '1type' as a synonym of type is deprecated; in a future version of numpy, it will be understood as (type, (1,)) / '(1,)type'.
  _np_qint32 = np.dtype([("qint32", np.int32, 1)])
/home/acalvi/anaconda3/envs/libkge_new/lib/python3.7/site-packages/tensorboard/compat/tensorflow_stub/dtypes.py:550: FutureWarning: Passing (type, 1) or '1type' as a synonym of type is deprecated; in a future version of numpy, it will be understood as (type, (1,)) / '(1,)type'.
  np_resource = np.dtype([("resource", np.ubyte, 1)])
/home/acalvi/Dissertation/Aladdin/biolink/testing/experiment_ComplEx.py:184: FutureWarning: elementwise comparison failed; returning scalar instead, but in the future will perform elementwise comparison
  if data == 'pse':
