./test2.py --data pse --mcl True --batch-size 128 --epochs 100 --embedding-size 150 --learning-rate 0.01 --regulariser n3 --reg-weight 0.05 --optimizer adagrad --valid --quiet
MCL True
INFO:test2.py:Valid: True
INFO:test2.py:Device: cuda
curr directory /home/acalvi/Dissertation/Aladdin/biolink
Importing dataset files ... 
<class 'biolink.embeddings.models_mc.ComplEx_MC'>
INFO:test2.py:is tucker False
INFO:test2.py:settin tucker to FALSE
INFO:test2.py:Device: cuda
INFO:test2.py:Epoch 1/100	Loss 11.6741 ± 0.2185
INFO:test2.py:Epoch 2/100	Loss 11.5058 ± 0.1004
INFO:test2.py:Epoch 3/100	Loss 11.4802 ± 0.0999
INFO:test2.py:Epoch 4/100	Loss 11.4683 ± 0.0999
INFO:test2.py:Epoch 5/100	Loss 11.4607 ± 0.1001
INFO:test2.py:Epoch 6/100	Loss 11.4552 ± 0.1004
INFO:test2.py:Epoch 7/100	Loss 11.4477 ± 0.0989
INFO:test2.py:Epoch 8/100	Loss 11.4405 ± 0.0986
INFO:test2.py:Epoch 9/100	Loss 11.4358 ± 0.0993
INFO:test2.py:Epoch 10/100	Loss 11.4325 ± 0.0983
INFO:test2.py:Epoch 11/100	Loss 11.4299 ± 0.0986
INFO:test2.py:Epoch 12/100	Loss 11.4277 ± 0.0983
INFO:test2.py:Epoch 13/100	Loss 11.4259 ± 0.0989
INFO:test2.py:Epoch 14/100	Loss 11.4243 ± 0.0984
INFO:test2.py:Epoch 15/100	Loss 11.4228 ± 0.0987
INFO:test2.py:Epoch 16/100	Loss 11.4215 ± 0.0981
INFO:test2.py:Epoch 17/100	Loss 11.4203 ± 0.0972
INFO:test2.py:Epoch 18/100	Loss 11.4192 ± 0.0984
INFO:test2.py:Epoch 19/100	Loss 11.4181 ± 0.0973
INFO:test2.py:Epoch 20/100	Loss 11.4171 ± 0.0972
INFO:test2.py:Epoch 21/100	Loss 11.4162 ± 0.0979
INFO:test2.py:Epoch 22/100	Loss 11.4153 ± 0.0980
INFO:test2.py:Epoch 23/100	Loss 11.4144 ± 0.0978
INFO:test2.py:Epoch 24/100	Loss 11.4136 ± 0.0983
INFO:test2.py:Epoch 25/100	Loss 11.4129 ± 0.0980
INFO:test2.py:Epoch 26/100	Loss 11.4121 ± 0.0977
INFO:test2.py:Epoch 27/100	Loss 11.4114 ± 0.0979
INFO:test2.py:Epoch 28/100	Loss 11.4108 ± 0.0990
INFO:test2.py:Epoch 29/100	Loss 11.4101 ± 0.0979
INFO:test2.py:Epoch 30/100	Loss 11.4095 ± 0.0982
INFO:test2.py:Epoch 31/100	Loss 11.4090 ± 0.0973
INFO:test2.py:Epoch 32/100	Loss 11.4084 ± 0.0983
INFO:test2.py:Epoch 33/100	Loss 11.4079 ± 0.0976
INFO:test2.py:Epoch 34/100	Loss 11.4074 ± 0.0975
INFO:test2.py:Epoch 35/100	Loss 11.4069 ± 0.0975
INFO:test2.py:Epoch 36/100	Loss 11.4064 ± 0.0981
INFO:test2.py:Epoch 37/100	Loss 11.4059 ± 0.0977
INFO:test2.py:Epoch 38/100	Loss 11.4055 ± 0.0975
INFO:test2.py:Epoch 39/100	Loss 11.4051 ± 0.0971
INFO:test2.py:Epoch 40/100	Loss 11.4047 ± 0.0973
INFO:test2.py:Epoch 41/100	Loss 11.4043 ± 0.0974
INFO:test2.py:Epoch 42/100	Loss 11.4039 ± 0.0975
INFO:test2.py:Epoch 43/100	Loss 11.4036 ± 0.0977
INFO:test2.py:Epoch 44/100	Loss 11.4032 ± 0.0975
INFO:test2.py:Epoch 45/100	Loss 11.4029 ± 0.0971
INFO:test2.py:Epoch 46/100	Loss 11.4026 ± 0.0979
INFO:test2.py:Epoch 47/100	Loss 11.4023 ± 0.0982
INFO:test2.py:Epoch 48/100	Loss 11.4019 ± 0.0979
INFO:test2.py:Epoch 49/100	Loss 11.4016 ± 0.0981
INFO:test2.py:Validating
INFO:test2.py:batch start 	80000
INFO:test2.py:batch start 	160000
INFO:test2.py:batch start 	240000
INFO:test2.py:batch start 	320000
INFO:test2.py:batch start 	400000
INFO:test2.py:done
INFO:test2.py:metrics done
INFO:test2.py:Epoch 50/100	Loss 11.4014 ± 0.0971
INFO:test2.py:Epoch 51/100	Loss 11.4011 ± 0.0974
INFO:test2.py:Epoch 52/100	Loss 11.4008 ± 0.0979
INFO:test2.py:Epoch 53/100	Loss 11.4006 ± 0.0976
INFO:test2.py:Epoch 54/100	Loss 11.4003 ± 0.0975
INFO:test2.py:Epoch 55/100	Loss 11.4001 ± 0.0980
INFO:test2.py:Epoch 56/100	Loss 11.3998 ± 0.0971
INFO:test2.py:Epoch 57/100	Loss 11.3996 ± 0.0980
INFO:test2.py:Epoch 58/100	Loss 11.3994 ± 0.0975
INFO:test2.py:Epoch 59/100	Loss 11.3992 ± 0.0973
INFO:test2.py:Epoch 60/100	Loss 11.3989 ± 0.0985
INFO:test2.py:Epoch 61/100	Loss 11.3987 ± 0.0979
INFO:test2.py:Epoch 62/100	Loss 11.3985 ± 0.0969
INFO:test2.py:Epoch 63/100	Loss 11.3983 ± 0.0972
INFO:test2.py:Epoch 64/100	Loss 11.3982 ± 0.0983
INFO:test2.py:Epoch 65/100	Loss 11.3980 ± 0.0966
INFO:test2.py:Epoch 66/100	Loss 11.3978 ± 0.0977
INFO:test2.py:Epoch 67/100	Loss 11.3976 ± 0.0979
INFO:test2.py:Epoch 68/100	Loss 11.3974 ± 0.0975
INFO:test2.py:Epoch 69/100	Loss 11.3973 ± 0.0975
INFO:test2.py:Epoch 70/100	Loss 11.3971 ± 0.0972
INFO:test2.py:Epoch 71/100	Loss 11.3970 ± 0.0967
INFO:test2.py:Epoch 72/100	Loss 11.3968 ± 0.0983
INFO:test2.py:Epoch 73/100	Loss 11.3966 ± 0.0969
INFO:test2.py:Epoch 74/100	Loss 11.3965 ± 0.0977
INFO:test2.py:Epoch 75/100	Loss 11.3963 ± 0.0973
INFO:test2.py:Epoch 76/100	Loss 11.3962 ± 0.0973
INFO:test2.py:Epoch 77/100	Loss 11.3961 ± 0.0983
INFO:test2.py:Epoch 78/100	Loss 11.3959 ± 0.0977
INFO:test2.py:Epoch 79/100	Loss 11.3958 ± 0.0968
INFO:test2.py:Epoch 80/100	Loss 11.3957 ± 0.0968
INFO:test2.py:Epoch 81/100	Loss 11.3955 ± 0.0978
INFO:test2.py:Epoch 82/100	Loss 11.3954 ± 0.0974
INFO:test2.py:Epoch 83/100	Loss 11.3953 ± 0.0975
INFO:test2.py:Epoch 84/100	Loss 11.3951 ± 0.0973
INFO:test2.py:Epoch 85/100	Loss 11.3950 ± 0.0968
INFO:test2.py:Epoch 86/100	Loss 11.3949 ± 0.0978
INFO:test2.py:Epoch 87/100	Loss 11.3948 ± 0.0972
INFO:test2.py:Epoch 88/100	Loss 11.3947 ± 0.0972
INFO:test2.py:Epoch 89/100	Loss 11.3946 ± 0.0975
INFO:test2.py:Epoch 90/100	Loss 11.3945 ± 0.0971
INFO:test2.py:Epoch 91/100	Loss 11.3944 ± 0.0972
INFO:test2.py:Epoch 92/100	Loss 11.3943 ± 0.0973
INFO:test2.py:Epoch 93/100	Loss 11.3942 ± 0.0972
INFO:test2.py:Epoch 94/100	Loss 11.3940 ± 0.0973
INFO:test2.py:Epoch 95/100	Loss 11.3939 ± 0.0981
INFO:test2.py:Epoch 96/100	Loss 11.3938 ± 0.0975
INFO:test2.py:Epoch 97/100	Loss 11.3937 ± 0.0975
INFO:test2.py:Epoch 98/100	Loss 11.3937 ± 0.0972
INFO:test2.py:Epoch 99/100	Loss 11.3936 ± 0.0976
INFO:test2.py:Epoch 100/100	Loss 11.3935 ± 0.0973
INFO:test2.py:is bad performing False
INFO:test2.py:Done training
INFO:test2.py:in evalute for dataset: 	valid
INFO:test2.py:batch start 	80000
INFO:test2.py:batch start 	160000
INFO:test2.py:batch start 	240000
INFO:test2.py:batch start 	320000
INFO:test2.py:batch start 	400000
INFO:test2.py:done
INFO:test2.py:metrics done
INFO:test2.py:Error 	valid results	MRR 0.098932	H@1 0.033235	H@3 0.086217	H@10 0.221709	AU-ROC_raw -1.000000	AU-ROC_fil -1.000000
INFO:test2.py:in evalute for dataset: 	test
INFO:test2.py:batch start 	80000
INFO:test2.py:batch start 	160000
INFO:test2.py:batch start 	240000
INFO:test2.py:batch start 	320000
INFO:test2.py:batch start 	400000
INFO:test2.py:done
INFO:test2.py:metrics done
INFO:test2.py:Error 	test results	MRR 0.098928	H@1 0.033276	H@3 0.086234	H@10 0.221385	AU-ROC_raw -1.000000	AU-ROC_fil -1.000000
/home/acalvi/anaconda3/envs/libkge_new/lib/python3.7/site-packages/tensorflow/python/framework/dtypes.py:516: FutureWarning: Passing (type, 1) or '1type' as a synonym of type is deprecated; in a future version of numpy, it will be understood as (type, (1,)) / '(1,)type'.
  _np_qint8 = np.dtype([("qint8", np.int8, 1)])
/home/acalvi/anaconda3/envs/libkge_new/lib/python3.7/site-packages/tensorflow/python/framework/dtypes.py:517: FutureWarning: Passing (type, 1) or '1type' as a synonym of type is deprecated; in a future version of numpy, it will be understood as (type, (1,)) / '(1,)type'.
  _np_quint8 = np.dtype([("quint8", np.uint8, 1)])
/home/acalvi/anaconda3/envs/libkge_new/lib/python3.7/site-packages/tensorflow/python/framework/dtypes.py:518: FutureWarning: Passing (type, 1) or '1type' as a synonym of type is deprecated; in a future version of numpy, it will be understood as (type, (1,)) / '(1,)type'.
  _np_qint16 = np.dtype([("qint16", np.int16, 1)])
/home/acalvi/anaconda3/envs/libkge_new/lib/python3.7/site-packages/tensorflow/python/framework/dtypes.py:519: FutureWarning: Passing (type, 1) or '1type' as a synonym of type is deprecated; in a future version of numpy, it will be understood as (type, (1,)) / '(1,)type'.
  _np_quint16 = np.dtype([("quint16", np.uint16, 1)])
/home/acalvi/anaconda3/envs/libkge_new/lib/python3.7/site-packages/tensorflow/python/framework/dtypes.py:520: FutureWarning: Passing (type, 1) or '1type' as a synonym of type is deprecated; in a future version of numpy, it will be understood as (type, (1,)) / '(1,)type'.
  _np_qint32 = np.dtype([("qint32", np.int32, 1)])
/home/acalvi/anaconda3/envs/libkge_new/lib/python3.7/site-packages/tensorflow/python/framework/dtypes.py:525: FutureWarning: Passing (type, 1) or '1type' as a synonym of type is deprecated; in a future version of numpy, it will be understood as (type, (1,)) / '(1,)type'.
  np_resource = np.dtype([("resource", np.ubyte, 1)])
/home/acalvi/anaconda3/envs/libkge_new/lib/python3.7/site-packages/tensorboard/compat/tensorflow_stub/dtypes.py:541: FutureWarning: Passing (type, 1) or '1type' as a synonym of type is deprecated; in a future version of numpy, it will be understood as (type, (1,)) / '(1,)type'.
  _np_qint8 = np.dtype([("qint8", np.int8, 1)])
/home/acalvi/anaconda3/envs/libkge_new/lib/python3.7/site-packages/tensorboard/compat/tensorflow_stub/dtypes.py:542: FutureWarning: Passing (type, 1) or '1type' as a synonym of type is deprecated; in a future version of numpy, it will be understood as (type, (1,)) / '(1,)type'.
  _np_quint8 = np.dtype([("quint8", np.uint8, 1)])
/home/acalvi/anaconda3/envs/libkge_new/lib/python3.7/site-packages/tensorboard/compat/tensorflow_stub/dtypes.py:543: FutureWarning: Passing (type, 1) or '1type' as a synonym of type is deprecated; in a future version of numpy, it will be understood as (type, (1,)) / '(1,)type'.
  _np_qint16 = np.dtype([("qint16", np.int16, 1)])
/home/acalvi/anaconda3/envs/libkge_new/lib/python3.7/site-packages/tensorboard/compat/tensorflow_stub/dtypes.py:544: FutureWarning: Passing (type, 1) or '1type' as a synonym of type is deprecated; in a future version of numpy, it will be understood as (type, (1,)) / '(1,)type'.
  _np_quint16 = np.dtype([("quint16", np.uint16, 1)])
/home/acalvi/anaconda3/envs/libkge_new/lib/python3.7/site-packages/tensorboard/compat/tensorflow_stub/dtypes.py:545: FutureWarning: Passing (type, 1) or '1type' as a synonym of type is deprecated; in a future version of numpy, it will be understood as (type, (1,)) / '(1,)type'.
  _np_qint32 = np.dtype([("qint32", np.int32, 1)])
/home/acalvi/anaconda3/envs/libkge_new/lib/python3.7/site-packages/tensorboard/compat/tensorflow_stub/dtypes.py:550: FutureWarning: Passing (type, 1) or '1type' as a synonym of type is deprecated; in a future version of numpy, it will be understood as (type, (1,)) / '(1,)type'.
  np_resource = np.dtype([("resource", np.ubyte, 1)])
