./test2.py --data pse --mcl True --batch-size 512 --epochs 100 --embedding-size 150 --learning-rate 0.1 --regulariser n3 --reg-weight 0.005 --optimizer adagrad --valid --quiet
MCL True
INFO:test2.py:Valid: True
INFO:test2.py:Device: cuda
curr directory /home/acalvi/Dissertation/Aladdin/biolink
Importing dataset files ... 
<class 'biolink.embeddings.models_mc.ComplEx_MC'>
INFO:test2.py:is tucker False
INFO:test2.py:settin tucker to FALSE
INFO:test2.py:Device: cuda
INFO:test2.py:Epoch 1/100	Loss 10.7506 ± 0.3473
INFO:test2.py:Epoch 2/100	Loss 10.4153 ± 0.0579
INFO:test2.py:Epoch 3/100	Loss 10.3421 ± 0.0574
INFO:test2.py:Epoch 4/100	Loss 10.3040 ± 0.0590
INFO:test2.py:Epoch 5/100	Loss 10.2804 ± 0.0588
INFO:test2.py:Epoch 6/100	Loss 10.2640 ± 0.0597
INFO:test2.py:Epoch 7/100	Loss 10.2519 ± 0.0597
INFO:test2.py:Epoch 8/100	Loss 10.2424 ± 0.0606
INFO:test2.py:Epoch 9/100	Loss 10.2348 ± 0.0599
INFO:test2.py:Epoch 10/100	Loss 10.2285 ± 0.0606
INFO:test2.py:Epoch 11/100	Loss 10.2232 ± 0.0603
INFO:test2.py:Epoch 12/100	Loss 10.2185 ± 0.0597
INFO:test2.py:Epoch 13/100	Loss 10.2145 ± 0.0599
INFO:test2.py:Epoch 14/100	Loss 10.2110 ± 0.0610
INFO:test2.py:Epoch 15/100	Loss 10.2077 ± 0.0599
INFO:test2.py:Epoch 16/100	Loss 10.2049 ± 0.0607
INFO:test2.py:Epoch 17/100	Loss 10.2024 ± 0.0595
INFO:test2.py:Epoch 18/100	Loss 10.2000 ± 0.0600
INFO:test2.py:Epoch 19/100	Loss 10.1977 ± 0.0598
INFO:test2.py:Epoch 20/100	Loss 10.1957 ± 0.0601
INFO:test2.py:Epoch 21/100	Loss 10.1939 ± 0.0603
INFO:test2.py:Epoch 22/100	Loss 10.1921 ± 0.0599
INFO:test2.py:Epoch 23/100	Loss 10.1905 ± 0.0595
INFO:test2.py:Epoch 24/100	Loss 10.1889 ± 0.0598
INFO:test2.py:Epoch 25/100	Loss 10.1874 ± 0.0612
INFO:test2.py:Epoch 26/100	Loss 10.1861 ± 0.0605
INFO:test2.py:Epoch 27/100	Loss 10.1848 ± 0.0595
INFO:test2.py:Epoch 28/100	Loss 10.1836 ± 0.0603
INFO:test2.py:Epoch 29/100	Loss 10.1824 ± 0.0593
INFO:test2.py:Epoch 30/100	Loss 10.1813 ± 0.0606
INFO:test2.py:Epoch 31/100	Loss 10.1803 ± 0.0595
INFO:test2.py:Epoch 32/100	Loss 10.1793 ± 0.0606
INFO:test2.py:Epoch 33/100	Loss 10.1782 ± 0.0598
INFO:test2.py:Epoch 34/100	Loss 10.1773 ± 0.0607
INFO:test2.py:Epoch 35/100	Loss 10.1764 ± 0.0599
INFO:test2.py:Epoch 36/100	Loss 10.1756 ± 0.0600
INFO:test2.py:Epoch 37/100	Loss 10.1747 ± 0.0599
INFO:test2.py:Epoch 38/100	Loss 10.1740 ± 0.0592
INFO:test2.py:Epoch 39/100	Loss 10.1732 ± 0.0600
INFO:test2.py:Epoch 40/100	Loss 10.1725 ± 0.0607
INFO:test2.py:Epoch 41/100	Loss 10.1718 ± 0.0606
INFO:test2.py:Epoch 42/100	Loss 10.1711 ± 0.0597
INFO:test2.py:Epoch 43/100	Loss 10.1704 ± 0.0607
INFO:test2.py:Epoch 44/100	Loss 10.1697 ± 0.0594
INFO:test2.py:Epoch 45/100	Loss 10.1691 ± 0.0600
INFO:test2.py:Epoch 46/100	Loss 10.1685 ± 0.0605
INFO:test2.py:Epoch 47/100	Loss 10.1679 ± 0.0595
INFO:test2.py:Epoch 48/100	Loss 10.1673 ± 0.0615
INFO:test2.py:Epoch 49/100	Loss 10.1668 ± 0.0609
INFO:test2.py:Validating
INFO:test2.py:batch start 	320000
INFO:test2.py:done
INFO:test2.py:metrics done
INFO:test2.py:Epoch 50/100	Loss 10.1662 ± 0.0601
INFO:test2.py:Epoch 51/100	Loss 10.1657 ± 0.0606
INFO:test2.py:Epoch 52/100	Loss 10.1652 ± 0.0599
INFO:test2.py:Epoch 53/100	Loss 10.1647 ± 0.0602
INFO:test2.py:Epoch 54/100	Loss 10.1642 ± 0.0600
INFO:test2.py:Epoch 55/100	Loss 10.1638 ± 0.0605
INFO:test2.py:Epoch 56/100	Loss 10.1632 ± 0.0599
INFO:test2.py:Epoch 57/100	Loss 10.1628 ± 0.0608
INFO:test2.py:Epoch 58/100	Loss 10.1624 ± 0.0598
INFO:test2.py:Epoch 59/100	Loss 10.1619 ± 0.0609
INFO:test2.py:Epoch 60/100	Loss 10.1615 ± 0.0598
INFO:test2.py:Epoch 61/100	Loss 10.1611 ± 0.0611
INFO:test2.py:Epoch 62/100	Loss 10.1607 ± 0.0600
INFO:test2.py:Epoch 63/100	Loss 10.1603 ± 0.0605
INFO:test2.py:Epoch 64/100	Loss 10.1599 ± 0.0607
INFO:test2.py:Epoch 65/100	Loss 10.1595 ± 0.0599
INFO:test2.py:Epoch 66/100	Loss 10.1592 ± 0.0604
INFO:test2.py:Epoch 67/100	Loss 10.1588 ± 0.0603
INFO:test2.py:Epoch 68/100	Loss 10.1584 ± 0.0604
INFO:test2.py:Epoch 69/100	Loss 10.1581 ± 0.0609
INFO:test2.py:Epoch 70/100	Loss 10.1578 ± 0.0598
INFO:test2.py:Epoch 71/100	Loss 10.1575 ± 0.0600
INFO:test2.py:Epoch 72/100	Loss 10.1571 ± 0.0598
INFO:test2.py:Epoch 73/100	Loss 10.1568 ± 0.0602
INFO:test2.py:Epoch 74/100	Loss 10.1565 ± 0.0602
INFO:test2.py:Epoch 75/100	Loss 10.1561 ± 0.0603
INFO:test2.py:Epoch 76/100	Loss 10.1558 ± 0.0600
INFO:test2.py:Epoch 77/100	Loss 10.1555 ± 0.0596
INFO:test2.py:Epoch 78/100	Loss 10.1553 ± 0.0607
INFO:test2.py:Epoch 79/100	Loss 10.1550 ± 0.0609
INFO:test2.py:Epoch 80/100	Loss 10.1547 ± 0.0598
INFO:test2.py:Epoch 81/100	Loss 10.1544 ± 0.0605
INFO:test2.py:Epoch 82/100	Loss 10.1541 ± 0.0600
INFO:test2.py:Epoch 83/100	Loss 10.1538 ± 0.0611
INFO:test2.py:Epoch 84/100	Loss 10.1536 ± 0.0602
INFO:test2.py:Epoch 85/100	Loss 10.1534 ± 0.0597
INFO:test2.py:Epoch 86/100	Loss 10.1531 ± 0.0603
INFO:test2.py:Epoch 87/100	Loss 10.1528 ± 0.0604
INFO:test2.py:Epoch 88/100	Loss 10.1526 ± 0.0603
INFO:test2.py:Epoch 89/100	Loss 10.1524 ± 0.0595
INFO:test2.py:Epoch 90/100	Loss 10.1521 ± 0.0596
INFO:test2.py:Epoch 91/100	Loss 10.1518 ± 0.0600
INFO:test2.py:Epoch 92/100	Loss 10.1516 ± 0.0603
INFO:test2.py:Epoch 93/100	Loss 10.1513 ± 0.0603
INFO:test2.py:Epoch 94/100	Loss 10.1511 ± 0.0599
INFO:test2.py:Epoch 95/100	Loss 10.1509 ± 0.0600
INFO:test2.py:Epoch 96/100	Loss 10.1507 ± 0.0598
INFO:test2.py:Epoch 97/100	Loss 10.1505 ± 0.0600
INFO:test2.py:Epoch 98/100	Loss 10.1503 ± 0.0600
INFO:test2.py:Epoch 99/100	Loss 10.1500 ± 0.0604
INFO:test2.py:Epoch 100/100	Loss 10.1498 ± 0.0603
INFO:test2.py:is bad performing False
INFO:test2.py:Done training
INFO:test2.py:in evalute for dataset: 	valid
INFO:test2.py:batch start 	320000
INFO:test2.py:done
INFO:test2.py:metrics done
INFO:test2.py:Error 	valid results	MRR 0.150132	H@1 0.067879	H@3 0.146263	H@10 0.312590	AU-ROC_raw -1.000000	AU-ROC_fil -1.000000
INFO:test2.py:in evalute for dataset: 	test
INFO:test2.py:batch start 	320000
INFO:test2.py:done
INFO:test2.py:metrics done
INFO:test2.py:Error 	test results	MRR 0.150686	H@1 0.068613	H@3 0.146783	H@10 0.312718	AU-ROC_raw -1.000000	AU-ROC_fil -1.000000
/home/acalvi/anaconda3/envs/libkge_new/lib/python3.7/site-packages/tensorflow/python/framework/dtypes.py:516: FutureWarning: Passing (type, 1) or '1type' as a synonym of type is deprecated; in a future version of numpy, it will be understood as (type, (1,)) / '(1,)type'.
  _np_qint8 = np.dtype([("qint8", np.int8, 1)])
/home/acalvi/anaconda3/envs/libkge_new/lib/python3.7/site-packages/tensorflow/python/framework/dtypes.py:517: FutureWarning: Passing (type, 1) or '1type' as a synonym of type is deprecated; in a future version of numpy, it will be understood as (type, (1,)) / '(1,)type'.
  _np_quint8 = np.dtype([("quint8", np.uint8, 1)])
/home/acalvi/anaconda3/envs/libkge_new/lib/python3.7/site-packages/tensorflow/python/framework/dtypes.py:518: FutureWarning: Passing (type, 1) or '1type' as a synonym of type is deprecated; in a future version of numpy, it will be understood as (type, (1,)) / '(1,)type'.
  _np_qint16 = np.dtype([("qint16", np.int16, 1)])
/home/acalvi/anaconda3/envs/libkge_new/lib/python3.7/site-packages/tensorflow/python/framework/dtypes.py:519: FutureWarning: Passing (type, 1) or '1type' as a synonym of type is deprecated; in a future version of numpy, it will be understood as (type, (1,)) / '(1,)type'.
  _np_quint16 = np.dtype([("quint16", np.uint16, 1)])
/home/acalvi/anaconda3/envs/libkge_new/lib/python3.7/site-packages/tensorflow/python/framework/dtypes.py:520: FutureWarning: Passing (type, 1) or '1type' as a synonym of type is deprecated; in a future version of numpy, it will be understood as (type, (1,)) / '(1,)type'.
  _np_qint32 = np.dtype([("qint32", np.int32, 1)])
/home/acalvi/anaconda3/envs/libkge_new/lib/python3.7/site-packages/tensorflow/python/framework/dtypes.py:525: FutureWarning: Passing (type, 1) or '1type' as a synonym of type is deprecated; in a future version of numpy, it will be understood as (type, (1,)) / '(1,)type'.
  np_resource = np.dtype([("resource", np.ubyte, 1)])
/home/acalvi/anaconda3/envs/libkge_new/lib/python3.7/site-packages/tensorboard/compat/tensorflow_stub/dtypes.py:541: FutureWarning: Passing (type, 1) or '1type' as a synonym of type is deprecated; in a future version of numpy, it will be understood as (type, (1,)) / '(1,)type'.
  _np_qint8 = np.dtype([("qint8", np.int8, 1)])
/home/acalvi/anaconda3/envs/libkge_new/lib/python3.7/site-packages/tensorboard/compat/tensorflow_stub/dtypes.py:542: FutureWarning: Passing (type, 1) or '1type' as a synonym of type is deprecated; in a future version of numpy, it will be understood as (type, (1,)) / '(1,)type'.
  _np_quint8 = np.dtype([("quint8", np.uint8, 1)])
/home/acalvi/anaconda3/envs/libkge_new/lib/python3.7/site-packages/tensorboard/compat/tensorflow_stub/dtypes.py:543: FutureWarning: Passing (type, 1) or '1type' as a synonym of type is deprecated; in a future version of numpy, it will be understood as (type, (1,)) / '(1,)type'.
  _np_qint16 = np.dtype([("qint16", np.int16, 1)])
/home/acalvi/anaconda3/envs/libkge_new/lib/python3.7/site-packages/tensorboard/compat/tensorflow_stub/dtypes.py:544: FutureWarning: Passing (type, 1) or '1type' as a synonym of type is deprecated; in a future version of numpy, it will be understood as (type, (1,)) / '(1,)type'.
  _np_quint16 = np.dtype([("quint16", np.uint16, 1)])
/home/acalvi/anaconda3/envs/libkge_new/lib/python3.7/site-packages/tensorboard/compat/tensorflow_stub/dtypes.py:545: FutureWarning: Passing (type, 1) or '1type' as a synonym of type is deprecated; in a future version of numpy, it will be understood as (type, (1,)) / '(1,)type'.
  _np_qint32 = np.dtype([("qint32", np.int32, 1)])
/home/acalvi/anaconda3/envs/libkge_new/lib/python3.7/site-packages/tensorboard/compat/tensorflow_stub/dtypes.py:550: FutureWarning: Passing (type, 1) or '1type' as a synonym of type is deprecated; in a future version of numpy, it will be understood as (type, (1,)) / '(1,)type'.
  np_resource = np.dtype([("resource", np.ubyte, 1)])
/home/acalvi/Dissertation/Aladdin/biolink/testing/experiment_ComplEx.py:184: FutureWarning: elementwise comparison failed; returning scalar instead, but in the future will perform elementwise comparison
  if data == 'pse':
