./test2.py --data pse --mcl True --batch-size 128 --epochs 100 --embedding-size 100 --learning-rate 0.01 --regulariser n3 --reg-weight 0.5 --optimizer adagrad --valid --quiet
MCL True
INFO:test2.py:Valid: True
INFO:test2.py:Device: cuda
curr directory /home/acalvi/Dissertation/Aladdin/biolink
Importing dataset files ... 
<class 'biolink.embeddings.models_mc.ComplEx_MC'>
INFO:test2.py:is tucker False
INFO:test2.py:settin tucker to FALSE
INFO:test2.py:Device: cuda
INFO:test2.py:Epoch 1/100	Loss 12.9482 ± 0.2650
INFO:test2.py:Epoch 2/100	Loss 12.9419 ± 0.2558
INFO:test2.py:Epoch 3/100	Loss 12.9404 ± 0.2514
INFO:test2.py:Epoch 4/100	Loss 12.9397 ± 0.2480
INFO:test2.py:Epoch 5/100	Loss 12.9393 ± 0.2455
INFO:test2.py:Epoch 6/100	Loss 12.9390 ± 0.2431
INFO:test2.py:Epoch 7/100	Loss 12.9388 ± 0.2411
INFO:test2.py:Epoch 8/100	Loss 12.9386 ± 0.2391
INFO:test2.py:Epoch 9/100	Loss 12.9385 ± 0.2374
INFO:test2.py:Epoch 10/100	Loss 12.9384 ± 0.2357
INFO:test2.py:Epoch 11/100	Loss 12.9383 ± 0.2344
INFO:test2.py:Epoch 12/100	Loss 12.9382 ± 0.2331
INFO:test2.py:Epoch 13/100	Loss 12.9382 ± 0.2316
INFO:test2.py:Epoch 14/100	Loss 12.9381 ± 0.2304
INFO:test2.py:Epoch 15/100	Loss 12.9381 ± 0.2290
INFO:test2.py:Epoch 16/100	Loss 12.9381 ± 0.2278
INFO:test2.py:Epoch 17/100	Loss 12.9380 ± 0.2267
INFO:test2.py:Epoch 18/100	Loss 12.9380 ± 0.2257
INFO:test2.py:Epoch 19/100	Loss 12.9380 ± 0.2246
INFO:test2.py:Epoch 20/100	Loss 12.9379 ± 0.2237
INFO:test2.py:Epoch 21/100	Loss 12.9379 ± 0.2225
INFO:test2.py:Epoch 22/100	Loss 12.9379 ± 0.2216
INFO:test2.py:Epoch 23/100	Loss 12.9379 ± 0.2207
INFO:test2.py:Epoch 24/100	Loss 12.9379 ± 0.2199
INFO:test2.py:Epoch 25/100	Loss 12.9378 ± 0.2193
INFO:test2.py:Epoch 26/100	Loss 12.9378 ± 0.2184
INFO:test2.py:Epoch 27/100	Loss 12.9378 ± 0.2174
INFO:test2.py:Epoch 28/100	Loss 12.9378 ± 0.2166
INFO:test2.py:Epoch 29/100	Loss 12.9378 ± 0.2158
INFO:test2.py:Epoch 30/100	Loss 12.9378 ± 0.2151
INFO:test2.py:Epoch 31/100	Loss 12.9378 ± 0.2143
INFO:test2.py:Epoch 32/100	Loss 12.9377 ± 0.2138
INFO:test2.py:Epoch 33/100	Loss 12.9377 ± 0.2128
INFO:test2.py:Epoch 34/100	Loss 12.9377 ± 0.2123
INFO:test2.py:Epoch 35/100	Loss 12.9377 ± 0.2115
INFO:test2.py:Epoch 36/100	Loss 12.9377 ± 0.2108
INFO:test2.py:Epoch 37/100	Loss 12.9377 ± 0.2102
INFO:test2.py:Epoch 38/100	Loss 12.9377 ± 0.2093
INFO:test2.py:Epoch 39/100	Loss 12.9377 ± 0.2087
INFO:test2.py:Epoch 40/100	Loss 12.9377 ± 0.2081
INFO:test2.py:Epoch 41/100	Loss 12.9376 ± 0.2075
INFO:test2.py:Epoch 42/100	Loss 12.9376 ± 0.2070
INFO:test2.py:Epoch 43/100	Loss 12.9376 ± 0.2063
INFO:test2.py:Epoch 44/100	Loss 12.9376 ± 0.2058
INFO:test2.py:Epoch 45/100	Loss 12.9376 ± 0.2051
INFO:test2.py:Epoch 46/100	Loss 12.9376 ± 0.2046
INFO:test2.py:Epoch 47/100	Loss 12.9376 ± 0.2040
INFO:test2.py:Epoch 48/100	Loss 12.9376 ± 0.2034
INFO:test2.py:Epoch 49/100	Loss 12.9376 ± 0.2029
INFO:test2.py:Validating
INFO:test2.py:batch start 	80000
INFO:test2.py:batch start 	160000
INFO:test2.py:batch start 	240000
INFO:test2.py:batch start 	320000
INFO:test2.py:batch start 	400000
INFO:test2.py:done
INFO:test2.py:metrics done
INFO:test2.py:Applying old dog tricks, ending training. MRR is 0.04385022287717829
INFO:test2.py:is bad performing True
INFO:test2.py:Done training
INFO:test2.py:Not checking test, since interrupted
/home/acalvi/anaconda3/envs/libkge_new/lib/python3.7/site-packages/tensorflow/python/framework/dtypes.py:516: FutureWarning: Passing (type, 1) or '1type' as a synonym of type is deprecated; in a future version of numpy, it will be understood as (type, (1,)) / '(1,)type'.
  _np_qint8 = np.dtype([("qint8", np.int8, 1)])
/home/acalvi/anaconda3/envs/libkge_new/lib/python3.7/site-packages/tensorflow/python/framework/dtypes.py:517: FutureWarning: Passing (type, 1) or '1type' as a synonym of type is deprecated; in a future version of numpy, it will be understood as (type, (1,)) / '(1,)type'.
  _np_quint8 = np.dtype([("quint8", np.uint8, 1)])
/home/acalvi/anaconda3/envs/libkge_new/lib/python3.7/site-packages/tensorflow/python/framework/dtypes.py:518: FutureWarning: Passing (type, 1) or '1type' as a synonym of type is deprecated; in a future version of numpy, it will be understood as (type, (1,)) / '(1,)type'.
  _np_qint16 = np.dtype([("qint16", np.int16, 1)])
/home/acalvi/anaconda3/envs/libkge_new/lib/python3.7/site-packages/tensorflow/python/framework/dtypes.py:519: FutureWarning: Passing (type, 1) or '1type' as a synonym of type is deprecated; in a future version of numpy, it will be understood as (type, (1,)) / '(1,)type'.
  _np_quint16 = np.dtype([("quint16", np.uint16, 1)])
/home/acalvi/anaconda3/envs/libkge_new/lib/python3.7/site-packages/tensorflow/python/framework/dtypes.py:520: FutureWarning: Passing (type, 1) or '1type' as a synonym of type is deprecated; in a future version of numpy, it will be understood as (type, (1,)) / '(1,)type'.
  _np_qint32 = np.dtype([("qint32", np.int32, 1)])
/home/acalvi/anaconda3/envs/libkge_new/lib/python3.7/site-packages/tensorflow/python/framework/dtypes.py:525: FutureWarning: Passing (type, 1) or '1type' as a synonym of type is deprecated; in a future version of numpy, it will be understood as (type, (1,)) / '(1,)type'.
  np_resource = np.dtype([("resource", np.ubyte, 1)])
/home/acalvi/anaconda3/envs/libkge_new/lib/python3.7/site-packages/tensorboard/compat/tensorflow_stub/dtypes.py:541: FutureWarning: Passing (type, 1) or '1type' as a synonym of type is deprecated; in a future version of numpy, it will be understood as (type, (1,)) / '(1,)type'.
  _np_qint8 = np.dtype([("qint8", np.int8, 1)])
/home/acalvi/anaconda3/envs/libkge_new/lib/python3.7/site-packages/tensorboard/compat/tensorflow_stub/dtypes.py:542: FutureWarning: Passing (type, 1) or '1type' as a synonym of type is deprecated; in a future version of numpy, it will be understood as (type, (1,)) / '(1,)type'.
  _np_quint8 = np.dtype([("quint8", np.uint8, 1)])
/home/acalvi/anaconda3/envs/libkge_new/lib/python3.7/site-packages/tensorboard/compat/tensorflow_stub/dtypes.py:543: FutureWarning: Passing (type, 1) or '1type' as a synonym of type is deprecated; in a future version of numpy, it will be understood as (type, (1,)) / '(1,)type'.
  _np_qint16 = np.dtype([("qint16", np.int16, 1)])
/home/acalvi/anaconda3/envs/libkge_new/lib/python3.7/site-packages/tensorboard/compat/tensorflow_stub/dtypes.py:544: FutureWarning: Passing (type, 1) or '1type' as a synonym of type is deprecated; in a future version of numpy, it will be understood as (type, (1,)) / '(1,)type'.
  _np_quint16 = np.dtype([("quint16", np.uint16, 1)])
/home/acalvi/anaconda3/envs/libkge_new/lib/python3.7/site-packages/tensorboard/compat/tensorflow_stub/dtypes.py:545: FutureWarning: Passing (type, 1) or '1type' as a synonym of type is deprecated; in a future version of numpy, it will be understood as (type, (1,)) / '(1,)type'.
  _np_qint32 = np.dtype([("qint32", np.int32, 1)])
/home/acalvi/anaconda3/envs/libkge_new/lib/python3.7/site-packages/tensorboard/compat/tensorflow_stub/dtypes.py:550: FutureWarning: Passing (type, 1) or '1type' as a synonym of type is deprecated; in a future version of numpy, it will be understood as (type, (1,)) / '(1,)type'.
  np_resource = np.dtype([("resource", np.ubyte, 1)])
