./test2.py --data pse --mcl True --batch-size 512 --epochs 100 --embedding-size 50 --learning-rate 0.1 --regulariser n3 --reg-weight 0.005 --optimizer adagrad --valid --quiet
MCL True
INFO:test2.py:Valid: True
INFO:test2.py:Device: cuda
curr directory /home/acalvi/Dissertation/Aladdin/biolink
Importing dataset files ... 
<class 'biolink.embeddings.models_mc.ComplEx_MC'>
INFO:test2.py:is tucker False
INFO:test2.py:settin tucker to FALSE
INFO:test2.py:Device: cuda
INFO:test2.py:Epoch 1/100	Loss 10.8228 ± 0.3525
INFO:test2.py:Epoch 2/100	Loss 10.4989 ± 0.0624
INFO:test2.py:Epoch 3/100	Loss 10.4379 ± 0.0578
INFO:test2.py:Epoch 4/100	Loss 10.4113 ± 0.0581
INFO:test2.py:Epoch 5/100	Loss 10.3956 ± 0.0578
INFO:test2.py:Epoch 6/100	Loss 10.3851 ± 0.0583
INFO:test2.py:Epoch 7/100	Loss 10.3775 ± 0.0579
INFO:test2.py:Epoch 8/100	Loss 10.3716 ± 0.0577
INFO:test2.py:Epoch 9/100	Loss 10.3669 ± 0.0586
INFO:test2.py:Epoch 10/100	Loss 10.3629 ± 0.0579
INFO:test2.py:Epoch 11/100	Loss 10.3595 ± 0.0575
INFO:test2.py:Epoch 12/100	Loss 10.3566 ± 0.0587
INFO:test2.py:Epoch 13/100	Loss 10.3541 ± 0.0588
INFO:test2.py:Epoch 14/100	Loss 10.3518 ± 0.0574
INFO:test2.py:Epoch 15/100	Loss 10.3498 ± 0.0587
INFO:test2.py:Epoch 16/100	Loss 10.3479 ± 0.0585
INFO:test2.py:Epoch 17/100	Loss 10.3462 ± 0.0583
INFO:test2.py:Epoch 18/100	Loss 10.3447 ± 0.0588
INFO:test2.py:Epoch 19/100	Loss 10.3432 ± 0.0586
INFO:test2.py:Epoch 20/100	Loss 10.3419 ± 0.0585
INFO:test2.py:Epoch 21/100	Loss 10.3407 ± 0.0572
INFO:test2.py:Epoch 22/100	Loss 10.3395 ± 0.0578
INFO:test2.py:Epoch 23/100	Loss 10.3384 ± 0.0579
INFO:test2.py:Epoch 24/100	Loss 10.3374 ± 0.0583
INFO:test2.py:Epoch 25/100	Loss 10.3364 ± 0.0584
INFO:test2.py:Epoch 26/100	Loss 10.3355 ± 0.0577
INFO:test2.py:Epoch 27/100	Loss 10.3346 ± 0.0571
INFO:test2.py:Epoch 28/100	Loss 10.3339 ± 0.0584
INFO:test2.py:Epoch 29/100	Loss 10.3330 ± 0.0575
INFO:test2.py:Epoch 30/100	Loss 10.3323 ± 0.0579
INFO:test2.py:Epoch 31/100	Loss 10.3316 ± 0.0577
INFO:test2.py:Epoch 32/100	Loss 10.3309 ± 0.0575
INFO:test2.py:Epoch 33/100	Loss 10.3302 ± 0.0576
INFO:test2.py:Epoch 34/100	Loss 10.3296 ± 0.0584
INFO:test2.py:Epoch 35/100	Loss 10.3290 ± 0.0592
INFO:test2.py:Epoch 36/100	Loss 10.3284 ± 0.0573
INFO:test2.py:Epoch 37/100	Loss 10.3278 ± 0.0582
INFO:test2.py:Epoch 38/100	Loss 10.3273 ± 0.0566
INFO:test2.py:Epoch 39/100	Loss 10.3268 ± 0.0574
INFO:test2.py:Epoch 40/100	Loss 10.3263 ± 0.0589
INFO:test2.py:Epoch 41/100	Loss 10.3258 ± 0.0584
INFO:test2.py:Epoch 42/100	Loss 10.3253 ± 0.0588
INFO:test2.py:Epoch 43/100	Loss 10.3249 ± 0.0578
INFO:test2.py:Epoch 44/100	Loss 10.3244 ± 0.0582
INFO:test2.py:Epoch 45/100	Loss 10.3241 ± 0.0579
INFO:test2.py:Epoch 46/100	Loss 10.3236 ± 0.0585
INFO:test2.py:Epoch 47/100	Loss 10.3232 ± 0.0579
INFO:test2.py:Epoch 48/100	Loss 10.3228 ± 0.0585
INFO:test2.py:Epoch 49/100	Loss 10.3224 ± 0.0580
INFO:test2.py:Validating
INFO:test2.py:batch start 	320000
INFO:test2.py:done
INFO:test2.py:metrics done
INFO:test2.py:Epoch 50/100	Loss 10.3220 ± 0.0583
INFO:test2.py:Epoch 51/100	Loss 10.3217 ± 0.0572
INFO:test2.py:Epoch 52/100	Loss 10.3213 ± 0.0583
INFO:test2.py:Epoch 53/100	Loss 10.3210 ± 0.0583
INFO:test2.py:Epoch 54/100	Loss 10.3207 ± 0.0574
INFO:test2.py:Epoch 55/100	Loss 10.3203 ± 0.0582
INFO:test2.py:Epoch 56/100	Loss 10.3200 ± 0.0584
INFO:test2.py:Epoch 57/100	Loss 10.3197 ± 0.0578
INFO:test2.py:Epoch 58/100	Loss 10.3194 ± 0.0581
INFO:test2.py:Epoch 59/100	Loss 10.3191 ± 0.0582
INFO:test2.py:Epoch 60/100	Loss 10.3188 ± 0.0584
INFO:test2.py:Epoch 61/100	Loss 10.3185 ± 0.0577
INFO:test2.py:Epoch 62/100	Loss 10.3182 ± 0.0584
INFO:test2.py:Epoch 63/100	Loss 10.3180 ± 0.0577
INFO:test2.py:Epoch 64/100	Loss 10.3176 ± 0.0576
INFO:test2.py:Epoch 65/100	Loss 10.3174 ± 0.0581
INFO:test2.py:Epoch 66/100	Loss 10.3171 ± 0.0587
INFO:test2.py:Epoch 67/100	Loss 10.3169 ± 0.0580
INFO:test2.py:Epoch 68/100	Loss 10.3167 ± 0.0585
INFO:test2.py:Epoch 69/100	Loss 10.3164 ± 0.0586
INFO:test2.py:Epoch 70/100	Loss 10.3162 ± 0.0583
INFO:test2.py:Epoch 71/100	Loss 10.3159 ± 0.0586
INFO:test2.py:Epoch 72/100	Loss 10.3157 ± 0.0581
INFO:test2.py:Epoch 73/100	Loss 10.3155 ± 0.0583
INFO:test2.py:Epoch 74/100	Loss 10.3153 ± 0.0580
INFO:test2.py:Epoch 75/100	Loss 10.3151 ± 0.0570
INFO:test2.py:Epoch 76/100	Loss 10.3148 ± 0.0582
INFO:test2.py:Epoch 77/100	Loss 10.3146 ± 0.0580
INFO:test2.py:Epoch 78/100	Loss 10.3144 ± 0.0583
INFO:test2.py:Epoch 79/100	Loss 10.3142 ± 0.0580
INFO:test2.py:Epoch 80/100	Loss 10.3140 ± 0.0577
INFO:test2.py:Epoch 81/100	Loss 10.3138 ± 0.0584
INFO:test2.py:Epoch 82/100	Loss 10.3136 ± 0.0579
INFO:test2.py:Epoch 83/100	Loss 10.3135 ± 0.0591
INFO:test2.py:Epoch 84/100	Loss 10.3132 ± 0.0581
INFO:test2.py:Epoch 85/100	Loss 10.3130 ± 0.0590
INFO:test2.py:Epoch 86/100	Loss 10.3129 ± 0.0584
INFO:test2.py:Epoch 87/100	Loss 10.3127 ± 0.0580
INFO:test2.py:Epoch 88/100	Loss 10.3125 ± 0.0584
INFO:test2.py:Epoch 89/100	Loss 10.3124 ± 0.0586
INFO:test2.py:Epoch 90/100	Loss 10.3122 ± 0.0579
INFO:test2.py:Epoch 91/100	Loss 10.3120 ± 0.0581
INFO:test2.py:Epoch 92/100	Loss 10.3118 ± 0.0574
INFO:test2.py:Epoch 93/100	Loss 10.3117 ± 0.0574
INFO:test2.py:Epoch 94/100	Loss 10.3115 ± 0.0581
INFO:test2.py:Epoch 95/100	Loss 10.3113 ± 0.0569
INFO:test2.py:Epoch 96/100	Loss 10.3112 ± 0.0584
INFO:test2.py:Epoch 97/100	Loss 10.3110 ± 0.0589
INFO:test2.py:Epoch 98/100	Loss 10.3109 ± 0.0581
INFO:test2.py:Epoch 99/100	Loss 10.3107 ± 0.0576
INFO:test2.py:Epoch 100/100	Loss 10.3105 ± 0.0581
INFO:test2.py:is bad performing False
INFO:test2.py:Done training
INFO:test2.py:in evalute for dataset: 	valid
INFO:test2.py:batch start 	320000
INFO:test2.py:done
INFO:test2.py:metrics done
INFO:test2.py:Error 	valid results	MRR 0.127214	H@1 0.050471	H@3 0.118807	H@10 0.276984	AU-ROC_raw -1.000000	AU-ROC_fil -1.000000
INFO:test2.py:in evalute for dataset: 	test
INFO:test2.py:batch start 	320000
INFO:test2.py:done
INFO:test2.py:metrics done
INFO:test2.py:Error 	test results	MRR 0.127695	H@1 0.050669	H@3 0.119385	H@10 0.278305	AU-ROC_raw -1.000000	AU-ROC_fil -1.000000
/home/acalvi/anaconda3/envs/libkge_new/lib/python3.7/site-packages/tensorflow/python/framework/dtypes.py:516: FutureWarning: Passing (type, 1) or '1type' as a synonym of type is deprecated; in a future version of numpy, it will be understood as (type, (1,)) / '(1,)type'.
  _np_qint8 = np.dtype([("qint8", np.int8, 1)])
/home/acalvi/anaconda3/envs/libkge_new/lib/python3.7/site-packages/tensorflow/python/framework/dtypes.py:517: FutureWarning: Passing (type, 1) or '1type' as a synonym of type is deprecated; in a future version of numpy, it will be understood as (type, (1,)) / '(1,)type'.
  _np_quint8 = np.dtype([("quint8", np.uint8, 1)])
/home/acalvi/anaconda3/envs/libkge_new/lib/python3.7/site-packages/tensorflow/python/framework/dtypes.py:518: FutureWarning: Passing (type, 1) or '1type' as a synonym of type is deprecated; in a future version of numpy, it will be understood as (type, (1,)) / '(1,)type'.
  _np_qint16 = np.dtype([("qint16", np.int16, 1)])
/home/acalvi/anaconda3/envs/libkge_new/lib/python3.7/site-packages/tensorflow/python/framework/dtypes.py:519: FutureWarning: Passing (type, 1) or '1type' as a synonym of type is deprecated; in a future version of numpy, it will be understood as (type, (1,)) / '(1,)type'.
  _np_quint16 = np.dtype([("quint16", np.uint16, 1)])
/home/acalvi/anaconda3/envs/libkge_new/lib/python3.7/site-packages/tensorflow/python/framework/dtypes.py:520: FutureWarning: Passing (type, 1) or '1type' as a synonym of type is deprecated; in a future version of numpy, it will be understood as (type, (1,)) / '(1,)type'.
  _np_qint32 = np.dtype([("qint32", np.int32, 1)])
/home/acalvi/anaconda3/envs/libkge_new/lib/python3.7/site-packages/tensorflow/python/framework/dtypes.py:525: FutureWarning: Passing (type, 1) or '1type' as a synonym of type is deprecated; in a future version of numpy, it will be understood as (type, (1,)) / '(1,)type'.
  np_resource = np.dtype([("resource", np.ubyte, 1)])
/home/acalvi/anaconda3/envs/libkge_new/lib/python3.7/site-packages/tensorboard/compat/tensorflow_stub/dtypes.py:541: FutureWarning: Passing (type, 1) or '1type' as a synonym of type is deprecated; in a future version of numpy, it will be understood as (type, (1,)) / '(1,)type'.
  _np_qint8 = np.dtype([("qint8", np.int8, 1)])
/home/acalvi/anaconda3/envs/libkge_new/lib/python3.7/site-packages/tensorboard/compat/tensorflow_stub/dtypes.py:542: FutureWarning: Passing (type, 1) or '1type' as a synonym of type is deprecated; in a future version of numpy, it will be understood as (type, (1,)) / '(1,)type'.
  _np_quint8 = np.dtype([("quint8", np.uint8, 1)])
/home/acalvi/anaconda3/envs/libkge_new/lib/python3.7/site-packages/tensorboard/compat/tensorflow_stub/dtypes.py:543: FutureWarning: Passing (type, 1) or '1type' as a synonym of type is deprecated; in a future version of numpy, it will be understood as (type, (1,)) / '(1,)type'.
  _np_qint16 = np.dtype([("qint16", np.int16, 1)])
/home/acalvi/anaconda3/envs/libkge_new/lib/python3.7/site-packages/tensorboard/compat/tensorflow_stub/dtypes.py:544: FutureWarning: Passing (type, 1) or '1type' as a synonym of type is deprecated; in a future version of numpy, it will be understood as (type, (1,)) / '(1,)type'.
  _np_quint16 = np.dtype([("quint16", np.uint16, 1)])
/home/acalvi/anaconda3/envs/libkge_new/lib/python3.7/site-packages/tensorboard/compat/tensorflow_stub/dtypes.py:545: FutureWarning: Passing (type, 1) or '1type' as a synonym of type is deprecated; in a future version of numpy, it will be understood as (type, (1,)) / '(1,)type'.
  _np_qint32 = np.dtype([("qint32", np.int32, 1)])
/home/acalvi/anaconda3/envs/libkge_new/lib/python3.7/site-packages/tensorboard/compat/tensorflow_stub/dtypes.py:550: FutureWarning: Passing (type, 1) or '1type' as a synonym of type is deprecated; in a future version of numpy, it will be understood as (type, (1,)) / '(1,)type'.
  np_resource = np.dtype([("resource", np.ubyte, 1)])
