./test2.py --data pse --mcl True --batch-size 128 --epochs 100 --embedding-size 200 --learning-rate 0.01 --regulariser n3 --reg-weight 0.5 --optimizer adagrad --valid --quiet
MCL True
INFO:test2.py:Valid: True
INFO:test2.py:Device: cuda
curr directory /home/acalvi/Dissertation/Aladdin/biolink
Importing dataset files ... 
<class 'biolink.embeddings.models_mc.ComplEx_MC'>
INFO:test2.py:is tucker False
INFO:test2.py:Device: cuda
INFO:test2.py:Epoch 1/100	Loss 12.9505 ± 0.2049
INFO:test2.py:Epoch 2/100	Loss 12.9433 ± 0.1872
INFO:test2.py:Epoch 3/100	Loss 12.9416 ± 0.1785
INFO:test2.py:Epoch 4/100	Loss 12.9407 ± 0.1725
INFO:test2.py:Epoch 5/100	Loss 12.9402 ± 0.1679
INFO:test2.py:Epoch 6/100	Loss 12.9394 ± 0.1641
INFO:test2.py:Epoch 7/100	Loss 12.9298 ± 0.1695
INFO:test2.py:Epoch 8/100	Loss 12.9240 ± 0.1663
INFO:test2.py:Epoch 9/100	Loss 12.9215 ± 0.1637
INFO:test2.py:Epoch 10/100	Loss 12.9201 ± 0.1610
INFO:test2.py:Epoch 11/100	Loss 12.9191 ± 0.1586
INFO:test2.py:Epoch 12/100	Loss 12.9183 ± 0.1561
INFO:test2.py:Epoch 13/100	Loss 12.9177 ± 0.1541
INFO:test2.py:Epoch 14/100	Loss 12.9173 ± 0.1524
INFO:test2.py:Epoch 15/100	Loss 12.9169 ± 0.1495
INFO:test2.py:Epoch 16/100	Loss 12.9165 ± 0.1475
INFO:test2.py:Epoch 17/100	Loss 12.9162 ± 0.1457
INFO:test2.py:Epoch 18/100	Loss 12.9160 ± 0.1438
INFO:test2.py:Epoch 19/100	Loss 12.9157 ± 0.1421
INFO:test2.py:Epoch 20/100	Loss 12.9155 ± 0.1403
INFO:test2.py:Epoch 21/100	Loss 12.9154 ± 0.1390
INFO:test2.py:Epoch 22/100	Loss 12.9152 ± 0.1376
INFO:test2.py:Epoch 23/100	Loss 12.9150 ± 0.1362
INFO:test2.py:Epoch 24/100	Loss 12.9149 ± 0.1346
INFO:test2.py:Epoch 25/100	Loss 12.9148 ± 0.1332
INFO:test2.py:Epoch 26/100	Loss 12.9146 ± 0.1318
INFO:test2.py:Epoch 27/100	Loss 12.9145 ± 0.1308
INFO:test2.py:Epoch 28/100	Loss 12.9144 ± 0.1295
INFO:test2.py:Epoch 29/100	Loss 12.9143 ± 0.1282
INFO:test2.py:Epoch 30/100	Loss 12.9142 ± 0.1272
INFO:test2.py:Epoch 31/100	Loss 12.9141 ± 0.1258
INFO:test2.py:Epoch 32/100	Loss 12.9140 ± 0.1248
INFO:test2.py:Epoch 33/100	Loss 12.9140 ± 0.1236
INFO:test2.py:Epoch 34/100	Loss 12.9139 ± 0.1231
INFO:test2.py:Epoch 35/100	Loss 12.9138 ± 0.1215
INFO:test2.py:Epoch 36/100	Loss 12.9138 ± 0.1208
INFO:test2.py:Epoch 37/100	Loss 12.9137 ± 0.1197
INFO:test2.py:Epoch 38/100	Loss 12.9136 ± 0.1189
INFO:test2.py:Epoch 39/100	Loss 12.9136 ± 0.1184
INFO:test2.py:Epoch 40/100	Loss 12.9135 ± 0.1172
INFO:test2.py:Epoch 41/100	Loss 12.9135 ± 0.1160
INFO:test2.py:Epoch 42/100	Loss 12.9134 ± 0.1155
INFO:test2.py:Epoch 43/100	Loss 12.9134 ± 0.1148
INFO:test2.py:Epoch 44/100	Loss 12.9133 ± 0.1138
INFO:test2.py:Epoch 45/100	Loss 12.9133 ± 0.1133
INFO:test2.py:Epoch 46/100	Loss 12.9132 ± 0.1123
INFO:test2.py:Epoch 47/100	Loss 12.9132 ± 0.1124
INFO:test2.py:Epoch 48/100	Loss 12.9131 ± 0.1105
INFO:test2.py:Epoch 49/100	Loss 12.9131 ± 0.1103
INFO:test2.py:Epoch 50/100	Loss 12.9131 ± 0.1093
INFO:test2.py:Epoch 51/100	Loss 12.9130 ± 0.1083
INFO:test2.py:Epoch 52/100	Loss 12.9130 ± 0.1077
INFO:test2.py:Epoch 53/100	Loss 12.9130 ± 0.1073
INFO:test2.py:Epoch 54/100	Loss 12.9129 ± 0.1067
INFO:test2.py:Epoch 55/100	Loss 12.9129 ± 0.1057
INFO:test2.py:Epoch 56/100	Loss 12.9129 ± 0.1054
INFO:test2.py:Epoch 57/100	Loss 12.9128 ± 0.1049
INFO:test2.py:Epoch 58/100	Loss 12.9128 ± 0.1039
INFO:test2.py:Epoch 59/100	Loss 12.9128 ± 0.1037
INFO:test2.py:Epoch 60/100	Loss 12.9127 ± 0.1026
INFO:test2.py:Epoch 61/100	Loss 12.9127 ± 0.1028
INFO:test2.py:Epoch 62/100	Loss 12.9127 ± 0.1020
INFO:test2.py:Epoch 63/100	Loss 12.9127 ± 0.1016
INFO:test2.py:Epoch 64/100	Loss 12.9126 ± 0.1009
INFO:test2.py:Epoch 65/100	Loss 12.9126 ± 0.1006
INFO:test2.py:Epoch 66/100	Loss 12.9126 ± 0.0995
INFO:test2.py:Epoch 67/100	Loss 12.9126 ± 0.0995
INFO:test2.py:Epoch 68/100	Loss 12.9125 ± 0.0990
INFO:test2.py:Epoch 69/100	Loss 12.9125 ± 0.0984
INFO:test2.py:Epoch 70/100	Loss 12.9125 ± 0.0984
INFO:test2.py:Epoch 71/100	Loss 12.9125 ± 0.0974
INFO:test2.py:Epoch 72/100	Loss 12.9124 ± 0.0968
INFO:test2.py:Epoch 73/100	Loss 12.9124 ± 0.0962
INFO:test2.py:Epoch 74/100	Loss 12.9124 ± 0.0959
INFO:test2.py:Epoch 75/100	Loss 12.9124 ± 0.0956
INFO:test2.py:Epoch 76/100	Loss 12.9124 ± 0.0952
INFO:test2.py:Epoch 77/100	Loss 12.9123 ± 0.0946
INFO:test2.py:Epoch 78/100	Loss 12.9123 ± 0.0942
INFO:test2.py:Epoch 79/100	Loss 12.9123 ± 0.0939
INFO:test2.py:Epoch 80/100	Loss 12.9123 ± 0.0933
INFO:test2.py:Epoch 81/100	Loss 12.9123 ± 0.0934
INFO:test2.py:Epoch 82/100	Loss 12.9122 ± 0.0924
INFO:test2.py:Epoch 83/100	Loss 12.9122 ± 0.0924
INFO:test2.py:Epoch 84/100	Loss 12.9122 ± 0.0920
INFO:test2.py:Epoch 85/100	Loss 12.9122 ± 0.0914
INFO:test2.py:Epoch 86/100	Loss 12.9122 ± 0.0910
INFO:test2.py:Epoch 87/100	Loss 12.9122 ± 0.0903
INFO:test2.py:Epoch 88/100	Loss 12.9122 ± 0.0904
INFO:test2.py:Epoch 89/100	Loss 12.9121 ± 0.0900
INFO:test2.py:Epoch 90/100	Loss 12.9121 ± 0.0895
INFO:test2.py:Epoch 91/100	Loss 12.9121 ± 0.0893
INFO:test2.py:Epoch 92/100	Loss 12.9121 ± 0.0886
INFO:test2.py:Epoch 93/100	Loss 12.9121 ± 0.0884
INFO:test2.py:Epoch 94/100	Loss 12.9121 ± 0.0880
INFO:test2.py:Epoch 95/100	Loss 12.9121 ± 0.0876
INFO:test2.py:Epoch 96/100	Loss 12.9120 ± 0.0877
INFO:test2.py:Epoch 97/100	Loss 12.9120 ± 0.0873
INFO:test2.py:Epoch 98/100	Loss 12.9120 ± 0.0875
INFO:test2.py:Epoch 99/100	Loss 12.9120 ± 0.0867
INFO:test2.py:Epoch 100/100	Loss 12.9120 ± 0.0860
INFO:test2.py:is bad performing False
INFO:test2.py:Done training
INFO:test2.py:in evalute for dataset: 	valid
INFO:test2.py:batch start 	80000
INFO:test2.py:batch start 	160000
INFO:test2.py:batch start 	240000
INFO:test2.py:batch start 	320000
INFO:test2.py:batch start 	400000
INFO:test2.py:done
INFO:test2.py:done not filtered aucroc
INFO:test2.py:metrics done
INFO:test2.py:Error 	valid results	MRR 0.059373	H@1 0.015915	H@3 0.044370	H@10 0.126303	AU-ROC_raw -1.000000	AU-ROC_fil -1.000000
INFO:test2.py:in evalute for dataset: 	test
INFO:test2.py:batch start 	80000
INFO:test2.py:batch start 	160000
INFO:test2.py:batch start 	240000
INFO:test2.py:batch start 	320000
INFO:test2.py:batch start 	400000
INFO:test2.py:done
INFO:test2.py:done not filtered aucroc
INFO:test2.py:metrics done
INFO:test2.py:Error 	test results	MRR 0.059327	H@1 0.015791	H@3 0.044322	H@10 0.126146	AU-ROC_raw -1.000000	AU-ROC_fil -1.000000
/home/acalvi/anaconda3/envs/libkge_new/lib/python3.7/site-packages/tensorflow/python/framework/dtypes.py:516: FutureWarning: Passing (type, 1) or '1type' as a synonym of type is deprecated; in a future version of numpy, it will be understood as (type, (1,)) / '(1,)type'.
  _np_qint8 = np.dtype([("qint8", np.int8, 1)])
/home/acalvi/anaconda3/envs/libkge_new/lib/python3.7/site-packages/tensorflow/python/framework/dtypes.py:517: FutureWarning: Passing (type, 1) or '1type' as a synonym of type is deprecated; in a future version of numpy, it will be understood as (type, (1,)) / '(1,)type'.
  _np_quint8 = np.dtype([("quint8", np.uint8, 1)])
/home/acalvi/anaconda3/envs/libkge_new/lib/python3.7/site-packages/tensorflow/python/framework/dtypes.py:518: FutureWarning: Passing (type, 1) or '1type' as a synonym of type is deprecated; in a future version of numpy, it will be understood as (type, (1,)) / '(1,)type'.
  _np_qint16 = np.dtype([("qint16", np.int16, 1)])
/home/acalvi/anaconda3/envs/libkge_new/lib/python3.7/site-packages/tensorflow/python/framework/dtypes.py:519: FutureWarning: Passing (type, 1) or '1type' as a synonym of type is deprecated; in a future version of numpy, it will be understood as (type, (1,)) / '(1,)type'.
  _np_quint16 = np.dtype([("quint16", np.uint16, 1)])
/home/acalvi/anaconda3/envs/libkge_new/lib/python3.7/site-packages/tensorflow/python/framework/dtypes.py:520: FutureWarning: Passing (type, 1) or '1type' as a synonym of type is deprecated; in a future version of numpy, it will be understood as (type, (1,)) / '(1,)type'.
  _np_qint32 = np.dtype([("qint32", np.int32, 1)])
/home/acalvi/anaconda3/envs/libkge_new/lib/python3.7/site-packages/tensorflow/python/framework/dtypes.py:525: FutureWarning: Passing (type, 1) or '1type' as a synonym of type is deprecated; in a future version of numpy, it will be understood as (type, (1,)) / '(1,)type'.
  np_resource = np.dtype([("resource", np.ubyte, 1)])
/home/acalvi/anaconda3/envs/libkge_new/lib/python3.7/site-packages/tensorboard/compat/tensorflow_stub/dtypes.py:541: FutureWarning: Passing (type, 1) or '1type' as a synonym of type is deprecated; in a future version of numpy, it will be understood as (type, (1,)) / '(1,)type'.
  _np_qint8 = np.dtype([("qint8", np.int8, 1)])
/home/acalvi/anaconda3/envs/libkge_new/lib/python3.7/site-packages/tensorboard/compat/tensorflow_stub/dtypes.py:542: FutureWarning: Passing (type, 1) or '1type' as a synonym of type is deprecated; in a future version of numpy, it will be understood as (type, (1,)) / '(1,)type'.
  _np_quint8 = np.dtype([("quint8", np.uint8, 1)])
/home/acalvi/anaconda3/envs/libkge_new/lib/python3.7/site-packages/tensorboard/compat/tensorflow_stub/dtypes.py:543: FutureWarning: Passing (type, 1) or '1type' as a synonym of type is deprecated; in a future version of numpy, it will be understood as (type, (1,)) / '(1,)type'.
  _np_qint16 = np.dtype([("qint16", np.int16, 1)])
/home/acalvi/anaconda3/envs/libkge_new/lib/python3.7/site-packages/tensorboard/compat/tensorflow_stub/dtypes.py:544: FutureWarning: Passing (type, 1) or '1type' as a synonym of type is deprecated; in a future version of numpy, it will be understood as (type, (1,)) / '(1,)type'.
  _np_quint16 = np.dtype([("quint16", np.uint16, 1)])
/home/acalvi/anaconda3/envs/libkge_new/lib/python3.7/site-packages/tensorboard/compat/tensorflow_stub/dtypes.py:545: FutureWarning: Passing (type, 1) or '1type' as a synonym of type is deprecated; in a future version of numpy, it will be understood as (type, (1,)) / '(1,)type'.
  _np_qint32 = np.dtype([("qint32", np.int32, 1)])
/home/acalvi/anaconda3/envs/libkge_new/lib/python3.7/site-packages/tensorboard/compat/tensorflow_stub/dtypes.py:550: FutureWarning: Passing (type, 1) or '1type' as a synonym of type is deprecated; in a future version of numpy, it will be understood as (type, (1,)) / '(1,)type'.
  np_resource = np.dtype([("resource", np.ubyte, 1)])
