./test2.py --data pse --mcl True --batch-size 268 --epochs 100 --embedding-size 200 --learning-rate 0.1 --regulariser n3 --reg-weight 0.001 --optimizer adagrad --valid --quiet
MCL True
INFO:test2.py:Valid: True
INFO:test2.py:Device: cuda
curr directory /home/acalvi/Dissertation/Aladdin/biolink
Importing dataset files ... 
<class 'biolink.embeddings.models_mc.ComplEx_MC'>
INFO:test2.py:is tucker False
INFO:test2.py:settin tucker to FALSE
INFO:test2.py:Device: cuda
INFO:test2.py:Epoch 1/100	Loss 10.6087 ± 0.3577
INFO:test2.py:Epoch 2/100	Loss 10.1581 ± 0.0869
INFO:test2.py:Epoch 3/100	Loss 10.0451 ± 0.0877
INFO:test2.py:Epoch 4/100	Loss 9.9867 ± 0.0888
INFO:test2.py:Epoch 5/100	Loss 9.9502 ± 0.0905
INFO:test2.py:Epoch 6/100	Loss 9.9249 ± 0.0915
INFO:test2.py:Epoch 7/100	Loss 9.9061 ± 0.0915
INFO:test2.py:Epoch 8/100	Loss 9.8911 ± 0.0929
INFO:test2.py:Epoch 9/100	Loss 9.8789 ± 0.0920
INFO:test2.py:Epoch 10/100	Loss 9.8689 ± 0.0928
INFO:test2.py:Epoch 11/100	Loss 9.8603 ± 0.0923
INFO:test2.py:Epoch 12/100	Loss 9.8528 ± 0.0929
INFO:test2.py:Epoch 13/100	Loss 9.8463 ± 0.0914
INFO:test2.py:Epoch 14/100	Loss 9.8403 ± 0.0930
INFO:test2.py:Epoch 15/100	Loss 9.8351 ± 0.0944
INFO:test2.py:Epoch 16/100	Loss 9.8303 ± 0.0927
INFO:test2.py:Epoch 17/100	Loss 9.8260 ± 0.0936
INFO:test2.py:Epoch 18/100	Loss 9.8220 ± 0.0937
INFO:test2.py:Epoch 19/100	Loss 9.8184 ± 0.0943
INFO:test2.py:Epoch 20/100	Loss 9.8149 ± 0.0930
INFO:test2.py:Epoch 21/100	Loss 9.8118 ± 0.0936
INFO:test2.py:Epoch 22/100	Loss 9.8089 ± 0.0930
INFO:test2.py:Epoch 23/100	Loss 9.8061 ± 0.0929
INFO:test2.py:Epoch 24/100	Loss 9.8036 ± 0.0940
INFO:test2.py:Epoch 25/100	Loss 9.8011 ± 0.0936
INFO:test2.py:Epoch 26/100	Loss 9.7989 ± 0.0934
INFO:test2.py:Epoch 27/100	Loss 9.7967 ± 0.0939
INFO:test2.py:Epoch 28/100	Loss 9.7947 ± 0.0943
INFO:test2.py:Epoch 29/100	Loss 9.7927 ± 0.0942
INFO:test2.py:Epoch 30/100	Loss 9.7909 ± 0.0941
INFO:test2.py:Epoch 31/100	Loss 9.7892 ± 0.0947
INFO:test2.py:Epoch 32/100	Loss 9.7875 ± 0.0943
INFO:test2.py:Epoch 33/100	Loss 9.7858 ± 0.0940
INFO:test2.py:Epoch 34/100	Loss 9.7843 ± 0.0934
INFO:test2.py:Epoch 35/100	Loss 9.7828 ± 0.0936
INFO:test2.py:Epoch 36/100	Loss 9.7814 ± 0.0943
INFO:test2.py:Epoch 37/100	Loss 9.7800 ± 0.0938
INFO:test2.py:Epoch 38/100	Loss 9.7787 ± 0.0944
INFO:test2.py:Epoch 39/100	Loss 9.7774 ± 0.0939
INFO:test2.py:Epoch 40/100	Loss 9.7762 ± 0.0946
INFO:test2.py:Epoch 41/100	Loss 9.7751 ± 0.0946
INFO:test2.py:Epoch 42/100	Loss 9.7739 ± 0.0939
INFO:test2.py:Epoch 43/100	Loss 9.7728 ± 0.0937
INFO:test2.py:Epoch 44/100	Loss 9.7717 ± 0.0945
INFO:test2.py:Epoch 45/100	Loss 9.7707 ± 0.0947
INFO:test2.py:Epoch 46/100	Loss 9.7696 ± 0.0936
INFO:test2.py:Epoch 47/100	Loss 9.7687 ± 0.0941
INFO:test2.py:Epoch 48/100	Loss 9.7678 ± 0.0940
INFO:test2.py:Epoch 49/100	Loss 9.7668 ± 0.0939
INFO:test2.py:Validating
INFO:test2.py:done
INFO:test2.py:metrics done
INFO:test2.py:Epoch 50/100	Loss 9.7659 ± 0.0941
INFO:test2.py:Epoch 51/100	Loss 9.7651 ± 0.0946
INFO:test2.py:Epoch 52/100	Loss 9.7642 ± 0.0943
INFO:test2.py:Epoch 53/100	Loss 9.7634 ± 0.0950
INFO:test2.py:Epoch 54/100	Loss 9.7625 ± 0.0945
INFO:test2.py:Epoch 55/100	Loss 9.7618 ± 0.0948
INFO:test2.py:Epoch 56/100	Loss 9.7610 ± 0.0954
INFO:test2.py:Epoch 57/100	Loss 9.7603 ± 0.0940
INFO:test2.py:Epoch 58/100	Loss 9.7595 ± 0.0950
INFO:test2.py:Epoch 59/100	Loss 9.7589 ± 0.0943
INFO:test2.py:Epoch 60/100	Loss 9.7581 ± 0.0946
INFO:test2.py:Epoch 61/100	Loss 9.7574 ± 0.0955
INFO:test2.py:Epoch 62/100	Loss 9.7568 ± 0.0950
INFO:test2.py:Epoch 63/100	Loss 9.7561 ± 0.0955
INFO:test2.py:Epoch 64/100	Loss 9.7555 ± 0.0956
INFO:test2.py:Epoch 65/100	Loss 9.7549 ± 0.0941
INFO:test2.py:Epoch 66/100	Loss 9.7543 ± 0.0939
INFO:test2.py:Epoch 67/100	Loss 9.7537 ± 0.0950
INFO:test2.py:Epoch 68/100	Loss 9.7531 ± 0.0946
INFO:test2.py:Epoch 69/100	Loss 9.7525 ± 0.0952
INFO:test2.py:Epoch 70/100	Loss 9.7519 ± 0.0954
INFO:test2.py:Epoch 71/100	Loss 9.7514 ± 0.0950
INFO:test2.py:Epoch 72/100	Loss 9.7509 ± 0.0947
INFO:test2.py:Epoch 73/100	Loss 9.7504 ± 0.0943
INFO:test2.py:Epoch 74/100	Loss 9.7498 ± 0.0953
INFO:test2.py:Epoch 75/100	Loss 9.7493 ± 0.0940
INFO:test2.py:Epoch 76/100	Loss 9.7488 ± 0.0946
INFO:test2.py:Epoch 77/100	Loss 9.7483 ± 0.0954
INFO:test2.py:Epoch 78/100	Loss 9.7478 ± 0.0951
INFO:test2.py:Epoch 79/100	Loss 9.7474 ± 0.0947
INFO:test2.py:Epoch 80/100	Loss 9.7469 ± 0.0946
INFO:test2.py:Epoch 81/100	Loss 9.7464 ± 0.0938
INFO:test2.py:Epoch 82/100	Loss 9.7460 ± 0.0950
INFO:test2.py:Epoch 83/100	Loss 9.7455 ± 0.0946
INFO:test2.py:Epoch 84/100	Loss 9.7451 ± 0.0951
INFO:test2.py:Epoch 85/100	Loss 9.7447 ± 0.0949
INFO:test2.py:Epoch 86/100	Loss 9.7442 ± 0.0950
INFO:test2.py:Epoch 87/100	Loss 9.7438 ± 0.0960
INFO:test2.py:Epoch 88/100	Loss 9.7434 ± 0.0952
INFO:test2.py:Epoch 89/100	Loss 9.7430 ± 0.0948
INFO:test2.py:Epoch 90/100	Loss 9.7426 ± 0.0950
INFO:test2.py:Epoch 91/100	Loss 9.7422 ± 0.0951
INFO:test2.py:Epoch 92/100	Loss 9.7418 ± 0.0954
INFO:test2.py:Epoch 93/100	Loss 9.7415 ± 0.0946
INFO:test2.py:Epoch 94/100	Loss 9.7411 ± 0.0958
INFO:test2.py:Epoch 95/100	Loss 9.7407 ± 0.0957
INFO:test2.py:Epoch 96/100	Loss 9.7403 ± 0.0940
INFO:test2.py:Epoch 97/100	Loss 9.7400 ± 0.0947
INFO:test2.py:Epoch 98/100	Loss 9.7396 ± 0.0944
INFO:test2.py:Epoch 99/100	Loss 9.7393 ± 0.0955
INFO:test2.py:Epoch 100/100	Loss 9.7390 ± 0.0943
INFO:test2.py:is bad performing False
INFO:test2.py:Done training
INFO:test2.py:in evalute for dataset: 	valid
INFO:test2.py:done
INFO:test2.py:metrics done
INFO:test2.py:Error 	valid results	MRR 0.162333	H@1 0.077449	H@3 0.160813	H@10 0.330865	AU-ROC_raw -1.000000	AU-ROC_fil -1.000000
INFO:test2.py:in evalute for dataset: 	test
INFO:test2.py:done
INFO:test2.py:metrics done
INFO:test2.py:Error 	test results	MRR 0.162259	H@1 0.077589	H@3 0.160601	H@10 0.330308	AU-ROC_raw -1.000000	AU-ROC_fil -1.000000
/home/acalvi/anaconda3/envs/libkge_new/lib/python3.7/site-packages/tensorflow/python/framework/dtypes.py:516: FutureWarning: Passing (type, 1) or '1type' as a synonym of type is deprecated; in a future version of numpy, it will be understood as (type, (1,)) / '(1,)type'.
  _np_qint8 = np.dtype([("qint8", np.int8, 1)])
/home/acalvi/anaconda3/envs/libkge_new/lib/python3.7/site-packages/tensorflow/python/framework/dtypes.py:517: FutureWarning: Passing (type, 1) or '1type' as a synonym of type is deprecated; in a future version of numpy, it will be understood as (type, (1,)) / '(1,)type'.
  _np_quint8 = np.dtype([("quint8", np.uint8, 1)])
/home/acalvi/anaconda3/envs/libkge_new/lib/python3.7/site-packages/tensorflow/python/framework/dtypes.py:518: FutureWarning: Passing (type, 1) or '1type' as a synonym of type is deprecated; in a future version of numpy, it will be understood as (type, (1,)) / '(1,)type'.
  _np_qint16 = np.dtype([("qint16", np.int16, 1)])
/home/acalvi/anaconda3/envs/libkge_new/lib/python3.7/site-packages/tensorflow/python/framework/dtypes.py:519: FutureWarning: Passing (type, 1) or '1type' as a synonym of type is deprecated; in a future version of numpy, it will be understood as (type, (1,)) / '(1,)type'.
  _np_quint16 = np.dtype([("quint16", np.uint16, 1)])
/home/acalvi/anaconda3/envs/libkge_new/lib/python3.7/site-packages/tensorflow/python/framework/dtypes.py:520: FutureWarning: Passing (type, 1) or '1type' as a synonym of type is deprecated; in a future version of numpy, it will be understood as (type, (1,)) / '(1,)type'.
  _np_qint32 = np.dtype([("qint32", np.int32, 1)])
/home/acalvi/anaconda3/envs/libkge_new/lib/python3.7/site-packages/tensorflow/python/framework/dtypes.py:525: FutureWarning: Passing (type, 1) or '1type' as a synonym of type is deprecated; in a future version of numpy, it will be understood as (type, (1,)) / '(1,)type'.
  np_resource = np.dtype([("resource", np.ubyte, 1)])
/home/acalvi/anaconda3/envs/libkge_new/lib/python3.7/site-packages/tensorboard/compat/tensorflow_stub/dtypes.py:541: FutureWarning: Passing (type, 1) or '1type' as a synonym of type is deprecated; in a future version of numpy, it will be understood as (type, (1,)) / '(1,)type'.
  _np_qint8 = np.dtype([("qint8", np.int8, 1)])
/home/acalvi/anaconda3/envs/libkge_new/lib/python3.7/site-packages/tensorboard/compat/tensorflow_stub/dtypes.py:542: FutureWarning: Passing (type, 1) or '1type' as a synonym of type is deprecated; in a future version of numpy, it will be understood as (type, (1,)) / '(1,)type'.
  _np_quint8 = np.dtype([("quint8", np.uint8, 1)])
/home/acalvi/anaconda3/envs/libkge_new/lib/python3.7/site-packages/tensorboard/compat/tensorflow_stub/dtypes.py:543: FutureWarning: Passing (type, 1) or '1type' as a synonym of type is deprecated; in a future version of numpy, it will be understood as (type, (1,)) / '(1,)type'.
  _np_qint16 = np.dtype([("qint16", np.int16, 1)])
/home/acalvi/anaconda3/envs/libkge_new/lib/python3.7/site-packages/tensorboard/compat/tensorflow_stub/dtypes.py:544: FutureWarning: Passing (type, 1) or '1type' as a synonym of type is deprecated; in a future version of numpy, it will be understood as (type, (1,)) / '(1,)type'.
  _np_quint16 = np.dtype([("quint16", np.uint16, 1)])
/home/acalvi/anaconda3/envs/libkge_new/lib/python3.7/site-packages/tensorboard/compat/tensorflow_stub/dtypes.py:545: FutureWarning: Passing (type, 1) or '1type' as a synonym of type is deprecated; in a future version of numpy, it will be understood as (type, (1,)) / '(1,)type'.
  _np_qint32 = np.dtype([("qint32", np.int32, 1)])
/home/acalvi/anaconda3/envs/libkge_new/lib/python3.7/site-packages/tensorboard/compat/tensorflow_stub/dtypes.py:550: FutureWarning: Passing (type, 1) or '1type' as a synonym of type is deprecated; in a future version of numpy, it will be understood as (type, (1,)) / '(1,)type'.
  np_resource = np.dtype([("resource", np.ubyte, 1)])
