./test2.py --data pse --mcl True --batch-size 268 --epochs 100 --embedding-size 200 --learning-rate 0.01 --regulariser n3 --reg-weight 0.001 --optimizer adagrad --valid --quiet
MCL True
INFO:test2.py:Valid: True
INFO:test2.py:Device: cuda
curr directory /home/acalvi/Dissertation/Aladdin/biolink
Importing dataset files ... 
<class 'biolink.embeddings.models_mc.ComplEx_MC'>
INFO:test2.py:is tucker False
INFO:test2.py:settin tucker to FALSE
INFO:test2.py:Device: cuda
INFO:test2.py:Epoch 1/100	Loss 11.0383 ± 0.3552
INFO:test2.py:Epoch 2/100	Loss 10.6438 ± 0.0935
INFO:test2.py:Epoch 3/100	Loss 10.5164 ± 0.0834
INFO:test2.py:Epoch 4/100	Loss 10.4396 ± 0.0824
INFO:test2.py:Epoch 5/100	Loss 10.3876 ± 0.0814
INFO:test2.py:Epoch 6/100	Loss 10.3485 ± 0.0821
INFO:test2.py:Epoch 7/100	Loss 10.3170 ± 0.0814
INFO:test2.py:Epoch 8/100	Loss 10.2906 ± 0.0828
INFO:test2.py:Epoch 9/100	Loss 10.2680 ± 0.0812
INFO:test2.py:Epoch 10/100	Loss 10.2481 ± 0.0824
INFO:test2.py:Epoch 11/100	Loss 10.2305 ± 0.0829
INFO:test2.py:Epoch 12/100	Loss 10.2146 ± 0.0826
INFO:test2.py:Epoch 13/100	Loss 10.2002 ± 0.0822
INFO:test2.py:Epoch 14/100	Loss 10.1871 ± 0.0822
INFO:test2.py:Epoch 15/100	Loss 10.1751 ± 0.0828
INFO:test2.py:Epoch 16/100	Loss 10.1640 ± 0.0828
INFO:test2.py:Epoch 17/100	Loss 10.1537 ± 0.0830
INFO:test2.py:Epoch 18/100	Loss 10.1442 ± 0.0833
INFO:test2.py:Epoch 19/100	Loss 10.1353 ± 0.0832
INFO:test2.py:Epoch 20/100	Loss 10.1270 ± 0.0840
INFO:test2.py:Epoch 21/100	Loss 10.1192 ± 0.0835
INFO:test2.py:Epoch 22/100	Loss 10.1119 ± 0.0832
INFO:test2.py:Epoch 23/100	Loss 10.1050 ± 0.0838
INFO:test2.py:Epoch 24/100	Loss 10.0985 ± 0.0842
INFO:test2.py:Epoch 25/100	Loss 10.0923 ± 0.0846
INFO:test2.py:Epoch 26/100	Loss 10.0865 ± 0.0842
INFO:test2.py:Epoch 27/100	Loss 10.0809 ± 0.0838
INFO:test2.py:Epoch 28/100	Loss 10.0757 ± 0.0844
INFO:test2.py:Epoch 29/100	Loss 10.0706 ± 0.0838
INFO:test2.py:Epoch 30/100	Loss 10.0659 ± 0.0843
INFO:test2.py:Epoch 31/100	Loss 10.0613 ± 0.0854
INFO:test2.py:Epoch 32/100	Loss 10.0569 ± 0.0839
INFO:test2.py:Epoch 33/100	Loss 10.0527 ± 0.0846
INFO:test2.py:Epoch 34/100	Loss 10.0487 ± 0.0846
INFO:test2.py:Epoch 35/100	Loss 10.0448 ± 0.0837
INFO:test2.py:Epoch 36/100	Loss 10.0411 ± 0.0844
INFO:test2.py:Epoch 37/100	Loss 10.0376 ± 0.0843
INFO:test2.py:Epoch 38/100	Loss 10.0341 ± 0.0850
INFO:test2.py:Epoch 39/100	Loss 10.0308 ± 0.0843
INFO:test2.py:Epoch 40/100	Loss 10.0276 ± 0.0853
INFO:test2.py:Epoch 41/100	Loss 10.0246 ± 0.0851
INFO:test2.py:Epoch 42/100	Loss 10.0216 ± 0.0853
INFO:test2.py:Epoch 43/100	Loss 10.0187 ± 0.0850
INFO:test2.py:Epoch 44/100	Loss 10.0159 ± 0.0861
INFO:test2.py:Epoch 45/100	Loss 10.0133 ± 0.0848
INFO:test2.py:Epoch 46/100	Loss 10.0106 ± 0.0850
INFO:test2.py:Epoch 47/100	Loss 10.0081 ± 0.0842
INFO:test2.py:Epoch 48/100	Loss 10.0057 ± 0.0849
INFO:test2.py:Epoch 49/100	Loss 10.0033 ± 0.0849
INFO:test2.py:Validating
INFO:test2.py:done
INFO:test2.py:metrics done
INFO:test2.py:Epoch 50/100	Loss 10.0010 ± 0.0852
INFO:test2.py:Epoch 51/100	Loss 9.9987 ± 0.0847
INFO:test2.py:Epoch 52/100	Loss 9.9966 ± 0.0855
INFO:test2.py:Epoch 53/100	Loss 9.9944 ± 0.0861
INFO:test2.py:Epoch 54/100	Loss 9.9924 ± 0.0854
INFO:test2.py:Epoch 55/100	Loss 9.9904 ± 0.0861
INFO:test2.py:Epoch 56/100	Loss 9.9884 ± 0.0872
INFO:test2.py:Epoch 57/100	Loss 9.9865 ± 0.0845
INFO:test2.py:Epoch 58/100	Loss 9.9846 ± 0.0858
INFO:test2.py:Epoch 59/100	Loss 9.9828 ± 0.0857
INFO:test2.py:Epoch 60/100	Loss 9.9811 ± 0.0862
INFO:test2.py:Epoch 61/100	Loss 9.9793 ± 0.0856
INFO:test2.py:Epoch 62/100	Loss 9.9776 ± 0.0854
INFO:test2.py:Epoch 63/100	Loss 9.9760 ± 0.0862
INFO:test2.py:Epoch 64/100	Loss 9.9744 ± 0.0859
INFO:test2.py:Epoch 65/100	Loss 9.9728 ± 0.0857
INFO:test2.py:Epoch 66/100	Loss 9.9713 ± 0.0856
INFO:test2.py:Epoch 67/100	Loss 9.9698 ± 0.0855
INFO:test2.py:Epoch 68/100	Loss 9.9683 ± 0.0854
INFO:test2.py:Epoch 69/100	Loss 9.9669 ± 0.0862
INFO:test2.py:Epoch 70/100	Loss 9.9654 ± 0.0858
INFO:test2.py:Epoch 71/100	Loss 9.9641 ± 0.0865
INFO:test2.py:Epoch 72/100	Loss 9.9627 ± 0.0859
INFO:test2.py:Epoch 73/100	Loss 9.9614 ± 0.0852
INFO:test2.py:Epoch 74/100	Loss 9.9601 ± 0.0855
INFO:test2.py:Epoch 75/100	Loss 9.9588 ± 0.0857
INFO:test2.py:Epoch 76/100	Loss 9.9575 ± 0.0865
INFO:test2.py:Epoch 77/100	Loss 9.9563 ± 0.0863
INFO:test2.py:Epoch 78/100	Loss 9.9551 ± 0.0859
INFO:test2.py:Epoch 79/100	Loss 9.9539 ± 0.0858
INFO:test2.py:Epoch 80/100	Loss 9.9528 ± 0.0857
INFO:test2.py:Epoch 81/100	Loss 9.9516 ± 0.0853
INFO:test2.py:Epoch 82/100	Loss 9.9505 ± 0.0865
INFO:test2.py:Epoch 83/100	Loss 9.9494 ± 0.0847
INFO:test2.py:Epoch 84/100	Loss 9.9483 ± 0.0867
INFO:test2.py:Epoch 85/100	Loss 9.9473 ± 0.0859
INFO:test2.py:Epoch 86/100	Loss 9.9462 ± 0.0861
INFO:test2.py:Epoch 87/100	Loss 9.9452 ± 0.0862
INFO:test2.py:Epoch 88/100	Loss 9.9442 ± 0.0869
INFO:test2.py:Epoch 89/100	Loss 9.9432 ± 0.0866
INFO:test2.py:Epoch 90/100	Loss 9.9422 ± 0.0852
INFO:test2.py:Epoch 91/100	Loss 9.9412 ± 0.0861
INFO:test2.py:Epoch 92/100	Loss 9.9403 ± 0.0866
INFO:test2.py:Epoch 93/100	Loss 9.9394 ± 0.0856
INFO:test2.py:Epoch 94/100	Loss 9.9384 ± 0.0874
INFO:test2.py:Epoch 95/100	Loss 9.9375 ± 0.0863
INFO:test2.py:Epoch 96/100	Loss 9.9366 ± 0.0856
INFO:test2.py:Epoch 97/100	Loss 9.9358 ± 0.0859
INFO:test2.py:Epoch 98/100	Loss 9.9349 ± 0.0858
INFO:test2.py:Epoch 99/100	Loss 9.9341 ± 0.0866
INFO:test2.py:Epoch 100/100	Loss 9.9332 ± 0.0866
INFO:test2.py:is bad performing False
INFO:test2.py:Done training
INFO:test2.py:in evalute for dataset: 	valid
INFO:test2.py:done
INFO:test2.py:metrics done
INFO:test2.py:Error 	valid results	MRR 0.140092	H@1 0.059165	H@3 0.134331	H@10 0.300674	AU-ROC_raw -1.000000	AU-ROC_fil -1.000000
INFO:test2.py:in evalute for dataset: 	test
INFO:test2.py:done
INFO:test2.py:metrics done
INFO:test2.py:Error 	test results	MRR 0.140141	H@1 0.059275	H@3 0.134179	H@10 0.300779	AU-ROC_raw -1.000000	AU-ROC_fil -1.000000
/home/acalvi/anaconda3/envs/libkge_new/lib/python3.7/site-packages/tensorflow/python/framework/dtypes.py:516: FutureWarning: Passing (type, 1) or '1type' as a synonym of type is deprecated; in a future version of numpy, it will be understood as (type, (1,)) / '(1,)type'.
  _np_qint8 = np.dtype([("qint8", np.int8, 1)])
/home/acalvi/anaconda3/envs/libkge_new/lib/python3.7/site-packages/tensorflow/python/framework/dtypes.py:517: FutureWarning: Passing (type, 1) or '1type' as a synonym of type is deprecated; in a future version of numpy, it will be understood as (type, (1,)) / '(1,)type'.
  _np_quint8 = np.dtype([("quint8", np.uint8, 1)])
/home/acalvi/anaconda3/envs/libkge_new/lib/python3.7/site-packages/tensorflow/python/framework/dtypes.py:518: FutureWarning: Passing (type, 1) or '1type' as a synonym of type is deprecated; in a future version of numpy, it will be understood as (type, (1,)) / '(1,)type'.
  _np_qint16 = np.dtype([("qint16", np.int16, 1)])
/home/acalvi/anaconda3/envs/libkge_new/lib/python3.7/site-packages/tensorflow/python/framework/dtypes.py:519: FutureWarning: Passing (type, 1) or '1type' as a synonym of type is deprecated; in a future version of numpy, it will be understood as (type, (1,)) / '(1,)type'.
  _np_quint16 = np.dtype([("quint16", np.uint16, 1)])
/home/acalvi/anaconda3/envs/libkge_new/lib/python3.7/site-packages/tensorflow/python/framework/dtypes.py:520: FutureWarning: Passing (type, 1) or '1type' as a synonym of type is deprecated; in a future version of numpy, it will be understood as (type, (1,)) / '(1,)type'.
  _np_qint32 = np.dtype([("qint32", np.int32, 1)])
/home/acalvi/anaconda3/envs/libkge_new/lib/python3.7/site-packages/tensorflow/python/framework/dtypes.py:525: FutureWarning: Passing (type, 1) or '1type' as a synonym of type is deprecated; in a future version of numpy, it will be understood as (type, (1,)) / '(1,)type'.
  np_resource = np.dtype([("resource", np.ubyte, 1)])
/home/acalvi/anaconda3/envs/libkge_new/lib/python3.7/site-packages/tensorboard/compat/tensorflow_stub/dtypes.py:541: FutureWarning: Passing (type, 1) or '1type' as a synonym of type is deprecated; in a future version of numpy, it will be understood as (type, (1,)) / '(1,)type'.
  _np_qint8 = np.dtype([("qint8", np.int8, 1)])
/home/acalvi/anaconda3/envs/libkge_new/lib/python3.7/site-packages/tensorboard/compat/tensorflow_stub/dtypes.py:542: FutureWarning: Passing (type, 1) or '1type' as a synonym of type is deprecated; in a future version of numpy, it will be understood as (type, (1,)) / '(1,)type'.
  _np_quint8 = np.dtype([("quint8", np.uint8, 1)])
/home/acalvi/anaconda3/envs/libkge_new/lib/python3.7/site-packages/tensorboard/compat/tensorflow_stub/dtypes.py:543: FutureWarning: Passing (type, 1) or '1type' as a synonym of type is deprecated; in a future version of numpy, it will be understood as (type, (1,)) / '(1,)type'.
  _np_qint16 = np.dtype([("qint16", np.int16, 1)])
/home/acalvi/anaconda3/envs/libkge_new/lib/python3.7/site-packages/tensorboard/compat/tensorflow_stub/dtypes.py:544: FutureWarning: Passing (type, 1) or '1type' as a synonym of type is deprecated; in a future version of numpy, it will be understood as (type, (1,)) / '(1,)type'.
  _np_quint16 = np.dtype([("quint16", np.uint16, 1)])
/home/acalvi/anaconda3/envs/libkge_new/lib/python3.7/site-packages/tensorboard/compat/tensorflow_stub/dtypes.py:545: FutureWarning: Passing (type, 1) or '1type' as a synonym of type is deprecated; in a future version of numpy, it will be understood as (type, (1,)) / '(1,)type'.
  _np_qint32 = np.dtype([("qint32", np.int32, 1)])
/home/acalvi/anaconda3/envs/libkge_new/lib/python3.7/site-packages/tensorboard/compat/tensorflow_stub/dtypes.py:550: FutureWarning: Passing (type, 1) or '1type' as a synonym of type is deprecated; in a future version of numpy, it will be understood as (type, (1,)) / '(1,)type'.
  np_resource = np.dtype([("resource", np.ubyte, 1)])
/home/acalvi/Dissertation/Aladdin/biolink/testing/experiment_ComplEx.py:184: FutureWarning: elementwise comparison failed; returning scalar instead, but in the future will perform elementwise comparison
  if data == 'pse':
