./test2.py --data pse --mcl True --batch-size 512 --epochs 100 --embedding-size 150 --learning-rate 0.1 --regulariser n3 --reg-weight 0.001 --optimizer adagrad --valid --quiet
MCL True
INFO:test2.py:Valid: True
INFO:test2.py:Device: cuda
curr directory /home/acalvi/Dissertation/Aladdin/biolink
Importing dataset files ... 
<class 'biolink.embeddings.models_mc.ComplEx_MC'>
INFO:test2.py:is tucker False
INFO:test2.py:Device: cuda
INFO:test2.py:Epoch 1/100	Loss 10.6100 ± 0.3979
INFO:test2.py:Epoch 2/100	Loss 10.1965 ± 0.0620
INFO:test2.py:Epoch 3/100	Loss 10.0972 ± 0.0614
INFO:test2.py:Epoch 4/100	Loss 10.0424 ± 0.0640
INFO:test2.py:Epoch 5/100	Loss 10.0086 ± 0.0641
INFO:test2.py:Epoch 6/100	Loss 9.9854 ± 0.0647
INFO:test2.py:Epoch 7/100	Loss 9.9681 ± 0.0657
INFO:test2.py:Epoch 8/100	Loss 9.9546 ± 0.0667
INFO:test2.py:Epoch 9/100	Loss 9.9437 ± 0.0655
INFO:test2.py:Epoch 10/100	Loss 9.9345 ± 0.0665
INFO:test2.py:Epoch 11/100	Loss 9.9268 ± 0.0655
INFO:test2.py:Epoch 12/100	Loss 9.9201 ± 0.0656
INFO:test2.py:Epoch 13/100	Loss 9.9142 ± 0.0657
INFO:test2.py:Epoch 14/100	Loss 9.9090 ± 0.0666
INFO:test2.py:Epoch 15/100	Loss 9.9043 ± 0.0657
INFO:test2.py:Epoch 16/100	Loss 9.9001 ± 0.0661
INFO:test2.py:Epoch 17/100	Loss 9.8963 ± 0.0653
INFO:test2.py:Epoch 18/100	Loss 9.8928 ± 0.0657
INFO:test2.py:Epoch 19/100	Loss 9.8896 ± 0.0655
INFO:test2.py:Epoch 20/100	Loss 9.8865 ± 0.0662
INFO:test2.py:Epoch 21/100	Loss 9.8838 ± 0.0664
INFO:test2.py:Epoch 22/100	Loss 9.8812 ± 0.0661
INFO:test2.py:Epoch 23/100	Loss 9.8788 ± 0.0663
INFO:test2.py:Epoch 24/100	Loss 9.8765 ± 0.0660
INFO:test2.py:Epoch 25/100	Loss 9.8744 ± 0.0665
INFO:test2.py:Epoch 26/100	Loss 9.8724 ± 0.0659
INFO:test2.py:Epoch 27/100	Loss 9.8705 ± 0.0657
INFO:test2.py:Epoch 28/100	Loss 9.8687 ± 0.0669
INFO:test2.py:Epoch 29/100	Loss 9.8669 ± 0.0651
INFO:test2.py:Epoch 30/100	Loss 9.8653 ± 0.0664
INFO:test2.py:Epoch 31/100	Loss 9.8638 ± 0.0659
INFO:test2.py:Epoch 32/100	Loss 9.8623 ± 0.0661
INFO:test2.py:Epoch 33/100	Loss 9.8608 ± 0.0650
INFO:test2.py:Epoch 34/100	Loss 9.8595 ± 0.0672
INFO:test2.py:Epoch 35/100	Loss 9.8581 ± 0.0654
INFO:test2.py:Epoch 36/100	Loss 9.8569 ± 0.0660
INFO:test2.py:Epoch 37/100	Loss 9.8556 ± 0.0660
INFO:test2.py:Epoch 38/100	Loss 9.8545 ± 0.0660
INFO:test2.py:Epoch 39/100	Loss 9.8534 ± 0.0669
INFO:test2.py:Epoch 40/100	Loss 9.8523 ± 0.0659
INFO:test2.py:Epoch 41/100	Loss 9.8512 ± 0.0665
INFO:test2.py:Epoch 42/100	Loss 9.8502 ± 0.0657
INFO:test2.py:Epoch 43/100	Loss 9.8492 ± 0.0660
INFO:test2.py:Epoch 44/100	Loss 9.8482 ± 0.0657
INFO:test2.py:Epoch 45/100	Loss 9.8473 ± 0.0649
INFO:test2.py:Epoch 46/100	Loss 9.8465 ± 0.0661
INFO:test2.py:Epoch 47/100	Loss 9.8455 ± 0.0655
INFO:test2.py:Epoch 48/100	Loss 9.8447 ± 0.0675
INFO:test2.py:Epoch 49/100	Loss 9.8439 ± 0.0658
INFO:test2.py:Epoch 50/100	Loss 9.8431 ± 0.0664
INFO:test2.py:Epoch 51/100	Loss 9.8423 ± 0.0659
INFO:test2.py:Epoch 52/100	Loss 9.8416 ± 0.0660
INFO:test2.py:Epoch 53/100	Loss 9.8409 ± 0.0657
INFO:test2.py:Epoch 54/100	Loss 9.8402 ± 0.0658
INFO:test2.py:Epoch 55/100	Loss 9.8395 ± 0.0666
INFO:test2.py:Epoch 56/100	Loss 9.8387 ± 0.0654
INFO:test2.py:Epoch 57/100	Loss 9.8382 ± 0.0669
INFO:test2.py:Epoch 58/100	Loss 9.8375 ± 0.0658
INFO:test2.py:Epoch 59/100	Loss 9.8368 ± 0.0670
INFO:test2.py:Epoch 60/100	Loss 9.8362 ± 0.0668
INFO:test2.py:Epoch 61/100	Loss 9.8356 ± 0.0675
INFO:test2.py:Epoch 62/100	Loss 9.8350 ± 0.0655
INFO:test2.py:Epoch 63/100	Loss 9.8344 ± 0.0662
INFO:test2.py:Epoch 64/100	Loss 9.8339 ± 0.0664
INFO:test2.py:Epoch 65/100	Loss 9.8333 ± 0.0667
INFO:test2.py:Epoch 66/100	Loss 9.8328 ± 0.0665
INFO:test2.py:Epoch 67/100	Loss 9.8323 ± 0.0669
INFO:test2.py:Epoch 68/100	Loss 9.8318 ± 0.0667
INFO:test2.py:Epoch 69/100	Loss 9.8313 ± 0.0665
INFO:test2.py:Epoch 70/100	Loss 9.8308 ± 0.0658
INFO:test2.py:Epoch 71/100	Loss 9.8303 ± 0.0662
INFO:test2.py:Epoch 72/100	Loss 9.8298 ± 0.0656
INFO:test2.py:Epoch 73/100	Loss 9.8294 ± 0.0660
INFO:test2.py:Epoch 74/100	Loss 9.8290 ± 0.0659
INFO:test2.py:Epoch 75/100	Loss 9.8284 ± 0.0664
INFO:test2.py:Epoch 76/100	Loss 9.8280 ± 0.0665
INFO:test2.py:Epoch 77/100	Loss 9.8275 ± 0.0660
INFO:test2.py:Epoch 78/100	Loss 9.8272 ± 0.0661
INFO:test2.py:Epoch 79/100	Loss 9.8267 ± 0.0673
INFO:test2.py:Epoch 80/100	Loss 9.8263 ± 0.0663
INFO:test2.py:Epoch 81/100	Loss 9.8259 ± 0.0661
INFO:test2.py:Epoch 82/100	Loss 9.8255 ± 0.0661
INFO:test2.py:Epoch 83/100	Loss 9.8251 ± 0.0669
INFO:test2.py:Epoch 84/100	Loss 9.8247 ± 0.0662
INFO:test2.py:Epoch 85/100	Loss 9.8244 ± 0.0658
INFO:test2.py:Epoch 86/100	Loss 9.8240 ± 0.0659
INFO:test2.py:Epoch 87/100	Loss 9.8237 ± 0.0666
INFO:test2.py:Epoch 88/100	Loss 9.8233 ± 0.0665
INFO:test2.py:Epoch 89/100	Loss 9.8230 ± 0.0659
INFO:test2.py:Epoch 90/100	Loss 9.8226 ± 0.0663
INFO:test2.py:Epoch 91/100	Loss 9.8222 ± 0.0660
INFO:test2.py:Epoch 92/100	Loss 9.8219 ± 0.0665
INFO:test2.py:Epoch 93/100	Loss 9.8215 ± 0.0656
INFO:test2.py:Epoch 94/100	Loss 9.8212 ± 0.0664
INFO:test2.py:Epoch 95/100	Loss 9.8209 ± 0.0661
INFO:test2.py:Epoch 96/100	Loss 9.8206 ± 0.0658
INFO:test2.py:Epoch 97/100	Loss 9.8203 ± 0.0659
INFO:test2.py:Epoch 98/100	Loss 9.8200 ± 0.0661
INFO:test2.py:Epoch 99/100	Loss 9.8197 ± 0.0667
INFO:test2.py:Epoch 100/100	Loss 9.8194 ± 0.0658
INFO:test2.py:is bad performing False
INFO:test2.py:Done training
INFO:test2.py:in evalute for dataset: 	valid
INFO:test2.py:batch start 	320000
INFO:test2.py:done
INFO:test2.py:done not filtered aucroc
INFO:test2.py:metrics done
INFO:test2.py:Error 	valid results	MRR 0.156925	H@1 0.073485	H@3 0.154243	H@10 0.322588	AU-ROC_raw -1.000000	AU-ROC_fil -1.000000
INFO:test2.py:in evalute for dataset: 	test
INFO:test2.py:batch start 	320000
INFO:test2.py:done
INFO:test2.py:done not filtered aucroc
INFO:test2.py:metrics done
INFO:test2.py:Error 	test results	MRR 0.156516	H@1 0.073257	H@3 0.153723	H@10 0.322046	AU-ROC_raw -1.000000	AU-ROC_fil -1.000000
/home/acalvi/anaconda3/envs/libkge_new/lib/python3.7/site-packages/tensorflow/python/framework/dtypes.py:516: FutureWarning: Passing (type, 1) or '1type' as a synonym of type is deprecated; in a future version of numpy, it will be understood as (type, (1,)) / '(1,)type'.
  _np_qint8 = np.dtype([("qint8", np.int8, 1)])
/home/acalvi/anaconda3/envs/libkge_new/lib/python3.7/site-packages/tensorflow/python/framework/dtypes.py:517: FutureWarning: Passing (type, 1) or '1type' as a synonym of type is deprecated; in a future version of numpy, it will be understood as (type, (1,)) / '(1,)type'.
  _np_quint8 = np.dtype([("quint8", np.uint8, 1)])
/home/acalvi/anaconda3/envs/libkge_new/lib/python3.7/site-packages/tensorflow/python/framework/dtypes.py:518: FutureWarning: Passing (type, 1) or '1type' as a synonym of type is deprecated; in a future version of numpy, it will be understood as (type, (1,)) / '(1,)type'.
  _np_qint16 = np.dtype([("qint16", np.int16, 1)])
/home/acalvi/anaconda3/envs/libkge_new/lib/python3.7/site-packages/tensorflow/python/framework/dtypes.py:519: FutureWarning: Passing (type, 1) or '1type' as a synonym of type is deprecated; in a future version of numpy, it will be understood as (type, (1,)) / '(1,)type'.
  _np_quint16 = np.dtype([("quint16", np.uint16, 1)])
/home/acalvi/anaconda3/envs/libkge_new/lib/python3.7/site-packages/tensorflow/python/framework/dtypes.py:520: FutureWarning: Passing (type, 1) or '1type' as a synonym of type is deprecated; in a future version of numpy, it will be understood as (type, (1,)) / '(1,)type'.
  _np_qint32 = np.dtype([("qint32", np.int32, 1)])
/home/acalvi/anaconda3/envs/libkge_new/lib/python3.7/site-packages/tensorflow/python/framework/dtypes.py:525: FutureWarning: Passing (type, 1) or '1type' as a synonym of type is deprecated; in a future version of numpy, it will be understood as (type, (1,)) / '(1,)type'.
  np_resource = np.dtype([("resource", np.ubyte, 1)])
/home/acalvi/anaconda3/envs/libkge_new/lib/python3.7/site-packages/tensorboard/compat/tensorflow_stub/dtypes.py:541: FutureWarning: Passing (type, 1) or '1type' as a synonym of type is deprecated; in a future version of numpy, it will be understood as (type, (1,)) / '(1,)type'.
  _np_qint8 = np.dtype([("qint8", np.int8, 1)])
/home/acalvi/anaconda3/envs/libkge_new/lib/python3.7/site-packages/tensorboard/compat/tensorflow_stub/dtypes.py:542: FutureWarning: Passing (type, 1) or '1type' as a synonym of type is deprecated; in a future version of numpy, it will be understood as (type, (1,)) / '(1,)type'.
  _np_quint8 = np.dtype([("quint8", np.uint8, 1)])
/home/acalvi/anaconda3/envs/libkge_new/lib/python3.7/site-packages/tensorboard/compat/tensorflow_stub/dtypes.py:543: FutureWarning: Passing (type, 1) or '1type' as a synonym of type is deprecated; in a future version of numpy, it will be understood as (type, (1,)) / '(1,)type'.
  _np_qint16 = np.dtype([("qint16", np.int16, 1)])
/home/acalvi/anaconda3/envs/libkge_new/lib/python3.7/site-packages/tensorboard/compat/tensorflow_stub/dtypes.py:544: FutureWarning: Passing (type, 1) or '1type' as a synonym of type is deprecated; in a future version of numpy, it will be understood as (type, (1,)) / '(1,)type'.
  _np_quint16 = np.dtype([("quint16", np.uint16, 1)])
/home/acalvi/anaconda3/envs/libkge_new/lib/python3.7/site-packages/tensorboard/compat/tensorflow_stub/dtypes.py:545: FutureWarning: Passing (type, 1) or '1type' as a synonym of type is deprecated; in a future version of numpy, it will be understood as (type, (1,)) / '(1,)type'.
  _np_qint32 = np.dtype([("qint32", np.int32, 1)])
/home/acalvi/anaconda3/envs/libkge_new/lib/python3.7/site-packages/tensorboard/compat/tensorflow_stub/dtypes.py:550: FutureWarning: Passing (type, 1) or '1type' as a synonym of type is deprecated; in a future version of numpy, it will be understood as (type, (1,)) / '(1,)type'.
  np_resource = np.dtype([("resource", np.ubyte, 1)])
