./test2.py --data pse --mcl True --batch-size 512 --epochs 100 --embedding-size 100 --learning-rate 0.1 --regulariser n3 --reg-weight 0.001 --optimizer adagrad --valid --quiet
MCL True
INFO:test2.py:Valid: True
INFO:test2.py:Device: cuda
curr directory /home/acalvi/Dissertation/Aladdin/biolink
Importing dataset files ... 
<class 'biolink.embeddings.models_mc.ComplEx_MC'>
INFO:test2.py:is tucker False
INFO:test2.py:settin tucker to FALSE
INFO:test2.py:Device: cuda
INFO:test2.py:Epoch 1/100	Loss 10.6499 ± 0.3583
INFO:test2.py:Epoch 2/100	Loss 10.2610 ± 0.0649
INFO:test2.py:Epoch 3/100	Loss 10.1645 ± 0.0615
INFO:test2.py:Epoch 4/100	Loss 10.1173 ± 0.0614
INFO:test2.py:Epoch 5/100	Loss 10.0893 ± 0.0621
INFO:test2.py:Epoch 6/100	Loss 10.0700 ± 0.0622
INFO:test2.py:Epoch 7/100	Loss 10.0555 ± 0.0634
INFO:test2.py:Epoch 8/100	Loss 10.0442 ± 0.0627
INFO:test2.py:Epoch 9/100	Loss 10.0352 ± 0.0624
INFO:test2.py:Epoch 10/100	Loss 10.0277 ± 0.0624
INFO:test2.py:Epoch 11/100	Loss 10.0213 ± 0.0629
INFO:test2.py:Epoch 12/100	Loss 10.0157 ± 0.0631
INFO:test2.py:Epoch 13/100	Loss 10.0108 ± 0.0630
INFO:test2.py:Epoch 14/100	Loss 10.0065 ± 0.0632
INFO:test2.py:Epoch 15/100	Loss 10.0026 ± 0.0635
INFO:test2.py:Epoch 16/100	Loss 9.9991 ± 0.0635
INFO:test2.py:Epoch 17/100	Loss 9.9958 ± 0.0629
INFO:test2.py:Epoch 18/100	Loss 9.9929 ± 0.0621
INFO:test2.py:Epoch 19/100	Loss 9.9901 ± 0.0623
INFO:test2.py:Epoch 20/100	Loss 9.9876 ± 0.0632
INFO:test2.py:Epoch 21/100	Loss 9.9853 ± 0.0635
INFO:test2.py:Epoch 22/100	Loss 9.9831 ± 0.0621
INFO:test2.py:Epoch 23/100	Loss 9.9810 ± 0.0622
INFO:test2.py:Epoch 24/100	Loss 9.9791 ± 0.0611
INFO:test2.py:Epoch 25/100	Loss 9.9773 ± 0.0633
INFO:test2.py:Epoch 26/100	Loss 9.9756 ± 0.0631
INFO:test2.py:Epoch 27/100	Loss 9.9740 ± 0.0633
INFO:test2.py:Epoch 28/100	Loss 9.9724 ± 0.0632
INFO:test2.py:Epoch 29/100	Loss 9.9710 ± 0.0625
INFO:test2.py:Epoch 30/100	Loss 9.9695 ± 0.0627
INFO:test2.py:Epoch 31/100	Loss 9.9682 ± 0.0631
INFO:test2.py:Epoch 32/100	Loss 9.9670 ± 0.0627
INFO:test2.py:Epoch 33/100	Loss 9.9657 ± 0.0634
INFO:test2.py:Epoch 34/100	Loss 9.9646 ± 0.0623
INFO:test2.py:Epoch 35/100	Loss 9.9635 ± 0.0632
INFO:test2.py:Epoch 36/100	Loss 9.9624 ± 0.0627
INFO:test2.py:Epoch 37/100	Loss 9.9614 ± 0.0632
INFO:test2.py:Epoch 38/100	Loss 9.9604 ± 0.0624
INFO:test2.py:Epoch 39/100	Loss 9.9594 ± 0.0621
INFO:test2.py:Epoch 40/100	Loss 9.9585 ± 0.0623
INFO:test2.py:Epoch 41/100	Loss 9.9576 ± 0.0625
INFO:test2.py:Epoch 42/100	Loss 9.9568 ± 0.0634
INFO:test2.py:Epoch 43/100	Loss 9.9559 ± 0.0616
INFO:test2.py:Epoch 44/100	Loss 9.9551 ± 0.0621
INFO:test2.py:Epoch 45/100	Loss 9.9544 ± 0.0617
INFO:test2.py:Epoch 46/100	Loss 9.9536 ± 0.0625
INFO:test2.py:Epoch 47/100	Loss 9.9528 ± 0.0631
INFO:test2.py:Epoch 48/100	Loss 9.9522 ± 0.0634
INFO:test2.py:Epoch 49/100	Loss 9.9514 ± 0.0626
INFO:test2.py:Validating
INFO:test2.py:batch start 	320000
INFO:test2.py:done
INFO:test2.py:metrics done
INFO:test2.py:Epoch 50/100	Loss 9.9508 ± 0.0629
INFO:test2.py:Epoch 51/100	Loss 9.9502 ± 0.0634
INFO:test2.py:Epoch 52/100	Loss 9.9496 ± 0.0639
INFO:test2.py:Epoch 53/100	Loss 9.9489 ± 0.0631
INFO:test2.py:Epoch 54/100	Loss 9.9482 ± 0.0628
INFO:test2.py:Epoch 55/100	Loss 9.9477 ± 0.0625
INFO:test2.py:Epoch 56/100	Loss 9.9471 ± 0.0634
INFO:test2.py:Epoch 57/100	Loss 9.9466 ± 0.0638
INFO:test2.py:Epoch 58/100	Loss 9.9460 ± 0.0631
INFO:test2.py:Epoch 59/100	Loss 9.9455 ± 0.0631
INFO:test2.py:Epoch 60/100	Loss 9.9449 ± 0.0636
INFO:test2.py:Epoch 61/100	Loss 9.9444 ± 0.0625
INFO:test2.py:Epoch 62/100	Loss 9.9440 ± 0.0638
INFO:test2.py:Epoch 63/100	Loss 9.9434 ± 0.0621
INFO:test2.py:Epoch 64/100	Loss 9.9430 ± 0.0623
INFO:test2.py:Epoch 65/100	Loss 9.9425 ± 0.0626
INFO:test2.py:Epoch 66/100	Loss 9.9420 ± 0.0628
INFO:test2.py:Epoch 67/100	Loss 9.9416 ± 0.0632
INFO:test2.py:Epoch 68/100	Loss 9.9412 ± 0.0634
INFO:test2.py:Epoch 69/100	Loss 9.9407 ± 0.0628
INFO:test2.py:Epoch 70/100	Loss 9.9403 ± 0.0626
INFO:test2.py:Epoch 71/100	Loss 9.9399 ± 0.0624
INFO:test2.py:Epoch 72/100	Loss 9.9395 ± 0.0637
INFO:test2.py:Epoch 73/100	Loss 9.9391 ± 0.0635
INFO:test2.py:Epoch 74/100	Loss 9.9387 ± 0.0630
INFO:test2.py:Epoch 75/100	Loss 9.9383 ± 0.0631
INFO:test2.py:Epoch 76/100	Loss 9.9379 ± 0.0634
INFO:test2.py:Epoch 77/100	Loss 9.9376 ± 0.0624
INFO:test2.py:Epoch 78/100	Loss 9.9372 ± 0.0627
INFO:test2.py:Epoch 79/100	Loss 9.9368 ± 0.0630
INFO:test2.py:Epoch 80/100	Loss 9.9365 ± 0.0635
INFO:test2.py:Epoch 81/100	Loss 9.9362 ± 0.0619
INFO:test2.py:Epoch 82/100	Loss 9.9359 ± 0.0641
INFO:test2.py:Epoch 83/100	Loss 9.9355 ± 0.0630
INFO:test2.py:Epoch 84/100	Loss 9.9351 ± 0.0625
INFO:test2.py:Epoch 85/100	Loss 9.9348 ± 0.0628
INFO:test2.py:Epoch 86/100	Loss 9.9345 ± 0.0620
INFO:test2.py:Epoch 87/100	Loss 9.9342 ± 0.0633
INFO:test2.py:Epoch 88/100	Loss 9.9339 ± 0.0634
INFO:test2.py:Epoch 89/100	Loss 9.9336 ± 0.0633
INFO:test2.py:Epoch 90/100	Loss 9.9332 ± 0.0624
INFO:test2.py:Epoch 91/100	Loss 9.9330 ± 0.0634
INFO:test2.py:Epoch 92/100	Loss 9.9327 ± 0.0624
INFO:test2.py:Epoch 93/100	Loss 9.9324 ± 0.0630
INFO:test2.py:Epoch 94/100	Loss 9.9321 ± 0.0624
INFO:test2.py:Epoch 95/100	Loss 9.9319 ± 0.0641
INFO:test2.py:Epoch 96/100	Loss 9.9316 ± 0.0622
INFO:test2.py:Epoch 97/100	Loss 9.9313 ± 0.0631
INFO:test2.py:Epoch 98/100	Loss 9.9311 ± 0.0636
INFO:test2.py:Epoch 99/100	Loss 9.9308 ± 0.0624
INFO:test2.py:Epoch 100/100	Loss 9.9305 ± 0.0640
INFO:test2.py:is bad performing False
INFO:test2.py:Done training
INFO:test2.py:in evalute for dataset: 	valid
INFO:test2.py:batch start 	320000
INFO:test2.py:done
INFO:test2.py:metrics done
INFO:test2.py:Error 	valid results	MRR 0.146011	H@1 0.065061	H@3 0.141096	H@10 0.305171	AU-ROC_raw -1.000000	AU-ROC_fil -1.000000
INFO:test2.py:in evalute for dataset: 	test
INFO:test2.py:batch start 	320000
INFO:test2.py:done
INFO:test2.py:metrics done
INFO:test2.py:Error 	test results	MRR 0.146506	H@1 0.065398	H@3 0.141436	H@10 0.306755	AU-ROC_raw -1.000000	AU-ROC_fil -1.000000
/home/acalvi/anaconda3/envs/libkge_new/lib/python3.7/site-packages/tensorflow/python/framework/dtypes.py:516: FutureWarning: Passing (type, 1) or '1type' as a synonym of type is deprecated; in a future version of numpy, it will be understood as (type, (1,)) / '(1,)type'.
  _np_qint8 = np.dtype([("qint8", np.int8, 1)])
/home/acalvi/anaconda3/envs/libkge_new/lib/python3.7/site-packages/tensorflow/python/framework/dtypes.py:517: FutureWarning: Passing (type, 1) or '1type' as a synonym of type is deprecated; in a future version of numpy, it will be understood as (type, (1,)) / '(1,)type'.
  _np_quint8 = np.dtype([("quint8", np.uint8, 1)])
/home/acalvi/anaconda3/envs/libkge_new/lib/python3.7/site-packages/tensorflow/python/framework/dtypes.py:518: FutureWarning: Passing (type, 1) or '1type' as a synonym of type is deprecated; in a future version of numpy, it will be understood as (type, (1,)) / '(1,)type'.
  _np_qint16 = np.dtype([("qint16", np.int16, 1)])
/home/acalvi/anaconda3/envs/libkge_new/lib/python3.7/site-packages/tensorflow/python/framework/dtypes.py:519: FutureWarning: Passing (type, 1) or '1type' as a synonym of type is deprecated; in a future version of numpy, it will be understood as (type, (1,)) / '(1,)type'.
  _np_quint16 = np.dtype([("quint16", np.uint16, 1)])
/home/acalvi/anaconda3/envs/libkge_new/lib/python3.7/site-packages/tensorflow/python/framework/dtypes.py:520: FutureWarning: Passing (type, 1) or '1type' as a synonym of type is deprecated; in a future version of numpy, it will be understood as (type, (1,)) / '(1,)type'.
  _np_qint32 = np.dtype([("qint32", np.int32, 1)])
/home/acalvi/anaconda3/envs/libkge_new/lib/python3.7/site-packages/tensorflow/python/framework/dtypes.py:525: FutureWarning: Passing (type, 1) or '1type' as a synonym of type is deprecated; in a future version of numpy, it will be understood as (type, (1,)) / '(1,)type'.
  np_resource = np.dtype([("resource", np.ubyte, 1)])
/home/acalvi/anaconda3/envs/libkge_new/lib/python3.7/site-packages/tensorboard/compat/tensorflow_stub/dtypes.py:541: FutureWarning: Passing (type, 1) or '1type' as a synonym of type is deprecated; in a future version of numpy, it will be understood as (type, (1,)) / '(1,)type'.
  _np_qint8 = np.dtype([("qint8", np.int8, 1)])
/home/acalvi/anaconda3/envs/libkge_new/lib/python3.7/site-packages/tensorboard/compat/tensorflow_stub/dtypes.py:542: FutureWarning: Passing (type, 1) or '1type' as a synonym of type is deprecated; in a future version of numpy, it will be understood as (type, (1,)) / '(1,)type'.
  _np_quint8 = np.dtype([("quint8", np.uint8, 1)])
/home/acalvi/anaconda3/envs/libkge_new/lib/python3.7/site-packages/tensorboard/compat/tensorflow_stub/dtypes.py:543: FutureWarning: Passing (type, 1) or '1type' as a synonym of type is deprecated; in a future version of numpy, it will be understood as (type, (1,)) / '(1,)type'.
  _np_qint16 = np.dtype([("qint16", np.int16, 1)])
/home/acalvi/anaconda3/envs/libkge_new/lib/python3.7/site-packages/tensorboard/compat/tensorflow_stub/dtypes.py:544: FutureWarning: Passing (type, 1) or '1type' as a synonym of type is deprecated; in a future version of numpy, it will be understood as (type, (1,)) / '(1,)type'.
  _np_quint16 = np.dtype([("quint16", np.uint16, 1)])
/home/acalvi/anaconda3/envs/libkge_new/lib/python3.7/site-packages/tensorboard/compat/tensorflow_stub/dtypes.py:545: FutureWarning: Passing (type, 1) or '1type' as a synonym of type is deprecated; in a future version of numpy, it will be understood as (type, (1,)) / '(1,)type'.
  _np_qint32 = np.dtype([("qint32", np.int32, 1)])
/home/acalvi/anaconda3/envs/libkge_new/lib/python3.7/site-packages/tensorboard/compat/tensorflow_stub/dtypes.py:550: FutureWarning: Passing (type, 1) or '1type' as a synonym of type is deprecated; in a future version of numpy, it will be understood as (type, (1,)) / '(1,)type'.
  np_resource = np.dtype([("resource", np.ubyte, 1)])
