./test2.py --data pse --mcl True --batch-size 128 --epochs 100 --embedding-size 150 --learning-rate 0.1 --regulariser n3 --reg-weight 0.005 --optimizer adagrad --valid --quiet
MCL True
INFO:test2.py:Valid: True
INFO:test2.py:Device: cuda
curr directory /home/acalvi/Dissertation/Aladdin/biolink
Importing dataset files ... 
<class 'biolink.embeddings.models_mc.ComplEx_MC'>
INFO:test2.py:is tucker False
INFO:test2.py:Device: cuda
INFO:test2.py:Epoch 1/100	Loss 10.7528 ± 0.3144
INFO:test2.py:Epoch 2/100	Loss 10.4184 ± 0.1155
INFO:test2.py:Epoch 3/100	Loss 10.3446 ± 0.1147
INFO:test2.py:Epoch 4/100	Loss 10.3074 ± 0.1161
INFO:test2.py:Epoch 5/100	Loss 10.2844 ± 0.1167
INFO:test2.py:Epoch 6/100	Loss 10.2684 ± 0.1168
INFO:test2.py:Epoch 7/100	Loss 10.2566 ± 0.1172
INFO:test2.py:Epoch 8/100	Loss 10.2474 ± 0.1173
INFO:test2.py:Epoch 9/100	Loss 10.2399 ± 0.1177
INFO:test2.py:Epoch 10/100	Loss 10.2337 ± 0.1183
INFO:test2.py:Epoch 11/100	Loss 10.2284 ± 0.1178
INFO:test2.py:Epoch 12/100	Loss 10.2238 ± 0.1184
INFO:test2.py:Epoch 13/100	Loss 10.2197 ± 0.1181
INFO:test2.py:Epoch 14/100	Loss 10.2161 ± 0.1191
INFO:test2.py:Epoch 15/100	Loss 10.2128 ± 0.1181
INFO:test2.py:Epoch 16/100	Loss 10.2099 ± 0.1182
INFO:test2.py:Epoch 17/100	Loss 10.2072 ± 0.1179
INFO:test2.py:Epoch 18/100	Loss 10.2047 ± 0.1186
INFO:test2.py:Epoch 19/100	Loss 10.2024 ± 0.1181
INFO:test2.py:Epoch 20/100	Loss 10.2003 ± 0.1191
INFO:test2.py:Epoch 21/100	Loss 10.1984 ± 0.1196
INFO:test2.py:Epoch 22/100	Loss 10.1965 ± 0.1184
INFO:test2.py:Epoch 23/100	Loss 10.1948 ± 0.1189
INFO:test2.py:Epoch 24/100	Loss 10.1932 ± 0.1182
INFO:test2.py:Epoch 25/100	Loss 10.1917 ± 0.1185
INFO:test2.py:Epoch 26/100	Loss 10.1903 ± 0.1192
INFO:test2.py:Epoch 27/100	Loss 10.1889 ± 0.1183
INFO:test2.py:Epoch 28/100	Loss 10.1876 ± 0.1193
INFO:test2.py:Epoch 29/100	Loss 10.1864 ± 0.1181
INFO:test2.py:Epoch 30/100	Loss 10.1852 ± 0.1202
INFO:test2.py:Epoch 31/100	Loss 10.1841 ± 0.1184
INFO:test2.py:Epoch 32/100	Loss 10.1830 ± 0.1200
INFO:test2.py:Epoch 33/100	Loss 10.1820 ± 0.1200
INFO:test2.py:Epoch 34/100	Loss 10.1810 ± 0.1187
INFO:test2.py:Epoch 35/100	Loss 10.1801 ± 0.1186
INFO:test2.py:Epoch 36/100	Loss 10.1792 ± 0.1195
INFO:test2.py:Epoch 37/100	Loss 10.1783 ± 0.1190
INFO:test2.py:Epoch 38/100	Loss 10.1774 ± 0.1189
INFO:test2.py:Epoch 39/100	Loss 10.1766 ± 0.1188
INFO:test2.py:Epoch 40/100	Loss 10.1759 ± 0.1189
INFO:test2.py:Epoch 41/100	Loss 10.1751 ± 0.1193
INFO:test2.py:Epoch 42/100	Loss 10.1744 ± 0.1189
INFO:test2.py:Epoch 43/100	Loss 10.1737 ± 0.1196
INFO:test2.py:Epoch 44/100	Loss 10.1730 ± 0.1191
INFO:test2.py:Epoch 45/100	Loss 10.1723 ± 0.1189
INFO:test2.py:Epoch 46/100	Loss 10.1717 ± 0.1194
INFO:test2.py:Epoch 47/100	Loss 10.1710 ± 0.1195
INFO:test2.py:Epoch 48/100	Loss 10.1705 ± 0.1198
INFO:test2.py:Epoch 49/100	Loss 10.1698 ± 0.1193
INFO:test2.py:Epoch 50/100	Loss 10.1693 ± 0.1183
INFO:test2.py:Epoch 51/100	Loss 10.1687 ± 0.1201
INFO:test2.py:Epoch 52/100	Loss 10.1682 ± 0.1192
INFO:test2.py:Epoch 53/100	Loss 10.1676 ± 0.1193
INFO:test2.py:Epoch 54/100	Loss 10.1671 ± 0.1191
INFO:test2.py:Epoch 55/100	Loss 10.1666 ± 0.1203
INFO:test2.py:Epoch 56/100	Loss 10.1661 ± 0.1185
INFO:test2.py:Epoch 57/100	Loss 10.1657 ± 0.1201
INFO:test2.py:Epoch 58/100	Loss 10.1652 ± 0.1188
INFO:test2.py:Epoch 59/100	Loss 10.1647 ± 0.1202
INFO:test2.py:Epoch 60/100	Loss 10.1643 ± 0.1196
INFO:test2.py:Epoch 61/100	Loss 10.1638 ± 0.1199
INFO:test2.py:Epoch 62/100	Loss 10.1634 ± 0.1192
INFO:test2.py:Epoch 63/100	Loss 10.1630 ± 0.1203
INFO:test2.py:Epoch 64/100	Loss 10.1626 ± 0.1200
INFO:test2.py:Epoch 65/100	Loss 10.1622 ± 0.1199
INFO:test2.py:Epoch 66/100	Loss 10.1618 ± 0.1195
INFO:test2.py:Epoch 67/100	Loss 10.1614 ± 0.1200
INFO:test2.py:Epoch 68/100	Loss 10.1610 ± 0.1193
INFO:test2.py:Epoch 69/100	Loss 10.1606 ± 0.1193
INFO:test2.py:Epoch 70/100	Loss 10.1603 ± 0.1192
INFO:test2.py:Epoch 71/100	Loss 10.1599 ± 0.1193
INFO:test2.py:Epoch 72/100	Loss 10.1596 ± 0.1196
INFO:test2.py:Epoch 73/100	Loss 10.1592 ± 0.1191
INFO:test2.py:Epoch 74/100	Loss 10.1589 ± 0.1198
INFO:test2.py:Epoch 75/100	Loss 10.1586 ± 0.1201
INFO:test2.py:Epoch 76/100	Loss 10.1582 ± 0.1202
INFO:test2.py:Epoch 77/100	Loss 10.1579 ± 0.1204
INFO:test2.py:Epoch 78/100	Loss 10.1576 ± 0.1189
INFO:test2.py:Epoch 79/100	Loss 10.1573 ± 0.1202
INFO:test2.py:Epoch 80/100	Loss 10.1570 ± 0.1195
INFO:test2.py:Epoch 81/100	Loss 10.1567 ± 0.1207
INFO:test2.py:Epoch 82/100	Loss 10.1564 ± 0.1201
INFO:test2.py:Epoch 83/100	Loss 10.1561 ± 0.1199
INFO:test2.py:Epoch 84/100	Loss 10.1558 ± 0.1195
INFO:test2.py:Epoch 85/100	Loss 10.1555 ± 0.1192
INFO:test2.py:Epoch 86/100	Loss 10.1553 ± 0.1197
INFO:test2.py:Epoch 87/100	Loss 10.1550 ± 0.1199
INFO:test2.py:Epoch 88/100	Loss 10.1547 ± 0.1194
INFO:test2.py:Epoch 89/100	Loss 10.1545 ± 0.1199
INFO:test2.py:Epoch 90/100	Loss 10.1542 ± 0.1200
INFO:test2.py:Epoch 91/100	Loss 10.1539 ± 0.1200
INFO:test2.py:Epoch 92/100	Loss 10.1537 ± 0.1199
INFO:test2.py:Epoch 93/100	Loss 10.1534 ± 0.1188
INFO:test2.py:Epoch 94/100	Loss 10.1532 ± 0.1193
INFO:test2.py:Epoch 95/100	Loss 10.1530 ± 0.1196
INFO:test2.py:Epoch 96/100	Loss 10.1527 ± 0.1203
INFO:test2.py:Epoch 97/100	Loss 10.1525 ± 0.1201
INFO:test2.py:Epoch 98/100	Loss 10.1523 ± 0.1204
INFO:test2.py:Epoch 99/100	Loss 10.1520 ± 0.1187
INFO:test2.py:Epoch 100/100	Loss 10.1518 ± 0.1202
INFO:test2.py:is bad performing False
INFO:test2.py:Done training
INFO:test2.py:in evalute for dataset: 	valid
INFO:test2.py:batch start 	80000
INFO:test2.py:batch start 	160000
INFO:test2.py:batch start 	240000
INFO:test2.py:batch start 	320000
INFO:test2.py:batch start 	400000
INFO:test2.py:done
INFO:test2.py:done not filtered aucroc
INFO:test2.py:metrics done
INFO:test2.py:Error 	valid results	MRR 0.150530	H@1 0.068050	H@3 0.146734	H@10 0.314037	AU-ROC_raw -1.000000	AU-ROC_fil -1.000000
INFO:test2.py:in evalute for dataset: 	test
INFO:test2.py:batch start 	80000
INFO:test2.py:batch start 	160000
INFO:test2.py:batch start 	240000
INFO:test2.py:batch start 	320000
INFO:test2.py:batch start 	400000
INFO:test2.py:done
INFO:test2.py:done not filtered aucroc
INFO:test2.py:metrics done
INFO:test2.py:Error 	test results	MRR 0.150425	H@1 0.068016	H@3 0.146788	H@10 0.313590	AU-ROC_raw -1.000000	AU-ROC_fil -1.000000
/home/acalvi/anaconda3/envs/libkge_new/lib/python3.7/site-packages/tensorflow/python/framework/dtypes.py:516: FutureWarning: Passing (type, 1) or '1type' as a synonym of type is deprecated; in a future version of numpy, it will be understood as (type, (1,)) / '(1,)type'.
  _np_qint8 = np.dtype([("qint8", np.int8, 1)])
/home/acalvi/anaconda3/envs/libkge_new/lib/python3.7/site-packages/tensorflow/python/framework/dtypes.py:517: FutureWarning: Passing (type, 1) or '1type' as a synonym of type is deprecated; in a future version of numpy, it will be understood as (type, (1,)) / '(1,)type'.
  _np_quint8 = np.dtype([("quint8", np.uint8, 1)])
/home/acalvi/anaconda3/envs/libkge_new/lib/python3.7/site-packages/tensorflow/python/framework/dtypes.py:518: FutureWarning: Passing (type, 1) or '1type' as a synonym of type is deprecated; in a future version of numpy, it will be understood as (type, (1,)) / '(1,)type'.
  _np_qint16 = np.dtype([("qint16", np.int16, 1)])
/home/acalvi/anaconda3/envs/libkge_new/lib/python3.7/site-packages/tensorflow/python/framework/dtypes.py:519: FutureWarning: Passing (type, 1) or '1type' as a synonym of type is deprecated; in a future version of numpy, it will be understood as (type, (1,)) / '(1,)type'.
  _np_quint16 = np.dtype([("quint16", np.uint16, 1)])
/home/acalvi/anaconda3/envs/libkge_new/lib/python3.7/site-packages/tensorflow/python/framework/dtypes.py:520: FutureWarning: Passing (type, 1) or '1type' as a synonym of type is deprecated; in a future version of numpy, it will be understood as (type, (1,)) / '(1,)type'.
  _np_qint32 = np.dtype([("qint32", np.int32, 1)])
/home/acalvi/anaconda3/envs/libkge_new/lib/python3.7/site-packages/tensorflow/python/framework/dtypes.py:525: FutureWarning: Passing (type, 1) or '1type' as a synonym of type is deprecated; in a future version of numpy, it will be understood as (type, (1,)) / '(1,)type'.
  np_resource = np.dtype([("resource", np.ubyte, 1)])
/home/acalvi/anaconda3/envs/libkge_new/lib/python3.7/site-packages/tensorboard/compat/tensorflow_stub/dtypes.py:541: FutureWarning: Passing (type, 1) or '1type' as a synonym of type is deprecated; in a future version of numpy, it will be understood as (type, (1,)) / '(1,)type'.
  _np_qint8 = np.dtype([("qint8", np.int8, 1)])
/home/acalvi/anaconda3/envs/libkge_new/lib/python3.7/site-packages/tensorboard/compat/tensorflow_stub/dtypes.py:542: FutureWarning: Passing (type, 1) or '1type' as a synonym of type is deprecated; in a future version of numpy, it will be understood as (type, (1,)) / '(1,)type'.
  _np_quint8 = np.dtype([("quint8", np.uint8, 1)])
/home/acalvi/anaconda3/envs/libkge_new/lib/python3.7/site-packages/tensorboard/compat/tensorflow_stub/dtypes.py:543: FutureWarning: Passing (type, 1) or '1type' as a synonym of type is deprecated; in a future version of numpy, it will be understood as (type, (1,)) / '(1,)type'.
  _np_qint16 = np.dtype([("qint16", np.int16, 1)])
/home/acalvi/anaconda3/envs/libkge_new/lib/python3.7/site-packages/tensorboard/compat/tensorflow_stub/dtypes.py:544: FutureWarning: Passing (type, 1) or '1type' as a synonym of type is deprecated; in a future version of numpy, it will be understood as (type, (1,)) / '(1,)type'.
  _np_quint16 = np.dtype([("quint16", np.uint16, 1)])
/home/acalvi/anaconda3/envs/libkge_new/lib/python3.7/site-packages/tensorboard/compat/tensorflow_stub/dtypes.py:545: FutureWarning: Passing (type, 1) or '1type' as a synonym of type is deprecated; in a future version of numpy, it will be understood as (type, (1,)) / '(1,)type'.
  _np_qint32 = np.dtype([("qint32", np.int32, 1)])
/home/acalvi/anaconda3/envs/libkge_new/lib/python3.7/site-packages/tensorboard/compat/tensorflow_stub/dtypes.py:550: FutureWarning: Passing (type, 1) or '1type' as a synonym of type is deprecated; in a future version of numpy, it will be understood as (type, (1,)) / '(1,)type'.
  np_resource = np.dtype([("resource", np.ubyte, 1)])
