./test2.py --data pse --mcl True --batch-size 512 --epochs 100 --embedding-size 150 --learning-rate 0.01 --regulariser n3 --reg-weight 0.005 --optimizer adagrad --valid --quiet
MCL True
INFO:test2.py:Valid: True
INFO:test2.py:Device: cuda
curr directory /home/acalvi/Dissertation/Aladdin/biolink
Importing dataset files ... 
<class 'biolink.embeddings.models_mc.ComplEx_MC'>
INFO:test2.py:is tucker False
INFO:test2.py:settin tucker to FALSE
INFO:test2.py:Device: cuda
INFO:test2.py:Epoch 1/100	Loss 11.0346 ± 0.3972
INFO:test2.py:Epoch 2/100	Loss 10.6903 ± 0.0646
INFO:test2.py:Epoch 3/100	Loss 10.6040 ± 0.0578
INFO:test2.py:Epoch 4/100	Loss 10.5578 ± 0.0573
INFO:test2.py:Epoch 5/100	Loss 10.5278 ± 0.0573
INFO:test2.py:Epoch 6/100	Loss 10.5058 ± 0.0579
INFO:test2.py:Epoch 7/100	Loss 10.4884 ± 0.0572
INFO:test2.py:Epoch 8/100	Loss 10.4742 ± 0.0572
INFO:test2.py:Epoch 9/100	Loss 10.4619 ± 0.0566
INFO:test2.py:Epoch 10/100	Loss 10.4511 ± 0.0575
INFO:test2.py:Epoch 11/100	Loss 10.4416 ± 0.0572
INFO:test2.py:Epoch 12/100	Loss 10.4329 ± 0.0575
INFO:test2.py:Epoch 13/100	Loss 10.4251 ± 0.0574
INFO:test2.py:Epoch 14/100	Loss 10.4178 ± 0.0572
INFO:test2.py:Epoch 15/100	Loss 10.4111 ± 0.0568
INFO:test2.py:Epoch 16/100	Loss 10.4049 ± 0.0575
INFO:test2.py:Epoch 17/100	Loss 10.3991 ± 0.0568
INFO:test2.py:Epoch 18/100	Loss 10.3937 ± 0.0574
INFO:test2.py:Epoch 19/100	Loss 10.3886 ± 0.0564
INFO:test2.py:Epoch 20/100	Loss 10.3837 ± 0.0575
INFO:test2.py:Epoch 21/100	Loss 10.3792 ± 0.0569
INFO:test2.py:Epoch 22/100	Loss 10.3749 ± 0.0576
INFO:test2.py:Epoch 23/100	Loss 10.3707 ± 0.0568
INFO:test2.py:Epoch 24/100	Loss 10.3668 ± 0.0571
INFO:test2.py:Epoch 25/100	Loss 10.3631 ± 0.0577
INFO:test2.py:Epoch 26/100	Loss 10.3596 ± 0.0578
INFO:test2.py:Epoch 27/100	Loss 10.3562 ± 0.0576
INFO:test2.py:Epoch 28/100	Loss 10.3529 ± 0.0576
INFO:test2.py:Epoch 29/100	Loss 10.3498 ± 0.0563
INFO:test2.py:Epoch 30/100	Loss 10.3468 ± 0.0578
INFO:test2.py:Epoch 31/100	Loss 10.3439 ± 0.0564
INFO:test2.py:Epoch 32/100	Loss 10.3412 ± 0.0576
INFO:test2.py:Epoch 33/100	Loss 10.3385 ± 0.0566
INFO:test2.py:Epoch 34/100	Loss 10.3360 ± 0.0573
INFO:test2.py:Epoch 35/100	Loss 10.3335 ± 0.0570
INFO:test2.py:Epoch 36/100	Loss 10.3311 ± 0.0572
INFO:test2.py:Epoch 37/100	Loss 10.3288 ± 0.0567
INFO:test2.py:Epoch 38/100	Loss 10.3266 ± 0.0573
INFO:test2.py:Epoch 39/100	Loss 10.3245 ± 0.0568
INFO:test2.py:Epoch 40/100	Loss 10.3224 ± 0.0574
INFO:test2.py:Epoch 41/100	Loss 10.3205 ± 0.0576
INFO:test2.py:Epoch 42/100	Loss 10.3185 ± 0.0575
INFO:test2.py:Epoch 43/100	Loss 10.3166 ± 0.0575
INFO:test2.py:Epoch 44/100	Loss 10.3148 ± 0.0568
INFO:test2.py:Epoch 45/100	Loss 10.3130 ± 0.0568
INFO:test2.py:Epoch 46/100	Loss 10.3113 ± 0.0572
INFO:test2.py:Epoch 47/100	Loss 10.3097 ± 0.0573
INFO:test2.py:Epoch 48/100	Loss 10.3080 ± 0.0588
INFO:test2.py:Epoch 49/100	Loss 10.3064 ± 0.0573
INFO:test2.py:Validating
INFO:test2.py:batch start 	320000
INFO:test2.py:done
INFO:test2.py:metrics done
INFO:test2.py:Epoch 50/100	Loss 10.3050 ± 0.0578
INFO:test2.py:Epoch 51/100	Loss 10.3034 ± 0.0576
INFO:test2.py:Epoch 52/100	Loss 10.3020 ± 0.0568
INFO:test2.py:Epoch 53/100	Loss 10.3006 ± 0.0566
INFO:test2.py:Epoch 54/100	Loss 10.2992 ± 0.0572
INFO:test2.py:Epoch 55/100	Loss 10.2979 ± 0.0582
INFO:test2.py:Epoch 56/100	Loss 10.2966 ± 0.0565
INFO:test2.py:Epoch 57/100	Loss 10.2953 ± 0.0579
INFO:test2.py:Epoch 58/100	Loss 10.2940 ± 0.0573
INFO:test2.py:Epoch 59/100	Loss 10.2928 ± 0.0577
INFO:test2.py:Epoch 60/100	Loss 10.2917 ± 0.0579
INFO:test2.py:Epoch 61/100	Loss 10.2905 ± 0.0589
INFO:test2.py:Epoch 62/100	Loss 10.2894 ± 0.0577
INFO:test2.py:Epoch 63/100	Loss 10.2882 ± 0.0577
INFO:test2.py:Epoch 64/100	Loss 10.2872 ± 0.0589
INFO:test2.py:Epoch 65/100	Loss 10.2861 ± 0.0569
INFO:test2.py:Epoch 66/100	Loss 10.2851 ± 0.0572
INFO:test2.py:Epoch 67/100	Loss 10.2841 ± 0.0583
INFO:test2.py:Epoch 68/100	Loss 10.2830 ± 0.0573
INFO:test2.py:Epoch 69/100	Loss 10.2821 ± 0.0578
INFO:test2.py:Epoch 70/100	Loss 10.2811 ± 0.0569
INFO:test2.py:Epoch 71/100	Loss 10.2802 ± 0.0569
INFO:test2.py:Epoch 72/100	Loss 10.2793 ± 0.0573
INFO:test2.py:Epoch 73/100	Loss 10.2784 ± 0.0576
INFO:test2.py:Epoch 74/100	Loss 10.2776 ± 0.0574
INFO:test2.py:Epoch 75/100	Loss 10.2766 ± 0.0582
INFO:test2.py:Epoch 76/100	Loss 10.2758 ± 0.0572
INFO:test2.py:Epoch 77/100	Loss 10.2749 ± 0.0572
INFO:test2.py:Epoch 78/100	Loss 10.2742 ± 0.0579
INFO:test2.py:Epoch 79/100	Loss 10.2734 ± 0.0580
INFO:test2.py:Epoch 80/100	Loss 10.2726 ± 0.0575
INFO:test2.py:Epoch 81/100	Loss 10.2718 ± 0.0581
INFO:test2.py:Epoch 82/100	Loss 10.2710 ± 0.0572
INFO:test2.py:Epoch 83/100	Loss 10.2703 ± 0.0583
INFO:test2.py:Epoch 84/100	Loss 10.2695 ± 0.0571
INFO:test2.py:Epoch 85/100	Loss 10.2689 ± 0.0569
INFO:test2.py:Epoch 86/100	Loss 10.2681 ± 0.0577
INFO:test2.py:Epoch 87/100	Loss 10.2675 ± 0.0581
INFO:test2.py:Epoch 88/100	Loss 10.2668 ± 0.0579
INFO:test2.py:Epoch 89/100	Loss 10.2661 ± 0.0568
INFO:test2.py:Epoch 90/100	Loss 10.2654 ± 0.0580
INFO:test2.py:Epoch 91/100	Loss 10.2648 ± 0.0575
INFO:test2.py:Epoch 92/100	Loss 10.2641 ± 0.0570
INFO:test2.py:Epoch 93/100	Loss 10.2635 ± 0.0576
INFO:test2.py:Epoch 94/100	Loss 10.2629 ± 0.0577
INFO:test2.py:Epoch 95/100	Loss 10.2623 ± 0.0577
INFO:test2.py:Epoch 96/100	Loss 10.2617 ± 0.0578
INFO:test2.py:Epoch 97/100	Loss 10.2611 ± 0.0571
INFO:test2.py:Epoch 98/100	Loss 10.2605 ± 0.0573
INFO:test2.py:Epoch 99/100	Loss 10.2599 ± 0.0576
INFO:test2.py:Epoch 100/100	Loss 10.2593 ± 0.0571
INFO:test2.py:is bad performing False
INFO:test2.py:Done training
INFO:test2.py:in evalute for dataset: 	valid
INFO:test2.py:batch start 	320000
INFO:test2.py:done
INFO:test2.py:metrics done
INFO:test2.py:Error 	valid results	MRR 0.132195	H@1 0.053191	H@3 0.125210	H@10 0.288043	AU-ROC_raw -1.000000	AU-ROC_fil -1.000000
INFO:test2.py:in evalute for dataset: 	test
INFO:test2.py:batch start 	320000
INFO:test2.py:done
INFO:test2.py:metrics done
INFO:test2.py:Error 	test results	MRR 0.132190	H@1 0.053194	H@3 0.124983	H@10 0.288127	AU-ROC_raw -1.000000	AU-ROC_fil -1.000000
/home/acalvi/anaconda3/envs/libkge_new/lib/python3.7/site-packages/tensorflow/python/framework/dtypes.py:516: FutureWarning: Passing (type, 1) or '1type' as a synonym of type is deprecated; in a future version of numpy, it will be understood as (type, (1,)) / '(1,)type'.
  _np_qint8 = np.dtype([("qint8", np.int8, 1)])
/home/acalvi/anaconda3/envs/libkge_new/lib/python3.7/site-packages/tensorflow/python/framework/dtypes.py:517: FutureWarning: Passing (type, 1) or '1type' as a synonym of type is deprecated; in a future version of numpy, it will be understood as (type, (1,)) / '(1,)type'.
  _np_quint8 = np.dtype([("quint8", np.uint8, 1)])
/home/acalvi/anaconda3/envs/libkge_new/lib/python3.7/site-packages/tensorflow/python/framework/dtypes.py:518: FutureWarning: Passing (type, 1) or '1type' as a synonym of type is deprecated; in a future version of numpy, it will be understood as (type, (1,)) / '(1,)type'.
  _np_qint16 = np.dtype([("qint16", np.int16, 1)])
/home/acalvi/anaconda3/envs/libkge_new/lib/python3.7/site-packages/tensorflow/python/framework/dtypes.py:519: FutureWarning: Passing (type, 1) or '1type' as a synonym of type is deprecated; in a future version of numpy, it will be understood as (type, (1,)) / '(1,)type'.
  _np_quint16 = np.dtype([("quint16", np.uint16, 1)])
/home/acalvi/anaconda3/envs/libkge_new/lib/python3.7/site-packages/tensorflow/python/framework/dtypes.py:520: FutureWarning: Passing (type, 1) or '1type' as a synonym of type is deprecated; in a future version of numpy, it will be understood as (type, (1,)) / '(1,)type'.
  _np_qint32 = np.dtype([("qint32", np.int32, 1)])
/home/acalvi/anaconda3/envs/libkge_new/lib/python3.7/site-packages/tensorflow/python/framework/dtypes.py:525: FutureWarning: Passing (type, 1) or '1type' as a synonym of type is deprecated; in a future version of numpy, it will be understood as (type, (1,)) / '(1,)type'.
  np_resource = np.dtype([("resource", np.ubyte, 1)])
/home/acalvi/anaconda3/envs/libkge_new/lib/python3.7/site-packages/tensorboard/compat/tensorflow_stub/dtypes.py:541: FutureWarning: Passing (type, 1) or '1type' as a synonym of type is deprecated; in a future version of numpy, it will be understood as (type, (1,)) / '(1,)type'.
  _np_qint8 = np.dtype([("qint8", np.int8, 1)])
/home/acalvi/anaconda3/envs/libkge_new/lib/python3.7/site-packages/tensorboard/compat/tensorflow_stub/dtypes.py:542: FutureWarning: Passing (type, 1) or '1type' as a synonym of type is deprecated; in a future version of numpy, it will be understood as (type, (1,)) / '(1,)type'.
  _np_quint8 = np.dtype([("quint8", np.uint8, 1)])
/home/acalvi/anaconda3/envs/libkge_new/lib/python3.7/site-packages/tensorboard/compat/tensorflow_stub/dtypes.py:543: FutureWarning: Passing (type, 1) or '1type' as a synonym of type is deprecated; in a future version of numpy, it will be understood as (type, (1,)) / '(1,)type'.
  _np_qint16 = np.dtype([("qint16", np.int16, 1)])
/home/acalvi/anaconda3/envs/libkge_new/lib/python3.7/site-packages/tensorboard/compat/tensorflow_stub/dtypes.py:544: FutureWarning: Passing (type, 1) or '1type' as a synonym of type is deprecated; in a future version of numpy, it will be understood as (type, (1,)) / '(1,)type'.
  _np_quint16 = np.dtype([("quint16", np.uint16, 1)])
/home/acalvi/anaconda3/envs/libkge_new/lib/python3.7/site-packages/tensorboard/compat/tensorflow_stub/dtypes.py:545: FutureWarning: Passing (type, 1) or '1type' as a synonym of type is deprecated; in a future version of numpy, it will be understood as (type, (1,)) / '(1,)type'.
  _np_qint32 = np.dtype([("qint32", np.int32, 1)])
/home/acalvi/anaconda3/envs/libkge_new/lib/python3.7/site-packages/tensorboard/compat/tensorflow_stub/dtypes.py:550: FutureWarning: Passing (type, 1) or '1type' as a synonym of type is deprecated; in a future version of numpy, it will be understood as (type, (1,)) / '(1,)type'.
  np_resource = np.dtype([("resource", np.ubyte, 1)])
