./test2.py --data pse --mcl True --batch-size 268 --epochs 100 --embedding-size 150 --learning-rate 0.1 --regulariser n3 --reg-weight 0.5 --optimizer adagrad --valid --quiet
MCL True
INFO:test2.py:Valid: True
INFO:test2.py:Device: cuda
curr directory /home/acalvi/Dissertation/Aladdin/biolink
Importing dataset files ... 
<class 'biolink.embeddings.models_mc.ComplEx_MC'>
INFO:test2.py:is tucker False
INFO:test2.py:settin tucker to FALSE
INFO:test2.py:Device: cuda
INFO:test2.py:Epoch 1/100	Loss 13.4396 ± 4.7315
INFO:test2.py:Epoch 2/100	Loss 13.1665 ± 3.9732
INFO:test2.py:Epoch 3/100	Loss 13.1073 ± 3.6520
INFO:test2.py:Epoch 4/100	Loss 13.0759 ± 3.3762
INFO:test2.py:Epoch 5/100	Loss 13.0555 ± 3.1665
INFO:test2.py:Epoch 6/100	Loss 13.0408 ± 2.9936
INFO:test2.py:Epoch 7/100	Loss 13.0294 ± 2.8460
INFO:test2.py:Epoch 8/100	Loss 13.0202 ± 2.7393
INFO:test2.py:Epoch 9/100	Loss 13.0126 ± 2.6052
INFO:test2.py:Epoch 10/100	Loss 13.0061 ± 2.5065
INFO:test2.py:Epoch 11/100	Loss 13.0006 ± 2.4145
INFO:test2.py:Epoch 12/100	Loss 12.9957 ± 2.3325
INFO:test2.py:Epoch 13/100	Loss 12.9914 ± 2.2567
INFO:test2.py:Epoch 14/100	Loss 12.9875 ± 2.1875
INFO:test2.py:Epoch 15/100	Loss 12.9841 ± 2.1228
INFO:test2.py:Epoch 16/100	Loss 12.9809 ± 2.0632
INFO:test2.py:Epoch 17/100	Loss 12.9780 ± 2.0077
INFO:test2.py:Epoch 18/100	Loss 12.9754 ± 1.9549
INFO:test2.py:Epoch 19/100	Loss 12.9730 ± 1.9735
INFO:test2.py:Epoch 20/100	Loss 12.9707 ± 1.8592
INFO:test2.py:Epoch 21/100	Loss 12.9687 ± 1.8157
INFO:test2.py:Epoch 22/100	Loss 12.9667 ± 1.7746
INFO:test2.py:Epoch 23/100	Loss 12.9649 ± 1.7351
INFO:test2.py:Epoch 24/100	Loss 12.9632 ± 1.6977
INFO:test2.py:Epoch 25/100	Loss 12.9616 ± 1.6628
INFO:test2.py:Epoch 26/100	Loss 12.9601 ± 1.6284
INFO:test2.py:Epoch 27/100	Loss 12.9587 ± 1.5961
INFO:test2.py:Epoch 28/100	Loss 12.9574 ± 1.5650
INFO:test2.py:Epoch 29/100	Loss 12.9561 ± 1.5355
INFO:test2.py:Epoch 30/100	Loss 12.9549 ± 1.5070
INFO:test2.py:Epoch 31/100	Loss 12.9538 ± 1.4796
INFO:test2.py:Epoch 32/100	Loss 12.9527 ± 1.4545
INFO:test2.py:Epoch 33/100	Loss 12.9516 ± 1.4283
INFO:test2.py:Epoch 34/100	Loss 12.9506 ± 1.4039
INFO:test2.py:Epoch 35/100	Loss 12.9497 ± 1.3804
INFO:test2.py:Epoch 36/100	Loss 12.9488 ± 1.3581
INFO:test2.py:Epoch 37/100	Loss 12.9479 ± 1.3363
INFO:test2.py:Epoch 38/100	Loss 12.9471 ± 1.3153
INFO:test2.py:Epoch 39/100	Loss 12.9463 ± 1.2950
INFO:test2.py:Epoch 40/100	Loss 12.9455 ± 1.2745
INFO:test2.py:Epoch 41/100	Loss 12.9448 ± 1.2558
INFO:test2.py:Epoch 42/100	Loss 12.9441 ± 1.2372
INFO:test2.py:Epoch 43/100	Loss 12.9434 ± 1.2197
INFO:test2.py:Epoch 44/100	Loss 12.9427 ± 1.2027
INFO:test2.py:Epoch 45/100	Loss 12.9421 ± 1.1847
INFO:test2.py:Epoch 46/100	Loss 12.9415 ± 1.1683
INFO:test2.py:Epoch 47/100	Loss 12.9409 ± 1.1528
INFO:test2.py:Epoch 48/100	Loss 12.9403 ± 1.1369
INFO:test2.py:Epoch 49/100	Loss 12.9398 ± 1.1222
INFO:test2.py:Validating
INFO:test2.py:done
INFO:test2.py:metrics done
INFO:test2.py:Epoch 50/100	Loss 12.9393 ± 1.1070
INFO:test2.py:Epoch 51/100	Loss 12.9387 ± 1.0927
INFO:test2.py:Epoch 52/100	Loss 12.9382 ± 1.0785
INFO:test2.py:Epoch 53/100	Loss 12.9378 ± 1.0650
INFO:test2.py:Epoch 54/100	Loss 12.9373 ± 1.0526
INFO:test2.py:Epoch 55/100	Loss 12.9368 ± 1.0388
INFO:test2.py:Epoch 56/100	Loss 12.9364 ± 1.0263
INFO:test2.py:Epoch 57/100	Loss 12.9360 ± 1.0140
INFO:test2.py:Epoch 58/100	Loss 12.9355 ± 1.0018
INFO:test2.py:Epoch 59/100	Loss 12.9351 ± 0.9899
INFO:test2.py:Epoch 60/100	Loss 12.9347 ± 0.9790
INFO:test2.py:Epoch 61/100	Loss 12.9344 ± 0.9671
INFO:test2.py:Epoch 62/100	Loss 12.9340 ± 0.9563
INFO:test2.py:Epoch 63/100	Loss 12.9336 ± 0.9454
INFO:test2.py:Epoch 64/100	Loss 12.9333 ± 0.9352
INFO:test2.py:Epoch 65/100	Loss 12.9329 ± 0.9253
INFO:test2.py:Epoch 66/100	Loss 12.9326 ± 0.9149
INFO:test2.py:Epoch 67/100	Loss 12.9323 ± 0.9049
INFO:test2.py:Epoch 68/100	Loss 12.9319 ± 0.8952
INFO:test2.py:Epoch 69/100	Loss 12.9316 ± 0.8859
INFO:test2.py:Epoch 70/100	Loss 12.9313 ± 0.8887
INFO:test2.py:Epoch 71/100	Loss 12.9310 ± 0.8672
INFO:test2.py:Epoch 72/100	Loss 12.9307 ± 0.8583
INFO:test2.py:Epoch 73/100	Loss 12.9305 ± 0.8494
INFO:test2.py:Epoch 74/100	Loss 12.9302 ± 0.8412
INFO:test2.py:Epoch 75/100	Loss 12.9299 ± 0.8328
INFO:test2.py:Epoch 76/100	Loss 12.9296 ± 0.8242
INFO:test2.py:Epoch 77/100	Loss 12.9294 ± 0.8162
INFO:test2.py:Epoch 78/100	Loss 12.9291 ± 0.8081
INFO:test2.py:Epoch 79/100	Loss 12.9289 ± 0.8007
INFO:test2.py:Epoch 80/100	Loss 12.9286 ± 0.7929
INFO:test2.py:Epoch 81/100	Loss 12.9284 ± 0.7852
INFO:test2.py:Epoch 82/100	Loss 12.9282 ± 0.7776
INFO:test2.py:Epoch 83/100	Loss 12.9280 ± 0.7705
INFO:test2.py:Epoch 84/100	Loss 12.9277 ± 0.7631
INFO:test2.py:Epoch 85/100	Loss 12.9275 ± 0.7561
INFO:test2.py:Epoch 86/100	Loss 12.9273 ± 0.7493
INFO:test2.py:Epoch 87/100	Loss 12.9271 ± 0.7425
INFO:test2.py:Epoch 88/100	Loss 12.9269 ± 0.7356
INFO:test2.py:Epoch 89/100	Loss 12.9267 ± 0.7291
INFO:test2.py:Epoch 90/100	Loss 12.9265 ± 0.7224
INFO:test2.py:Epoch 91/100	Loss 12.9263 ± 0.7162
INFO:test2.py:Epoch 92/100	Loss 12.9261 ± 0.7098
INFO:test2.py:Epoch 93/100	Loss 12.9259 ± 0.7036
INFO:test2.py:Epoch 94/100	Loss 12.9258 ± 0.6975
INFO:test2.py:Epoch 95/100	Loss 12.9256 ± 0.6920
INFO:test2.py:Epoch 96/100	Loss 12.9254 ± 0.6854
INFO:test2.py:Epoch 97/100	Loss 12.9252 ± 0.6802
INFO:test2.py:Epoch 98/100	Loss 12.9251 ± 0.6745
INFO:test2.py:Epoch 99/100	Loss 12.9249 ± 0.6684
INFO:test2.py:Epoch 100/100	Loss 12.9247 ± 0.6630
INFO:test2.py:is bad performing False
INFO:test2.py:Done training
INFO:test2.py:in evalute for dataset: 	valid
INFO:test2.py:done
INFO:test2.py:metrics done
INFO:test2.py:Error 	valid results	MRR 0.060095	H@1 0.016065	H@3 0.045104	H@10 0.128664	AU-ROC_raw -1.000000	AU-ROC_fil -1.000000
INFO:test2.py:in evalute for dataset: 	test
INFO:test2.py:done
INFO:test2.py:metrics done
INFO:test2.py:Error 	test results	MRR 0.060076	H@1 0.016024	H@3 0.045151	H@10 0.128516	AU-ROC_raw -1.000000	AU-ROC_fil -1.000000
/home/acalvi/anaconda3/envs/libkge_new/lib/python3.7/site-packages/tensorflow/python/framework/dtypes.py:516: FutureWarning: Passing (type, 1) or '1type' as a synonym of type is deprecated; in a future version of numpy, it will be understood as (type, (1,)) / '(1,)type'.
  _np_qint8 = np.dtype([("qint8", np.int8, 1)])
/home/acalvi/anaconda3/envs/libkge_new/lib/python3.7/site-packages/tensorflow/python/framework/dtypes.py:517: FutureWarning: Passing (type, 1) or '1type' as a synonym of type is deprecated; in a future version of numpy, it will be understood as (type, (1,)) / '(1,)type'.
  _np_quint8 = np.dtype([("quint8", np.uint8, 1)])
/home/acalvi/anaconda3/envs/libkge_new/lib/python3.7/site-packages/tensorflow/python/framework/dtypes.py:518: FutureWarning: Passing (type, 1) or '1type' as a synonym of type is deprecated; in a future version of numpy, it will be understood as (type, (1,)) / '(1,)type'.
  _np_qint16 = np.dtype([("qint16", np.int16, 1)])
/home/acalvi/anaconda3/envs/libkge_new/lib/python3.7/site-packages/tensorflow/python/framework/dtypes.py:519: FutureWarning: Passing (type, 1) or '1type' as a synonym of type is deprecated; in a future version of numpy, it will be understood as (type, (1,)) / '(1,)type'.
  _np_quint16 = np.dtype([("quint16", np.uint16, 1)])
/home/acalvi/anaconda3/envs/libkge_new/lib/python3.7/site-packages/tensorflow/python/framework/dtypes.py:520: FutureWarning: Passing (type, 1) or '1type' as a synonym of type is deprecated; in a future version of numpy, it will be understood as (type, (1,)) / '(1,)type'.
  _np_qint32 = np.dtype([("qint32", np.int32, 1)])
/home/acalvi/anaconda3/envs/libkge_new/lib/python3.7/site-packages/tensorflow/python/framework/dtypes.py:525: FutureWarning: Passing (type, 1) or '1type' as a synonym of type is deprecated; in a future version of numpy, it will be understood as (type, (1,)) / '(1,)type'.
  np_resource = np.dtype([("resource", np.ubyte, 1)])
/home/acalvi/anaconda3/envs/libkge_new/lib/python3.7/site-packages/tensorboard/compat/tensorflow_stub/dtypes.py:541: FutureWarning: Passing (type, 1) or '1type' as a synonym of type is deprecated; in a future version of numpy, it will be understood as (type, (1,)) / '(1,)type'.
  _np_qint8 = np.dtype([("qint8", np.int8, 1)])
/home/acalvi/anaconda3/envs/libkge_new/lib/python3.7/site-packages/tensorboard/compat/tensorflow_stub/dtypes.py:542: FutureWarning: Passing (type, 1) or '1type' as a synonym of type is deprecated; in a future version of numpy, it will be understood as (type, (1,)) / '(1,)type'.
  _np_quint8 = np.dtype([("quint8", np.uint8, 1)])
/home/acalvi/anaconda3/envs/libkge_new/lib/python3.7/site-packages/tensorboard/compat/tensorflow_stub/dtypes.py:543: FutureWarning: Passing (type, 1) or '1type' as a synonym of type is deprecated; in a future version of numpy, it will be understood as (type, (1,)) / '(1,)type'.
  _np_qint16 = np.dtype([("qint16", np.int16, 1)])
/home/acalvi/anaconda3/envs/libkge_new/lib/python3.7/site-packages/tensorboard/compat/tensorflow_stub/dtypes.py:544: FutureWarning: Passing (type, 1) or '1type' as a synonym of type is deprecated; in a future version of numpy, it will be understood as (type, (1,)) / '(1,)type'.
  _np_quint16 = np.dtype([("quint16", np.uint16, 1)])
/home/acalvi/anaconda3/envs/libkge_new/lib/python3.7/site-packages/tensorboard/compat/tensorflow_stub/dtypes.py:545: FutureWarning: Passing (type, 1) or '1type' as a synonym of type is deprecated; in a future version of numpy, it will be understood as (type, (1,)) / '(1,)type'.
  _np_qint32 = np.dtype([("qint32", np.int32, 1)])
/home/acalvi/anaconda3/envs/libkge_new/lib/python3.7/site-packages/tensorboard/compat/tensorflow_stub/dtypes.py:550: FutureWarning: Passing (type, 1) or '1type' as a synonym of type is deprecated; in a future version of numpy, it will be understood as (type, (1,)) / '(1,)type'.
  np_resource = np.dtype([("resource", np.ubyte, 1)])
