GPU Prolog Script v0.30
This is a GPU node.
Enough GPUs available.
Allocating card 1
GPU Epilog Script v0.30
GPU Prolog Script v0.30
This is a GPU node.
Enough GPUs available.
Allocating card 1
['--model', 'complex', '--data', 'pathme', '--loss', 'pw_logistic', '--epochs', '50', '--learning-rate', '0.04', '--nb-negs', '200', '--batch-size', '2048', '--reg-weight', '0.036', '--embedding-size', '200', '--quiet', '--save_model_name', 'cplexPW_batch2048_es_200_reg_n3_rw_036_lr_040_nbn_200_pathme', '--rel_type', '/home/acalvi/Dissertation/Aladdin/biolink/testing/data/pathme/re_type_pathme.json', '--ent_type', '/home/acalvi/Dissertation/Aladdin/biolink/testing/data/pathme/ent_type_pathme.csv', '--neg_by_type', '--harder', '--load']
MCL False
INFO:pathme_cp_PW.py:Valid: False
INFO:pathme_cp_PW.py:Device: cuda
INFO:pathme_cp_PW.py:auc and lod happening
INFO:pathme_cp_PW.py:dataset name 	train
INFO:pathme_cp_PW.py:dataset name 	valid
INFO:pathme_cp_PW.py:dataset name 	test
INFO:pathme_cp_PW.py:in evalute for dataset: 	test
1024
INFO:pathme_cp_PW.py:done
INFO:pathme_cp_PW.py:metrics done
INFO:pathme_cp_PW.py:TEST RESULTS
INFO:pathme_cp_PW.py:Error 	test results 	MRR 0.378109	H@1 0.244971	H@3 0.433585	H@10 0.678770	AU-ROC_raw -1.000000	AU-ROC_fil -1.000000
INFO:pathme_cp_PW.py:===========
GPU Epilog Script v0.30
GPU Prolog Script v0.30
This is a GPU node.
Enough GPUs available.
Allocating card 2
['--model', 'complex', '--data', 'pathme', '--loss', 'pw_logistic', '--epochs', '50', '--learning-rate', '0.04', '--nb-negs', '200', '--batch-size', '2048', '--reg-weight', '0.036', '--embedding-size', '200', '--quiet', '--save_model_name', 'cplexPW_batch2048_es_200_reg_n3_rw_036_lr_040_nbn_200_pathme', '--rel_type', '/home/acalvi/Dissertation/Aladdin/biolink/testing/data/pathme/re_type_pathme.json', '--ent_type', '/home/acalvi/Dissertation/Aladdin/biolink/testing/data/pathme/ent_type_pathme.csv', '--neg_by_type', '--harder', '--load']
MCL False
INFO:pathme_cp_PW.py:Valid: False
INFO:pathme_cp_PW.py:Device: cuda
INFO:pathme_cp_PW.py:auc and lod happening
INFO:pathme_cp_PW.py:dataset name 	train
INFO:pathme_cp_PW.py:dataset name 	valid
INFO:pathme_cp_PW.py:dataset name 	test
INFO:pathme_cp_PW.py:in evalute for dataset: 	test
1024
INFO:pathme_cp_PW.py:done
INFO:pathme_cp_PW.py:metrics done
INFO:pathme_cp_PW.py:TEST RESULTS
INFO:pathme_cp_PW.py:Error 	test results 	MRR 0.378109	H@1 0.244971	H@3 0.433585	H@10 0.678770	AU-ROC_raw -1.000000	AU-ROC_fil -1.000000
INFO:pathme_cp_PW.py:===========
GPU Epilog Script v0.30
GPU Prolog Script v0.30
This is a GPU node.
Enough GPUs available.
Allocating card 0
GPU Epilog Script v0.30
GPU Prolog Script v0.30
This is a GPU node.
Enough GPUs available.
Allocating card 2
['--model', 'complex', '--data', 'pathme', '--loss', 'pw_logistic', '--epochs', '50', '--learning-rate', '0.04', '--nb-negs', '200', '--batch-size', '2048', '--reg-weight', '0.036', '--embedding-size', '200', '--quiet', '--save_model_name', 'cplexPW_batch2048_es_200_reg_n3_rw_036_lr_040_nbn_200_pathme', '--rel_type', '/home/acalvi/Dissertation/Aladdin/biolink/testing/data/pathme/re_type_pathme.json', '--ent_type', '/home/acalvi/Dissertation/Aladdin/biolink/testing/data/pathme/ent_type_pathme.csv', '--neg_by_type', '--harder', '--load']
MCL False
INFO:pathme_cp_PW.py:Valid: False
INFO:pathme_cp_PW.py:Device: cuda
INFO:pathme_cp_PW.py:auc and lod happening
INFO:pathme_cp_PW.py:dataset name 	train
INFO:pathme_cp_PW.py:dataset name 	valid
INFO:pathme_cp_PW.py:dataset name 	test
INFO:pathme_cp_PW.py:in evalute for dataset: 	test
1024
INFO:pathme_cp_PW.py:done
INFO:pathme_cp_PW.py:metrics done
INFO:pathme_cp_PW.py:TEST RESULTS
INFO:pathme_cp_PW.py:Error 	test results 	MRR 0.378109	H@1 0.244971	H@3 0.433585	H@10 0.678770	AU-ROC_raw -1.000000	AU-ROC_fil -1.000000
INFO:pathme_cp_PW.py:===========
GPU Epilog Script v0.30
GPU Prolog Script v0.30
This is a GPU node.
Enough GPUs available.
Allocating card 2
['--model', 'complex', '--data', 'pathme', '--loss', 'pw_logistic', '--epochs', '50', '--learning-rate', '0.04', '--nb-negs', '200', '--batch-size', '2048', '--reg-weight', '0.036', '--embedding-size', '200', '--quiet', '--save_model_name', 'cplexPW_batch2048_es_200_reg_n3_rw_036_lr_040_nbn_200_pathme', '--rel_type', '/home/acalvi/Dissertation/Aladdin/biolink/testing/data/pathme/re_type_pathme.json', '--ent_type', '/home/acalvi/Dissertation/Aladdin/biolink/testing/data/pathme/ent_type_pathme.csv', '--neg_by_type', '--harder', '--load']
MCL False
INFO:pathme_cp_PW.py:Valid: False
INFO:pathme_cp_PW.py:Device: cuda
INFO:pathme_cp_PW.py:relation 	bidict({'increases_ppi': 0, 'association_ppi': 1, 'decreases_ppi': 2, 'drug_increases_protein': 3, 'drug_decreases_protein': 4, 'drug_association_protein': 5, 'protein_association_drug': 6})
INFO:pathme_cp_PW.py:auc and lod happening
INFO:pathme_cp_PW.py:dataset name 	train
INFO:pathme_cp_PW.py:dataset name 	valid
INFO:pathme_cp_PW.py:dataset name 	test
INFO:pathme_cp_PW.py:in evalute for dataset: 	test
1024
INFO:pathme_cp_PW.py:done
INFO:pathme_cp_PW.py:metrics done
INFO:pathme_cp_PW.py:TEST RESULTS
INFO:pathme_cp_PW.py:Error 	test results 	MRR 0.378109	H@1 0.244971	H@3 0.433585	H@10 0.678770	AU-ROC_raw -1.000000	AU-ROC_fil -1.000000
INFO:pathme_cp_PW.py:===========
GPU Epilog Script v0.30
GPU Prolog Script v0.30
This is a GPU node.
Enough GPUs available.
Allocating card 1
['--model', 'complex', '--data', 'pathme', '--loss', 'pw_logistic', '--epochs', '50', '--learning-rate', '0.04', '--nb-negs', '200', '--batch-size', '2048', '--reg-weight', '0.036', '--embedding-size', '200', '--quiet', '--auc', '--save_model_name', 'cplexPW_batch2048_es_200_reg_n3_rw_036_lr_040_nbn_200_pathme', '--rel_type', '/home/acalvi/Dissertation/Aladdin/biolink/testing/data/pathme/re_type_pathme.json', '--ent_type', '/home/acalvi/Dissertation/Aladdin/biolink/testing/data/pathme/ent_type_pathme.csv', '--neg_by_type', '--harder', '--load']
MCL False
INFO:pathme_cp_PW.py:Valid: False
INFO:pathme_cp_PW.py:Device: cuda
INFO:pathme_cp_PW.py:relation 	bidict({'increases_ppi': 0, 'association_ppi': 1, 'decreases_ppi': 2, 'drug_increases_protein': 3, 'drug_decreases_protein': 4, 'drug_association_protein': 5, 'protein_association_drug': 6})
INFO:pathme_cp_PW.py:auc and lod happening
INFO:pathme_cp_PW.py:dataset name 	train
INFO:pathme_cp_PW.py:dataset name 	valid
INFO:pathme_cp_PW.py:dataset name 	test
INFO:pathme_cp_PW.py:in evalute for dataset: 	test
1024
INFO:pathme_cp_PW.py:done
INFO:pathme_cp_PW.py:metrics done
INFO:pathme_cp_PW.py:TEST RESULTS
INFO:pathme_cp_PW.py:Error 	test results 	MRR 0.378109	H@1 0.244971	H@3 0.433585	H@10 0.678770	AU-ROC_raw -1.000000	AU-ROC_fil -1.000000
INFO:pathme_cp_PW.py:===========
INFO:pathme_cp_PW.py:APPLYING TYPE INFORMATION TO NEG SAMPLING
INFO:pathme_cp_PW.py:length predicate_instanes 	7
INFO:pathme_cp_PW.py:predicate instances done
INFO:pathme_cp_PW.py:all tiples 	torch.Size([64266, 3])
INFO:pathme_cp_PW.py:make test triples numpy
INFO:pathme_cp_PW.py:about to start predicting
INFO:pathme_cp_PW.py:length pred pos 	21046
INFO:pathme_cp_PW.py:retrieved negative samples
INFO:pathme_cp_PW.py:Done concatenation
INFO:pathme_cp_PW.py:all se five facts(126276, 3)
INFO:pathme_cp_PW.py:SCORES FIVE SHAPE (40000, 1)
INFO:pathme_cp_PW.py:SCORES FIVE SHAPE (80000, 1)
INFO:pathme_cp_PW.py:SCORES FIVE SHAPE (120000, 1)
INFO:pathme_cp_PW.py:SCORES FIVE SHAPE (126276, 1)
INFO:pathme_cp_PW.py:scores five done
INFO:pathme_cp_PW.py:scores ten done
INFO:pathme_cp_PW.py:in the harder set
INFO:pathme_cp_PW.py:AUC FIVE NEGS
AP: 1.0000 - AUC-ROC: 0.9901 - AUC-PR: 0.9842 - P@50: 1.0000 > 0
INFO:pathme_cp_PW.py:AUC TEN NEGS
AP: 1.0000 - AUC-ROC: 0.9901 - AUC-PR: 0.9797 - P@50: 1.0000 > 0
INFO:pathme_cp_PW.py:length pred pos 	27535
INFO:pathme_cp_PW.py:retrieved negative samples
INFO:pathme_cp_PW.py:Done concatenation
INFO:pathme_cp_PW.py:all se five facts(165210, 3)
INFO:pathme_cp_PW.py:SCORES FIVE SHAPE (40000, 1)
INFO:pathme_cp_PW.py:SCORES FIVE SHAPE (80000, 1)
INFO:pathme_cp_PW.py:SCORES FIVE SHAPE (120000, 1)
INFO:pathme_cp_PW.py:SCORES FIVE SHAPE (160000, 1)
INFO:pathme_cp_PW.py:SCORES FIVE SHAPE (165210, 1)
INFO:pathme_cp_PW.py:scores five done
INFO:pathme_cp_PW.py:scores ten done
INFO:pathme_cp_PW.py:in the harder set
INFO:pathme_cp_PW.py:AUC FIVE NEGS
AP: 1.0000 - AUC-ROC: 0.9927 - AUC-PR: 0.9895 - P@50: 1.0000 > 1
INFO:pathme_cp_PW.py:AUC TEN NEGS
AP: 1.0000 - AUC-ROC: 0.9927 - AUC-PR: 0.9869 - P@50: 1.0000 > 1
INFO:pathme_cp_PW.py:length pred pos 	6939
INFO:pathme_cp_PW.py:retrieved negative samples
INFO:pathme_cp_PW.py:Done concatenation
INFO:pathme_cp_PW.py:all se five facts(41634, 3)
INFO:pathme_cp_PW.py:SCORES FIVE SHAPE (40000, 1)
INFO:pathme_cp_PW.py:SCORES FIVE SHAPE (41634, 1)
INFO:pathme_cp_PW.py:scores five done
INFO:pathme_cp_PW.py:scores ten done
INFO:pathme_cp_PW.py:in the harder set
INFO:pathme_cp_PW.py:AUC FIVE NEGS
AP: 1.0000 - AUC-ROC: 0.9926 - AUC-PR: 0.9872 - P@50: 1.0000 > 2
INFO:pathme_cp_PW.py:AUC TEN NEGS
AP: 1.0000 - AUC-ROC: 0.9926 - AUC-PR: 0.9835 - P@50: 1.0000 > 2
INFO:pathme_cp_PW.py:length pred pos 	1959
INFO:pathme_cp_PW.py:retrieved negative samples
INFO:pathme_cp_PW.py:Done concatenation
INFO:pathme_cp_PW.py:scores five done
INFO:pathme_cp_PW.py:scores ten done
INFO:pathme_cp_PW.py:in the harder set
INFO:pathme_cp_PW.py:AUC FIVE NEGS
AP: 1.0000 - AUC-ROC: 0.9852 - AUC-PR: 0.9785 - P@50: 1.0000 > 3
INFO:pathme_cp_PW.py:AUC TEN NEGS
AP: 1.0000 - AUC-ROC: 0.9854 - AUC-PR: 0.9739 - P@50: 1.0000 > 3
INFO:pathme_cp_PW.py:length pred pos 	3579
INFO:pathme_cp_PW.py:retrieved negative samples
INFO:pathme_cp_PW.py:Done concatenation
INFO:pathme_cp_PW.py:scores five done
INFO:pathme_cp_PW.py:scores ten done
INFO:pathme_cp_PW.py:in the harder set
INFO:pathme_cp_PW.py:AUC FIVE NEGS
AP: 1.0000 - AUC-ROC: 0.9804 - AUC-PR: 0.9689 - P@50: 1.0000 > 4
INFO:pathme_cp_PW.py:AUC TEN NEGS
AP: 1.0000 - AUC-ROC: 0.9804 - AUC-PR: 0.9609 - P@50: 1.0000 > 4
INFO:pathme_cp_PW.py:length pred pos 	1617
INFO:pathme_cp_PW.py:retrieved negative samples
INFO:pathme_cp_PW.py:Done concatenation
INFO:pathme_cp_PW.py:scores five done
INFO:pathme_cp_PW.py:scores ten done
INFO:pathme_cp_PW.py:in the harder set
INFO:pathme_cp_PW.py:AUC FIVE NEGS
AP: 1.0000 - AUC-ROC: 0.9671 - AUC-PR: 0.9459 - P@50: 1.0000 > 5
INFO:pathme_cp_PW.py:AUC TEN NEGS
AP: 1.0000 - AUC-ROC: 0.9675 - AUC-PR: 0.9323 - P@50: 1.0000 > 5
INFO:pathme_cp_PW.py:length pred pos 	1591
INFO:pathme_cp_PW.py:retrieved negative samples
INFO:pathme_cp_PW.py:Done concatenation
INFO:pathme_cp_PW.py:scores five done
INFO:pathme_cp_PW.py:scores ten done
INFO:pathme_cp_PW.py:in the harder set
INFO:pathme_cp_PW.py:AUC FIVE NEGS
AP: 1.0000 - AUC-ROC: 0.9719 - AUC-PR: 0.9502 - P@50: 1.0000 > 6
INFO:pathme_cp_PW.py:AUC TEN NEGS
AP: 1.0000 - AUC-ROC: 0.9716 - AUC-PR: 0.9351 - P@50: 1.0000 > 6
INFO:pathme_cp_PW.py:done
INFO:pathme_cp_PW.py:metrics done
INFO:pathme_cp_PW.py:AUC_ROC five 	0.9828502253926799
INFO:pathme_cp_PW.py:AUC_ROC ten 	0.982889748466184
INFO:pathme_cp_PW.py:CLASSIFICATION METRICS FIVE
INFO:pathme_cp_PW.py:Error 	test results	AUC-ROC 0.982850	AP 1.000000	P@50 1.000000	AUC_PR 0.950236
INFO:pathme_cp_PW.py:CLASSIFICATION METRICS TEN
INFO:pathme_cp_PW.py:Error 	test results	AUC-ROC 0.982890	AP 1.000000	P@50 1.000000	AUC_PR 0.935064
INFO:pathme_cp_PW.py:length predicate_instanes 	7
INFO:pathme_cp_PW.py:predicate instances done
INFO:pathme_cp_PW.py:all tiples 	torch.Size([64266, 3])
INFO:pathme_cp_PW.py:make test triples numpy
INFO:pathme_cp_PW.py:about to start predicting
INFO:pathme_cp_PW.py:length pred pos 	21046
INFO:pathme_cp_PW.py:retrieved negative samples
AP: 1.0000 - AUC-ROC: 0.9901 - AUC-PR: 0.9933 - P@50: 1.0000 > 0
INFO:pathme_cp_PW.py:length pred pos 	27535
INFO:pathme_cp_PW.py:retrieved negative samples
AP: 1.0000 - AUC-ROC: 0.9927 - AUC-PR: 0.9953 - P@50: 1.0000 > 1
INFO:pathme_cp_PW.py:length pred pos 	6939
INFO:pathme_cp_PW.py:retrieved negative samples
AP: 1.0000 - AUC-ROC: 0.9925 - AUC-PR: 0.9948 - P@50: 1.0000 > 2
INFO:pathme_cp_PW.py:length pred pos 	1959
INFO:pathme_cp_PW.py:retrieved negative samples
AP: 1.0000 - AUC-ROC: 0.9852 - AUC-PR: 0.9903 - P@50: 1.0000 > 3
INFO:pathme_cp_PW.py:length pred pos 	3579
INFO:pathme_cp_PW.py:retrieved negative samples
AP: 1.0000 - AUC-ROC: 0.9802 - AUC-PR: 0.9866 - P@50: 1.0000 > 4
INFO:pathme_cp_PW.py:length pred pos 	1617
INFO:pathme_cp_PW.py:retrieved negative samples
AP: 1.0000 - AUC-ROC: 0.9674 - AUC-PR: 0.9775 - P@50: 1.0000 > 5
INFO:pathme_cp_PW.py:length pred pos 	1591
INFO:pathme_cp_PW.py:retrieved negative samples
AP: 1.0000 - AUC-ROC: 0.9716 - AUC-PR: 0.9799 - P@50: 1.0000 > 6
INFO:pathme_cp_PW.py:done
INFO:pathme_cp_PW.py:metrics done
INFO:pathme_cp_PW.py:AUC_ROC 	0.9828257459867787
INFO:pathme_cp_PW.py:CLASSIFICATION METRICS
INFO:pathme_cp_PW.py:Error 	test results	AUC-ROC 0.982826	AP 1.000000	P@50 1.000000	AUC_PR 0.979853
GPU Epilog Script v0.30
