./test2.py --data pse --mcl True --batch-size 50 --epochs 100 --embedding-size 150 --learning-rate 0.01 --regulariser n3 --reg-weight 0.05 --optimizer adagrad --quiet
MCL True
INFO:test2.py:Valid: False
INFO:test2.py:Device: cuda
curr directory /home/acalvi/Dissertation/Aladdin/biolink
Importing dataset files ... 
<class 'biolink.embeddings.models_mc.ComplEx_MC'>
INFO:test2.py:Device: cuda
INFO:test2.py:Epoch 1/100	Loss 11.7265 ± 0.2450
INFO:test2.py:Epoch 2/100	Loss 11.5944 ± 0.1709
INFO:test2.py:Epoch 3/100	Loss 11.5687 ± 0.1671
INFO:test2.py:Epoch 4/100	Loss 11.5516 ± 0.1653
INFO:test2.py:Epoch 5/100	Loss 11.5377 ± 0.1644
INFO:test2.py:Epoch 6/100	Loss 11.5254 ± 0.1637
INFO:test2.py:Epoch 7/100	Loss 11.5145 ± 0.1618
INFO:test2.py:Epoch 8/100	Loss 11.5050 ± 0.1614
INFO:test2.py:Epoch 9/100	Loss 11.4970 ± 0.1612
INFO:test2.py:Epoch 10/100	Loss 11.4903 ± 0.1607
INFO:test2.py:Epoch 11/100	Loss 11.4847 ± 0.1605
INFO:test2.py:Epoch 12/100	Loss 11.4799 ± 0.1600
INFO:test2.py:Epoch 13/100	Loss 11.4758 ± 0.1600
INFO:test2.py:Epoch 14/100	Loss 11.4718 ± 0.1598
INFO:test2.py:Epoch 15/100	Loss 11.4664 ± 0.1598
INFO:test2.py:Epoch 16/100	Loss 11.4609 ± 0.1600
INFO:test2.py:Epoch 17/100	Loss 11.4562 ± 0.1595
INFO:test2.py:Epoch 18/100	Loss 11.4522 ± 0.1592
INFO:test2.py:Epoch 19/100	Loss 11.4488 ± 0.1589
INFO:test2.py:Epoch 20/100	Loss 11.4458 ± 0.1588
INFO:test2.py:Epoch 21/100	Loss 11.4433 ± 0.1591
INFO:test2.py:Epoch 22/100	Loss 11.4410 ± 0.1596
INFO:test2.py:Epoch 23/100	Loss 11.4389 ± 0.1582
INFO:test2.py:Epoch 24/100	Loss 11.4371 ± 0.1589
INFO:test2.py:Epoch 25/100	Loss 11.4354 ± 0.1582
INFO:test2.py:Epoch 26/100	Loss 11.4339 ± 0.1583
INFO:test2.py:Epoch 27/100	Loss 11.4325 ± 0.1590
INFO:test2.py:Epoch 28/100	Loss 11.4312 ± 0.1592
INFO:test2.py:Epoch 29/100	Loss 11.4300 ± 0.1586
INFO:test2.py:Epoch 30/100	Loss 11.4289 ± 0.1588
INFO:test2.py:Epoch 31/100	Loss 11.4278 ± 0.1576
INFO:test2.py:Epoch 32/100	Loss 11.4268 ± 0.1582
INFO:test2.py:Epoch 33/100	Loss 11.4259 ± 0.1582
INFO:test2.py:Epoch 34/100	Loss 11.4251 ± 0.1582
INFO:test2.py:Epoch 35/100	Loss 11.4242 ± 0.1588
INFO:test2.py:Epoch 36/100	Loss 11.4235 ± 0.1589
INFO:test2.py:Epoch 37/100	Loss 11.4227 ± 0.1582
INFO:test2.py:Epoch 38/100	Loss 11.4220 ± 0.1583
INFO:test2.py:Epoch 39/100	Loss 11.4214 ± 0.1577
INFO:test2.py:Epoch 40/100	Loss 11.4208 ± 0.1580
INFO:test2.py:Epoch 41/100	Loss 11.4201 ± 0.1584
INFO:test2.py:Epoch 42/100	Loss 11.4196 ± 0.1582
INFO:test2.py:Epoch 43/100	Loss 11.4190 ± 0.1578
INFO:test2.py:Epoch 44/100	Loss 11.4185 ± 0.1579
INFO:test2.py:Epoch 45/100	Loss 11.4180 ± 0.1575
INFO:test2.py:Epoch 46/100	Loss 11.4175 ± 0.1582
INFO:test2.py:Epoch 47/100	Loss 11.4170 ± 0.1584
INFO:test2.py:Epoch 48/100	Loss 11.4166 ± 0.1580
INFO:test2.py:Epoch 49/100	Loss 11.4161 ± 0.1576
INFO:test2.py:Epoch 50/100	Loss 11.4157 ± 0.1571
INFO:test2.py:Epoch 51/100	Loss 11.4153 ± 0.1575
INFO:test2.py:Epoch 52/100	Loss 11.4149 ± 0.1576
INFO:test2.py:Epoch 53/100	Loss 11.4145 ± 0.1572
INFO:test2.py:Epoch 54/100	Loss 11.4141 ± 0.1577
INFO:test2.py:Epoch 55/100	Loss 11.4138 ± 0.1583
INFO:test2.py:Epoch 56/100	Loss 11.4134 ± 0.1573
INFO:test2.py:Epoch 57/100	Loss 11.4131 ± 0.1581
INFO:test2.py:Epoch 58/100	Loss 11.4127 ± 0.1573
INFO:test2.py:Epoch 59/100	Loss 11.4124 ± 0.1564
INFO:test2.py:Epoch 60/100	Loss 11.4121 ± 0.1582
INFO:test2.py:Epoch 61/100	Loss 11.4118 ± 0.1576
INFO:test2.py:Epoch 62/100	Loss 11.4115 ± 0.1572
INFO:test2.py:Epoch 63/100	Loss 11.4112 ± 0.1568
INFO:test2.py:Epoch 64/100	Loss 11.4109 ± 0.1577
INFO:test2.py:Epoch 65/100	Loss 11.4106 ± 0.1560
INFO:test2.py:Epoch 66/100	Loss 11.4103 ± 0.1571
INFO:test2.py:Epoch 67/100	Loss 11.4101 ± 0.1580
INFO:test2.py:Epoch 68/100	Loss 11.4098 ± 0.1568
INFO:test2.py:Epoch 69/100	Loss 11.4095 ± 0.1573
INFO:test2.py:Epoch 70/100	Loss 11.4093 ± 0.1565
INFO:test2.py:Epoch 71/100	Loss 11.4090 ± 0.1564
INFO:test2.py:Epoch 72/100	Loss 11.4088 ± 0.1576
INFO:test2.py:Epoch 73/100	Loss 11.4085 ± 0.1565
INFO:test2.py:Epoch 74/100	Loss 11.4083 ± 0.1570
INFO:test2.py:Epoch 75/100	Loss 11.4081 ± 0.1569
INFO:test2.py:Epoch 76/100	Loss 11.4079 ± 0.1572
INFO:test2.py:Epoch 77/100	Loss 11.4076 ± 0.1576
INFO:test2.py:Epoch 78/100	Loss 11.4074 ± 0.1569
INFO:test2.py:Epoch 79/100	Loss 11.4072 ± 0.1570
INFO:test2.py:Epoch 80/100	Loss 11.4070 ± 0.1563
INFO:test2.py:Epoch 81/100	Loss 11.4068 ± 0.1566
INFO:test2.py:Epoch 82/100	Loss 11.4066 ± 0.1562
INFO:test2.py:Epoch 83/100	Loss 11.4064 ± 0.1573
INFO:test2.py:Epoch 84/100	Loss 11.4062 ± 0.1562
INFO:test2.py:Epoch 85/100	Loss 11.4060 ± 0.1559
INFO:test2.py:Epoch 86/100	Loss 11.4058 ± 0.1572
INFO:test2.py:Epoch 87/100	Loss 11.4057 ± 0.1568
INFO:test2.py:Epoch 88/100	Loss 11.4055 ± 0.1562
INFO:test2.py:Epoch 89/100	Loss 11.4053 ± 0.1567
INFO:test2.py:Epoch 90/100	Loss 11.4051 ± 0.1565
INFO:test2.py:Epoch 91/100	Loss 11.4050 ± 0.1561
INFO:test2.py:Epoch 92/100	Loss 11.4048 ± 0.1566
INFO:test2.py:Epoch 93/100	Loss 11.4046 ± 0.1567
INFO:test2.py:Epoch 94/100	Loss 11.4044 ± 0.1563
INFO:test2.py:Epoch 95/100	Loss 11.4041 ± 0.1568
INFO:test2.py:Epoch 96/100	Loss 11.4038 ± 0.1566
INFO:test2.py:Epoch 97/100	Loss 11.4035 ± 0.1562
INFO:test2.py:Epoch 98/100	Loss 11.4032 ± 0.1562
INFO:test2.py:Epoch 99/100	Loss 11.4029 ± 0.1564
