./test2.py --data pse --mcl True --batch-size 25 --epochs 100 --embedding-size 50 --learning-rate 0.1 --regulariser n3 --reg-weight 0.001 --optimizer adagrad --quiet
MCL True
INFO:test2.py:Valid: False
INFO:test2.py:Device: cuda
curr directory /home/acalvi/Dissertation/Aladdin/biolink
Importing dataset files ... 
<class 'biolink.embeddings.models_mc.ComplEx_MC'>
INFO:test2.py:Device: cuda
INFO:test2.py:Epoch 1/100	Loss 10.6746 ± 0.4194
INFO:test2.py:Epoch 2/100	Loss 10.3220 ± 0.2796
INFO:test2.py:Epoch 3/100	Loss 10.2406 ± 0.2794
INFO:test2.py:Epoch 4/100	Loss 10.2021 ± 0.2805
INFO:test2.py:Epoch 5/100	Loss 10.1798 ± 0.2795
INFO:test2.py:Epoch 6/100	Loss 10.1652 ± 0.2802
INFO:test2.py:Epoch 7/100	Loss 10.1544 ± 0.2793
INFO:test2.py:Epoch 8/100	Loss 10.1463 ± 0.2800
INFO:test2.py:Epoch 9/100	Loss 10.1398 ± 0.2800
INFO:test2.py:Epoch 10/100	Loss 10.1343 ± 0.2791
INFO:test2.py:Epoch 11/100	Loss 10.1298 ± 0.2798
INFO:test2.py:Epoch 12/100	Loss 10.1259 ± 0.2793
INFO:test2.py:Epoch 13/100	Loss 10.1225 ± 0.2800
INFO:test2.py:Epoch 14/100	Loss 10.1196 ± 0.2779
INFO:test2.py:Epoch 15/100	Loss 10.1169 ± 0.2793
INFO:test2.py:Epoch 16/100	Loss 10.1146 ± 0.2797
INFO:test2.py:Epoch 17/100	Loss 10.1124 ± 0.2797
INFO:test2.py:Epoch 18/100	Loss 10.1105 ± 0.2795
INFO:test2.py:Epoch 19/100	Loss 10.1086 ± 0.2794
INFO:test2.py:Epoch 20/100	Loss 10.1070 ± 0.2795
INFO:test2.py:Epoch 21/100	Loss 10.1055 ± 0.2785
INFO:test2.py:Epoch 22/100	Loss 10.1041 ± 0.2781
INFO:test2.py:Epoch 23/100	Loss 10.1028 ± 0.2798
INFO:test2.py:Epoch 24/100	Loss 10.1015 ± 0.2794
INFO:test2.py:Epoch 25/100	Loss 10.1004 ± 0.2787
INFO:test2.py:Epoch 26/100	Loss 10.0993 ± 0.2787
INFO:test2.py:Epoch 27/100	Loss 10.0983 ± 0.2789
INFO:test2.py:Epoch 28/100	Loss 10.0973 ± 0.2785
INFO:test2.py:Epoch 29/100	Loss 10.0965 ± 0.2791
INFO:test2.py:Epoch 30/100	Loss 10.0956 ± 0.2792
INFO:test2.py:Epoch 31/100	Loss 10.0948 ± 0.2786
INFO:test2.py:Epoch 32/100	Loss 10.0940 ± 0.2789
INFO:test2.py:Epoch 33/100	Loss 10.0932 ± 0.2785
INFO:test2.py:Epoch 34/100	Loss 10.0925 ± 0.2781
INFO:test2.py:Epoch 35/100	Loss 10.0919 ± 0.2786
INFO:test2.py:Epoch 36/100	Loss 10.0912 ± 0.2790
INFO:test2.py:Epoch 37/100	Loss 10.0906 ± 0.2778
INFO:test2.py:Epoch 38/100	Loss 10.0900 ± 0.2772
INFO:test2.py:Epoch 39/100	Loss 10.0894 ± 0.2782
INFO:test2.py:Epoch 40/100	Loss 10.0888 ± 0.2791
INFO:test2.py:Epoch 41/100	Loss 10.0883 ± 0.2790
INFO:test2.py:Epoch 42/100	Loss 10.0878 ± 0.2784
INFO:test2.py:Epoch 43/100	Loss 10.0873 ± 0.2782
INFO:test2.py:Epoch 44/100	Loss 10.0869 ± 0.2790
INFO:test2.py:Epoch 45/100	Loss 10.0864 ± 0.2778
INFO:test2.py:Epoch 46/100	Loss 10.0859 ± 0.2777
INFO:test2.py:Epoch 47/100	Loss 10.0855 ± 0.2782
INFO:test2.py:Epoch 48/100	Loss 10.0851 ± 0.2776
INFO:test2.py:Epoch 49/100	Loss 10.0847 ± 0.2778
INFO:test2.py:Epoch 50/100	Loss 10.0843 ± 0.2780
INFO:test2.py:Epoch 51/100	Loss 10.0839 ± 0.2781
INFO:test2.py:Epoch 52/100	Loss 10.0835 ± 0.2779
INFO:test2.py:Epoch 53/100	Loss 10.0831 ± 0.2783
INFO:test2.py:Epoch 54/100	Loss 10.0828 ± 0.2781
INFO:test2.py:Epoch 55/100	Loss 10.0824 ± 0.2786
INFO:test2.py:Epoch 56/100	Loss 10.0821 ± 0.2782
INFO:test2.py:Epoch 57/100	Loss 10.0818 ± 0.2778
INFO:test2.py:Epoch 58/100	Loss 10.0815 ± 0.2786
INFO:test2.py:Epoch 59/100	Loss 10.0812 ± 0.2783
INFO:test2.py:Epoch 60/100	Loss 10.0808 ± 0.2784
INFO:test2.py:Epoch 61/100	Loss 10.0806 ± 0.2782
INFO:test2.py:Epoch 62/100	Loss 10.0803 ± 0.2783
INFO:test2.py:Epoch 63/100	Loss 10.0800 ± 0.2783
INFO:test2.py:Epoch 64/100	Loss 10.0797 ± 0.2782
INFO:test2.py:Epoch 65/100	Loss 10.0794 ± 0.2777
INFO:test2.py:Epoch 66/100	Loss 10.0792 ± 0.2784
INFO:test2.py:Epoch 67/100	Loss 10.0789 ± 0.2781
INFO:test2.py:Epoch 68/100	Loss 10.0787 ± 0.2781
INFO:test2.py:Epoch 69/100	Loss 10.0784 ± 0.2777
INFO:test2.py:Epoch 70/100	Loss 10.0782 ± 0.2784
INFO:test2.py:Epoch 71/100	Loss 10.0779 ± 0.2781
INFO:test2.py:Epoch 72/100	Loss 10.0777 ± 0.2769
INFO:test2.py:Epoch 73/100	Loss 10.0775 ± 0.2772
INFO:test2.py:Epoch 74/100	Loss 10.0773 ± 0.2780
INFO:test2.py:Epoch 75/100	Loss 10.0771 ± 0.2776
INFO:test2.py:Epoch 76/100	Loss 10.0768 ± 0.2779
INFO:test2.py:Epoch 77/100	Loss 10.0766 ± 0.2767
INFO:test2.py:Epoch 78/100	Loss 10.0764 ± 0.2777
INFO:test2.py:Epoch 79/100	Loss 10.0762 ± 0.2771
INFO:test2.py:Epoch 80/100	Loss 10.0760 ± 0.2776
INFO:test2.py:Epoch 81/100	Loss 10.0758 ± 0.2776
INFO:test2.py:Epoch 82/100	Loss 10.0756 ± 0.2776
INFO:test2.py:Epoch 83/100	Loss 10.0754 ± 0.2781
INFO:test2.py:Epoch 84/100	Loss 10.0752 ± 0.2781
INFO:test2.py:Epoch 85/100	Loss 10.0751 ± 0.2774
INFO:test2.py:Epoch 86/100	Loss 10.0749 ± 0.2776
INFO:test2.py:Epoch 87/100	Loss 10.0747 ± 0.2778
INFO:test2.py:Epoch 88/100	Loss 10.0745 ± 0.2781
INFO:test2.py:Epoch 89/100	Loss 10.0743 ± 0.2785
INFO:test2.py:Epoch 90/100	Loss 10.0742 ± 0.2773
INFO:test2.py:Epoch 91/100	Loss 10.0740 ± 0.2774
INFO:test2.py:Epoch 92/100	Loss 10.0739 ± 0.2780
INFO:test2.py:Epoch 93/100	Loss 10.0737 ± 0.2783
INFO:test2.py:Epoch 94/100	Loss 10.0735 ± 0.2779
