['--model', 'complex', '--data', 'covid', '--loss', 'bce', '--mcl', 'True', '--epochs', '100', '--learning-rate', '0.394', '--batch-size', '268', '--reg-weight', '3.238e-10', '--embedding-size', '200', '--quiet', '--save_model_name', 'cplex_covid_mcl_lr_394_bsize_268_rw_3238_es_200_BCE_forREL', '--rare', '--load']
MCL True
INFO:best_cplex_covid_BCE.py:Valid: False
INFO:best_cplex_covid_BCE.py:Device: cuda
INFO:best_cplex_covid_BCE.py:auc and lod happening
INFO:best_cplex_covid_BCE.py:dataset name 	train
INFO:best_cplex_covid_BCE.py:dataset name 	valid
INFO:best_cplex_covid_BCE.py:dataset name 	test
INFO:best_cplex_covid_BCE.py:in evalute for dataset: 	test
NEW MRR: 0.18282127252049857
INFO:best_cplex_covid_BCE.py:done
INFO:best_cplex_covid_BCE.py:metrics done
INFO:best_cplex_covid_BCE.py:TEST RESULTS
INFO:best_cplex_covid_BCE.py:Error 	test results 	MRR 0.182821	H@1 0.120367	H@3 0.201481	H@10 0.301934	AU-ROC_raw -1.000000	AU-ROC_fil -1.000000
INFO:best_cplex_covid_BCE.py:===========
NEW MRR: 0.6034981269936126
INFO:best_cplex_covid_BCE.py:done
INFO:best_cplex_covid_BCE.py:metrics done
INFO:best_cplex_covid_BCE.py:VERY RARE RESULTS
INFO:best_cplex_covid_BCE.py:Error VERYRARE HEAD results 	MRR 0.603498	H@1 0.584958	H@3 0.610028	H@10 0.637883	AU-ROC_raw -1.000000	AU-ROC_fil -1.000000
NEW MRR: 0.6304323975557298
INFO:best_cplex_covid_BCE.py:done
INFO:best_cplex_covid_BCE.py:metrics done
INFO:best_cplex_covid_BCE.py:Error VERYRARE TAIL results 	MRR 0.630432	H@1 0.618557	H@3 0.634021	H@10 0.652062	AU-ROC_raw -1.000000	AU-ROC_fil -1.000000
NEW MRR: 0.22407656562241712
INFO:best_cplex_covid_BCE.py:done
INFO:best_cplex_covid_BCE.py:metrics done
INFO:best_cplex_covid_BCE.py:RARE RESULTS
INFO:best_cplex_covid_BCE.py:Error RARE HEAD results 	MRR 0.224077	H@1 0.169347	H@3 0.244061	H@10 0.329561	AU-ROC_raw -1.000000	AU-ROC_fil -1.000000
NEW MRR: 0.23444482467655284
INFO:best_cplex_covid_BCE.py:done
INFO:best_cplex_covid_BCE.py:metrics done
INFO:best_cplex_covid_BCE.py:Error RARE TAIL results 	MRR 0.234445	H@1 0.172963	H@3 0.258888	H@10 0.352945	AU-ROC_raw -1.000000	AU-ROC_fil -1.000000
NEW MRR: 0.1984461824135126
INFO:best_cplex_covid_BCE.py:done
INFO:best_cplex_covid_BCE.py:metrics done
INFO:best_cplex_covid_BCE.py:COMMON RESULTS
INFO:best_cplex_covid_BCE.py:Error COMMON- HEAD results 	MRR 0.198446	H@1 0.131950	H@3 0.219753	H@10 0.325457	AU-ROC_raw -1.000000	AU-ROC_fil -1.000000
NEW MRR: 0.20395025366608194
INFO:best_cplex_covid_BCE.py:done
INFO:best_cplex_covid_BCE.py:metrics done
INFO:best_cplex_covid_BCE.py:Error COMMON- TAIL results 	MRR 0.203950	H@1 0.135960	H@3 0.227434	H@10 0.332016	AU-ROC_raw -1.000000	AU-ROC_fil -1.000000
NEW MRR: 0.13320242046197958
INFO:best_cplex_covid_BCE.py:done
INFO:best_cplex_covid_BCE.py:metrics done
INFO:best_cplex_covid_BCE.py:VERYCOMMON RESULTS
INFO:best_cplex_covid_BCE.py:Error VERY-COMMON HEAD results 	MRR 0.133202	H@1 0.069548	H@3 0.146248	H@10 0.253524	AU-ROC_raw -1.000000	AU-ROC_fil -1.000000
NEW MRR: 0.12197374556457934
INFO:best_cplex_covid_BCE.py:done
INFO:best_cplex_covid_BCE.py:metrics done
INFO:best_cplex_covid_BCE.py:Error VERY-COMMON TAIL results 	MRR 0.121974	H@1 0.061851	H@3 0.131514	H@10 0.237754	AU-ROC_raw -1.000000	AU-ROC_fil -1.000000
NEW MRR: 0.07581497356093662
INFO:best_cplex_covid_BCE.py:done
INFO:best_cplex_covid_BCE.py:metrics done
INFO:best_cplex_covid_BCE.py:VERYVERYCOMMON RESULTS
INFO:best_cplex_covid_BCE.py:Error VERYVERY-COMMON HEAD results 	MRR 0.075815	H@1 0.031659	H@3 0.068383	H@10 0.162516	AU-ROC_raw -1.000000	AU-ROC_fil -1.000000
NEW MRR: 0.065500709766936
INFO:best_cplex_covid_BCE.py:done
INFO:best_cplex_covid_BCE.py:metrics done
INFO:best_cplex_covid_BCE.py:Error VERYVERY-COMMON TAIL results 	MRR 0.065501	H@1 0.020440	H@3 0.061321	H@10 0.146619	AU-ROC_raw -1.000000	AU-ROC_fil -1.000000
/opt/miniconda/envs/nina/lib/python3.7/site-packages/tensorflow/python/framework/dtypes.py:526: FutureWarning: Passing (type, 1) or '1type' as a synonym of type is deprecated; in a future version of numpy, it will be understood as (type, (1,)) / '(1,)type'.
  _np_qint8 = np.dtype([("qint8", np.int8, 1)])
/opt/miniconda/envs/nina/lib/python3.7/site-packages/tensorflow/python/framework/dtypes.py:527: FutureWarning: Passing (type, 1) or '1type' as a synonym of type is deprecated; in a future version of numpy, it will be understood as (type, (1,)) / '(1,)type'.
  _np_quint8 = np.dtype([("quint8", np.uint8, 1)])
/opt/miniconda/envs/nina/lib/python3.7/site-packages/tensorflow/python/framework/dtypes.py:528: FutureWarning: Passing (type, 1) or '1type' as a synonym of type is deprecated; in a future version of numpy, it will be understood as (type, (1,)) / '(1,)type'.
  _np_qint16 = np.dtype([("qint16", np.int16, 1)])
/opt/miniconda/envs/nina/lib/python3.7/site-packages/tensorflow/python/framework/dtypes.py:529: FutureWarning: Passing (type, 1) or '1type' as a synonym of type is deprecated; in a future version of numpy, it will be understood as (type, (1,)) / '(1,)type'.
  _np_quint16 = np.dtype([("quint16", np.uint16, 1)])
/opt/miniconda/envs/nina/lib/python3.7/site-packages/tensorflow/python/framework/dtypes.py:530: FutureWarning: Passing (type, 1) or '1type' as a synonym of type is deprecated; in a future version of numpy, it will be understood as (type, (1,)) / '(1,)type'.
  _np_qint32 = np.dtype([("qint32", np.int32, 1)])
/opt/miniconda/envs/nina/lib/python3.7/site-packages/tensorflow/python/framework/dtypes.py:535: FutureWarning: Passing (type, 1) or '1type' as a synonym of type is deprecated; in a future version of numpy, it will be understood as (type, (1,)) / '(1,)type'.
  np_resource = np.dtype([("resource", np.ubyte, 1)])
