GPU Prolog Script v0.30
This is a GPU node.
Enough GPUs available.
Allocating card 7
['--model', 'tucker', '--data', 'covid', '--loss', 'pw_logistic', '--epochs', '600', '--valid', '--learning-rate', '0.599', '--batch-size', '512', '--reg-weight', '0.006', '--embedding-size', '50', '--rel-emb-size', '50', '--quiet', '--save_model_name', 'PW_tucker_covid_lr_599_bsize_512_rw_006_es_50_rw_50_forREL_COVID', '--auc', '--nb-negs', '50', '--rel_type', '/home/acalvi/Dissertation/Aladdin/biolink/testing/data/covid/rel_type_covid.json', '--ent_type', '/home/acalvi/Dissertation/Aladdin/biolink/testing/data/covid/ent_type_covid.csv', '--neg_by_type', '--harder', '--testrel', 'best_PW_TUCKER_COVID.csv', '--rare', '--load']
MCL False
INFO:pw_tuck_covid.py:Valid: True
INFO:pw_tuck_covid.py:Device: cuda
INFO:pw_tuck_covid.py:auc and lod happening
INFO:pw_tuck_covid.py:dataset name 	train
INFO:pw_tuck_covid.py:dataset name 	valid
INFO:pw_tuck_covid.py:dataset name 	test
INFO:pw_tuck_covid.py:in evalute for dataset: 	test
1024
INFO:pw_tuck_covid.py:done
INFO:pw_tuck_covid.py:metrics done
INFO:pw_tuck_covid.py:TEST RESULTS
INFO:pw_tuck_covid.py:Error 	test results 	MRR 0.076112	H@1 0.027872	H@3 0.071801	H@10 0.165086	AU-ROC_raw -1.000000	AU-ROC_fil -1.000000
INFO:pw_tuck_covid.py:===========
GPU Epilog Script v0.30
GPU Prolog Script v0.30
This is a GPU node.
Enough GPUs available.
Allocating card 3
['--model', 'tucker', '--data', 'covid', '--loss', 'pw_logistic', '--epochs', '600', '--valid', '--learning-rate', '0.599', '--batch-size', '512', '--reg-weight', '0.006', '--embedding-size', '50', '--rel-emb-size', '50', '--quiet', '--save_model_name', 'PW_tucker_covid_lr_599_bsize_512_rw_006_es_50_rw_50_forREL_COVID', '--auc', '--nb-negs', '50', '--rel_type', '/home/acalvi/Dissertation/Aladdin/biolink/testing/data/covid/rel_type_covid.json', '--ent_type', '/home/acalvi/Dissertation/Aladdin/biolink/testing/data/covid/ent_type_covid.csv', '--neg_by_type', '--harder', '--testrel', 'best_PW_TUCKER_COVID.csv', '--rare', '--load']
MCL False
INFO:pw_tuck_covid.py:Valid: True
INFO:pw_tuck_covid.py:Device: cuda
INFO:pw_tuck_covid.py:auc and lod happening
INFO:pw_tuck_covid.py:dataset name 	train
INFO:pw_tuck_covid.py:dataset name 	valid
INFO:pw_tuck_covid.py:dataset name 	test
INFO:pw_tuck_covid.py:in evalute for dataset: 	test
1024
INFO:pw_tuck_covid.py:done
INFO:pw_tuck_covid.py:metrics done
INFO:pw_tuck_covid.py:TEST RESULTS
INFO:pw_tuck_covid.py:Error 	test results 	MRR 0.076112	H@1 0.027872	H@3 0.071801	H@10 0.165086	AU-ROC_raw -1.000000	AU-ROC_fil -1.000000
INFO:pw_tuck_covid.py:===========
1024
INFO:pw_tuck_covid.py:done
INFO:pw_tuck_covid.py:metrics done
INFO:pw_tuck_covid.py:VERY RARE RESULTS
INFO:pw_tuck_covid.py:Error VERYRARE HEAD results 	MRR 0.253243	H@1 0.114206	H@3 0.345404	H@10 0.526462	AU-ROC_raw -1.000000	AU-ROC_fil -1.000000
1024
INFO:pw_tuck_covid.py:done
INFO:pw_tuck_covid.py:metrics done
INFO:pw_tuck_covid.py:Error VERYRARE TAIL results 	MRR 0.263667	H@1 0.136598	H@3 0.327320	H@10 0.554124	AU-ROC_raw -1.000000	AU-ROC_fil -1.000000
1024
INFO:pw_tuck_covid.py:done
INFO:pw_tuck_covid.py:metrics done
INFO:pw_tuck_covid.py:RARE RESULTS
INFO:pw_tuck_covid.py:Error RARE HEAD results 	MRR 0.101518	H@1 0.047449	H@3 0.114420	H@10 0.204818	AU-ROC_raw -1.000000	AU-ROC_fil -1.000000
1024
INFO:pw_tuck_covid.py:done
INFO:pw_tuck_covid.py:metrics done
INFO:pw_tuck_covid.py:Error RARE TAIL results 	MRR 0.109083	H@1 0.051227	H@3 0.120425	H@10 0.223075	AU-ROC_raw -1.000000	AU-ROC_fil -1.000000
1024
INFO:pw_tuck_covid.py:done
INFO:pw_tuck_covid.py:metrics done
INFO:pw_tuck_covid.py:COMMON RESULTS
INFO:pw_tuck_covid.py:Error COMMON- HEAD results 	MRR 0.082810	H@1 0.031708	H@3 0.078700	H@10 0.180763	AU-ROC_raw -1.000000	AU-ROC_fil -1.000000
1024
INFO:pw_tuck_covid.py:done
INFO:pw_tuck_covid.py:metrics done
INFO:pw_tuck_covid.py:Error COMMON- TAIL results 	MRR 0.083196	H@1 0.030935	H@3 0.077317	H@10 0.185246	AU-ROC_raw -1.000000	AU-ROC_fil -1.000000
1024
INFO:pw_tuck_covid.py:done
INFO:pw_tuck_covid.py:metrics done
INFO:pw_tuck_covid.py:VERYCOMMON RESULTS
INFO:pw_tuck_covid.py:Error VERY-COMMON HEAD results 	MRR 0.048389	H@1 0.009639	H@3 0.031924	H@10 0.105203	AU-ROC_raw -1.000000	AU-ROC_fil -1.000000
1024
INFO:pw_tuck_covid.py:done
INFO:pw_tuck_covid.py:metrics done
INFO:pw_tuck_covid.py:Error VERY-COMMON TAIL results 	MRR 0.046232	H@1 0.008915	H@3 0.025641	H@10 0.104586	AU-ROC_raw -1.000000	AU-ROC_fil -1.000000
1024
INFO:pw_tuck_covid.py:done
INFO:pw_tuck_covid.py:metrics done
INFO:pw_tuck_covid.py:VERYVERYCOMMON RESULTS
INFO:pw_tuck_covid.py:Error VERYVERY-COMMON HEAD results 	MRR 0.036443	H@1 0.005065	H@3 0.017307	H@10 0.062474	AU-ROC_raw -1.000000	AU-ROC_fil -1.000000
1024
INFO:pw_tuck_covid.py:done
INFO:pw_tuck_covid.py:metrics done
INFO:pw_tuck_covid.py:Error VERYVERY-COMMON TAIL results 	MRR 0.033382	H@1 0.004324	H@3 0.013758	H@10 0.055818	AU-ROC_raw -1.000000	AU-ROC_fil -1.000000
INFO:pw_tuck_covid.py:test triples shape 	torch.Size([53154, 3])
TEST SIZE RELATION 53154
INFO:pw_tuck_covid.py:INFO RELATION 	8
INFO:pw_tuck_covid.py:MRR 	0.040278272396740276, H@1 	0.009823182711198428, H@3 	0.026154223968565815, H@10 	0.08411100196463654
INFO:pw_tuck_covid.py:INFO RELATION 	1
INFO:pw_tuck_covid.py:MRR 	0.04237320099878515, H@1 	0.012265978050355068, H@3 	0.03324725629438347, H@10 	0.09167204648160103
INFO:pw_tuck_covid.py:INFO RELATION 	7
INFO:pw_tuck_covid.py:MRR 	0.04741837369095558, H@1 	0.016377005347593582, H@3 	0.03888146167557932, H@10 	0.09525401069518717
INFO:pw_tuck_covid.py:INFO RELATION 	3
INFO:pw_tuck_covid.py:MRR 	0.02901107709955687, H@1 	0.007761966364812419, H@3 	0.017464424320827943, H@10 	0.05109961190168176
INFO:pw_tuck_covid.py:INFO RELATION 	9
INFO:pw_tuck_covid.py:MRR 	0.09280100592710566, H@1 	0.023026315789473683, H@3 	0.09381091617933723, H@10 	0.2328216374269006
INFO:pw_tuck_covid.py:INFO RELATION 	10
INFO:pw_tuck_covid.py:MRR 	0.12119078379292243, H@1 	0.07444990386669514, H@3 	0.11493270668660542, H@10 	0.21181371501815852
INFO:pw_tuck_covid.py:INFO RELATION 	14
INFO:pw_tuck_covid.py:MRR 	0.24175491691995832, H@1 	0.12570328694107197, H@3 	0.2639917086171158, H@10 	0.4936334024281907
INFO:pw_tuck_covid.py:INFO RELATION 	0
INFO:pw_tuck_covid.py:MRR 	0.0703466921745484, H@1 	0.009821535513235119, H@3 	0.07449994011258833, H@10 	0.18750748592645824
INFO:pw_tuck_covid.py:INFO RELATION 	5
INFO:pw_tuck_covid.py:MRR 	0.051511108418871555, H@1 	0.012946837763519707, H@3 	0.03838221814848763, H@10 	0.1154903758020165
INFO:pw_tuck_covid.py:INFO RELATION 	19
INFO:pw_tuck_covid.py:MRR 	0.027164403668934384, H@1 	0.0049504950495049506, H@3 	0.015841584158415842, H@10 	0.054455445544554455
INFO:pw_tuck_covid.py:INFO RELATION 	4
INFO:pw_tuck_covid.py:MRR 	0.03353505073064989, H@1 	0.008141112618724558, H@3 	0.0203527815468114, H@10 	0.06682496607869742
INFO:pw_tuck_covid.py:INFO RELATION 	13
INFO:pw_tuck_covid.py:MRR 	0.09591948949099731, H@1 	0.041186393027832446, H@3 	0.09165026707899916, H@10 	0.19665448411582795
INFO:pw_tuck_covid.py:INFO RELATION 	11
INFO:pw_tuck_covid.py:MRR 	0.035307404780611916, H@1 	0.004515352197471403, H@3 	0.020921131848284168, H@10 	0.08112582781456953
INFO:pw_tuck_covid.py:INFO RELATION 	12
INFO:pw_tuck_covid.py:MRR 	0.06248785512835566, H@1 	0.021792510742786986, H@3 	0.05923879680785758, H@10 	0.14119091467157766
INFO:pw_tuck_covid.py:INFO RELATION 	2
INFO:pw_tuck_covid.py:MRR 	0.03787475527726701, H@1 	0.009908536585365854, H@3 	0.027439024390243903, H@10 	0.07088414634146341
INFO:pw_tuck_covid.py:INFO RELATION 	6
INFO:pw_tuck_covid.py:MRR 	0.06556421406686384, H@1 	0.022317596566523604, H@3 	0.06201716738197425, H@10 	0.14356223175965666
INFO:pw_tuck_covid.py:INFO RELATION 	21
INFO:pw_tuck_covid.py:MRR 	0.05196948442787579, H@1 	0.020905923344947737, H@3 	0.03832752613240418, H@10 	0.09059233449477352
INFO:pw_tuck_covid.py:INFO RELATION 	16
INFO:pw_tuck_covid.py:MRR 	0.052335807513783535, H@1 	0.01846381093057607, H@3 	0.04357459379615953, H@10 	0.10635155096011817
INFO:pw_tuck_covid.py:INFO RELATION 	23
INFO:pw_tuck_covid.py:MRR 	0.09194240207304967, H@1 	0.03723404255319149, H@3 	0.09042553191489362, H@10 	0.1702127659574468
INFO:pw_tuck_covid.py:INFO RELATION 	17
INFO:pw_tuck_covid.py:MRR 	0.025283064677582942, H@1 	0.0031446540880503146, H@3 	0.0110062893081761, H@10 	0.050314465408805034
INFO:pw_tuck_covid.py:INFO RELATION 	18
INFO:pw_tuck_covid.py:MRR 	0.03437114342839991, H@1 	0.006313131313131313, H@3 	0.021464646464646464, H@10 	0.07575757575757576
INFO:pw_tuck_covid.py:INFO RELATION 	22
INFO:pw_tuck_covid.py:MRR 	0.053263955916139125, H@1 	0.024096385542168676, H@3 	0.04216867469879518, H@10 	0.0963855421686747
INFO:pw_tuck_covid.py:INFO RELATION 	15
INFO:pw_tuck_covid.py:MRR 	0.038763544215888276, H@1 	0.009302325581395349, H@3 	0.030232558139534883, H@10 	0.08139534883720931
INFO:pw_tuck_covid.py:INFO RELATION 	25
INFO:pw_tuck_covid.py:MRR 	0.036215767354918174, H@1 	0.0, H@3 	0.025, H@10 	0.125
INFO:pw_tuck_covid.py:INFO RELATION 	26
INFO:pw_tuck_covid.py:MRR 	0.22592592592592592, H@1 	0.0, H@3 	0.5, H@10 	0.75
INFO:pw_tuck_covid.py:INFO RELATION 	20
INFO:pw_tuck_covid.py:MRR 	0.029421328307382304, H@1 	0.0038461538461538464, H@3 	0.023076923076923078, H@10 	0.07692307692307693
INFO:pw_tuck_covid.py:INFO RELATION 	24
INFO:pw_tuck_covid.py:MRR 	0.04078845728341547, H@1 	0.02830188679245283, H@3 	0.02830188679245283, H@10 	0.03773584905660377
MMR VAL 0.07122020952875191
INFO:pw_tuck_covid.py:done
INFO:pw_tuck_covid.py:metrics done
INFO:pw_tuck_covid.py:APPLYING TYPE INFORMATION TO NEG SAMPLING
INFO:pw_tuck_covid.py:length predicate_instanes 	27
INFO:pw_tuck_covid.py:predicate instances done
INFO:pw_tuck_covid.py:all tiples 	torch.Size([538064, 3])
INFO:pw_tuck_covid.py:make test triples numpy
INFO:pw_tuck_covid.py:about to start predicting
INFO:pw_tuck_covid.py:length pred pos 	83421
INFO:pw_tuck_covid.py:retrieved negative samples
INFO:pw_tuck_covid.py:Done concatenation
INFO:pw_tuck_covid.py:all se five facts(500526, 3)
INFO:pw_tuck_covid.py:SCORES FIVE SHAPE (40000,)
INFO:pw_tuck_covid.py:SCORES FIVE SHAPE (80000,)
INFO:pw_tuck_covid.py:SCORES FIVE SHAPE (120000,)
INFO:pw_tuck_covid.py:SCORES FIVE SHAPE (160000,)
INFO:pw_tuck_covid.py:SCORES FIVE SHAPE (200000,)
INFO:pw_tuck_covid.py:SCORES FIVE SHAPE (240000,)
INFO:pw_tuck_covid.py:SCORES FIVE SHAPE (280000,)
INFO:pw_tuck_covid.py:SCORES FIVE SHAPE (320000,)
INFO:pw_tuck_covid.py:SCORES FIVE SHAPE (360000,)
INFO:pw_tuck_covid.py:SCORES FIVE SHAPE (400000,)
INFO:pw_tuck_covid.py:SCORES FIVE SHAPE (440000,)
INFO:pw_tuck_covid.py:SCORES FIVE SHAPE (480000,)
INFO:pw_tuck_covid.py:SCORES FIVE SHAPE (500526,)
INFO:pw_tuck_covid.py:scores five done
INFO:pw_tuck_covid.py:scores ten done
INFO:pw_tuck_covid.py:in the harder set
INFO:pw_tuck_covid.py:AUC FIVE NEGS
AP: 0.9513 - AUC-ROC: 0.9895 - AUC-PR: 0.9513 - P@50: 0.8000 > 0
INFO:pw_tuck_covid.py:AUC TEN NEGS
AP: 0.9156 - AUC-ROC: 0.9896 - AUC-PR: 0.9156 - P@50: 0.6000 > 0
INFO:pw_tuck_covid.py:length pred pos 	16167
INFO:pw_tuck_covid.py:retrieved negative samples
INFO:pw_tuck_covid.py:Done concatenation
INFO:pw_tuck_covid.py:all se five facts(97002, 3)
INFO:pw_tuck_covid.py:SCORES FIVE SHAPE (40000,)
INFO:pw_tuck_covid.py:SCORES FIVE SHAPE (80000,)
INFO:pw_tuck_covid.py:SCORES FIVE SHAPE (97002,)
INFO:pw_tuck_covid.py:scores five done
INFO:pw_tuck_covid.py:scores ten done
INFO:pw_tuck_covid.py:in the harder set
INFO:pw_tuck_covid.py:AUC FIVE NEGS
AP: 0.9590 - AUC-ROC: 0.9903 - AUC-PR: 0.9590 - P@50: 0.9800 > 1
INFO:pw_tuck_covid.py:AUC TEN NEGS
AP: 0.9284 - AUC-ROC: 0.9903 - AUC-PR: 0.9284 - P@50: 0.9800 > 1
INFO:pw_tuck_covid.py:length pred pos 	6598
INFO:pw_tuck_covid.py:retrieved negative samples
INFO:pw_tuck_covid.py:Done concatenation
INFO:pw_tuck_covid.py:scores five done
INFO:pw_tuck_covid.py:scores ten done
INFO:pw_tuck_covid.py:in the harder set
INFO:pw_tuck_covid.py:AUC FIVE NEGS
AP: 0.9739 - AUC-ROC: 0.9951 - AUC-PR: 0.9739 - P@50: 0.9600 > 2
INFO:pw_tuck_covid.py:AUC TEN NEGS
AP: 0.9540 - AUC-ROC: 0.9952 - AUC-PR: 0.9540 - P@50: 1.0000 > 2
INFO:pw_tuck_covid.py:length pred pos 	7376
INFO:pw_tuck_covid.py:retrieved negative samples
INFO:pw_tuck_covid.py:Done concatenation
INFO:pw_tuck_covid.py:all se five facts(44256, 3)
INFO:pw_tuck_covid.py:SCORES FIVE SHAPE (40000,)
INFO:pw_tuck_covid.py:SCORES FIVE SHAPE (44256,)
INFO:pw_tuck_covid.py:scores five done
INFO:pw_tuck_covid.py:scores ten done
INFO:pw_tuck_covid.py:in the harder set
INFO:pw_tuck_covid.py:AUC FIVE NEGS
AP: 0.9788 - AUC-ROC: 0.9963 - AUC-PR: 0.9788 - P@50: 1.0000 > 3
INFO:pw_tuck_covid.py:AUC TEN NEGS
AP: 0.9567 - AUC-ROC: 0.9964 - AUC-PR: 0.9567 - P@50: 0.9600 > 3
INFO:pw_tuck_covid.py:length pred pos 	15087
INFO:pw_tuck_covid.py:retrieved negative samples
INFO:pw_tuck_covid.py:Done concatenation
INFO:pw_tuck_covid.py:all se five facts(90522, 3)
INFO:pw_tuck_covid.py:SCORES FIVE SHAPE (40000,)
INFO:pw_tuck_covid.py:SCORES FIVE SHAPE (80000,)
INFO:pw_tuck_covid.py:SCORES FIVE SHAPE (90522,)
INFO:pw_tuck_covid.py:scores five done
INFO:pw_tuck_covid.py:scores ten done
INFO:pw_tuck_covid.py:in the harder set
INFO:pw_tuck_covid.py:AUC FIVE NEGS
AP: 0.9760 - AUC-ROC: 0.9963 - AUC-PR: 0.9760 - P@50: 0.9600 > 4
INFO:pw_tuck_covid.py:AUC TEN NEGS
AP: 0.9565 - AUC-ROC: 0.9964 - AUC-PR: 0.9565 - P@50: 0.9800 > 4
INFO:pw_tuck_covid.py:length pred pos 	44117
INFO:pw_tuck_covid.py:retrieved negative samples
INFO:pw_tuck_covid.py:Done concatenation
INFO:pw_tuck_covid.py:all se five facts(264702, 3)
INFO:pw_tuck_covid.py:SCORES FIVE SHAPE (40000,)
INFO:pw_tuck_covid.py:SCORES FIVE SHAPE (80000,)
INFO:pw_tuck_covid.py:SCORES FIVE SHAPE (120000,)
INFO:pw_tuck_covid.py:SCORES FIVE SHAPE (160000,)
INFO:pw_tuck_covid.py:SCORES FIVE SHAPE (200000,)
INFO:pw_tuck_covid.py:SCORES FIVE SHAPE (240000,)
INFO:pw_tuck_covid.py:SCORES FIVE SHAPE (264702,)
INFO:pw_tuck_covid.py:scores five done
INFO:pw_tuck_covid.py:scores ten done
INFO:pw_tuck_covid.py:in the harder set
INFO:pw_tuck_covid.py:AUC FIVE NEGS
AP: 0.9778 - AUC-ROC: 0.9964 - AUC-PR: 0.9778 - P@50: 0.9600 > 5
INFO:pw_tuck_covid.py:AUC TEN NEGS
AP: 0.9593 - AUC-ROC: 0.9965 - AUC-PR: 0.9593 - P@50: 0.9200 > 5
INFO:pw_tuck_covid.py:length pred pos 	22427
INFO:pw_tuck_covid.py:retrieved negative samples
INFO:pw_tuck_covid.py:Done concatenation
INFO:pw_tuck_covid.py:all se five facts(134562, 3)
INFO:pw_tuck_covid.py:SCORES FIVE SHAPE (40000,)
INFO:pw_tuck_covid.py:SCORES FIVE SHAPE (80000,)
INFO:pw_tuck_covid.py:SCORES FIVE SHAPE (120000,)
INFO:pw_tuck_covid.py:SCORES FIVE SHAPE (134562,)
INFO:pw_tuck_covid.py:scores five done
INFO:pw_tuck_covid.py:scores ten done
INFO:pw_tuck_covid.py:in the harder set
INFO:pw_tuck_covid.py:AUC FIVE NEGS
AP: 0.9693 - AUC-ROC: 0.9941 - AUC-PR: 0.9693 - P@50: 1.0000 > 6
INFO:pw_tuck_covid.py:AUC TEN NEGS
AP: 0.9452 - AUC-ROC: 0.9943 - AUC-PR: 0.9452 - P@50: 0.9200 > 6
INFO:pw_tuck_covid.py:length pred pos 	44637
INFO:pw_tuck_covid.py:retrieved negative samples
INFO:pw_tuck_covid.py:Done concatenation
INFO:pw_tuck_covid.py:all se five facts(267822, 3)
INFO:pw_tuck_covid.py:SCORES FIVE SHAPE (40000,)
INFO:pw_tuck_covid.py:SCORES FIVE SHAPE (80000,)
INFO:pw_tuck_covid.py:SCORES FIVE SHAPE (120000,)
INFO:pw_tuck_covid.py:SCORES FIVE SHAPE (160000,)
INFO:pw_tuck_covid.py:SCORES FIVE SHAPE (200000,)
INFO:pw_tuck_covid.py:SCORES FIVE SHAPE (240000,)
INFO:pw_tuck_covid.py:SCORES FIVE SHAPE (267822,)
INFO:pw_tuck_covid.py:scores five done
INFO:pw_tuck_covid.py:scores ten done
INFO:pw_tuck_covid.py:in the harder set
INFO:pw_tuck_covid.py:AUC FIVE NEGS
AP: 0.9642 - AUC-ROC: 0.9942 - AUC-PR: 0.9642 - P@50: 0.9200 > 7
INFO:pw_tuck_covid.py:AUC TEN NEGS
AP: 0.9321 - AUC-ROC: 0.9941 - AUC-PR: 0.9321 - P@50: 0.8400 > 7
INFO:pw_tuck_covid.py:length pred pos 	41643
INFO:pw_tuck_covid.py:retrieved negative samples
INFO:pw_tuck_covid.py:Done concatenation
INFO:pw_tuck_covid.py:all se five facts(249858, 3)
INFO:pw_tuck_covid.py:SCORES FIVE SHAPE (40000,)
INFO:pw_tuck_covid.py:SCORES FIVE SHAPE (80000,)
INFO:pw_tuck_covid.py:SCORES FIVE SHAPE (120000,)
INFO:pw_tuck_covid.py:SCORES FIVE SHAPE (160000,)
INFO:pw_tuck_covid.py:SCORES FIVE SHAPE (200000,)
INFO:pw_tuck_covid.py:SCORES FIVE SHAPE (240000,)
INFO:pw_tuck_covid.py:SCORES FIVE SHAPE (249858,)
INFO:pw_tuck_covid.py:scores five done
INFO:pw_tuck_covid.py:scores ten done
INFO:pw_tuck_covid.py:in the harder set
INFO:pw_tuck_covid.py:AUC FIVE NEGS
AP: 0.9598 - AUC-ROC: 0.9940 - AUC-PR: 0.9598 - P@50: 1.0000 > 8
INFO:pw_tuck_covid.py:AUC TEN NEGS
AP: 0.9229 - AUC-ROC: 0.9940 - AUC-PR: 0.9229 - P@50: 0.9200 > 8
INFO:pw_tuck_covid.py:length pred pos 	41765
INFO:pw_tuck_covid.py:retrieved negative samples
INFO:pw_tuck_covid.py:Done concatenation
INFO:pw_tuck_covid.py:all se five facts(250590, 3)
INFO:pw_tuck_covid.py:SCORES FIVE SHAPE (40000,)
INFO:pw_tuck_covid.py:SCORES FIVE SHAPE (80000,)
INFO:pw_tuck_covid.py:SCORES FIVE SHAPE (120000,)
INFO:pw_tuck_covid.py:SCORES FIVE SHAPE (160000,)
INFO:pw_tuck_covid.py:SCORES FIVE SHAPE (200000,)
INFO:pw_tuck_covid.py:SCORES FIVE SHAPE (240000,)
INFO:pw_tuck_covid.py:SCORES FIVE SHAPE (250590,)
INFO:pw_tuck_covid.py:scores five done
INFO:pw_tuck_covid.py:scores ten done
INFO:pw_tuck_covid.py:in the harder set
INFO:pw_tuck_covid.py:AUC FIVE NEGS
AP: 0.9704 - AUC-ROC: 0.9946 - AUC-PR: 0.9704 - P@50: 0.9200 > 9
INFO:pw_tuck_covid.py:AUC TEN NEGS
AP: 0.9473 - AUC-ROC: 0.9947 - AUC-PR: 0.9473 - P@50: 0.8800 > 9
INFO:pw_tuck_covid.py:length pred pos 	46730
INFO:pw_tuck_covid.py:retrieved negative samples
INFO:pw_tuck_covid.py:Done concatenation
INFO:pw_tuck_covid.py:all se five facts(280380, 3)
INFO:pw_tuck_covid.py:SCORES FIVE SHAPE (40000,)
INFO:pw_tuck_covid.py:SCORES FIVE SHAPE (80000,)
INFO:pw_tuck_covid.py:SCORES FIVE SHAPE (120000,)
INFO:pw_tuck_covid.py:SCORES FIVE SHAPE (160000,)
INFO:pw_tuck_covid.py:SCORES FIVE SHAPE (200000,)
INFO:pw_tuck_covid.py:SCORES FIVE SHAPE (240000,)
INFO:pw_tuck_covid.py:SCORES FIVE SHAPE (280000,)
INFO:pw_tuck_covid.py:SCORES FIVE SHAPE (280380,)
INFO:pw_tuck_covid.py:scores five done
INFO:pw_tuck_covid.py:scores ten done
INFO:pw_tuck_covid.py:in the harder set
INFO:pw_tuck_covid.py:AUC FIVE NEGS
AP: 0.9676 - AUC-ROC: 0.9943 - AUC-PR: 0.9676 - P@50: 0.9800 > 10
INFO:pw_tuck_covid.py:AUC TEN NEGS
AP: 0.9396 - AUC-ROC: 0.9942 - AUC-PR: 0.9396 - P@50: 0.9400 > 10
INFO:pw_tuck_covid.py:length pred pos 	33370
INFO:pw_tuck_covid.py:retrieved negative samples
INFO:pw_tuck_covid.py:Done concatenation
INFO:pw_tuck_covid.py:all se five facts(200220, 3)
INFO:pw_tuck_covid.py:SCORES FIVE SHAPE (40000,)
INFO:pw_tuck_covid.py:SCORES FIVE SHAPE (80000,)
INFO:pw_tuck_covid.py:SCORES FIVE SHAPE (120000,)
INFO:pw_tuck_covid.py:SCORES FIVE SHAPE (160000,)
INFO:pw_tuck_covid.py:SCORES FIVE SHAPE (200000,)
INFO:pw_tuck_covid.py:SCORES FIVE SHAPE (200220,)
INFO:pw_tuck_covid.py:scores five done
INFO:pw_tuck_covid.py:scores ten done
INFO:pw_tuck_covid.py:in the harder set
INFO:pw_tuck_covid.py:AUC FIVE NEGS
AP: 0.9675 - AUC-ROC: 0.9949 - AUC-PR: 0.9675 - P@50: 0.9600 > 11
INFO:pw_tuck_covid.py:AUC TEN NEGS
AP: 0.9373 - AUC-ROC: 0.9948 - AUC-PR: 0.9373 - P@50: 0.8200 > 11
INFO:pw_tuck_covid.py:length pred pos 	36708
INFO:pw_tuck_covid.py:retrieved negative samples
INFO:pw_tuck_covid.py:Done concatenation
INFO:pw_tuck_covid.py:all se five facts(220248, 3)
INFO:pw_tuck_covid.py:SCORES FIVE SHAPE (40000,)
INFO:pw_tuck_covid.py:SCORES FIVE SHAPE (80000,)
INFO:pw_tuck_covid.py:SCORES FIVE SHAPE (120000,)
INFO:pw_tuck_covid.py:SCORES FIVE SHAPE (160000,)
INFO:pw_tuck_covid.py:SCORES FIVE SHAPE (200000,)
INFO:pw_tuck_covid.py:SCORES FIVE SHAPE (220248,)
INFO:pw_tuck_covid.py:scores five done
INFO:pw_tuck_covid.py:scores ten done
INFO:pw_tuck_covid.py:in the harder set
INFO:pw_tuck_covid.py:AUC FIVE NEGS
AP: 0.9728 - AUC-ROC: 0.9884 - AUC-PR: 0.9728 - P@50: 0.9800 > 12
INFO:pw_tuck_covid.py:AUC TEN NEGS
AP: 0.9588 - AUC-ROC: 0.9884 - AUC-PR: 0.9588 - P@50: 0.9600 > 12
INFO:pw_tuck_covid.py:length pred pos 	35963
INFO:pw_tuck_covid.py:retrieved negative samples
INFO:pw_tuck_covid.py:Done concatenation
INFO:pw_tuck_covid.py:all se five facts(215778, 3)
INFO:pw_tuck_covid.py:SCORES FIVE SHAPE (40000,)
INFO:pw_tuck_covid.py:SCORES FIVE SHAPE (80000,)
INFO:pw_tuck_covid.py:SCORES FIVE SHAPE (120000,)
INFO:pw_tuck_covid.py:SCORES FIVE SHAPE (160000,)
INFO:pw_tuck_covid.py:SCORES FIVE SHAPE (200000,)
INFO:pw_tuck_covid.py:SCORES FIVE SHAPE (215778,)
INFO:pw_tuck_covid.py:scores five done
INFO:pw_tuck_covid.py:scores ten done
INFO:pw_tuck_covid.py:in the harder set
INFO:pw_tuck_covid.py:AUC FIVE NEGS
AP: 0.9686 - AUC-ROC: 0.9947 - AUC-PR: 0.9686 - P@50: 1.0000 > 13
INFO:pw_tuck_covid.py:AUC TEN NEGS
AP: 0.9402 - AUC-ROC: 0.9946 - AUC-PR: 0.9402 - P@50: 0.9400 > 13
INFO:pw_tuck_covid.py:length pred pos 	33640
INFO:pw_tuck_covid.py:retrieved negative samples
INFO:pw_tuck_covid.py:Done concatenation
INFO:pw_tuck_covid.py:all se five facts(201840, 3)
INFO:pw_tuck_covid.py:SCORES FIVE SHAPE (40000,)
INFO:pw_tuck_covid.py:SCORES FIVE SHAPE (80000,)
INFO:pw_tuck_covid.py:SCORES FIVE SHAPE (120000,)
INFO:pw_tuck_covid.py:SCORES FIVE SHAPE (160000,)
INFO:pw_tuck_covid.py:SCORES FIVE SHAPE (200000,)
INFO:pw_tuck_covid.py:SCORES FIVE SHAPE (201840,)
INFO:pw_tuck_covid.py:scores five done
INFO:pw_tuck_covid.py:scores ten done
INFO:pw_tuck_covid.py:in the harder set
INFO:pw_tuck_covid.py:AUC FIVE NEGS
AP: 0.9961 - AUC-ROC: 0.9994 - AUC-PR: 0.9961 - P@50: 1.0000 > 14
INFO:pw_tuck_covid.py:AUC TEN NEGS
AP: 0.9932 - AUC-ROC: 0.9994 - AUC-PR: 0.9932 - P@50: 1.0000 > 14
INFO:pw_tuck_covid.py:length pred pos 	2385
INFO:pw_tuck_covid.py:retrieved negative samples
INFO:pw_tuck_covid.py:Done concatenation
INFO:pw_tuck_covid.py:scores five done
INFO:pw_tuck_covid.py:scores ten done
INFO:pw_tuck_covid.py:in the harder set
INFO:pw_tuck_covid.py:AUC FIVE NEGS
AP: 0.9812 - AUC-ROC: 0.9956 - AUC-PR: 0.9812 - P@50: 1.0000 > 15
INFO:pw_tuck_covid.py:AUC TEN NEGS
AP: 0.9544 - AUC-ROC: 0.9952 - AUC-PR: 0.9544 - P@50: 0.9600 > 15
INFO:pw_tuck_covid.py:length pred pos 	6840
INFO:pw_tuck_covid.py:retrieved negative samples
INFO:pw_tuck_covid.py:Done concatenation
INFO:pw_tuck_covid.py:all se five facts(41040, 3)
INFO:pw_tuck_covid.py:SCORES FIVE SHAPE (40000,)
INFO:pw_tuck_covid.py:SCORES FIVE SHAPE (41040,)
INFO:pw_tuck_covid.py:scores five done
INFO:pw_tuck_covid.py:scores ten done
INFO:pw_tuck_covid.py:in the harder set
INFO:pw_tuck_covid.py:AUC FIVE NEGS
AP: 0.9769 - AUC-ROC: 0.9955 - AUC-PR: 0.9769 - P@50: 0.9600 > 16
INFO:pw_tuck_covid.py:AUC TEN NEGS
AP: 0.9568 - AUC-ROC: 0.9953 - AUC-PR: 0.9568 - P@50: 0.8600 > 16
INFO:pw_tuck_covid.py:length pred pos 	3199
INFO:pw_tuck_covid.py:retrieved negative samples
INFO:pw_tuck_covid.py:Done concatenation
INFO:pw_tuck_covid.py:scores five done
INFO:pw_tuck_covid.py:scores ten done
INFO:pw_tuck_covid.py:in the harder set
INFO:pw_tuck_covid.py:AUC FIVE NEGS
AP: 0.9732 - AUC-ROC: 0.9963 - AUC-PR: 0.9732 - P@50: 0.9400 > 17
INFO:pw_tuck_covid.py:AUC TEN NEGS
AP: 0.9541 - AUC-ROC: 0.9965 - AUC-PR: 0.9541 - P@50: 0.9000 > 17
INFO:pw_tuck_covid.py:length pred pos 	3827
INFO:pw_tuck_covid.py:retrieved negative samples
INFO:pw_tuck_covid.py:Done concatenation
INFO:pw_tuck_covid.py:scores five done
INFO:pw_tuck_covid.py:scores ten done
INFO:pw_tuck_covid.py:in the harder set
INFO:pw_tuck_covid.py:AUC FIVE NEGS
AP: 0.9778 - AUC-ROC: 0.9957 - AUC-PR: 0.9778 - P@50: 0.9800 > 18
INFO:pw_tuck_covid.py:AUC TEN NEGS
AP: 0.9611 - AUC-ROC: 0.9958 - AUC-PR: 0.9611 - P@50: 0.9600 > 18
INFO:pw_tuck_covid.py:length pred pos 	5222
INFO:pw_tuck_covid.py:retrieved negative samples
INFO:pw_tuck_covid.py:Done concatenation
INFO:pw_tuck_covid.py:scores five done
INFO:pw_tuck_covid.py:scores ten done
INFO:pw_tuck_covid.py:in the harder set
INFO:pw_tuck_covid.py:AUC FIVE NEGS
AP: 0.9700 - AUC-ROC: 0.9947 - AUC-PR: 0.9700 - P@50: 0.9600 > 19
INFO:pw_tuck_covid.py:AUC TEN NEGS
AP: 0.9515 - AUC-ROC: 0.9949 - AUC-PR: 0.9515 - P@50: 0.9400 > 19
INFO:pw_tuck_covid.py:length pred pos 	1359
INFO:pw_tuck_covid.py:retrieved negative samples
INFO:pw_tuck_covid.py:Done concatenation
INFO:pw_tuck_covid.py:scores five done
INFO:pw_tuck_covid.py:scores ten done
INFO:pw_tuck_covid.py:in the harder set
INFO:pw_tuck_covid.py:AUC FIVE NEGS
AP: 0.9749 - AUC-ROC: 0.9945 - AUC-PR: 0.9749 - P@50: 0.9800 > 20
INFO:pw_tuck_covid.py:AUC TEN NEGS
AP: 0.9619 - AUC-ROC: 0.9944 - AUC-PR: 0.9619 - P@50: 1.0000 > 20
INFO:pw_tuck_covid.py:length pred pos 	2993
INFO:pw_tuck_covid.py:retrieved negative samples
INFO:pw_tuck_covid.py:Done concatenation
INFO:pw_tuck_covid.py:scores five done
INFO:pw_tuck_covid.py:scores ten done
INFO:pw_tuck_covid.py:in the harder set
INFO:pw_tuck_covid.py:AUC FIVE NEGS
AP: 0.9862 - AUC-ROC: 0.9970 - AUC-PR: 0.9862 - P@50: 1.0000 > 21
INFO:pw_tuck_covid.py:AUC TEN NEGS
AP: 0.9761 - AUC-ROC: 0.9974 - AUC-PR: 0.9761 - P@50: 0.9800 > 21
INFO:pw_tuck_covid.py:length pred pos 	728
INFO:pw_tuck_covid.py:retrieved negative samples
INFO:pw_tuck_covid.py:Done concatenation
INFO:pw_tuck_covid.py:scores five done
INFO:pw_tuck_covid.py:scores ten done
INFO:pw_tuck_covid.py:in the harder set
INFO:pw_tuck_covid.py:AUC FIVE NEGS
AP: 0.9714 - AUC-ROC: 0.9917 - AUC-PR: 0.9714 - P@50: 1.0000 > 22
INFO:pw_tuck_covid.py:AUC TEN NEGS
AP: 0.9644 - AUC-ROC: 0.9923 - AUC-PR: 0.9644 - P@50: 1.0000 > 22
INFO:pw_tuck_covid.py:length pred pos 	802
INFO:pw_tuck_covid.py:retrieved negative samples
INFO:pw_tuck_covid.py:Done concatenation
INFO:pw_tuck_covid.py:scores five done
INFO:pw_tuck_covid.py:scores ten done
INFO:pw_tuck_covid.py:in the harder set
INFO:pw_tuck_covid.py:AUC FIVE NEGS
AP: 0.9864 - AUC-ROC: 0.9975 - AUC-PR: 0.9864 - P@50: 1.0000 > 23
INFO:pw_tuck_covid.py:AUC TEN NEGS
AP: 0.9858 - AUC-ROC: 0.9981 - AUC-PR: 0.9858 - P@50: 1.0000 > 23
INFO:pw_tuck_covid.py:length pred pos 	528
INFO:pw_tuck_covid.py:retrieved negative samples
INFO:pw_tuck_covid.py:Done concatenation
INFO:pw_tuck_covid.py:scores five done
INFO:pw_tuck_covid.py:scores ten done
INFO:pw_tuck_covid.py:in the harder set
INFO:pw_tuck_covid.py:AUC FIVE NEGS
AP: 0.9846 - AUC-ROC: 0.9962 - AUC-PR: 0.9846 - P@50: 1.0000 > 24
INFO:pw_tuck_covid.py:AUC TEN NEGS
AP: 0.9786 - AUC-ROC: 0.9963 - AUC-PR: 0.9786 - P@50: 1.0000 > 24
INFO:pw_tuck_covid.py:length pred pos 	502
INFO:pw_tuck_covid.py:retrieved negative samples
INFO:pw_tuck_covid.py:Done concatenation
INFO:pw_tuck_covid.py:scores five done
INFO:pw_tuck_covid.py:scores ten done
INFO:pw_tuck_covid.py:in the harder set
INFO:pw_tuck_covid.py:AUC FIVE NEGS
AP: 0.9777 - AUC-ROC: 0.9918 - AUC-PR: 0.9777 - P@50: 1.0000 > 25
INFO:pw_tuck_covid.py:AUC TEN NEGS
AP: 0.9623 - AUC-ROC: 0.9918 - AUC-PR: 0.9623 - P@50: 1.0000 > 25
INFO:pw_tuck_covid.py:length pred pos 	30
INFO:pw_tuck_covid.py:retrieved negative samples
INFO:pw_tuck_covid.py:Done concatenation
INFO:pw_tuck_covid.py:scores five done
INFO:pw_tuck_covid.py:scores ten done
INFO:pw_tuck_covid.py:in the harder set
INFO:pw_tuck_covid.py:AUC FIVE NEGS
AP: 0.9858 - AUC-ROC: 0.9967 - AUC-PR: 0.9858 - P@50: 0.6000 > 26
INFO:pw_tuck_covid.py:AUC TEN NEGS
AP: 0.9727 - AUC-ROC: 0.9960 - AUC-PR: 0.9727 - P@50: 0.6000 > 26
INFO:pw_tuck_covid.py:done
INFO:pw_tuck_covid.py:metrics done
INFO:pw_tuck_covid.py:AUC_ROC five 	0.9946640845126267
INFO:pw_tuck_covid.py:AUC_ROC ten 	0.9947021996450176
INFO:pw_tuck_covid.py:CLASSIFICATION METRICS FIVE
INFO:pw_tuck_covid.py:Error 	test results	AUC-ROC 0.994664	AP 0.985757	P@50 0.600000	AUC_PR 0.985757
INFO:pw_tuck_covid.py:CLASSIFICATION METRICS TEN
INFO:pw_tuck_covid.py:Error 	test results	AUC-ROC 0.994702	AP 0.972744	P@50 0.600000	AUC_PR 0.972744
INFO:pw_tuck_covid.py:length predicate_instanes 	27
INFO:pw_tuck_covid.py:predicate instances done
INFO:pw_tuck_covid.py:all tiples 	torch.Size([538064, 3])
INFO:pw_tuck_covid.py:make test triples numpy
INFO:pw_tuck_covid.py:about to start predicting
INFO:pw_tuck_covid.py:length pred pos 	83421
INFO:pw_tuck_covid.py:retrieved negative samples
AP: 0.9876 - AUC-ROC: 0.9894 - AUC-PR: 0.9876 - P@50: 0.9400 > 0
INFO:pw_tuck_covid.py:length pred pos 	16167
INFO:pw_tuck_covid.py:retrieved negative samples
AP: 0.9906 - AUC-ROC: 0.9906 - AUC-PR: 0.9906 - P@50: 1.0000 > 1
INFO:pw_tuck_covid.py:length pred pos 	6598
INFO:pw_tuck_covid.py:retrieved negative samples
AP: 0.9932 - AUC-ROC: 0.9953 - AUC-PR: 0.9932 - P@50: 1.0000 > 2
INFO:pw_tuck_covid.py:length pred pos 	7376
INFO:pw_tuck_covid.py:retrieved negative samples
AP: 0.9932 - AUC-ROC: 0.9957 - AUC-PR: 0.9932 - P@50: 0.9800 > 3
INFO:pw_tuck_covid.py:length pred pos 	15087
INFO:pw_tuck_covid.py:retrieved negative samples
AP: 0.9953 - AUC-ROC: 0.9965 - AUC-PR: 0.9953 - P@50: 1.0000 > 4
INFO:pw_tuck_covid.py:length pred pos 	44117
INFO:pw_tuck_covid.py:retrieved negative samples
AP: 0.9954 - AUC-ROC: 0.9964 - AUC-PR: 0.9954 - P@50: 1.0000 > 5
INFO:pw_tuck_covid.py:length pred pos 	22427
INFO:pw_tuck_covid.py:retrieved negative samples
AP: 0.9930 - AUC-ROC: 0.9941 - AUC-PR: 0.9930 - P@50: 1.0000 > 6
INFO:pw_tuck_covid.py:length pred pos 	44637
INFO:pw_tuck_covid.py:retrieved negative samples
AP: 0.9912 - AUC-ROC: 0.9940 - AUC-PR: 0.9912 - P@50: 0.9800 > 7
INFO:pw_tuck_covid.py:length pred pos 	41643
INFO:pw_tuck_covid.py:retrieved negative samples
AP: 0.9906 - AUC-ROC: 0.9938 - AUC-PR: 0.9906 - P@50: 1.0000 > 8
INFO:pw_tuck_covid.py:length pred pos 	41765
INFO:pw_tuck_covid.py:retrieved negative samples
AP: 0.9937 - AUC-ROC: 0.9950 - AUC-PR: 0.9937 - P@50: 0.9800 > 9
INFO:pw_tuck_covid.py:length pred pos 	46730
INFO:pw_tuck_covid.py:retrieved negative samples
AP: 0.9925 - AUC-ROC: 0.9941 - AUC-PR: 0.9925 - P@50: 1.0000 > 10
INFO:pw_tuck_covid.py:length pred pos 	33370
INFO:pw_tuck_covid.py:retrieved negative samples
AP: 0.9930 - AUC-ROC: 0.9950 - AUC-PR: 0.9930 - P@50: 1.0000 > 11
INFO:pw_tuck_covid.py:length pred pos 	36708
INFO:pw_tuck_covid.py:retrieved negative samples
AP: 0.9912 - AUC-ROC: 0.9886 - AUC-PR: 0.9912 - P@50: 1.0000 > 12
INFO:pw_tuck_covid.py:length pred pos 	35963
INFO:pw_tuck_covid.py:retrieved negative samples
AP: 0.9929 - AUC-ROC: 0.9947 - AUC-PR: 0.9929 - P@50: 1.0000 > 13
INFO:pw_tuck_covid.py:length pred pos 	33640
INFO:pw_tuck_covid.py:retrieved negative samples
AP: 0.9993 - AUC-ROC: 0.9994 - AUC-PR: 0.9993 - P@50: 1.0000 > 14
INFO:pw_tuck_covid.py:length pred pos 	2385
INFO:pw_tuck_covid.py:retrieved negative samples
AP: 0.9952 - AUC-ROC: 0.9960 - AUC-PR: 0.9952 - P@50: 1.0000 > 15
INFO:pw_tuck_covid.py:length pred pos 	6840
INFO:pw_tuck_covid.py:retrieved negative samples
AP: 0.9947 - AUC-ROC: 0.9958 - AUC-PR: 0.9947 - P@50: 0.9800 > 16
INFO:pw_tuck_covid.py:length pred pos 	3199
INFO:pw_tuck_covid.py:retrieved negative samples
AP: 0.9973 - AUC-ROC: 0.9975 - AUC-PR: 0.9973 - P@50: 1.0000 > 17
INFO:pw_tuck_covid.py:length pred pos 	3827
INFO:pw_tuck_covid.py:retrieved negative samples
AP: 0.9951 - AUC-ROC: 0.9962 - AUC-PR: 0.9951 - P@50: 0.9800 > 18
INFO:pw_tuck_covid.py:length pred pos 	5222
INFO:pw_tuck_covid.py:retrieved negative samples
AP: 0.9944 - AUC-ROC: 0.9955 - AUC-PR: 0.9944 - P@50: 0.9800 > 19
INFO:pw_tuck_covid.py:length pred pos 	1359
INFO:pw_tuck_covid.py:retrieved negative samples
AP: 0.9937 - AUC-ROC: 0.9944 - AUC-PR: 0.9937 - P@50: 1.0000 > 20
INFO:pw_tuck_covid.py:length pred pos 	2993
INFO:pw_tuck_covid.py:retrieved negative samples
AP: 0.9956 - AUC-ROC: 0.9968 - AUC-PR: 0.9956 - P@50: 1.0000 > 21
INFO:pw_tuck_covid.py:length pred pos 	728
INFO:pw_tuck_covid.py:retrieved negative samples
AP: 0.9931 - AUC-ROC: 0.9918 - AUC-PR: 0.9931 - P@50: 1.0000 > 22
INFO:pw_tuck_covid.py:length pred pos 	802
INFO:pw_tuck_covid.py:retrieved negative samples
AP: 0.9964 - AUC-ROC: 0.9965 - AUC-PR: 0.9964 - P@50: 1.0000 > 23
INFO:pw_tuck_covid.py:length pred pos 	528
INFO:pw_tuck_covid.py:retrieved negative samples
AP: 0.9965 - AUC-ROC: 0.9962 - AUC-PR: 0.9965 - P@50: 1.0000 > 24
INFO:pw_tuck_covid.py:length pred pos 	502
INFO:pw_tuck_covid.py:retrieved negative samples
AP: 0.9933 - AUC-ROC: 0.9922 - AUC-PR: 0.9933 - P@50: 1.0000 > 25
INFO:pw_tuck_covid.py:length pred pos 	30
INFO:pw_tuck_covid.py:retrieved negative samples
AP: 0.9978 - AUC-ROC: 0.9978 - AUC-PR: 0.9978 - P@50: 0.6000 > 26
INFO:pw_tuck_covid.py:done
INFO:pw_tuck_covid.py:metrics done
INFO:pw_tuck_covid.py:AUC_ROC 	0.9947900981409871
INFO:pw_tuck_covid.py:CLASSIFICATION METRICS
INFO:pw_tuck_covid.py:Error 	test results	AUC-ROC 0.994790	AP 0.997814	P@50 0.600000	AUC_PR 0.997814
GPU Epilog Script v0.30
